<?xml version="1.0" encoding="UTF-8"?>
<testsuite xmlns:xsi="http://www.w3.org/2001/XMLSchema-instance" xsi:noNamespaceSchemaLocation="https://maven.apache.org/surefire/maven-surefire-plugin/xsd/surefire-test-report-3.0.xsd" version="3.0" name="TestSuite" time="5.319" tests="10" errors="0" skipped="0" failures="0">
  <properties>
    <property name="sun.desktop" value="windows"/>
    <property name="awt.toolkit" value="sun.awt.windows.WToolkit"/>
    <property name="java.specification.version" value="11"/>
    <property name="sun.cpu.isalist" value="amd64"/>
    <property name="sun.jnu.encoding" value="Cp1252"/>
    <property name="java.class.path" value="C:\Users\igalk\IdeaProjects\spotifyapiautomation\target\test-classes;C:\Users\igalk\IdeaProjects\spotifyapiautomation\target\classes;C:\Users\igalk\.m2\repository\org\projectlombok\lombok\1.18.28\lombok-1.18.28.jar;C:\Users\igalk\.m2\repository\io\rest-assured\rest-assured\5.3.0\rest-assured-5.3.0.jar;C:\Users\igalk\.m2\repository\org\apache\groovy\groovy\4.0.6\groovy-4.0.6.jar;C:\Users\igalk\.m2\repository\org\apache\groovy\groovy-xml\4.0.6\groovy-xml-4.0.6.jar;C:\Users\igalk\.m2\repository\org\apache\httpcomponents\httpclient\4.5.13\httpclient-4.5.13.jar;C:\Users\igalk\.m2\repository\org\apache\httpcomponents\httpcore\4.4.13\httpcore-4.4.13.jar;C:\Users\igalk\.m2\repository\commons-logging\commons-logging\1.2\commons-logging-1.2.jar;C:\Users\igalk\.m2\repository\org\apache\httpcomponents\httpmime\4.5.13\httpmime-4.5.13.jar;C:\Users\igalk\.m2\repository\org\hamcrest\hamcrest\2.1\hamcrest-2.1.jar;C:\Users\igalk\.m2\repository\org\ccil\cowan\tagsoup\tagsoup\1.2.1\tagsoup-1.2.1.jar;C:\Users\igalk\.m2\repository\io\rest-assured\xml-path\5.3.0\xml-path-5.3.0.jar;C:\Users\igalk\.m2\repository\io\rest-assured\json-path\5.3.0\json-path-5.3.0.jar;C:\Users\igalk\.m2\repository\org\apache\groovy\groovy-json\4.0.6\groovy-json-4.0.6.jar;C:\Users\igalk\.m2\repository\io\rest-assured\rest-assured-common\5.3.0\rest-assured-common-5.3.0.jar;C:\Users\igalk\.m2\repository\org\json\json\20220320\json-20220320.jar;C:\Users\igalk\.m2\repository\org\testng\testng\7.8.0\testng-7.8.0.jar;C:\Users\igalk\.m2\repository\org\slf4j\slf4j-api\1.7.36\slf4j-api-1.7.36.jar;C:\Users\igalk\.m2\repository\com\beust\jcommander\1.82\jcommander-1.82.jar;C:\Users\igalk\.m2\repository\org\webjars\jquery\3.6.1\jquery-3.6.1.jar;C:\Users\igalk\.m2\repository\com\github\scribejava\scribejava-apis\8.3.1\scribejava-apis-8.3.1.jar;C:\Users\igalk\.m2\repository\com\github\scribejava\scribejava-core\8.3.1\scribejava-core-8.3.1.jar;C:\Users\igalk\.m2\repository\com\github\scribejava\scribejava-java8\8.3.1\scribejava-java8-8.3.1.jar;C:\Users\igalk\.m2\repository\com\fasterxml\jackson\core\jackson-databind\2.12.3\jackson-databind-2.12.3.jar;C:\Users\igalk\.m2\repository\com\fasterxml\jackson\core\jackson-annotations\2.12.3\jackson-annotations-2.12.3.jar;C:\Users\igalk\.m2\repository\com\fasterxml\jackson\core\jackson-core\2.12.3\jackson-core-2.12.3.jar;C:\Users\igalk\.m2\repository\io\rest-assured\json-schema-validator\5.3.0\json-schema-validator-5.3.0.jar;C:\Users\igalk\.m2\repository\com\github\java-json-tools\json-schema-validator\2.2.14\json-schema-validator-2.2.14.jar;C:\Users\igalk\.m2\repository\com\google\guava\guava\28.2-android\guava-28.2-android.jar;C:\Users\igalk\.m2\repository\com\google\guava\failureaccess\1.0.1\failureaccess-1.0.1.jar;C:\Users\igalk\.m2\repository\com\google\guava\listenablefuture\9999.0-empty-to-avoid-conflict-with-guava\listenablefuture-9999.0-empty-to-avoid-conflict-with-guava.jar;C:\Users\igalk\.m2\repository\org\checkerframework\checker-compat-qual\2.5.5\checker-compat-qual-2.5.5.jar;C:\Users\igalk\.m2\repository\com\google\errorprone\error_prone_annotations\2.3.4\error_prone_annotations-2.3.4.jar;C:\Users\igalk\.m2\repository\com\google\j2objc\j2objc-annotations\1.3\j2objc-annotations-1.3.jar;C:\Users\igalk\.m2\repository\com\github\java-json-tools\jackson-coreutils-equivalence\1.0\jackson-coreutils-equivalence-1.0.jar;C:\Users\igalk\.m2\repository\com\github\java-json-tools\jackson-coreutils\2.0\jackson-coreutils-2.0.jar;C:\Users\igalk\.m2\repository\com\github\java-json-tools\msg-simple\1.2\msg-simple-1.2.jar;C:\Users\igalk\.m2\repository\com\github\java-json-tools\btf\1.3\btf-1.3.jar;C:\Users\igalk\.m2\repository\com\github\java-json-tools\json-schema-core\1.2.14\json-schema-core-1.2.14.jar;C:\Users\igalk\.m2\repository\com\github\java-json-tools\uri-template\0.10\uri-template-0.10.jar;C:\Users\igalk\.m2\repository\org\mozilla\rhino\1.7.7.2\rhino-1.7.7.2.jar;C:\Users\igalk\.m2\repository\com\sun\mail\mailapi\1.6.2\mailapi-1.6.2.jar;C:\Users\igalk\.m2\repository\joda-time\joda-time\2.10.5\joda-time-2.10.5.jar;C:\Users\igalk\.m2\repository\com\googlecode\libphonenumber\libphonenumber\8.11.1\libphonenumber-8.11.1.jar;C:\Users\igalk\.m2\repository\com\google\code\findbugs\jsr305\3.0.2\jsr305-3.0.2.jar;C:\Users\igalk\.m2\repository\net\sf\jopt-simple\jopt-simple\5.0.4\jopt-simple-5.0.4.jar;C:\Users\igalk\.m2\repository\com\github\javafaker\javafaker\1.0.2\javafaker-1.0.2.jar;C:\Users\igalk\.m2\repository\org\apache\commons\commons-lang3\3.5\commons-lang3-3.5.jar;C:\Users\igalk\.m2\repository\org\yaml\snakeyaml\1.23\snakeyaml-1.23-android.jar;C:\Users\igalk\.m2\repository\com\github\mifmif\generex\1.0.2\generex-1.0.2.jar;C:\Users\igalk\.m2\repository\dk\brics\automaton\automaton\1.11-8\automaton-1.11-8.jar;C:\Users\igalk\.m2\repository\com\aventstack\extentreports\5.0.9\extentreports-5.0.9.jar;C:\Users\igalk\.m2\repository\io\reactivex\rxjava3\rxjava\3.0.4\rxjava-3.0.4.jar;C:\Users\igalk\.m2\repository\org\reactivestreams\reactive-streams\1.0.3\reactive-streams-1.0.3.jar;C:\Users\igalk\.m2\repository\org\freemarker\freemarker\2.3.30\freemarker-2.3.30.jar;C:\Users\igalk\.m2\repository\com\google\code\gson\gson\2.8.6\gson-2.8.6.jar;C:\Users\igalk\.m2\repository\org\apache\poi\poi\5.2.2\poi-5.2.2.jar;C:\Users\igalk\.m2\repository\commons-codec\commons-codec\1.15\commons-codec-1.15.jar;C:\Users\igalk\.m2\repository\org\apache\commons\commons-collections4\4.4\commons-collections4-4.4.jar;C:\Users\igalk\.m2\repository\org\apache\commons\commons-math3\3.6.1\commons-math3-3.6.1.jar;C:\Users\igalk\.m2\repository\commons-io\commons-io\2.11.0\commons-io-2.11.0.jar;C:\Users\igalk\.m2\repository\com\zaxxer\SparseBitSet\1.2\SparseBitSet-1.2.jar;C:\Users\igalk\.m2\repository\org\apache\logging\log4j\log4j-api\2.17.2\log4j-api-2.17.2.jar;C:\Users\igalk\.m2\repository\org\apache\poi\poi-ooxml\5.2.2\poi-ooxml-5.2.2.jar;C:\Users\igalk\.m2\repository\org\apache\poi\poi-ooxml-lite\5.2.2\poi-ooxml-lite-5.2.2.jar;C:\Users\igalk\.m2\repository\org\apache\xmlbeans\xmlbeans\5.0.3\xmlbeans-5.0.3.jar;C:\Users\igalk\.m2\repository\org\apache\commons\commons-compress\1.21\commons-compress-1.21.jar;C:\Users\igalk\.m2\repository\com\github\virtuald\curvesapi\1.07\curvesapi-1.07.jar;"/>
    <property name="java.vm.vendor" value="Oracle Corporation"/>
    <property name="sun.arch.data.model" value="64"/>
    <property name="user.variant" value=""/>
    <property name="java.vendor.url" value="https://openjdk.java.net/"/>
    <property name="user.timezone" value="Asia/Jerusalem"/>
    <property name="java.vm.specification.version" value="11"/>
    <property name="os.name" value="Windows 10"/>
    <property name="sun.java.launcher" value="SUN_STANDARD"/>
    <property name="user.country" value="US"/>
    <property name="sun.boot.library.path" value="C:\Program Files\Java\jdk-11\bin"/>
    <property name="sun.java.command" value="C:\Users\igalk\AppData\Local\Temp\surefire7176733872012738520\surefirebooter-20230621090108526_20.jar C:\Users\igalk\AppData\Local\Temp\surefire7176733872012738520 2023-06-21T09-01-01_952-jvmRun1 surefire-20230621090108526_18tmp surefire_1-20230621090108526_19tmp"/>
    <property name="jdk.debug" value="release"/>
    <property name="surefire.test.class.path" value="C:\Users\igalk\IdeaProjects\spotifyapiautomation\target\test-classes;C:\Users\igalk\IdeaProjects\spotifyapiautomation\target\classes;C:\Users\igalk\.m2\repository\org\projectlombok\lombok\1.18.28\lombok-1.18.28.jar;C:\Users\igalk\.m2\repository\io\rest-assured\rest-assured\5.3.0\rest-assured-5.3.0.jar;C:\Users\igalk\.m2\repository\org\apache\groovy\groovy\4.0.6\groovy-4.0.6.jar;C:\Users\igalk\.m2\repository\org\apache\groovy\groovy-xml\4.0.6\groovy-xml-4.0.6.jar;C:\Users\igalk\.m2\repository\org\apache\httpcomponents\httpclient\4.5.13\httpclient-4.5.13.jar;C:\Users\igalk\.m2\repository\org\apache\httpcomponents\httpcore\4.4.13\httpcore-4.4.13.jar;C:\Users\igalk\.m2\repository\commons-logging\commons-logging\1.2\commons-logging-1.2.jar;C:\Users\igalk\.m2\repository\org\apache\httpcomponents\httpmime\4.5.13\httpmime-4.5.13.jar;C:\Users\igalk\.m2\repository\org\hamcrest\hamcrest\2.1\hamcrest-2.1.jar;C:\Users\igalk\.m2\repository\org\ccil\cowan\tagsoup\tagsoup\1.2.1\tagsoup-1.2.1.jar;C:\Users\igalk\.m2\repository\io\rest-assured\xml-path\5.3.0\xml-path-5.3.0.jar;C:\Users\igalk\.m2\repository\io\rest-assured\json-path\5.3.0\json-path-5.3.0.jar;C:\Users\igalk\.m2\repository\org\apache\groovy\groovy-json\4.0.6\groovy-json-4.0.6.jar;C:\Users\igalk\.m2\repository\io\rest-assured\rest-assured-common\5.3.0\rest-assured-common-5.3.0.jar;C:\Users\igalk\.m2\repository\org\json\json\20220320\json-20220320.jar;C:\Users\igalk\.m2\repository\org\testng\testng\7.8.0\testng-7.8.0.jar;C:\Users\igalk\.m2\repository\org\slf4j\slf4j-api\1.7.36\slf4j-api-1.7.36.jar;C:\Users\igalk\.m2\repository\com\beust\jcommander\1.82\jcommander-1.82.jar;C:\Users\igalk\.m2\repository\org\webjars\jquery\3.6.1\jquery-3.6.1.jar;C:\Users\igalk\.m2\repository\com\github\scribejava\scribejava-apis\8.3.1\scribejava-apis-8.3.1.jar;C:\Users\igalk\.m2\repository\com\github\scribejava\scribejava-core\8.3.1\scribejava-core-8.3.1.jar;C:\Users\igalk\.m2\repository\com\github\scribejava\scribejava-java8\8.3.1\scribejava-java8-8.3.1.jar;C:\Users\igalk\.m2\repository\com\fasterxml\jackson\core\jackson-databind\2.12.3\jackson-databind-2.12.3.jar;C:\Users\igalk\.m2\repository\com\fasterxml\jackson\core\jackson-annotations\2.12.3\jackson-annotations-2.12.3.jar;C:\Users\igalk\.m2\repository\com\fasterxml\jackson\core\jackson-core\2.12.3\jackson-core-2.12.3.jar;C:\Users\igalk\.m2\repository\io\rest-assured\json-schema-validator\5.3.0\json-schema-validator-5.3.0.jar;C:\Users\igalk\.m2\repository\com\github\java-json-tools\json-schema-validator\2.2.14\json-schema-validator-2.2.14.jar;C:\Users\igalk\.m2\repository\com\google\guava\guava\28.2-android\guava-28.2-android.jar;C:\Users\igalk\.m2\repository\com\google\guava\failureaccess\1.0.1\failureaccess-1.0.1.jar;C:\Users\igalk\.m2\repository\com\google\guava\listenablefuture\9999.0-empty-to-avoid-conflict-with-guava\listenablefuture-9999.0-empty-to-avoid-conflict-with-guava.jar;C:\Users\igalk\.m2\repository\org\checkerframework\checker-compat-qual\2.5.5\checker-compat-qual-2.5.5.jar;C:\Users\igalk\.m2\repository\com\google\errorprone\error_prone_annotations\2.3.4\error_prone_annotations-2.3.4.jar;C:\Users\igalk\.m2\repository\com\google\j2objc\j2objc-annotations\1.3\j2objc-annotations-1.3.jar;C:\Users\igalk\.m2\repository\com\github\java-json-tools\jackson-coreutils-equivalence\1.0\jackson-coreutils-equivalence-1.0.jar;C:\Users\igalk\.m2\repository\com\github\java-json-tools\jackson-coreutils\2.0\jackson-coreutils-2.0.jar;C:\Users\igalk\.m2\repository\com\github\java-json-tools\msg-simple\1.2\msg-simple-1.2.jar;C:\Users\igalk\.m2\repository\com\github\java-json-tools\btf\1.3\btf-1.3.jar;C:\Users\igalk\.m2\repository\com\github\java-json-tools\json-schema-core\1.2.14\json-schema-core-1.2.14.jar;C:\Users\igalk\.m2\repository\com\github\java-json-tools\uri-template\0.10\uri-template-0.10.jar;C:\Users\igalk\.m2\repository\org\mozilla\rhino\1.7.7.2\rhino-1.7.7.2.jar;C:\Users\igalk\.m2\repository\com\sun\mail\mailapi\1.6.2\mailapi-1.6.2.jar;C:\Users\igalk\.m2\repository\joda-time\joda-time\2.10.5\joda-time-2.10.5.jar;C:\Users\igalk\.m2\repository\com\googlecode\libphonenumber\libphonenumber\8.11.1\libphonenumber-8.11.1.jar;C:\Users\igalk\.m2\repository\com\google\code\findbugs\jsr305\3.0.2\jsr305-3.0.2.jar;C:\Users\igalk\.m2\repository\net\sf\jopt-simple\jopt-simple\5.0.4\jopt-simple-5.0.4.jar;C:\Users\igalk\.m2\repository\com\github\javafaker\javafaker\1.0.2\javafaker-1.0.2.jar;C:\Users\igalk\.m2\repository\org\apache\commons\commons-lang3\3.5\commons-lang3-3.5.jar;C:\Users\igalk\.m2\repository\org\yaml\snakeyaml\1.23\snakeyaml-1.23-android.jar;C:\Users\igalk\.m2\repository\com\github\mifmif\generex\1.0.2\generex-1.0.2.jar;C:\Users\igalk\.m2\repository\dk\brics\automaton\automaton\1.11-8\automaton-1.11-8.jar;C:\Users\igalk\.m2\repository\com\aventstack\extentreports\5.0.9\extentreports-5.0.9.jar;C:\Users\igalk\.m2\repository\io\reactivex\rxjava3\rxjava\3.0.4\rxjava-3.0.4.jar;C:\Users\igalk\.m2\repository\org\reactivestreams\reactive-streams\1.0.3\reactive-streams-1.0.3.jar;C:\Users\igalk\.m2\repository\org\freemarker\freemarker\2.3.30\freemarker-2.3.30.jar;C:\Users\igalk\.m2\repository\com\google\code\gson\gson\2.8.6\gson-2.8.6.jar;C:\Users\igalk\.m2\repository\org\apache\poi\poi\5.2.2\poi-5.2.2.jar;C:\Users\igalk\.m2\repository\commons-codec\commons-codec\1.15\commons-codec-1.15.jar;C:\Users\igalk\.m2\repository\org\apache\commons\commons-collections4\4.4\commons-collections4-4.4.jar;C:\Users\igalk\.m2\repository\org\apache\commons\commons-math3\3.6.1\commons-math3-3.6.1.jar;C:\Users\igalk\.m2\repository\commons-io\commons-io\2.11.0\commons-io-2.11.0.jar;C:\Users\igalk\.m2\repository\com\zaxxer\SparseBitSet\1.2\SparseBitSet-1.2.jar;C:\Users\igalk\.m2\repository\org\apache\logging\log4j\log4j-api\2.17.2\log4j-api-2.17.2.jar;C:\Users\igalk\.m2\repository\org\apache\poi\poi-ooxml\5.2.2\poi-ooxml-5.2.2.jar;C:\Users\igalk\.m2\repository\org\apache\poi\poi-ooxml-lite\5.2.2\poi-ooxml-lite-5.2.2.jar;C:\Users\igalk\.m2\repository\org\apache\xmlbeans\xmlbeans\5.0.3\xmlbeans-5.0.3.jar;C:\Users\igalk\.m2\repository\org\apache\commons\commons-compress\1.21\commons-compress-1.21.jar;C:\Users\igalk\.m2\repository\com\github\virtuald\curvesapi\1.07\curvesapi-1.07.jar;"/>
    <property name="sun.cpu.endian" value="little"/>
    <property name="user.home" value="C:\Users\igalk"/>
    <property name="user.language" value="en"/>
    <property name="java.specification.vendor" value="Oracle Corporation"/>
    <property name="java.version.date" value="2023-01-17"/>
    <property name="java.home" value="C:\Program Files\Java\jdk-11"/>
    <property name="file.separator" value="\"/>
    <property name="basedir" value="C:\Users\igalk\IdeaProjects\spotifyapiautomation"/>
    <property name="java.vm.compressedOopsMode" value="Zero based"/>
    <property name="line.separator" value="&#10;"/>
    <property name="java.specification.name" value="Java Platform API Specification"/>
    <property name="java.vm.specification.vendor" value="Oracle Corporation"/>
    <property name="java.awt.graphicsenv" value="sun.awt.Win32GraphicsEnvironment"/>
    <property name="surefire.real.class.path" value="C:\Users\igalk\AppData\Local\Temp\surefire7176733872012738520\surefirebooter-20230621090108526_20.jar"/>
    <property name="user.script" value=""/>
    <property name="sun.management.compiler" value="HotSpot 64-Bit Tiered Compilers"/>
    <property name="java.runtime.version" value="11.0.18+9-LTS-195"/>
    <property name="user.name" value="igalk"/>
    <property name="path.separator" value=";"/>
    <property name="os.version" value="10.0"/>
    <property name="java.runtime.name" value="Java(TM) SE Runtime Environment"/>
    <property name="file.encoding" value="Cp1252"/>
    <property name="java.vm.name" value="Java HotSpot(TM) 64-Bit Server VM"/>
    <property name="java.vendor.version" value="18.9"/>
    <property name="localRepository" value="C:\Users\igalk\.m2\repository"/>
    <property name="java.vendor.url.bug" value="https://bugreport.java.com/bugreport/"/>
    <property name="java.io.tmpdir" value="C:\Users\igalk\AppData\Local\Temp\"/>
    <property name="idea.version" value="2023.1.2"/>
    <property name="java.version" value="11.0.18"/>
    <property name="user.dir" value="C:\Users\igalk\IdeaProjects\spotifyapiautomation"/>
    <property name="os.arch" value="amd64"/>
    <property name="java.vm.specification.name" value="Java Virtual Machine Specification"/>
    <property name="java.awt.printerjob" value="sun.awt.windows.WPrinterJob"/>
    <property name="sun.os.patch.level" value=""/>
    <property name="java.library.path" value="C:\Program Files\Java\jdk-11\bin;C:\Windows\Sun\Java\bin;C:\Windows\system32;C:\Windows;C:\Program Files\Java\jdk-11\bin;C:\Program Files\Java\jdk-16.0.2\bin;C:\Program Files (x86)\Common Files\Oracle\Java\javapath;C:\Program Files\Python310\Scripts\;C:\Program Files\Python310\;C:\Users\igalk\PycharmProjects\PyTesting!\venv\Scripts\python.exe;C:\Program Files (x86)\Razer Chroma SDK\bin;C:\Program Files\Razer Chroma SDK\bin;C:\Program Files (x86)\Razer\ChromaBroadcast\bin;C:\Program Files\Razer\ChromaBroadcast\bin;C:\Users\igalk\AppData\Local\Packages\PythonSoftwareFoundation.Python.3.10_qbz5n2kfra8p0\LocalCache\local-packages\Python310\Scripts;C:\Windows\system32\config\systemprofile\AppData\Local\Microsoft\WindowsApps;C:\Program Files\MySQL\MySQL Shell 8.0\bin\;C:\Users\igalk\AppData\Local\Microsoft\WindowsApps;C:\Users\igalk\AppData\Local\GitHubDesktop\bin;C:\Program Files\Azure Data Studio\bin;C:\Users\igalk\AppData\Roaming\npm;C:\Users\igalk\OneDrive\Desktop\QA files\NoSQL\mongosh-1.1.9-win32-x64\bin\mongosh.exe;C:\Program Files\JetBrains1\PyCharm 2022.1.1\bin;C:\Program Files\dotnet\;C:\Program Files\Git\cmd;C:\Program Files (x86)\Windows Kits\10\Windows Performance Toolkit\;C:\Program Files\nodejs\;C:\Program Files (x86)\Microsoft SQL Server\150\DTS\Binn\;C:\Program Files\NVIDIA Corporation\NVIDIA NvDLISR;C:\Program Files\Microsoft VS Code\bin;C:\Program Files\Calibre2\;C:\Program Files\Microsoft SQL Server\Client SDK\ODBC\170\Tools\Binn\;C:\Program Files\Microsoft SQL Server\150\DTS\Binn\;C:\Apache Maven\apache-maven-3.9.2\bin;C:\Users\igalk\PycharmProjects\PyTesting!\venv;C:\Users\igalk\PycharmProjects\PyTesting!\venv\Scripts\python.exe;C:\windows\system32;C:\Program Files\MySQL\MySQL Shell 8.0\bin\;C:\Users\igalk\AppData\Local\Microsoft\WindowsApps;C:\Users\igalk\AppData\Local\GitHubDesktop\bin;C:\Program Files\Azure Data Studio\bin;C:\Users\igalk\OneDrive\Desktop\QA files\NoSQL\mongosh-1.1.9-win32-x64\bin\mongosh.exe;C:\PyCharm 2022.1.1\bin;;C:\Users\igalk\AppData\Local\Programs\mongosh\;C:\Users\igalk\AppData\Roaming\npm;."/>
    <property name="java.vendor" value="Oracle Corporation"/>
    <property name="java.vm.info" value="mixed mode"/>
    <property name="java.vm.version" value="11.0.18+9-LTS-195"/>
    <property name="sun.io.unicode.encoding" value="UnicodeLittle"/>
    <property name="java.class.version" value="55.0"/>
  </properties>
  <testcase name="getAlbumTracksTest" classname="api.tests.album.postivetests.PositiveGetAlbumTests" time="1.454">
    <system-out><![CDATA[BQDSWDtDezmxstcVLxnwV2sgO4fqyAtVs5iU3DpLFeI8Rhgxq4t7_CXSXJBAn7KTv-WkAlrMWKxfWvYj5O1DOmclW2s9ltpYXKgsJ8VpZUOIwyXwSA8
HTTP/1.1 200 OK
{
    "href": "https://api.spotify.com/v1/albums/1HimPrGurKic1hNOSidwF2/tracks?offset=0&limit=20&market=NR",
    "items": [
        {
            "artists": [
                {
                    "external_urls": {
                        "spotify": "https://open.spotify.com/artist/0DCw6lHkzh9t7f8Hb4Z0Sx"
                    },
                    "href": "https://api.spotify.com/v1/artists/0DCw6lHkzh9t7f8Hb4Z0Sx",
                    "id": "0DCw6lHkzh9t7f8Hb4Z0Sx",
                    "name": "Arch Enemy",
                    "type": "artist",
                    "uri": "spotify:artist:0DCw6lHkzh9t7f8Hb4Z0Sx"
                }
            ],
            "disc_number": 1,
            "duration_ms": 78413,
            "explicit": false,
            "external_urls": {
                "spotify": "https://open.spotify.com/track/06Fzhn4M28HZx48H9IXA4j"
            },
            "href": "https://api.spotify.com/v1/tracks/06Fzhn4M28HZx48H9IXA4j",
            "id": "06Fzhn4M28HZx48H9IXA4j",
            "is_local": false,
            "is_playable": true,
            "name": "Set Flame to the Night",
            "preview_url": "https://p.scdn.co/mp3-preview/4055ac73a1faf5cbb03f55f5a712af3656f20557?cid=21df2fd397254479b1ff5d2429c5ba95",
            "track_number": 1,
            "type": "track",
            "uri": "spotify:track:06Fzhn4M28HZx48H9IXA4j"
        },
        {
            "artists": [
                {
                    "external_urls": {
                        "spotify": "https://open.spotify.com/artist/0DCw6lHkzh9t7f8Hb4Z0Sx"
                    },
                    "href": "https://api.spotify.com/v1/artists/0DCw6lHkzh9t7f8Hb4Z0Sx",
                    "id": "0DCw6lHkzh9t7f8Hb4Z0Sx",
                    "name": "Arch Enemy",
                    "type": "artist",
                    "uri": "spotify:artist:0DCw6lHkzh9t7f8Hb4Z0Sx"
                }
            ],
            "disc_number": 1,
            "duration_ms": 195066,
            "explicit": false,
            "external_urls": {
                "spotify": "https://open.spotify.com/track/6tzxM7GwiC5Yci3s08n5B4"
            },
            "href": "https://api.spotify.com/v1/tracks/6tzxM7GwiC5Yci3s08n5B4",
            "id": "6tzxM7GwiC5Yci3s08n5B4",
            "is_local": false,
            "is_playable": true,
            "name": "The Race",
            "preview_url": "https://p.scdn.co/mp3-preview/c5e5825dc93010b288ff54ed948a65379e5b4693?cid=21df2fd397254479b1ff5d2429c5ba95",
            "track_number": 2,
            "type": "track",
            "uri": "spotify:track:6tzxM7GwiC5Yci3s08n5B4"
        },
        {
            "artists": [
                {
                    "external_urls": {
                        "spotify": "https://open.spotify.com/artist/0DCw6lHkzh9t7f8Hb4Z0Sx"
                    },
                    "href": "https://api.spotify.com/v1/artists/0DCw6lHkzh9t7f8Hb4Z0Sx",
                    "id": "0DCw6lHkzh9t7f8Hb4Z0Sx",
                    "name": "Arch Enemy",
                    "type": "artist",
                    "uri": "spotify:artist:0DCw6lHkzh9t7f8Hb4Z0Sx"
                }
            ],
            "disc_number": 1,
            "duration_ms": 235426,
            "explicit": false,
            "external_urls": {
                "spotify": "https://open.spotify.com/track/12pova27n3uHRQxrPnih9f"
            },
            "href": "https://api.spotify.com/v1/tracks/12pova27n3uHRQxrPnih9f",
            "id": "12pova27n3uHRQxrPnih9f",
            "is_local": false,
            "is_playable": true,
            "name": "Blood in the Water",
            "preview_url": "https://p.scdn.co/mp3-preview/42fccf28cc431d65a6edac04bf4b1ee9d5bf9ffb?cid=21df2fd397254479b1ff5d2429c5ba95",
            "track_number": 3,
            "type": "track",
            "uri": "spotify:track:12pova27n3uHRQxrPnih9f"
        },
        {
            "artists": [
                {
                    "external_urls": {
                        "spotify": "https://open.spotify.com/artist/0DCw6lHkzh9t7f8Hb4Z0Sx"
                    },
                    "href": "https://api.spotify.com/v1/artists/0DCw6lHkzh9t7f8Hb4Z0Sx",
                    "id": "0DCw6lHkzh9t7f8Hb4Z0Sx",
                    "name": "Arch Enemy",
                    "type": "artist",
                    "uri": "spotify:artist:0DCw6lHkzh9t7f8Hb4Z0Sx"
                }
            ],
            "disc_number": 1,
            "duration_ms": 293466,
            "explicit": false,
            "external_urls": {
                "spotify": "https://open.spotify.com/track/6tGyLydK5lNXz8Aw44wRj8"
            },
            "href": "https://api.spotify.com/v1/tracks/6tGyLydK5lNXz8Aw44wRj8",
            "id": "6tGyLydK5lNXz8Aw44wRj8",
            "is_local": false,
            "is_playable": true,
            "name": "The World Is Yours",
            "preview_url": "https://p.scdn.co/mp3-preview/24d35e9ee9f6956f2cf59d286b9fae6006e2efec?cid=21df2fd397254479b1ff5d2429c5ba95",
            "track_number": 4,
            "type": "track",
            "uri": "spotify:track:6tGyLydK5lNXz8Aw44wRj8"
        },
        {
            "artists": [
                {
                    "external_urls": {
                        "spotify": "https://open.spotify.com/artist/0DCw6lHkzh9t7f8Hb4Z0Sx"
                    },
                    "href": "https://api.spotify.com/v1/artists/0DCw6lHkzh9t7f8Hb4Z0Sx",
                    "id": "0DCw6lHkzh9t7f8Hb4Z0Sx",
                    "name": "Arch Enemy",
                    "type": "artist",
                    "uri": "spotify:artist:0DCw6lHkzh9t7f8Hb4Z0Sx"
                }
            ],
            "disc_number": 1,
            "duration_ms": 299441,
            "explicit": false,
            "external_urls": {
                "spotify": "https://open.spotify.com/track/7KoWRwwVUgZV5D0zmrr25s"
            },
            "href": "https://api.spotify.com/v1/tracks/7KoWRwwVUgZV5D0zmrr25s",
            "id": "7KoWRwwVUgZV5D0zmrr25s",
            "is_local": false,
            "is_playable": true,
            "name": "The Eagle Flies Alone - edit",
            "preview_url": "https://p.scdn.co/mp3-preview/903584c46c49b24bb83fd6bc058fe3bb9d9453e9?cid=21df2fd397254479b1ff5d2429c5ba95",
            "track_number": 5,
            "type": "track",
            "uri": "spotify:track:7KoWRwwVUgZV5D0zmrr25s"
        },
        {
            "artists": [
                {
                    "external_urls": {
                        "spotify": "https://open.spotify.com/artist/0DCw6lHkzh9t7f8Hb4Z0Sx"
                    },
                    "href": "https://api.spotify.com/v1/artists/0DCw6lHkzh9t7f8Hb4Z0Sx",
                    "id": "0DCw6lHkzh9t7f8Hb4Z0Sx",
                    "name": "Arch Enemy",
                    "type": "artist",
                    "uri": "spotify:artist:0DCw6lHkzh9t7f8Hb4Z0Sx"
                }
            ],
            "disc_number": 1,
            "duration_ms": 287733,
            "explicit": false,
            "external_urls": {
                "spotify": "https://open.spotify.com/track/02gIPDHCTuKgKEl2VlgPzt"
            },
            "href": "https://api.spotify.com/v1/tracks/02gIPDHCTuKgKEl2VlgPzt",
            "id": "02gIPDHCTuKgKEl2VlgPzt",
            "is_local": false,
            "is_playable": true,
            "name": "Reason to Believe",
            "preview_url": "https://p.scdn.co/mp3-preview/825e29a12a908f4009fa395f2ae1e2734f80d85b?cid=21df2fd397254479b1ff5d2429c5ba95",
            "track_number": 6,
            "type": "track",
            "uri": "spotify:track:02gIPDHCTuKgKEl2VlgPzt"
        },
        {
            "artists": [
                {
                    "external_urls": {
                        "spotify": "https://open.spotify.com/artist/0DCw6lHkzh9t7f8Hb4Z0Sx"
                    },
                    "href": "https://api.spotify.com/v1/artists/0DCw6lHkzh9t7f8Hb4Z0Sx",
                    "id": "0DCw6lHkzh9t7f8Hb4Z0Sx",
                    "name": "Arch Enemy",
                    "type": "artist",
                    "uri": "spotify:artist:0DCw6lHkzh9t7f8Hb4Z0Sx"
                }
            ],
            "disc_number": 1,
            "duration_ms": 230413,
            "explicit": false,
            "external_urls": {
                "spotify": "https://open.spotify.com/track/25lp8iSlGkhHISSX0EgpAE"
            },
            "href": "https://api.spotify.com/v1/tracks/25lp8iSlGkhHISSX0EgpAE",
            "id": "25lp8iSlGkhHISSX0EgpAE",
            "is_local": false,
            "is_playable": true,
            "name": "Murder Scene",
            "preview_url": "https://p.scdn.co/mp3-preview/5204b647244b953a17ee9f185438ba1c00b132d9?cid=21df2fd397254479b1ff5d2429c5ba95",
            "track_number": 7,
            "type": "track",
            "uri": "spotify:track:25lp8iSlGkhHISSX0EgpAE"
        },
        {
            "artists": [
                {
                    "external_urls": {
                        "spotify": "https://open.spotify.com/artist/0DCw6lHkzh9t7f8Hb4Z0Sx"
                    },
                    "href": "https://api.spotify.com/v1/artists/0DCw6lHkzh9t7f8Hb4Z0Sx",
                    "id": "0DCw6lHkzh9t7f8Hb4Z0Sx",
                    "name": "Arch Enemy",
                    "type": "artist",
                    "uri": "spotify:artist:0DCw6lHkzh9t7f8Hb4Z0Sx"
                }
            ],
            "disc_number": 1,
            "duration_ms": 288320,
            "explicit": false,
            "external_urls": {
                "spotify": "https://open.spotify.com/track/7uqohNjCnZ8sZd5S2vh5vx"
            },
            "href": "https://api.spotify.com/v1/tracks/7uqohNjCnZ8sZd5S2vh5vx",
            "id": "7uqohNjCnZ8sZd5S2vh5vx",
            "is_local": false,
            "is_playable": true,
            "name": "First Day in Hell",
            "preview_url": "https://p.scdn.co/mp3-preview/5182ef2a5fafb5888ff5841d84f3e5a206223cb0?cid=21df2fd397254479b1ff5d2429c5ba95",
            "track_number": 8,
            "type": "track",
            "uri": "spotify:track:7uqohNjCnZ8sZd5S2vh5vx"
        },
        {
            "artists": [
                {
                    "external_urls": {
                        "spotify": "https://open.spotify.com/artist/0DCw6lHkzh9t7f8Hb4Z0Sx"
                    },
                    "href": "https://api.spotify.com/v1/artists/0DCw6lHkzh9t7f8Hb4Z0Sx",
                    "id": "0DCw6lHkzh9t7f8Hb4Z0Sx",
                    "name": "Arch Enemy",
                    "type": "artist",
                    "uri": "spotify:artist:0DCw6lHkzh9t7f8Hb4Z0Sx"
                }
            ],
            "disc_number": 1,
            "duration_ms": 69493,
            "explicit": false,
            "external_urls": {
                "spotify": "https://open.spotify.com/track/6gXNdxtSOcErDuXagBUdkz"
            },
            "href": "https://api.spotify.com/v1/tracks/6gXNdxtSOcErDuXagBUdkz",
            "id": "6gXNdxtSOcErDuXagBUdkz",
            "is_local": false,
            "is_playable": true,
            "name": "Saturnine",
            "preview_url": "https://p.scdn.co/mp3-preview/28a4c80e367cec1f5fc5b9c39fab515179060dea?cid=21df2fd397254479b1ff5d2429c5ba95",
            "track_number": 9,
            "type": "track",
            "uri": "spotify:track:6gXNdxtSOcErDuXagBUdkz"
        },
        {
            "artists": [
                {
                    "external_urls": {
                        "spotify": "https://open.spotify.com/artist/0DCw6lHkzh9t7f8Hb4Z0Sx"
                    },
                    "href": "https://api.spotify.com/v1/artists/0DCw6lHkzh9t7f8Hb4Z0Sx",
                    "id": "0DCw6lHkzh9t7f8Hb4Z0Sx",
                    "name": "Arch Enemy",
                    "type": "artist",
                    "uri": "spotify:artist:0DCw6lHkzh9t7f8Hb4Z0Sx"
                }
            ],
            "disc_number": 1,
            "duration_ms": 400333,
            "explicit": false,
            "external_urls": {
                "spotify": "https://open.spotify.com/track/0uLoPEtITzR7kNgf9jQJ7c"
            },
            "href": "https://api.spotify.com/v1/tracks/0uLoPEtITzR7kNgf9jQJ7c",
            "id": "0uLoPEtITzR7kNgf9jQJ7c",
            "is_local": false,
            "is_playable": true,
            "name": "Dreams of Retribution",
            "preview_url": "https://p.scdn.co/mp3-preview/935f8d675f2b1d1a2e00f321a89445f9017a7e0b?cid=21df2fd397254479b1ff5d2429c5ba95",
            "track_number": 10,
            "type": "track",
            "uri": "spotify:track:0uLoPEtITzR7kNgf9jQJ7c"
        },
        {
            "artists": [
                {
                    "external_urls": {
                        "spotify": "https://open.spotify.com/artist/0DCw6lHkzh9t7f8Hb4Z0Sx"
                    },
                    "href": "https://api.spotify.com/v1/artists/0DCw6lHkzh9t7f8Hb4Z0Sx",
                    "id": "0DCw6lHkzh9t7f8Hb4Z0Sx",
                    "name": "Arch Enemy",
                    "type": "artist",
                    "uri": "spotify:artist:0DCw6lHkzh9t7f8Hb4Z0Sx"
                }
            ],
            "disc_number": 1,
            "duration_ms": 245506,
            "explicit": false,
            "external_urls": {
                "spotify": "https://open.spotify.com/track/4pXXtUdLs9DSMZJXO2EXXh"
            },
            "href": "https://api.spotify.com/v1/tracks/4pXXtUdLs9DSMZJXO2EXXh",
            "id": "4pXXtUdLs9DSMZJXO2EXXh",
            "is_local": false,
            "is_playable": true,
            "name": "My Shadow and I",
            "preview_url": "https://p.scdn.co/mp3-preview/2edb45268f9ff6089d1016c5c2faa89af14aa765?cid=21df2fd397254479b1ff5d2429c5ba95",
            "track_number": 11,
            "type": "track",
            "uri": "spotify:track:4pXXtUdLs9DSMZJXO2EXXh"
        },
        {
            "artists": [
                {
                    "external_urls": {
                        "spotify": "https://open.spotify.com/artist/0DCw6lHkzh9t7f8Hb4Z0Sx"
                    },
                    "href": "https://api.spotify.com/v1/artists/0DCw6lHkzh9t7f8Hb4Z0Sx",
                    "id": "0DCw6lHkzh9t7f8Hb4Z0Sx",
                    "name": "Arch Enemy",
                    "type": "artist",
                    "uri": "spotify:artist:0DCw6lHkzh9t7f8Hb4Z0Sx"
                }
            ],
            "disc_number": 1,
            "duration_ms": 395426,
            "explicit": false,
            "external_urls": {
                "spotify": "https://open.spotify.com/track/6Yb6ofPLgbb5QhhuWQXtnk"
            },
            "href": "https://api.spotify.com/v1/tracks/6Yb6ofPLgbb5QhhuWQXtnk",
            "id": "6Yb6ofPLgbb5QhhuWQXtnk",
            "is_local": false,
            "is_playable": true,
            "name": "A Fight I Must Win",
            "preview_url": "https://p.scdn.co/mp3-preview/73be32cb2b4ff7cd36982cb062ba17d39d5828a7?cid=21df2fd397254479b1ff5d2429c5ba95",
            "track_number": 12,
            "type": "track",
            "uri": "spotify:track:6Yb6ofPLgbb5QhhuWQXtnk"
        },
        {
            "artists": [
                {
                    "external_urls": {
                        "spotify": "https://open.spotify.com/artist/0DCw6lHkzh9t7f8Hb4Z0Sx"
                    },
                    "href": "https://api.spotify.com/v1/artists/0DCw6lHkzh9t7f8Hb4Z0Sx",
                    "id": "0DCw6lHkzh9t7f8Hb4Z0Sx",
                    "name": "Arch Enemy",
                    "type": "artist",
                    "uri": "spotify:artist:0DCw6lHkzh9t7f8Hb4Z0Sx"
                }
            ],
            "disc_number": 1,
            "duration_ms": 168453,
            "explicit": true,
            "external_urls": {
                "spotify": "https://open.spotify.com/track/4ZXzqIVIzkMnCymMNbrCh8"
            },
            "href": "https://api.spotify.com/v1/tracks/4ZXzqIVIzkMnCymMNbrCh8",
            "id": "4ZXzqIVIzkMnCymMNbrCh8",
            "is_local": false,
            "is_playable": true,
            "name": "City Baby Attacked by Rats - cover version",
            "preview_url": "https://p.scdn.co/mp3-preview/39d324e1f86878052233e5cb81a0c64a494d0f41?cid=21df2fd397254479b1ff5d2429c5ba95",
            "track_number": 13,
            "type": "track",
            "uri": "spotify:track:4ZXzqIVIzkMnCymMNbrCh8"
        }
    ],
    "limit": 20,
    "next": null,
    "offset": 0,
    "previous": null,
    "total": 13
}
]]></system-out>
    <system-err><![CDATA[SLF4J: Failed to load class "org.slf4j.impl.StaticLoggerBinder".
SLF4J: Defaulting to no-operation (NOP) logger implementation
SLF4J: See http://www.slf4j.org/codes.html#StaticLoggerBinder for further details.
]]></system-err>
  </testcase>
  <testcase name="getAlbumWithMarketTest" classname="api.tests.album.postivetests.PositiveGetAlbumTests" time="0.313">
    <system-out><![CDATA[BQDqC99mH5GuKWI69g-ueCX4IfFgFsVqHP4JDejgiBnDyKzR1blmTY0xQi0Bu3n6GGC7Rmt5QHx4nOP-HaiNNCQwmE_wA6LmT7vMQFA0z3YJVwPyaCg
HTTP/1.1 200 OK
content-type: application/json; charset=utf-8
cache-control: public, max-age=7200
x-robots-tag: noindex, nofollow
access-control-allow-origin: *
access-control-allow-headers: Accept, App-Platform, Authorization, Content-Type, Origin, Retry-After, Spotify-App-Version, X-Cloud-Trace-Context, client-token, content-access-token
access-control-allow-methods: GET, POST, OPTIONS, PUT, DELETE, PATCH
access-control-allow-credentials: true
access-control-max-age: 604800
content-encoding: gzip
strict-transport-security: max-age=31536000
x-content-type-options: nosniff
date: Wed, 21 Jun 2023 06:01:11 GMT
server: envoy
Via: HTTP/2 edgeproxy, 1.1 google
Alt-Svc: h3=":443"; ma=2592000,h3-29=":443"; ma=2592000
Transfer-Encoding: chunked

{
    "album_type": "album",
    "artists": [
        {
            "external_urls": {
                "spotify": "https://open.spotify.com/artist/0DCw6lHkzh9t7f8Hb4Z0Sx"
            },
            "href": "https://api.spotify.com/v1/artists/0DCw6lHkzh9t7f8Hb4Z0Sx",
            "id": "0DCw6lHkzh9t7f8Hb4Z0Sx",
            "name": "Arch Enemy",
            "type": "artist",
            "uri": "spotify:artist:0DCw6lHkzh9t7f8Hb4Z0Sx"
        }
    ],
    "copyrights": [
        {
            "text": "(P) 2017 Savage Messiah Music. Licensed exclusively in the Territory to Century Media Records Ltd.",
            "type": "P"
        }
    ],
    "external_ids": {
        "upc": "886446557434"
    },
    "external_urls": {
        "spotify": "https://open.spotify.com/album/1HimPrGurKic1hNOSidwF2"
    },
    "genres": [
        
    ],
    "href": "https://api.spotify.com/v1/albums/1HimPrGurKic1hNOSidwF2",
    "id": "1HimPrGurKic1hNOSidwF2",
    "images": [
        {
            "height": 640,
            "url": "https://i.scdn.co/image/ab67616d0000b273f22accdfcf008be55b063aae",
            "width": 640
        },
        {
            "height": 300,
            "url": "https://i.scdn.co/image/ab67616d00001e02f22accdfcf008be55b063aae",
            "width": 300
        },
        {
            "height": 64,
            "url": "https://i.scdn.co/image/ab67616d00004851f22accdfcf008be55b063aae",
            "width": 64
        }
    ],
    "is_playable": true,
    "label": "Century Media",
    "name": "Will To Power",
    "popularity": 55,
    "release_date": "2017-09-08",
    "release_date_precision": "day",
    "total_tracks": 13,
    "tracks": {
        "href": "https://api.spotify.com/v1/albums/1HimPrGurKic1hNOSidwF2/tracks?offset=0&limit=50&market=MY",
        "items": [
            {
                "artists": [
                    {
                        "external_urls": {
                            "spotify": "https://open.spotify.com/artist/0DCw6lHkzh9t7f8Hb4Z0Sx"
                        },
                        "href": "https://api.spotify.com/v1/artists/0DCw6lHkzh9t7f8Hb4Z0Sx",
                        "id": "0DCw6lHkzh9t7f8Hb4Z0Sx",
                        "name": "Arch Enemy",
                        "type": "artist",
                        "uri": "spotify:artist:0DCw6lHkzh9t7f8Hb4Z0Sx"
                    }
                ],
                "disc_number": 1,
                "duration_ms": 78413,
                "explicit": false,
                "external_urls": {
                    "spotify": "https://open.spotify.com/track/06Fzhn4M28HZx48H9IXA4j"
                },
                "href": "https://api.spotify.com/v1/tracks/06Fzhn4M28HZx48H9IXA4j",
                "id": "06Fzhn4M28HZx48H9IXA4j",
                "is_local": false,
                "is_playable": true,
                "name": "Set Flame to the Night",
                "preview_url": "https://p.scdn.co/mp3-preview/4055ac73a1faf5cbb03f55f5a712af3656f20557?cid=21df2fd397254479b1ff5d2429c5ba95",
                "track_number": 1,
                "type": "track",
                "uri": "spotify:track:06Fzhn4M28HZx48H9IXA4j"
            },
            {
                "artists": [
                    {
                        "external_urls": {
                            "spotify": "https://open.spotify.com/artist/0DCw6lHkzh9t7f8Hb4Z0Sx"
                        },
                        "href": "https://api.spotify.com/v1/artists/0DCw6lHkzh9t7f8Hb4Z0Sx",
                        "id": "0DCw6lHkzh9t7f8Hb4Z0Sx",
                        "name": "Arch Enemy",
                        "type": "artist",
                        "uri": "spotify:artist:0DCw6lHkzh9t7f8Hb4Z0Sx"
                    }
                ],
                "disc_number": 1,
                "duration_ms": 195066,
                "explicit": false,
                "external_urls": {
                    "spotify": "https://open.spotify.com/track/6tzxM7GwiC5Yci3s08n5B4"
                },
                "href": "https://api.spotify.com/v1/tracks/6tzxM7GwiC5Yci3s08n5B4",
                "id": "6tzxM7GwiC5Yci3s08n5B4",
                "is_local": false,
                "is_playable": true,
                "name": "The Race",
                "preview_url": "https://p.scdn.co/mp3-preview/c5e5825dc93010b288ff54ed948a65379e5b4693?cid=21df2fd397254479b1ff5d2429c5ba95",
                "track_number": 2,
                "type": "track",
                "uri": "spotify:track:6tzxM7GwiC5Yci3s08n5B4"
            },
            {
                "artists": [
                    {
                        "external_urls": {
                            "spotify": "https://open.spotify.com/artist/0DCw6lHkzh9t7f8Hb4Z0Sx"
                        },
                        "href": "https://api.spotify.com/v1/artists/0DCw6lHkzh9t7f8Hb4Z0Sx",
                        "id": "0DCw6lHkzh9t7f8Hb4Z0Sx",
                        "name": "Arch Enemy",
                        "type": "artist",
                        "uri": "spotify:artist:0DCw6lHkzh9t7f8Hb4Z0Sx"
                    }
                ],
                "disc_number": 1,
                "duration_ms": 235426,
                "explicit": false,
                "external_urls": {
                    "spotify": "https://open.spotify.com/track/12pova27n3uHRQxrPnih9f"
                },
                "href": "https://api.spotify.com/v1/tracks/12pova27n3uHRQxrPnih9f",
                "id": "12pova27n3uHRQxrPnih9f",
                "is_local": false,
                "is_playable": true,
                "name": "Blood in the Water",
                "preview_url": "https://p.scdn.co/mp3-preview/42fccf28cc431d65a6edac04bf4b1ee9d5bf9ffb?cid=21df2fd397254479b1ff5d2429c5ba95",
                "track_number": 3,
                "type": "track",
                "uri": "spotify:track:12pova27n3uHRQxrPnih9f"
            },
            {
                "artists": [
                    {
                        "external_urls": {
                            "spotify": "https://open.spotify.com/artist/0DCw6lHkzh9t7f8Hb4Z0Sx"
                        },
                        "href": "https://api.spotify.com/v1/artists/0DCw6lHkzh9t7f8Hb4Z0Sx",
                        "id": "0DCw6lHkzh9t7f8Hb4Z0Sx",
                        "name": "Arch Enemy",
                        "type": "artist",
                        "uri": "spotify:artist:0DCw6lHkzh9t7f8Hb4Z0Sx"
                    }
                ],
                "disc_number": 1,
                "duration_ms": 293466,
                "explicit": false,
                "external_urls": {
                    "spotify": "https://open.spotify.com/track/6tGyLydK5lNXz8Aw44wRj8"
                },
                "href": "https://api.spotify.com/v1/tracks/6tGyLydK5lNXz8Aw44wRj8",
                "id": "6tGyLydK5lNXz8Aw44wRj8",
                "is_local": false,
                "is_playable": true,
                "name": "The World Is Yours",
                "preview_url": "https://p.scdn.co/mp3-preview/24d35e9ee9f6956f2cf59d286b9fae6006e2efec?cid=21df2fd397254479b1ff5d2429c5ba95",
                "track_number": 4,
                "type": "track",
                "uri": "spotify:track:6tGyLydK5lNXz8Aw44wRj8"
            },
            {
                "artists": [
                    {
                        "external_urls": {
                            "spotify": "https://open.spotify.com/artist/0DCw6lHkzh9t7f8Hb4Z0Sx"
                        },
                        "href": "https://api.spotify.com/v1/artists/0DCw6lHkzh9t7f8Hb4Z0Sx",
                        "id": "0DCw6lHkzh9t7f8Hb4Z0Sx",
                        "name": "Arch Enemy",
                        "type": "artist",
                        "uri": "spotify:artist:0DCw6lHkzh9t7f8Hb4Z0Sx"
                    }
                ],
                "disc_number": 1,
                "duration_ms": 299441,
                "explicit": false,
                "external_urls": {
                    "spotify": "https://open.spotify.com/track/7KoWRwwVUgZV5D0zmrr25s"
                },
                "href": "https://api.spotify.com/v1/tracks/7KoWRwwVUgZV5D0zmrr25s",
                "id": "7KoWRwwVUgZV5D0zmrr25s",
                "is_local": false,
                "is_playable": true,
                "name": "The Eagle Flies Alone - edit",
                "preview_url": "https://p.scdn.co/mp3-preview/903584c46c49b24bb83fd6bc058fe3bb9d9453e9?cid=21df2fd397254479b1ff5d2429c5ba95",
                "track_number": 5,
                "type": "track",
                "uri": "spotify:track:7KoWRwwVUgZV5D0zmrr25s"
            },
            {
                "artists": [
                    {
                        "external_urls": {
                            "spotify": "https://open.spotify.com/artist/0DCw6lHkzh9t7f8Hb4Z0Sx"
                        },
                        "href": "https://api.spotify.com/v1/artists/0DCw6lHkzh9t7f8Hb4Z0Sx",
                        "id": "0DCw6lHkzh9t7f8Hb4Z0Sx",
                        "name": "Arch Enemy",
                        "type": "artist",
                        "uri": "spotify:artist:0DCw6lHkzh9t7f8Hb4Z0Sx"
                    }
                ],
                "disc_number": 1,
                "duration_ms": 287733,
                "explicit": false,
                "external_urls": {
                    "spotify": "https://open.spotify.com/track/02gIPDHCTuKgKEl2VlgPzt"
                },
                "href": "https://api.spotify.com/v1/tracks/02gIPDHCTuKgKEl2VlgPzt",
                "id": "02gIPDHCTuKgKEl2VlgPzt",
                "is_local": false,
                "is_playable": true,
                "name": "Reason to Believe",
                "preview_url": "https://p.scdn.co/mp3-preview/825e29a12a908f4009fa395f2ae1e2734f80d85b?cid=21df2fd397254479b1ff5d2429c5ba95",
                "track_number": 6,
                "type": "track",
                "uri": "spotify:track:02gIPDHCTuKgKEl2VlgPzt"
            },
            {
                "artists": [
                    {
                        "external_urls": {
                            "spotify": "https://open.spotify.com/artist/0DCw6lHkzh9t7f8Hb4Z0Sx"
                        },
                        "href": "https://api.spotify.com/v1/artists/0DCw6lHkzh9t7f8Hb4Z0Sx",
                        "id": "0DCw6lHkzh9t7f8Hb4Z0Sx",
                        "name": "Arch Enemy",
                        "type": "artist",
                        "uri": "spotify:artist:0DCw6lHkzh9t7f8Hb4Z0Sx"
                    }
                ],
                "disc_number": 1,
                "duration_ms": 230413,
                "explicit": false,
                "external_urls": {
                    "spotify": "https://open.spotify.com/track/25lp8iSlGkhHISSX0EgpAE"
                },
                "href": "https://api.spotify.com/v1/tracks/25lp8iSlGkhHISSX0EgpAE",
                "id": "25lp8iSlGkhHISSX0EgpAE",
                "is_local": false,
                "is_playable": true,
                "name": "Murder Scene",
                "preview_url": "https://p.scdn.co/mp3-preview/5204b647244b953a17ee9f185438ba1c00b132d9?cid=21df2fd397254479b1ff5d2429c5ba95",
                "track_number": 7,
                "type": "track",
                "uri": "spotify:track:25lp8iSlGkhHISSX0EgpAE"
            },
            {
                "artists": [
                    {
                        "external_urls": {
                            "spotify": "https://open.spotify.com/artist/0DCw6lHkzh9t7f8Hb4Z0Sx"
                        },
                        "href": "https://api.spotify.com/v1/artists/0DCw6lHkzh9t7f8Hb4Z0Sx",
                        "id": "0DCw6lHkzh9t7f8Hb4Z0Sx",
                        "name": "Arch Enemy",
                        "type": "artist",
                        "uri": "spotify:artist:0DCw6lHkzh9t7f8Hb4Z0Sx"
                    }
                ],
                "disc_number": 1,
                "duration_ms": 288320,
                "explicit": false,
                "external_urls": {
                    "spotify": "https://open.spotify.com/track/7uqohNjCnZ8sZd5S2vh5vx"
                },
                "href": "https://api.spotify.com/v1/tracks/7uqohNjCnZ8sZd5S2vh5vx",
                "id": "7uqohNjCnZ8sZd5S2vh5vx",
                "is_local": false,
                "is_playable": true,
                "name": "First Day in Hell",
                "preview_url": "https://p.scdn.co/mp3-preview/5182ef2a5fafb5888ff5841d84f3e5a206223cb0?cid=21df2fd397254479b1ff5d2429c5ba95",
                "track_number": 8,
                "type": "track",
                "uri": "spotify:track:7uqohNjCnZ8sZd5S2vh5vx"
            },
            {
                "artists": [
                    {
                        "external_urls": {
                            "spotify": "https://open.spotify.com/artist/0DCw6lHkzh9t7f8Hb4Z0Sx"
                        },
                        "href": "https://api.spotify.com/v1/artists/0DCw6lHkzh9t7f8Hb4Z0Sx",
                        "id": "0DCw6lHkzh9t7f8Hb4Z0Sx",
                        "name": "Arch Enemy",
                        "type": "artist",
                        "uri": "spotify:artist:0DCw6lHkzh9t7f8Hb4Z0Sx"
                    }
                ],
                "disc_number": 1,
                "duration_ms": 69493,
                "explicit": false,
                "external_urls": {
                    "spotify": "https://open.spotify.com/track/6gXNdxtSOcErDuXagBUdkz"
                },
                "href": "https://api.spotify.com/v1/tracks/6gXNdxtSOcErDuXagBUdkz",
                "id": "6gXNdxtSOcErDuXagBUdkz",
                "is_local": false,
                "is_playable": true,
                "name": "Saturnine",
                "preview_url": "https://p.scdn.co/mp3-preview/28a4c80e367cec1f5fc5b9c39fab515179060dea?cid=21df2fd397254479b1ff5d2429c5ba95",
                "track_number": 9,
                "type": "track",
                "uri": "spotify:track:6gXNdxtSOcErDuXagBUdkz"
            },
            {
                "artists": [
                    {
                        "external_urls": {
                            "spotify": "https://open.spotify.com/artist/0DCw6lHkzh9t7f8Hb4Z0Sx"
                        },
                        "href": "https://api.spotify.com/v1/artists/0DCw6lHkzh9t7f8Hb4Z0Sx",
                        "id": "0DCw6lHkzh9t7f8Hb4Z0Sx",
                        "name": "Arch Enemy",
                        "type": "artist",
                        "uri": "spotify:artist:0DCw6lHkzh9t7f8Hb4Z0Sx"
                    }
                ],
                "disc_number": 1,
                "duration_ms": 400333,
                "explicit": false,
                "external_urls": {
                    "spotify": "https://open.spotify.com/track/0uLoPEtITzR7kNgf9jQJ7c"
                },
                "href": "https://api.spotify.com/v1/tracks/0uLoPEtITzR7kNgf9jQJ7c",
                "id": "0uLoPEtITzR7kNgf9jQJ7c",
                "is_local": false,
                "is_playable": true,
                "name": "Dreams of Retribution",
                "preview_url": "https://p.scdn.co/mp3-preview/935f8d675f2b1d1a2e00f321a89445f9017a7e0b?cid=21df2fd397254479b1ff5d2429c5ba95",
                "track_number": 10,
                "type": "track",
                "uri": "spotify:track:0uLoPEtITzR7kNgf9jQJ7c"
            },
            {
                "artists": [
                    {
                        "external_urls": {
                            "spotify": "https://open.spotify.com/artist/0DCw6lHkzh9t7f8Hb4Z0Sx"
                        },
                        "href": "https://api.spotify.com/v1/artists/0DCw6lHkzh9t7f8Hb4Z0Sx",
                        "id": "0DCw6lHkzh9t7f8Hb4Z0Sx",
                        "name": "Arch Enemy",
                        "type": "artist",
                        "uri": "spotify:artist:0DCw6lHkzh9t7f8Hb4Z0Sx"
                    }
                ],
                "disc_number": 1,
                "duration_ms": 245506,
                "explicit": false,
                "external_urls": {
                    "spotify": "https://open.spotify.com/track/4pXXtUdLs9DSMZJXO2EXXh"
                },
                "href": "https://api.spotify.com/v1/tracks/4pXXtUdLs9DSMZJXO2EXXh",
                "id": "4pXXtUdLs9DSMZJXO2EXXh",
                "is_local": false,
                "is_playable": true,
                "name": "My Shadow and I",
                "preview_url": "https://p.scdn.co/mp3-preview/2edb45268f9ff6089d1016c5c2faa89af14aa765?cid=21df2fd397254479b1ff5d2429c5ba95",
                "track_number": 11,
                "type": "track",
                "uri": "spotify:track:4pXXtUdLs9DSMZJXO2EXXh"
            },
            {
                "artists": [
                    {
                        "external_urls": {
                            "spotify": "https://open.spotify.com/artist/0DCw6lHkzh9t7f8Hb4Z0Sx"
                        },
                        "href": "https://api.spotify.com/v1/artists/0DCw6lHkzh9t7f8Hb4Z0Sx",
                        "id": "0DCw6lHkzh9t7f8Hb4Z0Sx",
                        "name": "Arch Enemy",
                        "type": "artist",
                        "uri": "spotify:artist:0DCw6lHkzh9t7f8Hb4Z0Sx"
                    }
                ],
                "disc_number": 1,
                "duration_ms": 395426,
                "explicit": false,
                "external_urls": {
                    "spotify": "https://open.spotify.com/track/6Yb6ofPLgbb5QhhuWQXtnk"
                },
                "href": "https://api.spotify.com/v1/tracks/6Yb6ofPLgbb5QhhuWQXtnk",
                "id": "6Yb6ofPLgbb5QhhuWQXtnk",
                "is_local": false,
                "is_playable": true,
                "name": "A Fight I Must Win",
                "preview_url": "https://p.scdn.co/mp3-preview/73be32cb2b4ff7cd36982cb062ba17d39d5828a7?cid=21df2fd397254479b1ff5d2429c5ba95",
                "track_number": 12,
                "type": "track",
                "uri": "spotify:track:6Yb6ofPLgbb5QhhuWQXtnk"
            },
            {
                "artists": [
                    {
                        "external_urls": {
                            "spotify": "https://open.spotify.com/artist/0DCw6lHkzh9t7f8Hb4Z0Sx"
                        },
                        "href": "https://api.spotify.com/v1/artists/0DCw6lHkzh9t7f8Hb4Z0Sx",
                        "id": "0DCw6lHkzh9t7f8Hb4Z0Sx",
                        "name": "Arch Enemy",
                        "type": "artist",
                        "uri": "spotify:artist:0DCw6lHkzh9t7f8Hb4Z0Sx"
                    }
                ],
                "disc_number": 1,
                "duration_ms": 168453,
                "explicit": true,
                "external_urls": {
                    "spotify": "https://open.spotify.com/track/4ZXzqIVIzkMnCymMNbrCh8"
                },
                "href": "https://api.spotify.com/v1/tracks/4ZXzqIVIzkMnCymMNbrCh8",
                "id": "4ZXzqIVIzkMnCymMNbrCh8",
                "is_local": false,
                "is_playable": true,
                "name": "City Baby Attacked by Rats - cover version",
                "preview_url": "https://p.scdn.co/mp3-preview/39d324e1f86878052233e5cb81a0c64a494d0f41?cid=21df2fd397254479b1ff5d2429c5ba95",
                "track_number": 13,
                "type": "track",
                "uri": "spotify:track:4ZXzqIVIzkMnCymMNbrCh8"
            }
        ],
        "limit": 50,
        "next": null,
        "offset": 0,
        "previous": null,
        "total": 13
    },
    "type": "album",
    "uri": "spotify:album:1HimPrGurKic1hNOSidwF2"
}
]]></system-out>
  </testcase>
  <testcase name="getAnAlbumTest" classname="api.tests.album.postivetests.PositiveGetAlbumTests" time="0.332">
    <system-out><![CDATA[BQCgjCw24F15UQzed_gbPTRaWKEuDeKGtyxgFsNpg5jMP8QNFON0OL_I0gk0ec3796K46nNdoMowiXmEU2Q2wxaacEzTFasPY4hJiP-aagD7AcBWrBs
]]></system-out>
  </testcase>
  <testcase name="getLatestReleasesTest" classname="api.tests.album.postivetests.PositiveGetAlbumTests" time="0.389">
    <system-out><![CDATA[BQCxF4ljmL3YUQ9VW2rYbs6ahUt4SHZJDkz235hceu86GPRGeO5nO7ccq5X00O9toOmgned0y9h4HbfwxrN-jhL-Ktdb8wF_AnF3ZXuPu6FuwvWebQ8
{
    "albums": {
        "href": "https://api.spotify.com/v1/browse/new-releases?country=SV&offset=0&limit=20",
        "items": [
            {
                "album_type": "album",
                "artists": [
                    {
                        "external_urls": {
                            "spotify": "https://open.spotify.com/artist/2auC28zjQyVTsiZKNgPRGs"
                        },
                        "href": "https://api.spotify.com/v1/artists/2auC28zjQyVTsiZKNgPRGs",
                        "id": "2auC28zjQyVTsiZKNgPRGs",
                        "name": "RM",
                        "type": "artist",
                        "uri": "spotify:artist:2auC28zjQyVTsiZKNgPRGs"
                    }
                ],
                "external_urls": {
                    "spotify": "https://open.spotify.com/album/08HCdXZVN72S2vpIT9DKhU"
                },
                "href": "https://api.spotify.com/v1/albums/08HCdXZVN72S2vpIT9DKhU",
                "id": "08HCdXZVN72S2vpIT9DKhU",
                "images": [
                    {
                        "height": 640,
                        "url": "https://i.scdn.co/image/ab67616d0000b27336661930d6c586e412d7d4b2",
                        "width": 640
                    },
                    {
                        "height": 300,
                        "url": "https://i.scdn.co/image/ab67616d00001e0236661930d6c586e412d7d4b2",
                        "width": 300
                    },
                    {
                        "height": 64,
                        "url": "https://i.scdn.co/image/ab67616d0000485136661930d6c586e412d7d4b2",
                        "width": 64
                    }
                ],
                "is_playable": true,
                "name": "Indigo",
                "release_date": "2022-12-02",
                "release_date_precision": "day",
                "total_tracks": 10,
                "type": "album",
                "uri": "spotify:album:08HCdXZVN72S2vpIT9DKhU"
            },
            {
                "album_type": "album",
                "artists": [
                    {
                        "external_urls": {
                            "spotify": "https://open.spotify.com/artist/4MzJMcHQBl9SIYSjwWn8QW"
                        },
                        "href": "https://api.spotify.com/v1/artists/4MzJMcHQBl9SIYSjwWn8QW",
                        "id": "4MzJMcHQBl9SIYSjwWn8QW",
                        "name": "Spiritbox",
                        "type": "artist",
                        "uri": "spotify:artist:4MzJMcHQBl9SIYSjwWn8QW"
                    }
                ],
                "external_urls": {
                    "spotify": "https://open.spotify.com/album/6cZ39G1mahxDAGfoPzDllb"
                },
                "href": "https://api.spotify.com/v1/albums/6cZ39G1mahxDAGfoPzDllb",
                "id": "6cZ39G1mahxDAGfoPzDllb",
                "images": [
                    {
                        "height": 640,
                        "url": "https://i.scdn.co/image/ab67616d0000b2730006a537a6e19505ca5593eb",
                        "width": 640
                    },
                    {
                        "height": 300,
                        "url": "https://i.scdn.co/image/ab67616d00001e020006a537a6e19505ca5593eb",
                        "width": 300
                    },
                    {
                        "height": 64,
                        "url": "https://i.scdn.co/image/ab67616d000048510006a537a6e19505ca5593eb",
                        "width": 64
                    }
                ],
                "is_playable": true,
                "name": "Eternal Blue",
                "release_date": "2021-09-17",
                "release_date_precision": "day",
                "total_tracks": 12,
                "type": "album",
                "uri": "spotify:album:6cZ39G1mahxDAGfoPzDllb"
            },
            {
                "album_type": "single",
                "artists": [
                    {
                        "external_urls": {
                            "spotify": "https://open.spotify.com/artist/1vyhD5VmyZ7KMfW5gqLgo5"
                        },
                        "href": "https://api.spotify.com/v1/artists/1vyhD5VmyZ7KMfW5gqLgo5",
                        "id": "1vyhD5VmyZ7KMfW5gqLgo5",
                        "name": "J Balvin",
                        "type": "artist",
                        "uri": "spotify:artist:1vyhD5VmyZ7KMfW5gqLgo5"
                    }
                ],
                "external_urls": {
                    "spotify": "https://open.spotify.com/album/49Et8wid3L8iKof9lu78SS"
                },
                "href": "https://api.spotify.com/v1/albums/49Et8wid3L8iKof9lu78SS",
                "id": "49Et8wid3L8iKof9lu78SS",
                "images": [
                    {
                        "height": 640,
                        "url": "https://i.scdn.co/image/ab67616d0000b273ea755cf5e2a1513e9b2c497d",
                        "width": 640
                    },
                    {
                        "height": 300,
                        "url": "https://i.scdn.co/image/ab67616d00001e02ea755cf5e2a1513e9b2c497d",
                        "width": 300
                    },
                    {
                        "height": 64,
                        "url": "https://i.scdn.co/image/ab67616d00004851ea755cf5e2a1513e9b2c497d",
                        "width": 64
                    }
                ],
                "is_playable": true,
                "name": "Tu Veneno",
                "release_date": "2021-03-19",
                "release_date_precision": "day",
                "total_tracks": 1,
                "type": "album",
                "uri": "spotify:album:49Et8wid3L8iKof9lu78SS"
            },
            {
                "album_type": "single",
                "artists": [
                    {
                        "external_urls": {
                            "spotify": "https://open.spotify.com/artist/77ziqFxp5gaInVrF2lj4ht"
                        },
                        "href": "https://api.spotify.com/v1/artists/77ziqFxp5gaInVrF2lj4ht",
                        "id": "77ziqFxp5gaInVrF2lj4ht",
                        "name": "Sech",
                        "type": "artist",
                        "uri": "spotify:artist:77ziqFxp5gaInVrF2lj4ht"
                    },
                    {
                        "external_urls": {
                            "spotify": "https://open.spotify.com/artist/4SsVbpTthjScTS7U2hmr1X"
                        },
                        "href": "https://api.spotify.com/v1/artists/4SsVbpTthjScTS7U2hmr1X",
                        "id": "4SsVbpTthjScTS7U2hmr1X",
                        "name": "Arcángel",
                        "type": "artist",
                        "uri": "spotify:artist:4SsVbpTthjScTS7U2hmr1X"
                    }
                ],
                "external_urls": {
                    "spotify": "https://open.spotify.com/album/7fFVkxqYbtA4xO4BSFs8vt"
                },
                "href": "https://api.spotify.com/v1/albums/7fFVkxqYbtA4xO4BSFs8vt",
                "id": "7fFVkxqYbtA4xO4BSFs8vt",
                "images": [
                    {
                        "height": 640,
                        "url": "https://i.scdn.co/image/ab67616d0000b2739a1b9a69bf0a6e0ee6095188",
                        "width": 640
                    },
                    {
                        "height": 300,
                        "url": "https://i.scdn.co/image/ab67616d00001e029a1b9a69bf0a6e0ee6095188",
                        "width": 300
                    },
                    {
                        "height": 64,
                        "url": "https://i.scdn.co/image/ab67616d000048519a1b9a69bf0a6e0ee6095188",
                        "width": 64
                    }
                ],
                "is_playable": true,
                "name": "Te Acuerdas",
                "release_date": "2021-03-19",
                "release_date_precision": "day",
                "total_tracks": 1,
                "type": "album",
                "uri": "spotify:album:7fFVkxqYbtA4xO4BSFs8vt"
            },
            {
                "album_type": "single",
                "artists": [
                    {
                        "external_urls": {
                            "spotify": "https://open.spotify.com/artist/7iK8PXO48WeuP03g8YR51W"
                        },
                        "href": "https://api.spotify.com/v1/artists/7iK8PXO48WeuP03g8YR51W",
                        "id": "7iK8PXO48WeuP03g8YR51W",
                        "name": "Myke Towers",
                        "type": "artist",
                        "uri": "spotify:artist:7iK8PXO48WeuP03g8YR51W"
                    }
                ],
                "external_urls": {
                    "spotify": "https://open.spotify.com/album/4HKm0BAbVpTdwb1dru6uem"
                },
                "href": "https://api.spotify.com/v1/albums/4HKm0BAbVpTdwb1dru6uem",
                "id": "4HKm0BAbVpTdwb1dru6uem",
                "images": [
                    {
                        "height": 640,
                        "url": "https://i.scdn.co/image/ab67616d0000b27386686732ed5779f3c4284305",
                        "width": 640
                    },
                    {
                        "height": 300,
                        "url": "https://i.scdn.co/image/ab67616d00001e0286686732ed5779f3c4284305",
                        "width": 300
                    },
                    {
                        "height": 64,
                        "url": "https://i.scdn.co/image/ab67616d0000485186686732ed5779f3c4284305",
                        "width": 64
                    }
                ],
                "is_playable": true,
                "name": "CUENTA",
                "release_date": "2021-03-18",
                "release_date_precision": "day",
                "total_tracks": 1,
                "type": "album",
                "uri": "spotify:album:4HKm0BAbVpTdwb1dru6uem"
            },
            {
                "album_type": "single",
                "artists": [
                    {
                        "external_urls": {
                            "spotify": "https://open.spotify.com/artist/2DspEsT7UXGKd2VaaedgG4"
                        },
                        "href": "https://api.spotify.com/v1/artists/2DspEsT7UXGKd2VaaedgG4",
                        "id": "2DspEsT7UXGKd2VaaedgG4",
                        "name": "Alex Rose",
                        "type": "artist",
                        "uri": "spotify:artist:2DspEsT7UXGKd2VaaedgG4"
                    },
                    {
                        "external_urls": {
                            "spotify": "https://open.spotify.com/artist/1mcTU81TzQhprhouKaTkpq"
                        },
                        "href": "https://api.spotify.com/v1/artists/1mcTU81TzQhprhouKaTkpq",
                        "id": "1mcTU81TzQhprhouKaTkpq",
                        "name": "Rauw Alejandro",
                        "type": "artist",
                        "uri": "spotify:artist:1mcTU81TzQhprhouKaTkpq"
                    }
                ],
                "external_urls": {
                    "spotify": "https://open.spotify.com/album/14FrKuNUxsU8eEooOVW1DC"
                },
                "href": "https://api.spotify.com/v1/albums/14FrKuNUxsU8eEooOVW1DC",
                "id": "14FrKuNUxsU8eEooOVW1DC",
                "images": [
                    {
                        "height": 640,
                        "url": "https://i.scdn.co/image/ab67616d0000b273e23ad9c429d01af9ec9a849f",
                        "width": 640
                    },
                    {
                        "height": 300,
                        "url": "https://i.scdn.co/image/ab67616d00001e02e23ad9c429d01af9ec9a849f",
                        "width": 300
                    },
                    {
                        "height": 64,
                        "url": "https://i.scdn.co/image/ab67616d00004851e23ad9c429d01af9ec9a849f",
                        "width": 64
                    }
                ],
                "is_playable": true,
                "name": "Me Fije",
                "release_date": "2021-03-18",
                "release_date_precision": "day",
                "total_tracks": 1,
                "type": "album",
                "uri": "spotify:album:14FrKuNUxsU8eEooOVW1DC"
            },
            {
                "album_type": "album",
                "artists": [
                    {
                        "external_urls": {
                            "spotify": "https://open.spotify.com/artist/4bw2Am3p9ji3mYsXNXtQcd"
                        },
                        "href": "https://api.spotify.com/v1/artists/4bw2Am3p9ji3mYsXNXtQcd",
                        "id": "4bw2Am3p9ji3mYsXNXtQcd",
                        "name": "Piso 21",
                        "type": "artist",
                        "uri": "spotify:artist:4bw2Am3p9ji3mYsXNXtQcd"
                    }
                ],
                "external_urls": {
                    "spotify": "https://open.spotify.com/album/4ARUAVQnIDB02yVO8uvaJE"
                },
                "href": "https://api.spotify.com/v1/albums/4ARUAVQnIDB02yVO8uvaJE",
                "id": "4ARUAVQnIDB02yVO8uvaJE",
                "images": [
                    {
                        "height": 640,
                        "url": "https://i.scdn.co/image/ab67616d0000b2739a74860d7918c8e38c5220cf",
                        "width": 640
                    },
                    {
                        "height": 300,
                        "url": "https://i.scdn.co/image/ab67616d00001e029a74860d7918c8e38c5220cf",
                        "width": 300
                    },
                    {
                        "height": 64,
                        "url": "https://i.scdn.co/image/ab67616d000048519a74860d7918c8e38c5220cf",
                        "width": 64
                    }
                ],
                "is_playable": true,
                "name": "El Amor En Los Tiempos Del Perreo",
                "release_date": "2021-03-18",
                "release_date_precision": "day",
                "total_tracks": 15,
                "type": "album",
                "uri": "spotify:album:4ARUAVQnIDB02yVO8uvaJE"
            },
            {
                "album_type": "album",
                "artists": [
                    {
                        "external_urls": {
                            "spotify": "https://open.spotify.com/artist/5bSfBBCxY8QAk4Pifveisz"
                        },
                        "href": "https://api.spotify.com/v1/artists/5bSfBBCxY8QAk4Pifveisz",
                        "id": "5bSfBBCxY8QAk4Pifveisz",
                        "name": "La Arrolladora Banda El Limón De Rene Camacho",
                        "type": "artist",
                        "uri": "spotify:artist:5bSfBBCxY8QAk4Pifveisz"
                    }
                ],
                "external_urls": {
                    "spotify": "https://open.spotify.com/album/2aN7waichOQyWVoEECWerE"
                },
                "href": "https://api.spotify.com/v1/albums/2aN7waichOQyWVoEECWerE",
                "id": "2aN7waichOQyWVoEECWerE",
                "images": [
                    {
                        "height": 640,
                        "url": "https://i.scdn.co/image/ab67616d0000b27371fbee42c31f9a1b7c39acbb",
                        "width": 640
                    },
                    {
                        "height": 300,
                        "url": "https://i.scdn.co/image/ab67616d00001e0271fbee42c31f9a1b7c39acbb",
                        "width": 300
                    },
                    {
                        "height": 64,
                        "url": "https://i.scdn.co/image/ab67616d0000485171fbee42c31f9a1b7c39acbb",
                        "width": 64
                    }
                ],
                "is_playable": true,
                "name": "En Contra De Mi Voluntad",
                "release_date": "2021-03-19",
                "release_date_precision": "day",
                "total_tracks": 14,
                "type": "album",
                "uri": "spotify:album:2aN7waichOQyWVoEECWerE"
            },
            {
                "album_type": "single",
                "artists": [
                    {
                        "external_urls": {
                            "spotify": "https://open.spotify.com/artist/1bAftSH8umNcGZ0uyV7LMg"
                        },
                        "href": "https://api.spotify.com/v1/artists/1bAftSH8umNcGZ0uyV7LMg",
                        "id": "1bAftSH8umNcGZ0uyV7LMg",
                        "name": "Duki",
                        "type": "artist",
                        "uri": "spotify:artist:1bAftSH8umNcGZ0uyV7LMg"
                    }
                ],
                "external_urls": {
                    "spotify": "https://open.spotify.com/album/05XZWDj3tPhgwD3zQw43X7"
                },
                "href": "https://api.spotify.com/v1/albums/05XZWDj3tPhgwD3zQw43X7",
                "id": "05XZWDj3tPhgwD3zQw43X7",
                "images": [
                    {
                        "height": 640,
                        "url": "https://i.scdn.co/image/ab67616d0000b273ed5d83921bacacb3571acb26",
                        "width": 640
                    },
                    {
                        "height": 300,
                        "url": "https://i.scdn.co/image/ab67616d00001e02ed5d83921bacacb3571acb26",
                        "width": 300
                    },
                    {
                        "height": 64,
                        "url": "https://i.scdn.co/image/ab67616d00004851ed5d83921bacacb3571acb26",
                        "width": 64
                    }
                ],
                "is_playable": true,
                "name": "Chico Estrella",
                "release_date": "2021-03-15",
                "release_date_precision": "day",
                "total_tracks": 1,
                "type": "album",
                "uri": "spotify:album:05XZWDj3tPhgwD3zQw43X7"
            },
            {
                "album_type": "album",
                "artists": [
                    {
                        "external_urls": {
                            "spotify": "https://open.spotify.com/artist/4F4pp8NUW08JuXwnoxglpN"
                        },
                        "href": "https://api.spotify.com/v1/artists/4F4pp8NUW08JuXwnoxglpN",
                        "id": "4F4pp8NUW08JuXwnoxglpN",
                        "name": "Bad Gyal",
                        "type": "artist",
                        "uri": "spotify:artist:4F4pp8NUW08JuXwnoxglpN"
                    }
                ],
                "external_urls": {
                    "spotify": "https://open.spotify.com/album/7IJ4Cok2sQKI7JgpPyDIWr"
                },
                "href": "https://api.spotify.com/v1/albums/7IJ4Cok2sQKI7JgpPyDIWr",
                "id": "7IJ4Cok2sQKI7JgpPyDIWr",
                "images": [
                    {
                        "height": 640,
                        "url": "https://i.scdn.co/image/ab67616d0000b2737a0b5c826689bee750c3605f",
                        "width": 640
                    },
                    {
                        "height": 300,
                        "url": "https://i.scdn.co/image/ab67616d00001e027a0b5c826689bee750c3605f",
                        "width": 300
                    },
                    {
                        "height": 64,
                        "url": "https://i.scdn.co/image/ab67616d000048517a0b5c826689bee750c3605f",
                        "width": 64
                    }
                ],
                "is_playable": true,
                "name": "Warm Up",
                "release_date": "2021-03-18",
                "release_date_precision": "day",
                "total_tracks": 8,
                "type": "album",
                "uri": "spotify:album:7IJ4Cok2sQKI7JgpPyDIWr"
            },
            {
                "album_type": "album",
                "artists": [
                    {
                        "external_urls": {
                            "spotify": "https://open.spotify.com/artist/7rOlQwf8OuFLFQp4aydjBt"
                        },
                        "href": "https://api.spotify.com/v1/artists/7rOlQwf8OuFLFQp4aydjBt",
                        "id": "7rOlQwf8OuFLFQp4aydjBt",
                        "name": "Paloma Mami",
                        "type": "artist",
                        "uri": "spotify:artist:7rOlQwf8OuFLFQp4aydjBt"
                    }
                ],
                "external_urls": {
                    "spotify": "https://open.spotify.com/album/4jfOmy33i7nM0gW5zPslJK"
                },
                "href": "https://api.spotify.com/v1/albums/4jfOmy33i7nM0gW5zPslJK",
                "id": "4jfOmy33i7nM0gW5zPslJK",
                "images": [
                    {
                        "height": 640,
                        "url": "https://i.scdn.co/image/ab67616d0000b273b7b03075a7d337cfac90baf8",
                        "width": 640
                    },
                    {
                        "height": 300,
                        "url": "https://i.scdn.co/image/ab67616d00001e02b7b03075a7d337cfac90baf8",
                        "width": 300
                    },
                    {
                        "height": 64,
                        "url": "https://i.scdn.co/image/ab67616d00004851b7b03075a7d337cfac90baf8",
                        "width": 64
                    }
                ],
                "is_playable": true,
                "name": "Sueños de Dalí",
                "release_date": "2021-03-18",
                "release_date_precision": "day",
                "total_tracks": 11,
                "type": "album",
                "uri": "spotify:album:4jfOmy33i7nM0gW5zPslJK"
            },
            {
                "album_type": "single",
                "artists": [
                    {
                        "external_urls": {
                            "spotify": "https://open.spotify.com/artist/7q9P9jadKe86eEavevbEvK"
                        },
                        "href": "https://api.spotify.com/v1/artists/7q9P9jadKe86eEavevbEvK",
                        "id": "7q9P9jadKe86eEavevbEvK",
                        "name": "Gianluca",
                        "type": "artist",
                        "uri": "spotify:artist:7q9P9jadKe86eEavevbEvK"
                    },
                    {
                        "external_urls": {
                            "spotify": "https://open.spotify.com/artist/0NnUMWDCDi1snuMja6IdxH"
                        },
                        "href": "https://api.spotify.com/v1/artists/0NnUMWDCDi1snuMja6IdxH",
                        "id": "0NnUMWDCDi1snuMja6IdxH",
                        "name": "Harry Nach",
                        "type": "artist",
                        "uri": "spotify:artist:0NnUMWDCDi1snuMja6IdxH"
                    }
                ],
                "external_urls": {
                    "spotify": "https://open.spotify.com/album/3MiJv4EixolUevdX2QeHGw"
                },
                "href": "https://api.spotify.com/v1/albums/3MiJv4EixolUevdX2QeHGw",
                "id": "3MiJv4EixolUevdX2QeHGw",
                "images": [
                    {
                        "height": 640,
                        "url": "https://i.scdn.co/image/ab67616d0000b273430c1e13234b320049991d71",
                        "width": 640
                    },
                    {
                        "height": 300,
                        "url": "https://i.scdn.co/image/ab67616d00001e02430c1e13234b320049991d71",
                        "width": 300
                    },
                    {
                        "height": 64,
                        "url": "https://i.scdn.co/image/ab67616d00004851430c1e13234b320049991d71",
                        "width": 64
                    }
                ],
                "is_playable": true,
                "name": "triste y vacía",
                "release_date": "2021-03-19",
                "release_date_precision": "day",
                "total_tracks": 1,
                "type": "album",
                "uri": "spotify:album:3MiJv4EixolUevdX2QeHGw"
            },
            {
                "album_type": "single",
                "artists": [
                    {
                        "external_urls": {
                            "spotify": "https://open.spotify.com/artist/7K9rdoOJSiKXoVXPlSkGKT"
                        },
                        "href": "https://api.spotify.com/v1/artists/7K9rdoOJSiKXoVXPlSkGKT",
                        "id": "7K9rdoOJSiKXoVXPlSkGKT",
                        "name": "Paty Cantú",
                        "type": "artist",
                        "uri": "spotify:artist:7K9rdoOJSiKXoVXPlSkGKT"
                    },
                    {
                        "external_urls": {
                            "spotify": "https://open.spotify.com/artist/1DxLCyH42yaHKGK3cl5bvG"
                        },
                        "href": "https://api.spotify.com/v1/artists/1DxLCyH42yaHKGK3cl5bvG",
                        "id": "1DxLCyH42yaHKGK3cl5bvG",
                        "name": "Maria Becerra",
                        "type": "artist",
                        "uri": "spotify:artist:1DxLCyH42yaHKGK3cl5bvG"
                    }
                ],
                "external_urls": {
                    "spotify": "https://open.spotify.com/album/3nW0X7PWKLo6pK69T28trN"
                },
                "href": "https://api.spotify.com/v1/albums/3nW0X7PWKLo6pK69T28trN",
                "id": "3nW0X7PWKLo6pK69T28trN",
                "images": [
                    {
                        "height": 640,
                        "url": "https://i.scdn.co/image/ab67616d0000b2731ce0af82a3dc7f574034c5bb",
                        "width": 640
                    },
                    {
                        "height": 300,
                        "url": "https://i.scdn.co/image/ab67616d00001e021ce0af82a3dc7f574034c5bb",
                        "width": 300
                    },
                    {
                        "height": 64,
                        "url": "https://i.scdn.co/image/ab67616d000048511ce0af82a3dc7f574034c5bb",
                        "width": 64
                    }
                ],
                "is_playable": true,
                "name": "Si Yo Fuera Tú",
                "release_date": "2021-03-19",
                "release_date_precision": "day",
                "total_tracks": 1,
                "type": "album",
                "uri": "spotify:album:3nW0X7PWKLo6pK69T28trN"
            },
            {
                "album_type": "single",
                "artists": [
                    {
                        "external_urls": {
                            "spotify": "https://open.spotify.com/artist/6Itjwvv5YmsC8ZcI5N4Jux"
                        },
                        "href": "https://api.spotify.com/v1/artists/6Itjwvv5YmsC8ZcI5N4Jux",
                        "id": "6Itjwvv5YmsC8ZcI5N4Jux",
                        "name": "Sael",
                        "type": "artist",
                        "uri": "spotify:artist:6Itjwvv5YmsC8ZcI5N4Jux"
                    },
                    {
                        "external_urls": {
                            "spotify": "https://open.spotify.com/artist/1GKIlPFdcewHtpDVCQ8zmJ"
                        },
                        "href": "https://api.spotify.com/v1/artists/1GKIlPFdcewHtpDVCQ8zmJ",
                        "id": "1GKIlPFdcewHtpDVCQ8zmJ",
                        "name": "Brray",
                        "type": "artist",
                        "uri": "spotify:artist:1GKIlPFdcewHtpDVCQ8zmJ"
                    },
                    {
                        "external_urls": {
                            "spotify": "https://open.spotify.com/artist/2QUvtLq6oQaX0LNsYY2fas"
                        },
                        "href": "https://api.spotify.com/v1/artists/2QUvtLq6oQaX0LNsYY2fas",
                        "id": "2QUvtLq6oQaX0LNsYY2fas",
                        "name": "Cauty",
                        "type": "artist",
                        "uri": "spotify:artist:2QUvtLq6oQaX0LNsYY2fas"
                    }
                ],
                "external_urls": {
                    "spotify": "https://open.spotify.com/album/4V2THb8uH6o2Qy70fBbDhq"
                },
                "href": "https://api.spotify.com/v1/albums/4V2THb8uH6o2Qy70fBbDhq",
                "id": "4V2THb8uH6o2Qy70fBbDhq",
                "images": [
                    {
                        "height": 640,
                        "url": "https://i.scdn.co/image/ab67616d0000b27337d11f38888ad8ea1d931c01",
                        "width": 640
                    },
                    {
                        "height": 300,
                        "url": "https://i.scdn.co/image/ab67616d00001e0237d11f38888ad8ea1d931c01",
                        "width": 300
                    },
                    {
                        "height": 64,
                        "url": "https://i.scdn.co/image/ab67616d0000485137d11f38888ad8ea1d931c01",
                        "width": 64
                    }
                ],
                "is_playable": true,
                "name": "Sin Mente",
                "release_date": "2021-03-16",
                "release_date_precision": "day",
                "total_tracks": 1,
                "type": "album",
                "uri": "spotify:album:4V2THb8uH6o2Qy70fBbDhq"
            },
            {
                "album_type": "single",
                "artists": [
                    {
                        "external_urls": {
                            "spotify": "https://open.spotify.com/artist/2LaHOt5YZlFAhZ22KDI5fS"
                        },
                        "href": "https://api.spotify.com/v1/artists/2LaHOt5YZlFAhZ22KDI5fS",
                        "id": "2LaHOt5YZlFAhZ22KDI5fS",
                        "name": "Ben Carrillo",
                        "type": "artist",
                        "uri": "spotify:artist:2LaHOt5YZlFAhZ22KDI5fS"
                    }
                ],
                "external_urls": {
                    "spotify": "https://open.spotify.com/album/3933M7LLB4vQZvIUdQYDxF"
                },
                "href": "https://api.spotify.com/v1/albums/3933M7LLB4vQZvIUdQYDxF",
                "id": "3933M7LLB4vQZvIUdQYDxF",
                "images": [
                    {
                        "height": 640,
                        "url": "https://i.scdn.co/image/ab67616d0000b27339a11a3f3d930aaee99691b9",
                        "width": 640
                    },
                    {
                        "height": 300,
                        "url": "https://i.scdn.co/image/ab67616d00001e0239a11a3f3d930aaee99691b9",
                        "width": 300
                    },
                    {
                        "height": 64,
                        "url": "https://i.scdn.co/image/ab67616d0000485139a11a3f3d930aaee99691b9",
                        "width": 64
                    }
                ],
                "is_playable": true,
                "name": "Crecimiento, Demos",
                "release_date": "2021-03-18",
                "release_date_precision": "day",
                "total_tracks": 6,
                "type": "album",
                "uri": "spotify:album:3933M7LLB4vQZvIUdQYDxF"
            },
            {
                "album_type": "single",
                "artists": [
                    {
                        "external_urls": {
                            "spotify": "https://open.spotify.com/artist/0C8ZW7ezQVs4URX5aX7Kqx"
                        },
                        "href": "https://api.spotify.com/v1/artists/0C8ZW7ezQVs4URX5aX7Kqx",
                        "id": "0C8ZW7ezQVs4URX5aX7Kqx",
                        "name": "Selena Gomez",
                        "type": "artist",
                        "uri": "spotify:artist:0C8ZW7ezQVs4URX5aX7Kqx"
                    }
                ],
                "external_urls": {
                    "spotify": "https://open.spotify.com/album/2jGa3OwXatFYQAIS7OV7k9"
                },
                "href": "https://api.spotify.com/v1/albums/2jGa3OwXatFYQAIS7OV7k9",
                "id": "2jGa3OwXatFYQAIS7OV7k9",
                "images": [
                    {
                        "height": 640,
                        "url": "https://i.scdn.co/image/ab67616d0000b2738b11b0be988e17da2799b94d",
                        "width": 640
                    },
                    {
                        "height": 300,
                        "url": "https://i.scdn.co/image/ab67616d00001e028b11b0be988e17da2799b94d",
                        "width": 300
                    },
                    {
                        "height": 64,
                        "url": "https://i.scdn.co/image/ab67616d000048518b11b0be988e17da2799b94d",
                        "width": 64
                    }
                ],
                "is_playable": true,
                "name": "Revelación - EP",
                "release_date": "2021-03-12",
                "release_date_precision": "day",
                "total_tracks": 7,
                "type": "album",
                "uri": "spotify:album:2jGa3OwXatFYQAIS7OV7k9"
            },
            {
                "album_type": "single",
                "artists": [
                    {
                        "external_urls": {
                            "spotify": "https://open.spotify.com/artist/5hdhHgpxyniooUiQVaPxQ0"
                        },
                        "href": "https://api.spotify.com/v1/artists/5hdhHgpxyniooUiQVaPxQ0",
                        "id": "5hdhHgpxyniooUiQVaPxQ0",
                        "name": "Nio Garcia",
                        "type": "artist",
                        "uri": "spotify:artist:5hdhHgpxyniooUiQVaPxQ0"
                    },
                    {
                        "external_urls": {
                            "spotify": "https://open.spotify.com/artist/1fux65HMCBvfJHqlBc4Nno"
                        },
                        "href": "https://api.spotify.com/v1/artists/1fux65HMCBvfJHqlBc4Nno",
                        "id": "1fux65HMCBvfJHqlBc4Nno",
                        "name": "Casper Magico",
                        "type": "artist",
                        "uri": "spotify:artist:1fux65HMCBvfJHqlBc4Nno"
                    },
                    {
                        "external_urls": {
                            "spotify": "https://open.spotify.com/artist/1i8SpTcr7yvPOmcqrbnVXY"
                        },
                        "href": "https://api.spotify.com/v1/artists/1i8SpTcr7yvPOmcqrbnVXY",
                        "id": "1i8SpTcr7yvPOmcqrbnVXY",
                        "name": "Ozuna",
                        "type": "artist",
                        "uri": "spotify:artist:1i8SpTcr7yvPOmcqrbnVXY"
                    }
                ],
                "external_urls": {
                    "spotify": "https://open.spotify.com/album/1rQpXDegLbNBpe0fshpeKa"
                },
                "href": "https://api.spotify.com/v1/albums/1rQpXDegLbNBpe0fshpeKa",
                "id": "1rQpXDegLbNBpe0fshpeKa",
                "images": [
                    {
                        "height": 640,
                        "url": "https://i.scdn.co/image/ab67616d0000b273cc8f0a311223df53274d69a2",
                        "width": 640
                    },
                    {
                        "height": 300,
                        "url": "https://i.scdn.co/image/ab67616d00001e02cc8f0a311223df53274d69a2",
                        "width": 300
                    },
                    {
                        "height": 64,
                        "url": "https://i.scdn.co/image/ab67616d00004851cc8f0a311223df53274d69a2",
                        "width": 64
                    }
                ],
                "is_playable": true,
                "name": "Travesuras (Remix)",
                "release_date": "2021-03-11",
                "release_date_precision": "day",
                "total_tracks": 1,
                "type": "album",
                "uri": "spotify:album:1rQpXDegLbNBpe0fshpeKa"
            },
            {
                "album_type": "single",
                "artists": [
                    {
                        "external_urls": {
                            "spotify": "https://open.spotify.com/artist/6nVcHLIgY5pE2YCl8ubca1"
                        },
                        "href": "https://api.spotify.com/v1/artists/6nVcHLIgY5pE2YCl8ubca1",
                        "id": "6nVcHLIgY5pE2YCl8ubca1",
                        "name": "Jhayco",
                        "type": "artist",
                        "uri": "spotify:artist:6nVcHLIgY5pE2YCl8ubca1"
                    }
                ],
                "external_urls": {
                    "spotify": "https://open.spotify.com/album/4qLn9tjRhGQLjImUMTjOMz"
                },
                "href": "https://api.spotify.com/v1/albums/4qLn9tjRhGQLjImUMTjOMz",
                "id": "4qLn9tjRhGQLjImUMTjOMz",
                "images": [
                    {
                        "height": 640,
                        "url": "https://i.scdn.co/image/ab67616d0000b273571a44d8528ceb110ed3b16e",
                        "width": 640
                    },
                    {
                        "height": 300,
                        "url": "https://i.scdn.co/image/ab67616d00001e02571a44d8528ceb110ed3b16e",
                        "width": 300
                    },
                    {
                        "height": 64,
                        "url": "https://i.scdn.co/image/ab67616d00004851571a44d8528ceb110ed3b16e",
                        "width": 64
                    }
                ],
                "is_playable": true,
                "name": "Christian Dior",
                "release_date": "2021-03-12",
                "release_date_precision": "day",
                "total_tracks": 1,
                "type": "album",
                "uri": "spotify:album:4qLn9tjRhGQLjImUMTjOMz"
            },
            {
                "album_type": "single",
                "artists": [
                    {
                        "external_urls": {
                            "spotify": "https://open.spotify.com/artist/1mcTU81TzQhprhouKaTkpq"
                        },
                        "href": "https://api.spotify.com/v1/artists/1mcTU81TzQhprhouKaTkpq",
                        "id": "1mcTU81TzQhprhouKaTkpq",
                        "name": "Rauw Alejandro",
                        "type": "artist",
                        "uri": "spotify:artist:1mcTU81TzQhprhouKaTkpq"
                    },
                    {
                        "external_urls": {
                            "spotify": "https://open.spotify.com/artist/6cEuCEZu7PAE9ZSzLLc2oQ"
                        },
                        "href": "https://api.spotify.com/v1/artists/6cEuCEZu7PAE9ZSzLLc2oQ",
                        "id": "6cEuCEZu7PAE9ZSzLLc2oQ",
                        "name": "R3HAB",
                        "type": "artist",
                        "uri": "spotify:artist:6cEuCEZu7PAE9ZSzLLc2oQ"
                    }
                ],
                "external_urls": {
                    "spotify": "https://open.spotify.com/album/1UC5jCthGQNO7vgtdLau7R"
                },
                "href": "https://api.spotify.com/v1/albums/1UC5jCthGQNO7vgtdLau7R",
                "id": "1UC5jCthGQNO7vgtdLau7R",
                "images": [
                    {
                        "height": 640,
                        "url": "https://i.scdn.co/image/ab67616d0000b2735dcf58bcd799d5a144ab80e9",
                        "width": 640
                    },
                    {
                        "height": 300,
                        "url": "https://i.scdn.co/image/ab67616d00001e025dcf58bcd799d5a144ab80e9",
                        "width": 300
                    },
                    {
                        "height": 64,
                        "url": "https://i.scdn.co/image/ab67616d000048515dcf58bcd799d5a144ab80e9",
                        "width": 64
                    }
                ],
                "is_playable": true,
                "name": "Algo Mágico (R3HAB Remix)",
                "release_date": "2021-03-11",
                "release_date_precision": "day",
                "total_tracks": 1,
                "type": "album",
                "uri": "spotify:album:1UC5jCthGQNO7vgtdLau7R"
            },
            {
                "album_type": "single",
                "artists": [
                    {
                        "external_urls": {
                            "spotify": "https://open.spotify.com/artist/0TnOYISbd1XYRBk9myaseg"
                        },
                        "href": "https://api.spotify.com/v1/artists/0TnOYISbd1XYRBk9myaseg",
                        "id": "0TnOYISbd1XYRBk9myaseg",
                        "name": "Pitbull",
                        "type": "artist",
                        "uri": "spotify:artist:0TnOYISbd1XYRBk9myaseg"
                    },
                    {
                        "external_urls": {
                            "spotify": "https://open.spotify.com/artist/329e4yvIujISKGKz1BZZbO"
                        },
                        "href": "https://api.spotify.com/v1/artists/329e4yvIujISKGKz1BZZbO",
                        "id": "329e4yvIujISKGKz1BZZbO",
                        "name": "Farruko",
                        "type": "artist",
                        "uri": "spotify:artist:329e4yvIujISKGKz1BZZbO"
                    },
                    {
                        "external_urls": {
                            "spotify": "https://open.spotify.com/artist/0b2GL7Y02vu50qieoQmw1w"
                        },
                        "href": "https://api.spotify.com/v1/artists/0b2GL7Y02vu50qieoQmw1w",
                        "id": "0b2GL7Y02vu50qieoQmw1w",
                        "name": "IAmChino",
                        "type": "artist",
                        "uri": "spotify:artist:0b2GL7Y02vu50qieoQmw1w"
                    }
                ],
                "external_urls": {
                    "spotify": "https://open.spotify.com/album/23JpPGYxFaXVcuZABPm7JI"
                },
                "href": "https://api.spotify.com/v1/albums/23JpPGYxFaXVcuZABPm7JI",
                "id": "23JpPGYxFaXVcuZABPm7JI",
                "images": [
                    {
                        "height": 640,
                        "url": "https://i.scdn.co/image/ab67616d0000b2736e6f2f742ef88e94edef99e4",
                        "width": 640
                    },
                    {
                        "height": 300,
                        "url": "https://i.scdn.co/image/ab67616d00001e026e6f2f742ef88e94edef99e4",
                        "width": 300
                    },
                    {
                        "height": 64,
                        "url": "https://i.scdn.co/image/ab67616d000048516e6f2f742ef88e94edef99e4",
                        "width": 64
                    }
                ],
                "is_playable": true,
                "name": "Ten Cuidado",
                "release_date": "2021-03-12",
                "release_date_precision": "day",
                "total_tracks": 1,
                "type": "album",
                "uri": "spotify:album:23JpPGYxFaXVcuZABPm7JI"
            }
        ],
        "limit": 20,
        "next": "https://api.spotify.com/v1/browse/new-releases?country=SV&offset=20&limit=20",
        "offset": 0,
        "previous": null,
        "total": 100
    }
}
]]></system-out>
  </testcase>
  <testcase name="getMultipleAlbumsTest" classname="api.tests.album.postivetests.PositiveGetAlbumTests" time="0.312">
    <system-out><![CDATA[BQDRmWdRoByFWF32TWWGQVZNyKGHhYpW7tDN1KYb3wc6zVZHof0OU3VBATSRnTSK56p6rmnmcRxX9mCV6Eod1sbOwCDRlpVoKpZFuBVhfssBBuhvb6E
{
    "albums": [
        {
            "album_type": "album",
            "artists": [
                {
                    "external_urls": {
                        "spotify": "https://open.spotify.com/artist/0DCw6lHkzh9t7f8Hb4Z0Sx"
                    },
                    "href": "https://api.spotify.com/v1/artists/0DCw6lHkzh9t7f8Hb4Z0Sx",
                    "id": "0DCw6lHkzh9t7f8Hb4Z0Sx",
                    "name": "Arch Enemy",
                    "type": "artist",
                    "uri": "spotify:artist:0DCw6lHkzh9t7f8Hb4Z0Sx"
                }
            ],
            "copyrights": [
                {
                    "text": "(P) 2017 Savage Messiah Music. Licensed exclusively in the Territory to Century Media Records Ltd.",
                    "type": "P"
                }
            ],
            "external_ids": {
                "upc": "886446557434"
            },
            "external_urls": {
                "spotify": "https://open.spotify.com/album/1HimPrGurKic1hNOSidwF2"
            },
            "genres": [
                
            ],
            "href": "https://api.spotify.com/v1/albums/1HimPrGurKic1hNOSidwF2",
            "id": "1HimPrGurKic1hNOSidwF2",
            "images": [
                {
                    "height": 640,
                    "url": "https://i.scdn.co/image/ab67616d0000b273f22accdfcf008be55b063aae",
                    "width": 640
                },
                {
                    "height": 300,
                    "url": "https://i.scdn.co/image/ab67616d00001e02f22accdfcf008be55b063aae",
                    "width": 300
                },
                {
                    "height": 64,
                    "url": "https://i.scdn.co/image/ab67616d00004851f22accdfcf008be55b063aae",
                    "width": 64
                }
            ],
            "is_playable": true,
            "label": "Century Media",
            "name": "Will To Power",
            "popularity": 55,
            "release_date": "2017-09-08",
            "release_date_precision": "day",
            "total_tracks": 13,
            "tracks": {
                "href": "https://api.spotify.com/v1/albums/1HimPrGurKic1hNOSidwF2/tracks?offset=0&limit=50&market=IL",
                "items": [
                    {
                        "artists": [
                            {
                                "external_urls": {
                                    "spotify": "https://open.spotify.com/artist/0DCw6lHkzh9t7f8Hb4Z0Sx"
                                },
                                "href": "https://api.spotify.com/v1/artists/0DCw6lHkzh9t7f8Hb4Z0Sx",
                                "id": "0DCw6lHkzh9t7f8Hb4Z0Sx",
                                "name": "Arch Enemy",
                                "type": "artist",
                                "uri": "spotify:artist:0DCw6lHkzh9t7f8Hb4Z0Sx"
                            }
                        ],
                        "disc_number": 1,
                        "duration_ms": 78413,
                        "explicit": false,
                        "external_urls": {
                            "spotify": "https://open.spotify.com/track/06Fzhn4M28HZx48H9IXA4j"
                        },
                        "href": "https://api.spotify.com/v1/tracks/06Fzhn4M28HZx48H9IXA4j",
                        "id": "06Fzhn4M28HZx48H9IXA4j",
                        "is_local": false,
                        "is_playable": true,
                        "name": "Set Flame to the Night",
                        "preview_url": "https://p.scdn.co/mp3-preview/4055ac73a1faf5cbb03f55f5a712af3656f20557?cid=21df2fd397254479b1ff5d2429c5ba95",
                        "track_number": 1,
                        "type": "track",
                        "uri": "spotify:track:06Fzhn4M28HZx48H9IXA4j"
                    },
                    {
                        "artists": [
                            {
                                "external_urls": {
                                    "spotify": "https://open.spotify.com/artist/0DCw6lHkzh9t7f8Hb4Z0Sx"
                                },
                                "href": "https://api.spotify.com/v1/artists/0DCw6lHkzh9t7f8Hb4Z0Sx",
                                "id": "0DCw6lHkzh9t7f8Hb4Z0Sx",
                                "name": "Arch Enemy",
                                "type": "artist",
                                "uri": "spotify:artist:0DCw6lHkzh9t7f8Hb4Z0Sx"
                            }
                        ],
                        "disc_number": 1,
                        "duration_ms": 195066,
                        "explicit": false,
                        "external_urls": {
                            "spotify": "https://open.spotify.com/track/6tzxM7GwiC5Yci3s08n5B4"
                        },
                        "href": "https://api.spotify.com/v1/tracks/6tzxM7GwiC5Yci3s08n5B4",
                        "id": "6tzxM7GwiC5Yci3s08n5B4",
                        "is_local": false,
                        "is_playable": true,
                        "name": "The Race",
                        "preview_url": "https://p.scdn.co/mp3-preview/c5e5825dc93010b288ff54ed948a65379e5b4693?cid=21df2fd397254479b1ff5d2429c5ba95",
                        "track_number": 2,
                        "type": "track",
                        "uri": "spotify:track:6tzxM7GwiC5Yci3s08n5B4"
                    },
                    {
                        "artists": [
                            {
                                "external_urls": {
                                    "spotify": "https://open.spotify.com/artist/0DCw6lHkzh9t7f8Hb4Z0Sx"
                                },
                                "href": "https://api.spotify.com/v1/artists/0DCw6lHkzh9t7f8Hb4Z0Sx",
                                "id": "0DCw6lHkzh9t7f8Hb4Z0Sx",
                                "name": "Arch Enemy",
                                "type": "artist",
                                "uri": "spotify:artist:0DCw6lHkzh9t7f8Hb4Z0Sx"
                            }
                        ],
                        "disc_number": 1,
                        "duration_ms": 235426,
                        "explicit": false,
                        "external_urls": {
                            "spotify": "https://open.spotify.com/track/12pova27n3uHRQxrPnih9f"
                        },
                        "href": "https://api.spotify.com/v1/tracks/12pova27n3uHRQxrPnih9f",
                        "id": "12pova27n3uHRQxrPnih9f",
                        "is_local": false,
                        "is_playable": true,
                        "name": "Blood in the Water",
                        "preview_url": "https://p.scdn.co/mp3-preview/42fccf28cc431d65a6edac04bf4b1ee9d5bf9ffb?cid=21df2fd397254479b1ff5d2429c5ba95",
                        "track_number": 3,
                        "type": "track",
                        "uri": "spotify:track:12pova27n3uHRQxrPnih9f"
                    },
                    {
                        "artists": [
                            {
                                "external_urls": {
                                    "spotify": "https://open.spotify.com/artist/0DCw6lHkzh9t7f8Hb4Z0Sx"
                                },
                                "href": "https://api.spotify.com/v1/artists/0DCw6lHkzh9t7f8Hb4Z0Sx",
                                "id": "0DCw6lHkzh9t7f8Hb4Z0Sx",
                                "name": "Arch Enemy",
                                "type": "artist",
                                "uri": "spotify:artist:0DCw6lHkzh9t7f8Hb4Z0Sx"
                            }
                        ],
                        "disc_number": 1,
                        "duration_ms": 293466,
                        "explicit": false,
                        "external_urls": {
                            "spotify": "https://open.spotify.com/track/6tGyLydK5lNXz8Aw44wRj8"
                        },
                        "href": "https://api.spotify.com/v1/tracks/6tGyLydK5lNXz8Aw44wRj8",
                        "id": "6tGyLydK5lNXz8Aw44wRj8",
                        "is_local": false,
                        "is_playable": true,
                        "name": "The World Is Yours",
                        "preview_url": "https://p.scdn.co/mp3-preview/24d35e9ee9f6956f2cf59d286b9fae6006e2efec?cid=21df2fd397254479b1ff5d2429c5ba95",
                        "track_number": 4,
                        "type": "track",
                        "uri": "spotify:track:6tGyLydK5lNXz8Aw44wRj8"
                    },
                    {
                        "artists": [
                            {
                                "external_urls": {
                                    "spotify": "https://open.spotify.com/artist/0DCw6lHkzh9t7f8Hb4Z0Sx"
                                },
                                "href": "https://api.spotify.com/v1/artists/0DCw6lHkzh9t7f8Hb4Z0Sx",
                                "id": "0DCw6lHkzh9t7f8Hb4Z0Sx",
                                "name": "Arch Enemy",
                                "type": "artist",
                                "uri": "spotify:artist:0DCw6lHkzh9t7f8Hb4Z0Sx"
                            }
                        ],
                        "disc_number": 1,
                        "duration_ms": 299441,
                        "explicit": false,
                        "external_urls": {
                            "spotify": "https://open.spotify.com/track/7KoWRwwVUgZV5D0zmrr25s"
                        },
                        "href": "https://api.spotify.com/v1/tracks/7KoWRwwVUgZV5D0zmrr25s",
                        "id": "7KoWRwwVUgZV5D0zmrr25s",
                        "is_local": false,
                        "is_playable": true,
                        "name": "The Eagle Flies Alone - edit",
                        "preview_url": "https://p.scdn.co/mp3-preview/903584c46c49b24bb83fd6bc058fe3bb9d9453e9?cid=21df2fd397254479b1ff5d2429c5ba95",
                        "track_number": 5,
                        "type": "track",
                        "uri": "spotify:track:7KoWRwwVUgZV5D0zmrr25s"
                    },
                    {
                        "artists": [
                            {
                                "external_urls": {
                                    "spotify": "https://open.spotify.com/artist/0DCw6lHkzh9t7f8Hb4Z0Sx"
                                },
                                "href": "https://api.spotify.com/v1/artists/0DCw6lHkzh9t7f8Hb4Z0Sx",
                                "id": "0DCw6lHkzh9t7f8Hb4Z0Sx",
                                "name": "Arch Enemy",
                                "type": "artist",
                                "uri": "spotify:artist:0DCw6lHkzh9t7f8Hb4Z0Sx"
                            }
                        ],
                        "disc_number": 1,
                        "duration_ms": 287733,
                        "explicit": false,
                        "external_urls": {
                            "spotify": "https://open.spotify.com/track/02gIPDHCTuKgKEl2VlgPzt"
                        },
                        "href": "https://api.spotify.com/v1/tracks/02gIPDHCTuKgKEl2VlgPzt",
                        "id": "02gIPDHCTuKgKEl2VlgPzt",
                        "is_local": false,
                        "is_playable": true,
                        "name": "Reason to Believe",
                        "preview_url": "https://p.scdn.co/mp3-preview/825e29a12a908f4009fa395f2ae1e2734f80d85b?cid=21df2fd397254479b1ff5d2429c5ba95",
                        "track_number": 6,
                        "type": "track",
                        "uri": "spotify:track:02gIPDHCTuKgKEl2VlgPzt"
                    },
                    {
                        "artists": [
                            {
                                "external_urls": {
                                    "spotify": "https://open.spotify.com/artist/0DCw6lHkzh9t7f8Hb4Z0Sx"
                                },
                                "href": "https://api.spotify.com/v1/artists/0DCw6lHkzh9t7f8Hb4Z0Sx",
                                "id": "0DCw6lHkzh9t7f8Hb4Z0Sx",
                                "name": "Arch Enemy",
                                "type": "artist",
                                "uri": "spotify:artist:0DCw6lHkzh9t7f8Hb4Z0Sx"
                            }
                        ],
                        "disc_number": 1,
                        "duration_ms": 230413,
                        "explicit": false,
                        "external_urls": {
                            "spotify": "https://open.spotify.com/track/25lp8iSlGkhHISSX0EgpAE"
                        },
                        "href": "https://api.spotify.com/v1/tracks/25lp8iSlGkhHISSX0EgpAE",
                        "id": "25lp8iSlGkhHISSX0EgpAE",
                        "is_local": false,
                        "is_playable": true,
                        "name": "Murder Scene",
                        "preview_url": "https://p.scdn.co/mp3-preview/5204b647244b953a17ee9f185438ba1c00b132d9?cid=21df2fd397254479b1ff5d2429c5ba95",
                        "track_number": 7,
                        "type": "track",
                        "uri": "spotify:track:25lp8iSlGkhHISSX0EgpAE"
                    },
                    {
                        "artists": [
                            {
                                "external_urls": {
                                    "spotify": "https://open.spotify.com/artist/0DCw6lHkzh9t7f8Hb4Z0Sx"
                                },
                                "href": "https://api.spotify.com/v1/artists/0DCw6lHkzh9t7f8Hb4Z0Sx",
                                "id": "0DCw6lHkzh9t7f8Hb4Z0Sx",
                                "name": "Arch Enemy",
                                "type": "artist",
                                "uri": "spotify:artist:0DCw6lHkzh9t7f8Hb4Z0Sx"
                            }
                        ],
                        "disc_number": 1,
                        "duration_ms": 288320,
                        "explicit": false,
                        "external_urls": {
                            "spotify": "https://open.spotify.com/track/7uqohNjCnZ8sZd5S2vh5vx"
                        },
                        "href": "https://api.spotify.com/v1/tracks/7uqohNjCnZ8sZd5S2vh5vx",
                        "id": "7uqohNjCnZ8sZd5S2vh5vx",
                        "is_local": false,
                        "is_playable": true,
                        "name": "First Day in Hell",
                        "preview_url": "https://p.scdn.co/mp3-preview/5182ef2a5fafb5888ff5841d84f3e5a206223cb0?cid=21df2fd397254479b1ff5d2429c5ba95",
                        "track_number": 8,
                        "type": "track",
                        "uri": "spotify:track:7uqohNjCnZ8sZd5S2vh5vx"
                    },
                    {
                        "artists": [
                            {
                                "external_urls": {
                                    "spotify": "https://open.spotify.com/artist/0DCw6lHkzh9t7f8Hb4Z0Sx"
                                },
                                "href": "https://api.spotify.com/v1/artists/0DCw6lHkzh9t7f8Hb4Z0Sx",
                                "id": "0DCw6lHkzh9t7f8Hb4Z0Sx",
                                "name": "Arch Enemy",
                                "type": "artist",
                                "uri": "spotify:artist:0DCw6lHkzh9t7f8Hb4Z0Sx"
                            }
                        ],
                        "disc_number": 1,
                        "duration_ms": 69493,
                        "explicit": false,
                        "external_urls": {
                            "spotify": "https://open.spotify.com/track/6gXNdxtSOcErDuXagBUdkz"
                        },
                        "href": "https://api.spotify.com/v1/tracks/6gXNdxtSOcErDuXagBUdkz",
                        "id": "6gXNdxtSOcErDuXagBUdkz",
                        "is_local": false,
                        "is_playable": true,
                        "name": "Saturnine",
                        "preview_url": "https://p.scdn.co/mp3-preview/28a4c80e367cec1f5fc5b9c39fab515179060dea?cid=21df2fd397254479b1ff5d2429c5ba95",
                        "track_number": 9,
                        "type": "track",
                        "uri": "spotify:track:6gXNdxtSOcErDuXagBUdkz"
                    },
                    {
                        "artists": [
                            {
                                "external_urls": {
                                    "spotify": "https://open.spotify.com/artist/0DCw6lHkzh9t7f8Hb4Z0Sx"
                                },
                                "href": "https://api.spotify.com/v1/artists/0DCw6lHkzh9t7f8Hb4Z0Sx",
                                "id": "0DCw6lHkzh9t7f8Hb4Z0Sx",
                                "name": "Arch Enemy",
                                "type": "artist",
                                "uri": "spotify:artist:0DCw6lHkzh9t7f8Hb4Z0Sx"
                            }
                        ],
                        "disc_number": 1,
                        "duration_ms": 400333,
                        "explicit": false,
                        "external_urls": {
                            "spotify": "https://open.spotify.com/track/0uLoPEtITzR7kNgf9jQJ7c"
                        },
                        "href": "https://api.spotify.com/v1/tracks/0uLoPEtITzR7kNgf9jQJ7c",
                        "id": "0uLoPEtITzR7kNgf9jQJ7c",
                        "is_local": false,
                        "is_playable": true,
                        "name": "Dreams of Retribution",
                        "preview_url": "https://p.scdn.co/mp3-preview/935f8d675f2b1d1a2e00f321a89445f9017a7e0b?cid=21df2fd397254479b1ff5d2429c5ba95",
                        "track_number": 10,
                        "type": "track",
                        "uri": "spotify:track:0uLoPEtITzR7kNgf9jQJ7c"
                    },
                    {
                        "artists": [
                            {
                                "external_urls": {
                                    "spotify": "https://open.spotify.com/artist/0DCw6lHkzh9t7f8Hb4Z0Sx"
                                },
                                "href": "https://api.spotify.com/v1/artists/0DCw6lHkzh9t7f8Hb4Z0Sx",
                                "id": "0DCw6lHkzh9t7f8Hb4Z0Sx",
                                "name": "Arch Enemy",
                                "type": "artist",
                                "uri": "spotify:artist:0DCw6lHkzh9t7f8Hb4Z0Sx"
                            }
                        ],
                        "disc_number": 1,
                        "duration_ms": 245506,
                        "explicit": false,
                        "external_urls": {
                            "spotify": "https://open.spotify.com/track/4pXXtUdLs9DSMZJXO2EXXh"
                        },
                        "href": "https://api.spotify.com/v1/tracks/4pXXtUdLs9DSMZJXO2EXXh",
                        "id": "4pXXtUdLs9DSMZJXO2EXXh",
                        "is_local": false,
                        "is_playable": true,
                        "name": "My Shadow and I",
                        "preview_url": "https://p.scdn.co/mp3-preview/2edb45268f9ff6089d1016c5c2faa89af14aa765?cid=21df2fd397254479b1ff5d2429c5ba95",
                        "track_number": 11,
                        "type": "track",
                        "uri": "spotify:track:4pXXtUdLs9DSMZJXO2EXXh"
                    },
                    {
                        "artists": [
                            {
                                "external_urls": {
                                    "spotify": "https://open.spotify.com/artist/0DCw6lHkzh9t7f8Hb4Z0Sx"
                                },
                                "href": "https://api.spotify.com/v1/artists/0DCw6lHkzh9t7f8Hb4Z0Sx",
                                "id": "0DCw6lHkzh9t7f8Hb4Z0Sx",
                                "name": "Arch Enemy",
                                "type": "artist",
                                "uri": "spotify:artist:0DCw6lHkzh9t7f8Hb4Z0Sx"
                            }
                        ],
                        "disc_number": 1,
                        "duration_ms": 395426,
                        "explicit": false,
                        "external_urls": {
                            "spotify": "https://open.spotify.com/track/6Yb6ofPLgbb5QhhuWQXtnk"
                        },
                        "href": "https://api.spotify.com/v1/tracks/6Yb6ofPLgbb5QhhuWQXtnk",
                        "id": "6Yb6ofPLgbb5QhhuWQXtnk",
                        "is_local": false,
                        "is_playable": true,
                        "name": "A Fight I Must Win",
                        "preview_url": "https://p.scdn.co/mp3-preview/73be32cb2b4ff7cd36982cb062ba17d39d5828a7?cid=21df2fd397254479b1ff5d2429c5ba95",
                        "track_number": 12,
                        "type": "track",
                        "uri": "spotify:track:6Yb6ofPLgbb5QhhuWQXtnk"
                    },
                    {
                        "artists": [
                            {
                                "external_urls": {
                                    "spotify": "https://open.spotify.com/artist/0DCw6lHkzh9t7f8Hb4Z0Sx"
                                },
                                "href": "https://api.spotify.com/v1/artists/0DCw6lHkzh9t7f8Hb4Z0Sx",
                                "id": "0DCw6lHkzh9t7f8Hb4Z0Sx",
                                "name": "Arch Enemy",
                                "type": "artist",
                                "uri": "spotify:artist:0DCw6lHkzh9t7f8Hb4Z0Sx"
                            }
                        ],
                        "disc_number": 1,
                        "duration_ms": 168453,
                        "explicit": true,
                        "external_urls": {
                            "spotify": "https://open.spotify.com/track/4ZXzqIVIzkMnCymMNbrCh8"
                        },
                        "href": "https://api.spotify.com/v1/tracks/4ZXzqIVIzkMnCymMNbrCh8",
                        "id": "4ZXzqIVIzkMnCymMNbrCh8",
                        "is_local": false,
                        "is_playable": true,
                        "name": "City Baby Attacked by Rats - cover version",
                        "preview_url": "https://p.scdn.co/mp3-preview/39d324e1f86878052233e5cb81a0c64a494d0f41?cid=21df2fd397254479b1ff5d2429c5ba95",
                        "track_number": 13,
                        "type": "track",
                        "uri": "spotify:track:4ZXzqIVIzkMnCymMNbrCh8"
                    }
                ],
                "limit": 50,
                "next": null,
                "offset": 0,
                "previous": null,
                "total": 13
            },
            "type": "album",
            "uri": "spotify:album:1HimPrGurKic1hNOSidwF2"
        },
        {
            "album_type": "album",
            "artists": [
                {
                    "external_urls": {
                        "spotify": "https://open.spotify.com/artist/0DCw6lHkzh9t7f8Hb4Z0Sx"
                    },
                    "href": "https://api.spotify.com/v1/artists/0DCw6lHkzh9t7f8Hb4Z0Sx",
                    "id": "0DCw6lHkzh9t7f8Hb4Z0Sx",
                    "name": "Arch Enemy",
                    "type": "artist",
                    "uri": "spotify:artist:0DCw6lHkzh9t7f8Hb4Z0Sx"
                }
            ],
            "copyrights": [
                {
                    "text": "(P) 2014 Savage Messiah Music. Licensed exclusively in the Territory to Century Media Records Ltd.",
                    "type": "P"
                }
            ],
            "external_ids": {
                "upc": "886444570091"
            },
            "external_urls": {
                "spotify": "https://open.spotify.com/album/3qzrNVuUyOJxfzMYRCh5qN"
            },
            "genres": [
                
            ],
            "href": "https://api.spotify.com/v1/albums/3qzrNVuUyOJxfzMYRCh5qN",
            "id": "3qzrNVuUyOJxfzMYRCh5qN",
            "images": [
                {
                    "height": 640,
                    "url": "https://i.scdn.co/image/ab67616d0000b273ffe6955b65d9425f0cce4472",
                    "width": 640
                },
                {
                    "height": 300,
                    "url": "https://i.scdn.co/image/ab67616d00001e02ffe6955b65d9425f0cce4472",
                    "width": 300
                },
                {
                    "height": 64,
                    "url": "https://i.scdn.co/image/ab67616d00004851ffe6955b65d9425f0cce4472",
                    "width": 64
                }
            ],
            "is_playable": true,
            "label": "Century Media",
            "name": "War Eternal",
            "popularity": 59,
            "release_date": "2014-06-10",
            "release_date_precision": "day",
            "total_tracks": 14,
            "tracks": {
                "href": "https://api.spotify.com/v1/albums/3qzrNVuUyOJxfzMYRCh5qN/tracks?offset=0&limit=50&market=IL",
                "items": [
                    {
                        "artists": [
                            {
                                "external_urls": {
                                    "spotify": "https://open.spotify.com/artist/0DCw6lHkzh9t7f8Hb4Z0Sx"
                                },
                                "href": "https://api.spotify.com/v1/artists/0DCw6lHkzh9t7f8Hb4Z0Sx",
                                "id": "0DCw6lHkzh9t7f8Hb4Z0Sx",
                                "name": "Arch Enemy",
                                "type": "artist",
                                "uri": "spotify:artist:0DCw6lHkzh9t7f8Hb4Z0Sx"
                            }
                        ],
                        "disc_number": 1,
                        "duration_ms": 72386,
                        "explicit": false,
                        "external_urls": {
                            "spotify": "https://open.spotify.com/track/5kzeQvA9T91h2H5Y8OU6Qk"
                        },
                        "href": "https://api.spotify.com/v1/tracks/5kzeQvA9T91h2H5Y8OU6Qk",
                        "id": "5kzeQvA9T91h2H5Y8OU6Qk",
                        "is_local": false,
                        "is_playable": true,
                        "name": "Tempore Nihil Sanat (Prelude In F Minor)",
                        "preview_url": "https://p.scdn.co/mp3-preview/593f1477fd5fb4f6a90358c8cbea7a2719367157?cid=21df2fd397254479b1ff5d2429c5ba95",
                        "track_number": 1,
                        "type": "track",
                        "uri": "spotify:track:5kzeQvA9T91h2H5Y8OU6Qk"
                    },
                    {
                        "artists": [
                            {
                                "external_urls": {
                                    "spotify": "https://open.spotify.com/artist/0DCw6lHkzh9t7f8Hb4Z0Sx"
                                },
                                "href": "https://api.spotify.com/v1/artists/0DCw6lHkzh9t7f8Hb4Z0Sx",
                                "id": "0DCw6lHkzh9t7f8Hb4Z0Sx",
                                "name": "Arch Enemy",
                                "type": "artist",
                                "uri": "spotify:artist:0DCw6lHkzh9t7f8Hb4Z0Sx"
                            }
                        ],
                        "disc_number": 1,
                        "duration_ms": 223760,
                        "explicit": false,
                        "external_urls": {
                            "spotify": "https://open.spotify.com/track/7gdqAiz2VMq0cybotZzls6"
                        },
                        "href": "https://api.spotify.com/v1/tracks/7gdqAiz2VMq0cybotZzls6",
                        "id": "7gdqAiz2VMq0cybotZzls6",
                        "is_local": false,
                        "is_playable": true,
                        "name": "Never Forgive, Never Forget",
                        "preview_url": "https://p.scdn.co/mp3-preview/38042030465e5127c71d5b81b14a8ab7c9252599?cid=21df2fd397254479b1ff5d2429c5ba95",
                        "track_number": 2,
                        "type": "track",
                        "uri": "spotify:track:7gdqAiz2VMq0cybotZzls6"
                    },
                    {
                        "artists": [
                            {
                                "external_urls": {
                                    "spotify": "https://open.spotify.com/artist/0DCw6lHkzh9t7f8Hb4Z0Sx"
                                },
                                "href": "https://api.spotify.com/v1/artists/0DCw6lHkzh9t7f8Hb4Z0Sx",
                                "id": "0DCw6lHkzh9t7f8Hb4Z0Sx",
                                "name": "Arch Enemy",
                                "type": "artist",
                                "uri": "spotify:artist:0DCw6lHkzh9t7f8Hb4Z0Sx"
                            }
                        ],
                        "disc_number": 1,
                        "duration_ms": 256053,
                        "explicit": true,
                        "external_urls": {
                            "spotify": "https://open.spotify.com/track/0WZZENH0kt3O2cBE8q5IRq"
                        },
                        "href": "https://api.spotify.com/v1/tracks/0WZZENH0kt3O2cBE8q5IRq",
                        "id": "0WZZENH0kt3O2cBE8q5IRq",
                        "is_local": false,
                        "is_playable": true,
                        "name": "War Eternal",
                        "preview_url": "https://p.scdn.co/mp3-preview/ad90eab9c1e5fa627b07277224a327eec56ba811?cid=21df2fd397254479b1ff5d2429c5ba95",
                        "track_number": 3,
                        "type": "track",
                        "uri": "spotify:track:0WZZENH0kt3O2cBE8q5IRq"
                    },
                    {
                        "artists": [
                            {
                                "external_urls": {
                                    "spotify": "https://open.spotify.com/artist/0DCw6lHkzh9t7f8Hb4Z0Sx"
                                },
                                "href": "https://api.spotify.com/v1/artists/0DCw6lHkzh9t7f8Hb4Z0Sx",
                                "id": "0DCw6lHkzh9t7f8Hb4Z0Sx",
                                "name": "Arch Enemy",
                                "type": "artist",
                                "uri": "spotify:artist:0DCw6lHkzh9t7f8Hb4Z0Sx"
                            }
                        ],
                        "disc_number": 1,
                        "duration_ms": 241160,
                        "explicit": false,
                        "external_urls": {
                            "spotify": "https://open.spotify.com/track/3BkqtdD3Vc90C3JFtTTVqI"
                        },
                        "href": "https://api.spotify.com/v1/tracks/3BkqtdD3Vc90C3JFtTTVqI",
                        "id": "3BkqtdD3Vc90C3JFtTTVqI",
                        "is_local": false,
                        "is_playable": true,
                        "name": "As the Pages Burn",
                        "preview_url": "https://p.scdn.co/mp3-preview/a43f89dae18c066341b2fcef6f6ff6ed125331f2?cid=21df2fd397254479b1ff5d2429c5ba95",
                        "track_number": 4,
                        "type": "track",
                        "uri": "spotify:track:3BkqtdD3Vc90C3JFtTTVqI"
                    },
                    {
                        "artists": [
                            {
                                "external_urls": {
                                    "spotify": "https://open.spotify.com/artist/0DCw6lHkzh9t7f8Hb4Z0Sx"
                                },
                                "href": "https://api.spotify.com/v1/artists/0DCw6lHkzh9t7f8Hb4Z0Sx",
                                "id": "0DCw6lHkzh9t7f8Hb4Z0Sx",
                                "name": "Arch Enemy",
                                "type": "artist",
                                "uri": "spotify:artist:0DCw6lHkzh9t7f8Hb4Z0Sx"
                            }
                        ],
                        "disc_number": 1,
                        "duration_ms": 245666,
                        "explicit": false,
                        "external_urls": {
                            "spotify": "https://open.spotify.com/track/6U4PnLCxvpipBXCffkdHNo"
                        },
                        "href": "https://api.spotify.com/v1/tracks/6U4PnLCxvpipBXCffkdHNo",
                        "id": "6U4PnLCxvpipBXCffkdHNo",
                        "is_local": false,
                        "is_playable": true,
                        "name": "No More Regrets",
                        "preview_url": "https://p.scdn.co/mp3-preview/e2637faf247b5bf560c11c68a7422e61d256d794?cid=21df2fd397254479b1ff5d2429c5ba95",
                        "track_number": 5,
                        "type": "track",
                        "uri": "spotify:track:6U4PnLCxvpipBXCffkdHNo"
                    },
                    {
                        "artists": [
                            {
                                "external_urls": {
                                    "spotify": "https://open.spotify.com/artist/0DCw6lHkzh9t7f8Hb4Z0Sx"
                                },
                                "href": "https://api.spotify.com/v1/artists/0DCw6lHkzh9t7f8Hb4Z0Sx",
                                "id": "0DCw6lHkzh9t7f8Hb4Z0Sx",
                                "name": "Arch Enemy",
                                "type": "artist",
                                "uri": "spotify:artist:0DCw6lHkzh9t7f8Hb4Z0Sx"
                            }
                        ],
                        "disc_number": 1,
                        "duration_ms": 277320,
                        "explicit": false,
                        "external_urls": {
                            "spotify": "https://open.spotify.com/track/45eGeRq5VjhY6RTN1TOefI"
                        },
                        "href": "https://api.spotify.com/v1/tracks/45eGeRq5VjhY6RTN1TOefI",
                        "id": "45eGeRq5VjhY6RTN1TOefI",
                        "is_local": false,
                        "is_playable": true,
                        "name": "You Will Know My Name",
                        "preview_url": "https://p.scdn.co/mp3-preview/e7a94eb9a106c4d080f167009d06c4778338e99f?cid=21df2fd397254479b1ff5d2429c5ba95",
                        "track_number": 6,
                        "type": "track",
                        "uri": "spotify:track:45eGeRq5VjhY6RTN1TOefI"
                    },
                    {
                        "artists": [
                            {
                                "external_urls": {
                                    "spotify": "https://open.spotify.com/artist/0DCw6lHkzh9t7f8Hb4Z0Sx"
                                },
                                "href": "https://api.spotify.com/v1/artists/0DCw6lHkzh9t7f8Hb4Z0Sx",
                                "id": "0DCw6lHkzh9t7f8Hb4Z0Sx",
                                "name": "Arch Enemy",
                                "type": "artist",
                                "uri": "spotify:artist:0DCw6lHkzh9t7f8Hb4Z0Sx"
                            }
                        ],
                        "disc_number": 1,
                        "duration_ms": 70160,
                        "explicit": false,
                        "external_urls": {
                            "spotify": "https://open.spotify.com/track/6abJvTjGs9kt7tB45CuPxO"
                        },
                        "href": "https://api.spotify.com/v1/tracks/6abJvTjGs9kt7tB45CuPxO",
                        "id": "6abJvTjGs9kt7tB45CuPxO",
                        "is_local": false,
                        "is_playable": true,
                        "name": "Graveyard of Dreams",
                        "preview_url": "https://p.scdn.co/mp3-preview/21dae8b67561a7c23ca622e09899c1d93bb9e150?cid=21df2fd397254479b1ff5d2429c5ba95",
                        "track_number": 7,
                        "type": "track",
                        "uri": "spotify:track:6abJvTjGs9kt7tB45CuPxO"
                    },
                    {
                        "artists": [
                            {
                                "external_urls": {
                                    "spotify": "https://open.spotify.com/artist/0DCw6lHkzh9t7f8Hb4Z0Sx"
                                },
                                "href": "https://api.spotify.com/v1/artists/0DCw6lHkzh9t7f8Hb4Z0Sx",
                                "id": "0DCw6lHkzh9t7f8Hb4Z0Sx",
                                "name": "Arch Enemy",
                                "type": "artist",
                                "uri": "spotify:artist:0DCw6lHkzh9t7f8Hb4Z0Sx"
                            }
                        ],
                        "disc_number": 1,
                        "duration_ms": 178933,
                        "explicit": false,
                        "external_urls": {
                            "spotify": "https://open.spotify.com/track/47j6K08MLO1PiYsxv7VCVM"
                        },
                        "href": "https://api.spotify.com/v1/tracks/47j6K08MLO1PiYsxv7VCVM",
                        "id": "47j6K08MLO1PiYsxv7VCVM",
                        "is_local": false,
                        "is_playable": true,
                        "name": "Stolen Life",
                        "preview_url": "https://p.scdn.co/mp3-preview/fa3bafd4b8ba5a71d091733bd1f4265cd9afea1c?cid=21df2fd397254479b1ff5d2429c5ba95",
                        "track_number": 8,
                        "type": "track",
                        "uri": "spotify:track:47j6K08MLO1PiYsxv7VCVM"
                    },
                    {
                        "artists": [
                            {
                                "external_urls": {
                                    "spotify": "https://open.spotify.com/artist/0DCw6lHkzh9t7f8Hb4Z0Sx"
                                },
                                "href": "https://api.spotify.com/v1/artists/0DCw6lHkzh9t7f8Hb4Z0Sx",
                                "id": "0DCw6lHkzh9t7f8Hb4Z0Sx",
                                "name": "Arch Enemy",
                                "type": "artist",
                                "uri": "spotify:artist:0DCw6lHkzh9t7f8Hb4Z0Sx"
                            }
                        ],
                        "disc_number": 1,
                        "duration_ms": 323533,
                        "explicit": false,
                        "external_urls": {
                            "spotify": "https://open.spotify.com/track/5aMAkoRfoGSa245NPn15iw"
                        },
                        "href": "https://api.spotify.com/v1/tracks/5aMAkoRfoGSa245NPn15iw",
                        "id": "5aMAkoRfoGSa245NPn15iw",
                        "is_local": false,
                        "is_playable": true,
                        "name": "Time Is Black",
                        "preview_url": "https://p.scdn.co/mp3-preview/7966b06ce36dfe6c85611d7fd4d402cb745b1d99?cid=21df2fd397254479b1ff5d2429c5ba95",
                        "track_number": 9,
                        "type": "track",
                        "uri": "spotify:track:5aMAkoRfoGSa245NPn15iw"
                    },
                    {
                        "artists": [
                            {
                                "external_urls": {
                                    "spotify": "https://open.spotify.com/artist/0DCw6lHkzh9t7f8Hb4Z0Sx"
                                },
                                "href": "https://api.spotify.com/v1/artists/0DCw6lHkzh9t7f8Hb4Z0Sx",
                                "id": "0DCw6lHkzh9t7f8Hb4Z0Sx",
                                "name": "Arch Enemy",
                                "type": "artist",
                                "uri": "spotify:artist:0DCw6lHkzh9t7f8Hb4Z0Sx"
                            }
                        ],
                        "disc_number": 1,
                        "duration_ms": 244946,
                        "explicit": false,
                        "external_urls": {
                            "spotify": "https://open.spotify.com/track/6q6nmIUY2LWKVJQxTnGsNK"
                        },
                        "href": "https://api.spotify.com/v1/tracks/6q6nmIUY2LWKVJQxTnGsNK",
                        "id": "6q6nmIUY2LWKVJQxTnGsNK",
                        "is_local": false,
                        "is_playable": true,
                        "name": "On and On",
                        "preview_url": "https://p.scdn.co/mp3-preview/b5ca0591122ce0359b757c7a6057eb124b41313f?cid=21df2fd397254479b1ff5d2429c5ba95",
                        "track_number": 10,
                        "type": "track",
                        "uri": "spotify:track:6q6nmIUY2LWKVJQxTnGsNK"
                    },
                    {
                        "artists": [
                            {
                                "external_urls": {
                                    "spotify": "https://open.spotify.com/artist/0DCw6lHkzh9t7f8Hb4Z0Sx"
                                },
                                "href": "https://api.spotify.com/v1/artists/0DCw6lHkzh9t7f8Hb4Z0Sx",
                                "id": "0DCw6lHkzh9t7f8Hb4Z0Sx",
                                "name": "Arch Enemy",
                                "type": "artist",
                                "uri": "spotify:artist:0DCw6lHkzh9t7f8Hb4Z0Sx"
                            }
                        ],
                        "disc_number": 1,
                        "duration_ms": 278666,
                        "explicit": false,
                        "external_urls": {
                            "spotify": "https://open.spotify.com/track/5N9O4qRT4FJudc5m632T45"
                        },
                        "href": "https://api.spotify.com/v1/tracks/5N9O4qRT4FJudc5m632T45",
                        "id": "5N9O4qRT4FJudc5m632T45",
                        "is_local": false,
                        "is_playable": true,
                        "name": "Avalanche",
                        "preview_url": "https://p.scdn.co/mp3-preview/3a09797cba5a6e20b0ba59d34007e708666fe441?cid=21df2fd397254479b1ff5d2429c5ba95",
                        "track_number": 11,
                        "type": "track",
                        "uri": "spotify:track:5N9O4qRT4FJudc5m632T45"
                    },
                    {
                        "artists": [
                            {
                                "external_urls": {
                                    "spotify": "https://open.spotify.com/artist/0DCw6lHkzh9t7f8Hb4Z0Sx"
                                },
                                "href": "https://api.spotify.com/v1/artists/0DCw6lHkzh9t7f8Hb4Z0Sx",
                                "id": "0DCw6lHkzh9t7f8Hb4Z0Sx",
                                "name": "Arch Enemy",
                                "type": "artist",
                                "uri": "spotify:artist:0DCw6lHkzh9t7f8Hb4Z0Sx"
                            }
                        ],
                        "disc_number": 1,
                        "duration_ms": 227920,
                        "explicit": false,
                        "external_urls": {
                            "spotify": "https://open.spotify.com/track/5T8HW2uDnrBDTVh9IGz7Gx"
                        },
                        "href": "https://api.spotify.com/v1/tracks/5T8HW2uDnrBDTVh9IGz7Gx",
                        "id": "5T8HW2uDnrBDTVh9IGz7Gx",
                        "is_local": false,
                        "is_playable": true,
                        "name": "Down to Nothing",
                        "preview_url": "https://p.scdn.co/mp3-preview/50da89d9f7f26f97519bfff14542a1f432cbee4b?cid=21df2fd397254479b1ff5d2429c5ba95",
                        "track_number": 12,
                        "type": "track",
                        "uri": "spotify:track:5T8HW2uDnrBDTVh9IGz7Gx"
                    },
                    {
                        "artists": [
                            {
                                "external_urls": {
                                    "spotify": "https://open.spotify.com/artist/0DCw6lHkzh9t7f8Hb4Z0Sx"
                                },
                                "href": "https://api.spotify.com/v1/artists/0DCw6lHkzh9t7f8Hb4Z0Sx",
                                "id": "0DCw6lHkzh9t7f8Hb4Z0Sx",
                                "name": "Arch Enemy",
                                "type": "artist",
                                "uri": "spotify:artist:0DCw6lHkzh9t7f8Hb4Z0Sx"
                            }
                        ],
                        "disc_number": 1,
                        "duration_ms": 209320,
                        "explicit": false,
                        "external_urls": {
                            "spotify": "https://open.spotify.com/track/6m5yQOnBfYfcm4wIfPDkH0"
                        },
                        "href": "https://api.spotify.com/v1/tracks/6m5yQOnBfYfcm4wIfPDkH0",
                        "id": "6m5yQOnBfYfcm4wIfPDkH0",
                        "is_local": false,
                        "is_playable": true,
                        "name": "Not Long for This World",
                        "preview_url": "https://p.scdn.co/mp3-preview/ac10af7bece10cb189df7a2137984163e60e7684?cid=21df2fd397254479b1ff5d2429c5ba95",
                        "track_number": 13,
                        "type": "track",
                        "uri": "spotify:track:6m5yQOnBfYfcm4wIfPDkH0"
                    },
                    {
                        "artists": [
                            {
                                "external_urls": {
                                    "spotify": "https://open.spotify.com/artist/0DCw6lHkzh9t7f8Hb4Z0Sx"
                                },
                                "href": "https://api.spotify.com/v1/artists/0DCw6lHkzh9t7f8Hb4Z0Sx",
                                "id": "0DCw6lHkzh9t7f8Hb4Z0Sx",
                                "name": "Arch Enemy",
                                "type": "artist",
                                "uri": "spotify:artist:0DCw6lHkzh9t7f8Hb4Z0Sx"
                            }
                        ],
                        "disc_number": 1,
                        "duration_ms": 183186,
                        "explicit": false,
                        "external_urls": {
                            "spotify": "https://open.spotify.com/track/4KV8M1q7Rbzlyuv5IlVDt2"
                        },
                        "href": "https://api.spotify.com/v1/tracks/4KV8M1q7Rbzlyuv5IlVDt2",
                        "id": "4KV8M1q7Rbzlyuv5IlVDt2",
                        "is_local": false,
                        "is_playable": true,
                        "name": "Shadow On the Wall - cover version",
                        "preview_url": "https://p.scdn.co/mp3-preview/331b3e4b45229f47c6a1f5740e41c68d825bdb5d?cid=21df2fd397254479b1ff5d2429c5ba95",
                        "track_number": 14,
                        "type": "track",
                        "uri": "spotify:track:4KV8M1q7Rbzlyuv5IlVDt2"
                    }
                ],
                "limit": 50,
                "next": null,
                "offset": 0,
                "previous": null,
                "total": 14
            },
            "type": "album",
            "uri": "spotify:album:3qzrNVuUyOJxfzMYRCh5qN"
        },
        {
            "album_type": "album",
            "artists": [
                {
                    "external_urls": {
                        "spotify": "https://open.spotify.com/artist/0DCw6lHkzh9t7f8Hb4Z0Sx"
                    },
                    "href": "https://api.spotify.com/v1/artists/0DCw6lHkzh9t7f8Hb4Z0Sx",
                    "id": "0DCw6lHkzh9t7f8Hb4Z0Sx",
                    "name": "Arch Enemy",
                    "type": "artist",
                    "uri": "spotify:artist:0DCw6lHkzh9t7f8Hb4Z0Sx"
                }
            ],
            "copyrights": [
                {
                    "text": "(P) 2022 Savage Messiah Music. Licensed exclusively in the Territory to Century Media Records Ltd.",
                    "type": "P"
                }
            ],
            "external_ids": {
                "upc": "886449558186"
            },
            "external_urls": {
                "spotify": "https://open.spotify.com/album/0UWT0SwOzXkR9IVbz0GNuo"
            },
            "genres": [
                
            ],
            "href": "https://api.spotify.com/v1/albums/0UWT0SwOzXkR9IVbz0GNuo",
            "id": "0UWT0SwOzXkR9IVbz0GNuo",
            "images": [
                {
                    "height": 640,
                    "url": "https://i.scdn.co/image/ab67616d0000b273d102f713b6404110023d15e6",
                    "width": 640
                },
                {
                    "height": 300,
                    "url": "https://i.scdn.co/image/ab67616d00001e02d102f713b6404110023d15e6",
                    "width": 300
                },
                {
                    "height": 64,
                    "url": "https://i.scdn.co/image/ab67616d00004851d102f713b6404110023d15e6",
                    "width": 64
                }
            ],
            "is_playable": true,
            "label": "Century Media",
            "name": "Deceivers",
            "popularity": 60,
            "release_date": "2022-08-12",
            "release_date_precision": "day",
            "total_tracks": 11,
            "tracks": {
                "href": "https://api.spotify.com/v1/albums/0UWT0SwOzXkR9IVbz0GNuo/tracks?offset=0&limit=50&market=IL",
                "items": [
                    {
                        "artists": [
                            {
                                "external_urls": {
                                    "spotify": "https://open.spotify.com/artist/0DCw6lHkzh9t7f8Hb4Z0Sx"
                                },
                                "href": "https://api.spotify.com/v1/artists/0DCw6lHkzh9t7f8Hb4Z0Sx",
                                "id": "0DCw6lHkzh9t7f8Hb4Z0Sx",
                                "name": "Arch Enemy",
                                "type": "artist",
                                "uri": "spotify:artist:0DCw6lHkzh9t7f8Hb4Z0Sx"
                            }
                        ],
                        "disc_number": 1,
                        "duration_ms": 338960,
                        "explicit": false,
                        "external_urls": {
                            "spotify": "https://open.spotify.com/track/4jPU94aF0U2PMNN0aBnhgX"
                        },
                        "href": "https://api.spotify.com/v1/tracks/4jPU94aF0U2PMNN0aBnhgX",
                        "id": "4jPU94aF0U2PMNN0aBnhgX",
                        "is_local": false,
                        "is_playable": true,
                        "name": "Handshake with Hell",
                        "preview_url": "https://p.scdn.co/mp3-preview/05782a6a24e92050b26bd87679078ce769ce0cf9?cid=21df2fd397254479b1ff5d2429c5ba95",
                        "track_number": 1,
                        "type": "track",
                        "uri": "spotify:track:4jPU94aF0U2PMNN0aBnhgX"
                    },
                    {
                        "artists": [
                            {
                                "external_urls": {
                                    "spotify": "https://open.spotify.com/artist/0DCw6lHkzh9t7f8Hb4Z0Sx"
                                },
                                "href": "https://api.spotify.com/v1/artists/0DCw6lHkzh9t7f8Hb4Z0Sx",
                                "id": "0DCw6lHkzh9t7f8Hb4Z0Sx",
                                "name": "Arch Enemy",
                                "type": "artist",
                                "uri": "spotify:artist:0DCw6lHkzh9t7f8Hb4Z0Sx"
                            }
                        ],
                        "disc_number": 1,
                        "duration_ms": 231773,
                        "explicit": false,
                        "external_urls": {
                            "spotify": "https://open.spotify.com/track/54nsNmxvp1ZxWcbKTcJynp"
                        },
                        "href": "https://api.spotify.com/v1/tracks/54nsNmxvp1ZxWcbKTcJynp",
                        "id": "54nsNmxvp1ZxWcbKTcJynp",
                        "is_local": false,
                        "is_playable": true,
                        "name": "Deceiver, Deceiver",
                        "preview_url": "https://p.scdn.co/mp3-preview/03e22d3ee1902473a25bc7a2c533f203e5515c61?cid=21df2fd397254479b1ff5d2429c5ba95",
                        "track_number": 2,
                        "type": "track",
                        "uri": "spotify:track:54nsNmxvp1ZxWcbKTcJynp"
                    },
                    {
                        "artists": [
                            {
                                "external_urls": {
                                    "spotify": "https://open.spotify.com/artist/0DCw6lHkzh9t7f8Hb4Z0Sx"
                                },
                                "href": "https://api.spotify.com/v1/artists/0DCw6lHkzh9t7f8Hb4Z0Sx",
                                "id": "0DCw6lHkzh9t7f8Hb4Z0Sx",
                                "name": "Arch Enemy",
                                "type": "artist",
                                "uri": "spotify:artist:0DCw6lHkzh9t7f8Hb4Z0Sx"
                            }
                        ],
                        "disc_number": 1,
                        "duration_ms": 249213,
                        "explicit": false,
                        "external_urls": {
                            "spotify": "https://open.spotify.com/track/3Ho41g5j1K5tiFmuU6DcZl"
                        },
                        "href": "https://api.spotify.com/v1/tracks/3Ho41g5j1K5tiFmuU6DcZl",
                        "id": "3Ho41g5j1K5tiFmuU6DcZl",
                        "is_local": false,
                        "is_playable": true,
                        "name": "In the Eye of the Storm",
                        "preview_url": "https://p.scdn.co/mp3-preview/27bc30ea20aace82623d25c29c963b1b994b3bdb?cid=21df2fd397254479b1ff5d2429c5ba95",
                        "track_number": 3,
                        "type": "track",
                        "uri": "spotify:track:3Ho41g5j1K5tiFmuU6DcZl"
                    },
                    {
                        "artists": [
                            {
                                "external_urls": {
                                    "spotify": "https://open.spotify.com/artist/0DCw6lHkzh9t7f8Hb4Z0Sx"
                                },
                                "href": "https://api.spotify.com/v1/artists/0DCw6lHkzh9t7f8Hb4Z0Sx",
                                "id": "0DCw6lHkzh9t7f8Hb4Z0Sx",
                                "name": "Arch Enemy",
                                "type": "artist",
                                "uri": "spotify:artist:0DCw6lHkzh9t7f8Hb4Z0Sx"
                            }
                        ],
                        "disc_number": 1,
                        "duration_ms": 298000,
                        "explicit": false,
                        "external_urls": {
                            "spotify": "https://open.spotify.com/track/7wwFeAgaC2pGqJaTuCVFAw"
                        },
                        "href": "https://api.spotify.com/v1/tracks/7wwFeAgaC2pGqJaTuCVFAw",
                        "id": "7wwFeAgaC2pGqJaTuCVFAw",
                        "is_local": false,
                        "is_playable": true,
                        "name": "The Watcher",
                        "preview_url": "https://p.scdn.co/mp3-preview/00c6b432f9c221b9137d2308ff7eaefa71294123?cid=21df2fd397254479b1ff5d2429c5ba95",
                        "track_number": 4,
                        "type": "track",
                        "uri": "spotify:track:7wwFeAgaC2pGqJaTuCVFAw"
                    },
                    {
                        "artists": [
                            {
                                "external_urls": {
                                    "spotify": "https://open.spotify.com/artist/0DCw6lHkzh9t7f8Hb4Z0Sx"
                                },
                                "href": "https://api.spotify.com/v1/artists/0DCw6lHkzh9t7f8Hb4Z0Sx",
                                "id": "0DCw6lHkzh9t7f8Hb4Z0Sx",
                                "name": "Arch Enemy",
                                "type": "artist",
                                "uri": "spotify:artist:0DCw6lHkzh9t7f8Hb4Z0Sx"
                            }
                        ],
                        "disc_number": 1,
                        "duration_ms": 231186,
                        "explicit": false,
                        "external_urls": {
                            "spotify": "https://open.spotify.com/track/0mO1FN8MXytVZfZYpC5i56"
                        },
                        "href": "https://api.spotify.com/v1/tracks/0mO1FN8MXytVZfZYpC5i56",
                        "id": "0mO1FN8MXytVZfZYpC5i56",
                        "is_local": false,
                        "is_playable": true,
                        "name": "Poisoned Arrow",
                        "preview_url": "https://p.scdn.co/mp3-preview/5e7372a9f5b713ee02c65f09967ab67970207d33?cid=21df2fd397254479b1ff5d2429c5ba95",
                        "track_number": 5,
                        "type": "track",
                        "uri": "spotify:track:0mO1FN8MXytVZfZYpC5i56"
                    },
                    {
                        "artists": [
                            {
                                "external_urls": {
                                    "spotify": "https://open.spotify.com/artist/0DCw6lHkzh9t7f8Hb4Z0Sx"
                                },
                                "href": "https://api.spotify.com/v1/artists/0DCw6lHkzh9t7f8Hb4Z0Sx",
                                "id": "0DCw6lHkzh9t7f8Hb4Z0Sx",
                                "name": "Arch Enemy",
                                "type": "artist",
                                "uri": "spotify:artist:0DCw6lHkzh9t7f8Hb4Z0Sx"
                            }
                        ],
                        "disc_number": 1,
                        "duration_ms": 243080,
                        "explicit": false,
                        "external_urls": {
                            "spotify": "https://open.spotify.com/track/5nPCIvymgNTiXN7hMMTbdX"
                        },
                        "href": "https://api.spotify.com/v1/tracks/5nPCIvymgNTiXN7hMMTbdX",
                        "id": "5nPCIvymgNTiXN7hMMTbdX",
                        "is_local": false,
                        "is_playable": true,
                        "name": "Sunset over the Empire",
                        "preview_url": "https://p.scdn.co/mp3-preview/0f6f87056de16baf7c08fcf92ca398c2bb913083?cid=21df2fd397254479b1ff5d2429c5ba95",
                        "track_number": 6,
                        "type": "track",
                        "uri": "spotify:track:5nPCIvymgNTiXN7hMMTbdX"
                    },
                    {
                        "artists": [
                            {
                                "external_urls": {
                                    "spotify": "https://open.spotify.com/artist/0DCw6lHkzh9t7f8Hb4Z0Sx"
                                },
                                "href": "https://api.spotify.com/v1/artists/0DCw6lHkzh9t7f8Hb4Z0Sx",
                                "id": "0DCw6lHkzh9t7f8Hb4Z0Sx",
                                "name": "Arch Enemy",
                                "type": "artist",
                                "uri": "spotify:artist:0DCw6lHkzh9t7f8Hb4Z0Sx"
                            }
                        ],
                        "disc_number": 1,
                        "duration_ms": 220426,
                        "explicit": false,
                        "external_urls": {
                            "spotify": "https://open.spotify.com/track/4mdop8Jx5BwspAQzvjF8pu"
                        },
                        "href": "https://api.spotify.com/v1/tracks/4mdop8Jx5BwspAQzvjF8pu",
                        "id": "4mdop8Jx5BwspAQzvjF8pu",
                        "is_local": false,
                        "is_playable": true,
                        "name": "House of Mirrors",
                        "preview_url": "https://p.scdn.co/mp3-preview/cac1a4447b48d244d7138f9057a94382b02adae5?cid=21df2fd397254479b1ff5d2429c5ba95",
                        "track_number": 7,
                        "type": "track",
                        "uri": "spotify:track:4mdop8Jx5BwspAQzvjF8pu"
                    },
                    {
                        "artists": [
                            {
                                "external_urls": {
                                    "spotify": "https://open.spotify.com/artist/0DCw6lHkzh9t7f8Hb4Z0Sx"
                                },
                                "href": "https://api.spotify.com/v1/artists/0DCw6lHkzh9t7f8Hb4Z0Sx",
                                "id": "0DCw6lHkzh9t7f8Hb4Z0Sx",
                                "name": "Arch Enemy",
                                "type": "artist",
                                "uri": "spotify:artist:0DCw6lHkzh9t7f8Hb4Z0Sx"
                            }
                        ],
                        "disc_number": 1,
                        "duration_ms": 286306,
                        "explicit": false,
                        "external_urls": {
                            "spotify": "https://open.spotify.com/track/1AjomJSkQXEJCEpgxBRCKB"
                        },
                        "href": "https://api.spotify.com/v1/tracks/1AjomJSkQXEJCEpgxBRCKB",
                        "id": "1AjomJSkQXEJCEpgxBRCKB",
                        "is_local": false,
                        "is_playable": true,
                        "name": "Spreading Black Wings",
                        "preview_url": "https://p.scdn.co/mp3-preview/e4e59acf0f4713d331ae34f83190bafe354d3009?cid=21df2fd397254479b1ff5d2429c5ba95",
                        "track_number": 8,
                        "type": "track",
                        "uri": "spotify:track:1AjomJSkQXEJCEpgxBRCKB"
                    },
                    {
                        "artists": [
                            {
                                "external_urls": {
                                    "spotify": "https://open.spotify.com/artist/0DCw6lHkzh9t7f8Hb4Z0Sx"
                                },
                                "href": "https://api.spotify.com/v1/artists/0DCw6lHkzh9t7f8Hb4Z0Sx",
                                "id": "0DCw6lHkzh9t7f8Hb4Z0Sx",
                                "name": "Arch Enemy",
                                "type": "artist",
                                "uri": "spotify:artist:0DCw6lHkzh9t7f8Hb4Z0Sx"
                            }
                        ],
                        "disc_number": 1,
                        "duration_ms": 96853,
                        "explicit": false,
                        "external_urls": {
                            "spotify": "https://open.spotify.com/track/3GEenHvrJMz0JplK0g6yqM"
                        },
                        "href": "https://api.spotify.com/v1/tracks/3GEenHvrJMz0JplK0g6yqM",
                        "id": "3GEenHvrJMz0JplK0g6yqM",
                        "is_local": false,
                        "is_playable": true,
                        "name": "Mourning Star",
                        "preview_url": "https://p.scdn.co/mp3-preview/e85c305711c9e6283ce2f7e97221f82da7d4c5b4?cid=21df2fd397254479b1ff5d2429c5ba95",
                        "track_number": 9,
                        "type": "track",
                        "uri": "spotify:track:3GEenHvrJMz0JplK0g6yqM"
                    },
                    {
                        "artists": [
                            {
                                "external_urls": {
                                    "spotify": "https://open.spotify.com/artist/0DCw6lHkzh9t7f8Hb4Z0Sx"
                                },
                                "href": "https://api.spotify.com/v1/artists/0DCw6lHkzh9t7f8Hb4Z0Sx",
                                "id": "0DCw6lHkzh9t7f8Hb4Z0Sx",
                                "name": "Arch Enemy",
                                "type": "artist",
                                "uri": "spotify:artist:0DCw6lHkzh9t7f8Hb4Z0Sx"
                            }
                        ],
                        "disc_number": 1,
                        "duration_ms": 229493,
                        "explicit": false,
                        "external_urls": {
                            "spotify": "https://open.spotify.com/track/6SKe0n1Oe9P2o6GXp5nyFl"
                        },
                        "href": "https://api.spotify.com/v1/tracks/6SKe0n1Oe9P2o6GXp5nyFl",
                        "id": "6SKe0n1Oe9P2o6GXp5nyFl",
                        "is_local": false,
                        "is_playable": true,
                        "name": "One Last Time",
                        "preview_url": "https://p.scdn.co/mp3-preview/e7aec94bd1b63afe4fda18d88278b8e2e9102bfc?cid=21df2fd397254479b1ff5d2429c5ba95",
                        "track_number": 10,
                        "type": "track",
                        "uri": "spotify:track:6SKe0n1Oe9P2o6GXp5nyFl"
                    },
                    {
                        "artists": [
                            {
                                "external_urls": {
                                    "spotify": "https://open.spotify.com/artist/0DCw6lHkzh9t7f8Hb4Z0Sx"
                                },
                                "href": "https://api.spotify.com/v1/artists/0DCw6lHkzh9t7f8Hb4Z0Sx",
                                "id": "0DCw6lHkzh9t7f8Hb4Z0Sx",
                                "name": "Arch Enemy",
                                "type": "artist",
                                "uri": "spotify:artist:0DCw6lHkzh9t7f8Hb4Z0Sx"
                            }
                        ],
                        "disc_number": 1,
                        "duration_ms": 284613,
                        "explicit": false,
                        "external_urls": {
                            "spotify": "https://open.spotify.com/track/3XW4lv9a1APFISmf1cP1bT"
                        },
                        "href": "https://api.spotify.com/v1/tracks/3XW4lv9a1APFISmf1cP1bT",
                        "id": "3XW4lv9a1APFISmf1cP1bT",
                        "is_local": false,
                        "is_playable": true,
                        "name": "Exiled from Earth",
                        "preview_url": "https://p.scdn.co/mp3-preview/37f58d40a6bb0b99add7aec5bd7a859be5afae4e?cid=21df2fd397254479b1ff5d2429c5ba95",
                        "track_number": 11,
                        "type": "track",
                        "uri": "spotify:track:3XW4lv9a1APFISmf1cP1bT"
                    }
                ],
                "limit": 50,
                "next": null,
                "offset": 0,
                "previous": null,
                "total": 11
            },
            "type": "album",
            "uri": "spotify:album:0UWT0SwOzXkR9IVbz0GNuo"
        }
    ]
}
HTTP/1.1 200 OK
content-type: application/json; charset=utf-8
cache-control: public, max-age=7200
x-robots-tag: noindex, nofollow
access-control-allow-origin: *
access-control-allow-headers: Accept, App-Platform, Authorization, Content-Type, Origin, Retry-After, Spotify-App-Version, X-Cloud-Trace-Context, client-token, content-access-token
access-control-allow-methods: GET, POST, OPTIONS, PUT, DELETE, PATCH
access-control-allow-credentials: true
access-control-max-age: 604800
content-encoding: gzip
strict-transport-security: max-age=31536000
x-content-type-options: nosniff
date: Wed, 21 Jun 2023 06:01:13 GMT
server: envoy
Via: HTTP/2 edgeproxy, 1.1 google
Alt-Svc: h3=":443"; ma=2592000,h3-29=":443"; ma=2592000
Transfer-Encoding: chunked
]]></system-out>
  </testcase>
  <testcase name="getNewReleasesWithLimitAndSkipTest" classname="api.tests.album.postivetests.PositiveGetAlbumTests" time="0.421">
    <system-out><![CDATA[BQBegXPff_0Ts0JZy4hy99PTVlaaNfDfPuIucXXd70cXsbDZRfF0vdotvoGWmJ214aJKICvwC6WVUj3GXZBPD62NGPcK7SoEubS72vM0WT_ad0FQkEw
{
    "albums": {
        "href": "https://api.spotify.com/v1/browse/new-releases?country=KR&offset=0&limit=1",
        "items": [
            {
                "album_type": "single",
                "artists": [
                    {
                        "external_urls": {
                            "spotify": "https://open.spotify.com/artist/7gW0r5CkdEUMm42w9XpyZO"
                        },
                        "href": "https://api.spotify.com/v1/artists/7gW0r5CkdEUMm42w9XpyZO",
                        "id": "7gW0r5CkdEUMm42w9XpyZO",
                        "name": "Laufey",
                        "type": "artist",
                        "uri": "spotify:artist:7gW0r5CkdEUMm42w9XpyZO"
                    }
                ],
                "external_urls": {
                    "spotify": "https://open.spotify.com/album/21QZu3y3ewBQfmehshqMmZ"
                },
                "href": "https://api.spotify.com/v1/albums/21QZu3y3ewBQfmehshqMmZ",
                "id": "21QZu3y3ewBQfmehshqMmZ",
                "images": [
                    {
                        "height": 640,
                        "url": "https://i.scdn.co/image/ab67616d0000b27308aca652e2c35cc607b37d59",
                        "width": 640
                    },
                    {
                        "height": 300,
                        "url": "https://i.scdn.co/image/ab67616d00001e0208aca652e2c35cc607b37d59",
                        "width": 300
                    },
                    {
                        "height": 64,
                        "url": "https://i.scdn.co/image/ab67616d0000485108aca652e2c35cc607b37d59",
                        "width": 64
                    }
                ],
                "is_playable": true,
                "name": "Promise",
                "release_date": "2023-06-14",
                "release_date_precision": "day",
                "total_tracks": 2,
                "type": "album",
                "uri": "spotify:album:21QZu3y3ewBQfmehshqMmZ"
            }
        ],
        "limit": 1,
        "next": "https://api.spotify.com/v1/browse/new-releases?country=KR&offset=1&limit=1",
        "offset": 0,
        "previous": null,
        "total": 100
    }
}
HTTP/1.1 200 OK
]]></system-out>
  </testcase>
  <testcase name="getNewReleasesWithLimitAndSkipWithRandomLimitTest" classname="api.tests.album.postivetests.PositiveGetAlbumTests" time="0.585">
    <system-out><![CDATA[BQCb2BlTgSV6zsTtgKaGPagpVXjM8PX2aCjtxf0H0l5IbvJTn_ijd1vjE_S6vmcDT3lVkPY-swQj0axThKp4OKMqZvOB5iPyrIx0dAFUBjGCP5kOA00
HTTP/1.1 400 Bad Request
STATUS CODE WAS NOT 200, actual status code was: io.restassured.internal.ValidatableResponseImpl@478fb7dc
BQBkFHiurx4xqMsUOnMOolAAqbgzL_AlHLz-LDL3x2fY6fwNv_K3_93wuOadHwS5TeWqOxKw8c5_cmgptguCZ3MJ_J7H_qIC5SVEcByRp0MQvKIxOFg
{
    "error": {
        "status": 400,
        "message": "Invalid limit"
    }
}
HTTP/1.1 400 Bad Request
Generated Invalid Limit over {50} Response Body: 95
]]></system-out>
  </testcase>
  <testcase name="GetSeveralArtistsWithValidDataFiftyTest" classname="api.tests.artist.positivetests.PositiveGetArtistsTests" time="0.36">
    <system-out><![CDATA[BQClxr9SiA53gvJs020NSc_t_Ab63bPKhc_cAmDx1qpg17mdkgfa1sG3F5kPSPGV6RuOm1N0VGHURN0aYx90MI8P0BZyRsXRHPX_PixRcrJFtkpRFH8
{
    "artists": [
        {
            "external_urls": {
                "spotify": "https://open.spotify.com/artist/0DCw6lHkzh9t7f8Hb4Z0Sx"
            },
            "followers": {
                "href": null,
                "total": 916865
            },
            "genres": [
                "alternative metal",
                "death metal",
                "melodic death metal",
                "metal",
                "nu metal",
                "power metal",
                "speed metal",
                "swedish death metal",
                "swedish melodeath",
                "swedish metal",
                "symphonic metal"
            ],
            "href": "https://api.spotify.com/v1/artists/0DCw6lHkzh9t7f8Hb4Z0Sx",
            "id": "0DCw6lHkzh9t7f8Hb4Z0Sx",
            "images": [
                {
                    "height": 640,
                    "url": "https://i.scdn.co/image/ab6761610000e5ebb56d14cd84327f2eb5c481b3",
                    "width": 640
                },
                {
                    "height": 320,
                    "url": "https://i.scdn.co/image/ab67616100005174b56d14cd84327f2eb5c481b3",
                    "width": 320
                },
                {
                    "height": 160,
                    "url": "https://i.scdn.co/image/ab6761610000f178b56d14cd84327f2eb5c481b3",
                    "width": 160
                }
            ],
            "name": "Arch Enemy",
            "popularity": 57,
            "type": "artist",
            "uri": "spotify:artist:0DCw6lHkzh9t7f8Hb4Z0Sx"
        },
        {
            "external_urls": {
                "spotify": "https://open.spotify.com/artist/7zDtfSB0AOZWhpuAHZIOw5"
            },
            "followers": {
                "href": null,
                "total": 201817
            },
            "genres": [
                "death metal",
                "doom metal",
                "epic doom",
                "metal",
                "opera metal",
                "speed metal",
                "stoner metal",
                "swedish doom metal",
                "swedish metal"
            ],
            "href": "https://api.spotify.com/v1/artists/7zDtfSB0AOZWhpuAHZIOw5",
            "id": "7zDtfSB0AOZWhpuAHZIOw5",
            "images": [
                {
                    "height": 640,
                    "url": "https://i.scdn.co/image/ab6761610000e5ebd2d79fca1c03254a3fb52d74",
                    "width": 640
                },
                {
                    "height": 320,
                    "url": "https://i.scdn.co/image/ab67616100005174d2d79fca1c03254a3fb52d74",
                    "width": 320
                },
                {
                    "height": 160,
                    "url": "https://i.scdn.co/image/ab6761610000f178d2d79fca1c03254a3fb52d74",
                    "width": 160
                }
            ],
            "name": "Candlemass",
            "popularity": 43,
            "type": "artist",
            "uri": "spotify:artist:7zDtfSB0AOZWhpuAHZIOw5"
        },
        {
            "external_urls": {
                "spotify": "https://open.spotify.com/artist/6CY7WNJfd5uZclcS3WeEjx"
            },
            "followers": {
                "href": null,
                "total": 140406
            },
            "genres": [
                "japanese vgm"
            ],
            "href": "https://api.spotify.com/v1/artists/6CY7WNJfd5uZclcS3WeEjx",
            "id": "6CY7WNJfd5uZclcS3WeEjx",
            "images": [
                {
                    "height": 640,
                    "url": "https://i.scdn.co/image/ab67616d0000b273ae37e6f73804085bf53b23c7",
                    "width": 640
                },
                {
                    "height": 300,
                    "url": "https://i.scdn.co/image/ab67616d00001e02ae37e6f73804085bf53b23c7",
                    "width": 300
                },
                {
                    "height": 64,
                    "url": "https://i.scdn.co/image/ab67616d00004851ae37e6f73804085bf53b23c7",
                    "width": 64
                }
            ],
            "name": "Yu-Peng Chen",
            "popularity": 64,
            "type": "artist",
            "uri": "spotify:artist:6CY7WNJfd5uZclcS3WeEjx"
        },
        {
            "external_urls": {
                "spotify": "https://open.spotify.com/artist/2CIMQHirSU0MQqyYHq0eOx"
            },
            "followers": {
                "href": null,
                "total": 2809519
            },
            "genres": [
                "canadian electronic",
                "complextro",
                "edm",
                "electro house",
                "pop dance",
                "progressive house"
            ],
            "href": "https://api.spotify.com/v1/artists/2CIMQHirSU0MQqyYHq0eOx",
            "id": "2CIMQHirSU0MQqyYHq0eOx",
            "images": [
                {
                    "height": 640,
                    "url": "https://i.scdn.co/image/ab6761610000e5ebc5ceb05f152103b2b70d3b07",
                    "width": 640
                },
                {
                    "height": 320,
                    "url": "https://i.scdn.co/image/ab67616100005174c5ceb05f152103b2b70d3b07",
                    "width": 320
                },
                {
                    "height": 160,
                    "url": "https://i.scdn.co/image/ab6761610000f178c5ceb05f152103b2b70d3b07",
                    "width": 160
                }
            ],
            "name": "deadmau5",
            "popularity": 67,
            "type": "artist",
            "uri": "spotify:artist:2CIMQHirSU0MQqyYHq0eOx"
        },
        {
            "external_urls": {
                "spotify": "https://open.spotify.com/artist/57dN52uHvrHOxijzpIgu3E"
            },
            "followers": {
                "href": null,
                "total": 591579
            },
            "genres": [
                "indietronica"
            ],
            "href": "https://api.spotify.com/v1/artists/57dN52uHvrHOxijzpIgu3E",
            "id": "57dN52uHvrHOxijzpIgu3E",
            "images": [
                {
                    "height": 693,
                    "url": "https://i.scdn.co/image/2f0c6c465a83cd196e651e3d4e7625ba799a6f60",
                    "width": 1000
                },
                {
                    "height": 444,
                    "url": "https://i.scdn.co/image/4e3e13c8b993bde9898e49509fb9ae121636e05f",
                    "width": 640
                },
                {
                    "height": 139,
                    "url": "https://i.scdn.co/image/dc68dd24b45b74ecce9d4ed486423673d683ced3",
                    "width": 200
                },
                {
                    "height": 44,
                    "url": "https://i.scdn.co/image/4e55ca05d4f336a2fa0e3062a7ec9778a201e8bc",
                    "width": 63
                }
            ],
            "name": "Ratatat",
            "popularity": 66,
            "type": "artist",
            "uri": "spotify:artist:57dN52uHvrHOxijzpIgu3E"
        },
        {
            "external_urls": {
                "spotify": "https://open.spotify.com/artist/1vCWHaC5f2uS3yhpwWbIA6"
            },
            "followers": {
                "href": null,
                "total": 22942695
            },
            "genres": [
                "edm",
                "pop",
                "pop dance"
            ],
            "href": "https://api.spotify.com/v1/artists/1vCWHaC5f2uS3yhpwWbIA6",
            "id": "1vCWHaC5f2uS3yhpwWbIA6",
            "images": [
                {
                    "height": 640,
                    "url": "https://i.scdn.co/image/ab6761610000e5ebae07171f989fb39736674113",
                    "width": 640
                },
                {
                    "height": 320,
                    "url": "https://i.scdn.co/image/ab67616100005174ae07171f989fb39736674113",
                    "width": 320
                },
                {
                    "height": 160,
                    "url": "https://i.scdn.co/image/ab6761610000f178ae07171f989fb39736674113",
                    "width": 160
                }
            ],
            "name": "Avicii",
            "popularity": 81,
            "type": "artist",
            "uri": "spotify:artist:1vCWHaC5f2uS3yhpwWbIA6"
        },
        {
            "external_urls": {
                "spotify": "https://open.spotify.com/artist/2CIMQHirSU0MQqyYHq0eOx"
            },
            "followers": {
                "href": null,
                "total": 2809519
            },
            "genres": [
                "canadian electronic",
                "complextro",
                "edm",
                "electro house",
                "pop dance",
                "progressive house"
            ],
            "href": "https://api.spotify.com/v1/artists/2CIMQHirSU0MQqyYHq0eOx",
            "id": "2CIMQHirSU0MQqyYHq0eOx",
            "images": [
                {
                    "height": 640,
                    "url": "https://i.scdn.co/image/ab6761610000e5ebc5ceb05f152103b2b70d3b07",
                    "width": 640
                },
                {
                    "height": 320,
                    "url": "https://i.scdn.co/image/ab67616100005174c5ceb05f152103b2b70d3b07",
                    "width": 320
                },
                {
                    "height": 160,
                    "url": "https://i.scdn.co/image/ab6761610000f178c5ceb05f152103b2b70d3b07",
                    "width": 160
                }
            ],
            "name": "deadmau5",
            "popularity": 67,
            "type": "artist",
            "uri": "spotify:artist:2CIMQHirSU0MQqyYHq0eOx"
        },
        {
            "external_urls": {
                "spotify": "https://open.spotify.com/artist/57dN52uHvrHOxijzpIgu3E"
            },
            "followers": {
                "href": null,
                "total": 591579
            },
            "genres": [
                "indietronica"
            ],
            "href": "https://api.spotify.com/v1/artists/57dN52uHvrHOxijzpIgu3E",
            "id": "57dN52uHvrHOxijzpIgu3E",
            "images": [
                {
                    "height": 693,
                    "url": "https://i.scdn.co/image/2f0c6c465a83cd196e651e3d4e7625ba799a6f60",
                    "width": 1000
                },
                {
                    "height": 444,
                    "url": "https://i.scdn.co/image/4e3e13c8b993bde9898e49509fb9ae121636e05f",
                    "width": 640
                },
                {
                    "height": 139,
                    "url": "https://i.scdn.co/image/dc68dd24b45b74ecce9d4ed486423673d683ced3",
                    "width": 200
                },
                {
                    "height": 44,
                    "url": "https://i.scdn.co/image/4e55ca05d4f336a2fa0e3062a7ec9778a201e8bc",
                    "width": 63
                }
            ],
            "name": "Ratatat",
            "popularity": 66,
            "type": "artist",
            "uri": "spotify:artist:57dN52uHvrHOxijzpIgu3E"
        },
        {
            "external_urls": {
                "spotify": "https://open.spotify.com/artist/1vCWHaC5f2uS3yhpwWbIA6"
            },
            "followers": {
                "href": null,
                "total": 22942695
            },
            "genres": [
                "edm",
                "pop",
                "pop dance"
            ],
            "href": "https://api.spotify.com/v1/artists/1vCWHaC5f2uS3yhpwWbIA6",
            "id": "1vCWHaC5f2uS3yhpwWbIA6",
            "images": [
                {
                    "height": 640,
                    "url": "https://i.scdn.co/image/ab6761610000e5ebae07171f989fb39736674113",
                    "width": 640
                },
                {
                    "height": 320,
                    "url": "https://i.scdn.co/image/ab67616100005174ae07171f989fb39736674113",
                    "width": 320
                },
                {
                    "height": 160,
                    "url": "https://i.scdn.co/image/ab6761610000f178ae07171f989fb39736674113",
                    "width": 160
                }
            ],
            "name": "Avicii",
            "popularity": 81,
            "type": "artist",
            "uri": "spotify:artist:1vCWHaC5f2uS3yhpwWbIA6"
        },
        {
            "external_urls": {
                "spotify": "https://open.spotify.com/artist/0DCw6lHkzh9t7f8Hb4Z0Sx"
            },
            "followers": {
                "href": null,
                "total": 916865
            },
            "genres": [
                "alternative metal",
                "death metal",
                "melodic death metal",
                "metal",
                "nu metal",
                "power metal",
                "speed metal",
                "swedish death metal",
                "swedish melodeath",
                "swedish metal",
                "symphonic metal"
            ],
            "href": "https://api.spotify.com/v1/artists/0DCw6lHkzh9t7f8Hb4Z0Sx",
            "id": "0DCw6lHkzh9t7f8Hb4Z0Sx",
            "images": [
                {
                    "height": 640,
                    "url": "https://i.scdn.co/image/ab6761610000e5ebb56d14cd84327f2eb5c481b3",
                    "width": 640
                },
                {
                    "height": 320,
                    "url": "https://i.scdn.co/image/ab67616100005174b56d14cd84327f2eb5c481b3",
                    "width": 320
                },
                {
                    "height": 160,
                    "url": "https://i.scdn.co/image/ab6761610000f178b56d14cd84327f2eb5c481b3",
                    "width": 160
                }
            ],
            "name": "Arch Enemy",
            "popularity": 57,
            "type": "artist",
            "uri": "spotify:artist:0DCw6lHkzh9t7f8Hb4Z0Sx"
        },
        {
            "external_urls": {
                "spotify": "https://open.spotify.com/artist/7zDtfSB0AOZWhpuAHZIOw5"
            },
            "followers": {
                "href": null,
                "total": 201817
            },
            "genres": [
                "death metal",
                "doom metal",
                "epic doom",
                "metal",
                "opera metal",
                "speed metal",
                "stoner metal",
                "swedish doom metal",
                "swedish metal"
            ],
            "href": "https://api.spotify.com/v1/artists/7zDtfSB0AOZWhpuAHZIOw5",
            "id": "7zDtfSB0AOZWhpuAHZIOw5",
            "images": [
                {
                    "height": 640,
                    "url": "https://i.scdn.co/image/ab6761610000e5ebd2d79fca1c03254a3fb52d74",
                    "width": 640
                },
                {
                    "height": 320,
                    "url": "https://i.scdn.co/image/ab67616100005174d2d79fca1c03254a3fb52d74",
                    "width": 320
                },
                {
                    "height": 160,
                    "url": "https://i.scdn.co/image/ab6761610000f178d2d79fca1c03254a3fb52d74",
                    "width": 160
                }
            ],
            "name": "Candlemass",
            "popularity": 43,
            "type": "artist",
            "uri": "spotify:artist:7zDtfSB0AOZWhpuAHZIOw5"
        },
        {
            "external_urls": {
                "spotify": "https://open.spotify.com/artist/6CY7WNJfd5uZclcS3WeEjx"
            },
            "followers": {
                "href": null,
                "total": 140406
            },
            "genres": [
                "japanese vgm"
            ],
            "href": "https://api.spotify.com/v1/artists/6CY7WNJfd5uZclcS3WeEjx",
            "id": "6CY7WNJfd5uZclcS3WeEjx",
            "images": [
                {
                    "height": 640,
                    "url": "https://i.scdn.co/image/ab67616d0000b273ae37e6f73804085bf53b23c7",
                    "width": 640
                },
                {
                    "height": 300,
                    "url": "https://i.scdn.co/image/ab67616d00001e02ae37e6f73804085bf53b23c7",
                    "width": 300
                },
                {
                    "height": 64,
                    "url": "https://i.scdn.co/image/ab67616d00004851ae37e6f73804085bf53b23c7",
                    "width": 64
                }
            ],
            "name": "Yu-Peng Chen",
            "popularity": 64,
            "type": "artist",
            "uri": "spotify:artist:6CY7WNJfd5uZclcS3WeEjx"
        },
        {
            "external_urls": {
                "spotify": "https://open.spotify.com/artist/2CIMQHirSU0MQqyYHq0eOx"
            },
            "followers": {
                "href": null,
                "total": 2809519
            },
            "genres": [
                "canadian electronic",
                "complextro",
                "edm",
                "electro house",
                "pop dance",
                "progressive house"
            ],
            "href": "https://api.spotify.com/v1/artists/2CIMQHirSU0MQqyYHq0eOx",
            "id": "2CIMQHirSU0MQqyYHq0eOx",
            "images": [
                {
                    "height": 640,
                    "url": "https://i.scdn.co/image/ab6761610000e5ebc5ceb05f152103b2b70d3b07",
                    "width": 640
                },
                {
                    "height": 320,
                    "url": "https://i.scdn.co/image/ab67616100005174c5ceb05f152103b2b70d3b07",
                    "width": 320
                },
                {
                    "height": 160,
                    "url": "https://i.scdn.co/image/ab6761610000f178c5ceb05f152103b2b70d3b07",
                    "width": 160
                }
            ],
            "name": "deadmau5",
            "popularity": 67,
            "type": "artist",
            "uri": "spotify:artist:2CIMQHirSU0MQqyYHq0eOx"
        },
        {
            "external_urls": {
                "spotify": "https://open.spotify.com/artist/57dN52uHvrHOxijzpIgu3E"
            },
            "followers": {
                "href": null,
                "total": 591579
            },
            "genres": [
                "indietronica"
            ],
            "href": "https://api.spotify.com/v1/artists/57dN52uHvrHOxijzpIgu3E",
            "id": "57dN52uHvrHOxijzpIgu3E",
            "images": [
                {
                    "height": 693,
                    "url": "https://i.scdn.co/image/2f0c6c465a83cd196e651e3d4e7625ba799a6f60",
                    "width": 1000
                },
                {
                    "height": 444,
                    "url": "https://i.scdn.co/image/4e3e13c8b993bde9898e49509fb9ae121636e05f",
                    "width": 640
                },
                {
                    "height": 139,
                    "url": "https://i.scdn.co/image/dc68dd24b45b74ecce9d4ed486423673d683ced3",
                    "width": 200
                },
                {
                    "height": 44,
                    "url": "https://i.scdn.co/image/4e55ca05d4f336a2fa0e3062a7ec9778a201e8bc",
                    "width": 63
                }
            ],
            "name": "Ratatat",
            "popularity": 66,
            "type": "artist",
            "uri": "spotify:artist:57dN52uHvrHOxijzpIgu3E"
        },
        {
            "external_urls": {
                "spotify": "https://open.spotify.com/artist/1vCWHaC5f2uS3yhpwWbIA6"
            },
            "followers": {
                "href": null,
                "total": 22942695
            },
            "genres": [
                "edm",
                "pop",
                "pop dance"
            ],
            "href": "https://api.spotify.com/v1/artists/1vCWHaC5f2uS3yhpwWbIA6",
            "id": "1vCWHaC5f2uS3yhpwWbIA6",
            "images": [
                {
                    "height": 640,
                    "url": "https://i.scdn.co/image/ab6761610000e5ebae07171f989fb39736674113",
                    "width": 640
                },
                {
                    "height": 320,
                    "url": "https://i.scdn.co/image/ab67616100005174ae07171f989fb39736674113",
                    "width": 320
                },
                {
                    "height": 160,
                    "url": "https://i.scdn.co/image/ab6761610000f178ae07171f989fb39736674113",
                    "width": 160
                }
            ],
            "name": "Avicii",
            "popularity": 81,
            "type": "artist",
            "uri": "spotify:artist:1vCWHaC5f2uS3yhpwWbIA6"
        },
        {
            "external_urls": {
                "spotify": "https://open.spotify.com/artist/2CIMQHirSU0MQqyYHq0eOx"
            },
            "followers": {
                "href": null,
                "total": 2809519
            },
            "genres": [
                "canadian electronic",
                "complextro",
                "edm",
                "electro house",
                "pop dance",
                "progressive house"
            ],
            "href": "https://api.spotify.com/v1/artists/2CIMQHirSU0MQqyYHq0eOx",
            "id": "2CIMQHirSU0MQqyYHq0eOx",
            "images": [
                {
                    "height": 640,
                    "url": "https://i.scdn.co/image/ab6761610000e5ebc5ceb05f152103b2b70d3b07",
                    "width": 640
                },
                {
                    "height": 320,
                    "url": "https://i.scdn.co/image/ab67616100005174c5ceb05f152103b2b70d3b07",
                    "width": 320
                },
                {
                    "height": 160,
                    "url": "https://i.scdn.co/image/ab6761610000f178c5ceb05f152103b2b70d3b07",
                    "width": 160
                }
            ],
            "name": "deadmau5",
            "popularity": 67,
            "type": "artist",
            "uri": "spotify:artist:2CIMQHirSU0MQqyYHq0eOx"
        },
        {
            "external_urls": {
                "spotify": "https://open.spotify.com/artist/57dN52uHvrHOxijzpIgu3E"
            },
            "followers": {
                "href": null,
                "total": 591579
            },
            "genres": [
                "indietronica"
            ],
            "href": "https://api.spotify.com/v1/artists/57dN52uHvrHOxijzpIgu3E",
            "id": "57dN52uHvrHOxijzpIgu3E",
            "images": [
                {
                    "height": 693,
                    "url": "https://i.scdn.co/image/2f0c6c465a83cd196e651e3d4e7625ba799a6f60",
                    "width": 1000
                },
                {
                    "height": 444,
                    "url": "https://i.scdn.co/image/4e3e13c8b993bde9898e49509fb9ae121636e05f",
                    "width": 640
                },
                {
                    "height": 139,
                    "url": "https://i.scdn.co/image/dc68dd24b45b74ecce9d4ed486423673d683ced3",
                    "width": 200
                },
                {
                    "height": 44,
                    "url": "https://i.scdn.co/image/4e55ca05d4f336a2fa0e3062a7ec9778a201e8bc",
                    "width": 63
                }
            ],
            "name": "Ratatat",
            "popularity": 66,
            "type": "artist",
            "uri": "spotify:artist:57dN52uHvrHOxijzpIgu3E"
        },
        {
            "external_urls": {
                "spotify": "https://open.spotify.com/artist/1vCWHaC5f2uS3yhpwWbIA6"
            },
            "followers": {
                "href": null,
                "total": 22942695
            },
            "genres": [
                "edm",
                "pop",
                "pop dance"
            ],
            "href": "https://api.spotify.com/v1/artists/1vCWHaC5f2uS3yhpwWbIA6",
            "id": "1vCWHaC5f2uS3yhpwWbIA6",
            "images": [
                {
                    "height": 640,
                    "url": "https://i.scdn.co/image/ab6761610000e5ebae07171f989fb39736674113",
                    "width": 640
                },
                {
                    "height": 320,
                    "url": "https://i.scdn.co/image/ab67616100005174ae07171f989fb39736674113",
                    "width": 320
                },
                {
                    "height": 160,
                    "url": "https://i.scdn.co/image/ab6761610000f178ae07171f989fb39736674113",
                    "width": 160
                }
            ],
            "name": "Avicii",
            "popularity": 81,
            "type": "artist",
            "uri": "spotify:artist:1vCWHaC5f2uS3yhpwWbIA6"
        },
        {
            "external_urls": {
                "spotify": "https://open.spotify.com/artist/0DCw6lHkzh9t7f8Hb4Z0Sx"
            },
            "followers": {
                "href": null,
                "total": 916865
            },
            "genres": [
                "alternative metal",
                "death metal",
                "melodic death metal",
                "metal",
                "nu metal",
                "power metal",
                "speed metal",
                "swedish death metal",
                "swedish melodeath",
                "swedish metal",
                "symphonic metal"
            ],
            "href": "https://api.spotify.com/v1/artists/0DCw6lHkzh9t7f8Hb4Z0Sx",
            "id": "0DCw6lHkzh9t7f8Hb4Z0Sx",
            "images": [
                {
                    "height": 640,
                    "url": "https://i.scdn.co/image/ab6761610000e5ebb56d14cd84327f2eb5c481b3",
                    "width": 640
                },
                {
                    "height": 320,
                    "url": "https://i.scdn.co/image/ab67616100005174b56d14cd84327f2eb5c481b3",
                    "width": 320
                },
                {
                    "height": 160,
                    "url": "https://i.scdn.co/image/ab6761610000f178b56d14cd84327f2eb5c481b3",
                    "width": 160
                }
            ],
            "name": "Arch Enemy",
            "popularity": 57,
            "type": "artist",
            "uri": "spotify:artist:0DCw6lHkzh9t7f8Hb4Z0Sx"
        },
        {
            "external_urls": {
                "spotify": "https://open.spotify.com/artist/7zDtfSB0AOZWhpuAHZIOw5"
            },
            "followers": {
                "href": null,
                "total": 201817
            },
            "genres": [
                "death metal",
                "doom metal",
                "epic doom",
                "metal",
                "opera metal",
                "speed metal",
                "stoner metal",
                "swedish doom metal",
                "swedish metal"
            ],
            "href": "https://api.spotify.com/v1/artists/7zDtfSB0AOZWhpuAHZIOw5",
            "id": "7zDtfSB0AOZWhpuAHZIOw5",
            "images": [
                {
                    "height": 640,
                    "url": "https://i.scdn.co/image/ab6761610000e5ebd2d79fca1c03254a3fb52d74",
                    "width": 640
                },
                {
                    "height": 320,
                    "url": "https://i.scdn.co/image/ab67616100005174d2d79fca1c03254a3fb52d74",
                    "width": 320
                },
                {
                    "height": 160,
                    "url": "https://i.scdn.co/image/ab6761610000f178d2d79fca1c03254a3fb52d74",
                    "width": 160
                }
            ],
            "name": "Candlemass",
            "popularity": 43,
            "type": "artist",
            "uri": "spotify:artist:7zDtfSB0AOZWhpuAHZIOw5"
        },
        {
            "external_urls": {
                "spotify": "https://open.spotify.com/artist/6CY7WNJfd5uZclcS3WeEjx"
            },
            "followers": {
                "href": null,
                "total": 140406
            },
            "genres": [
                "japanese vgm"
            ],
            "href": "https://api.spotify.com/v1/artists/6CY7WNJfd5uZclcS3WeEjx",
            "id": "6CY7WNJfd5uZclcS3WeEjx",
            "images": [
                {
                    "height": 640,
                    "url": "https://i.scdn.co/image/ab67616d0000b273ae37e6f73804085bf53b23c7",
                    "width": 640
                },
                {
                    "height": 300,
                    "url": "https://i.scdn.co/image/ab67616d00001e02ae37e6f73804085bf53b23c7",
                    "width": 300
                },
                {
                    "height": 64,
                    "url": "https://i.scdn.co/image/ab67616d00004851ae37e6f73804085bf53b23c7",
                    "width": 64
                }
            ],
            "name": "Yu-Peng Chen",
            "popularity": 64,
            "type": "artist",
            "uri": "spotify:artist:6CY7WNJfd5uZclcS3WeEjx"
        },
        {
            "external_urls": {
                "spotify": "https://open.spotify.com/artist/2CIMQHirSU0MQqyYHq0eOx"
            },
            "followers": {
                "href": null,
                "total": 2809519
            },
            "genres": [
                "canadian electronic",
                "complextro",
                "edm",
                "electro house",
                "pop dance",
                "progressive house"
            ],
            "href": "https://api.spotify.com/v1/artists/2CIMQHirSU0MQqyYHq0eOx",
            "id": "2CIMQHirSU0MQqyYHq0eOx",
            "images": [
                {
                    "height": 640,
                    "url": "https://i.scdn.co/image/ab6761610000e5ebc5ceb05f152103b2b70d3b07",
                    "width": 640
                },
                {
                    "height": 320,
                    "url": "https://i.scdn.co/image/ab67616100005174c5ceb05f152103b2b70d3b07",
                    "width": 320
                },
                {
                    "height": 160,
                    "url": "https://i.scdn.co/image/ab6761610000f178c5ceb05f152103b2b70d3b07",
                    "width": 160
                }
            ],
            "name": "deadmau5",
            "popularity": 67,
            "type": "artist",
            "uri": "spotify:artist:2CIMQHirSU0MQqyYHq0eOx"
        },
        {
            "external_urls": {
                "spotify": "https://open.spotify.com/artist/57dN52uHvrHOxijzpIgu3E"
            },
            "followers": {
                "href": null,
                "total": 591579
            },
            "genres": [
                "indietronica"
            ],
            "href": "https://api.spotify.com/v1/artists/57dN52uHvrHOxijzpIgu3E",
            "id": "57dN52uHvrHOxijzpIgu3E",
            "images": [
                {
                    "height": 693,
                    "url": "https://i.scdn.co/image/2f0c6c465a83cd196e651e3d4e7625ba799a6f60",
                    "width": 1000
                },
                {
                    "height": 444,
                    "url": "https://i.scdn.co/image/4e3e13c8b993bde9898e49509fb9ae121636e05f",
                    "width": 640
                },
                {
                    "height": 139,
                    "url": "https://i.scdn.co/image/dc68dd24b45b74ecce9d4ed486423673d683ced3",
                    "width": 200
                },
                {
                    "height": 44,
                    "url": "https://i.scdn.co/image/4e55ca05d4f336a2fa0e3062a7ec9778a201e8bc",
                    "width": 63
                }
            ],
            "name": "Ratatat",
            "popularity": 66,
            "type": "artist",
            "uri": "spotify:artist:57dN52uHvrHOxijzpIgu3E"
        },
        {
            "external_urls": {
                "spotify": "https://open.spotify.com/artist/1vCWHaC5f2uS3yhpwWbIA6"
            },
            "followers": {
                "href": null,
                "total": 22942695
            },
            "genres": [
                "edm",
                "pop",
                "pop dance"
            ],
            "href": "https://api.spotify.com/v1/artists/1vCWHaC5f2uS3yhpwWbIA6",
            "id": "1vCWHaC5f2uS3yhpwWbIA6",
            "images": [
                {
                    "height": 640,
                    "url": "https://i.scdn.co/image/ab6761610000e5ebae07171f989fb39736674113",
                    "width": 640
                },
                {
                    "height": 320,
                    "url": "https://i.scdn.co/image/ab67616100005174ae07171f989fb39736674113",
                    "width": 320
                },
                {
                    "height": 160,
                    "url": "https://i.scdn.co/image/ab6761610000f178ae07171f989fb39736674113",
                    "width": 160
                }
            ],
            "name": "Avicii",
            "popularity": 81,
            "type": "artist",
            "uri": "spotify:artist:1vCWHaC5f2uS3yhpwWbIA6"
        },
        {
            "external_urls": {
                "spotify": "https://open.spotify.com/artist/2CIMQHirSU0MQqyYHq0eOx"
            },
            "followers": {
                "href": null,
                "total": 2809519
            },
            "genres": [
                "canadian electronic",
                "complextro",
                "edm",
                "electro house",
                "pop dance",
                "progressive house"
            ],
            "href": "https://api.spotify.com/v1/artists/2CIMQHirSU0MQqyYHq0eOx",
            "id": "2CIMQHirSU0MQqyYHq0eOx",
            "images": [
                {
                    "height": 640,
                    "url": "https://i.scdn.co/image/ab6761610000e5ebc5ceb05f152103b2b70d3b07",
                    "width": 640
                },
                {
                    "height": 320,
                    "url": "https://i.scdn.co/image/ab67616100005174c5ceb05f152103b2b70d3b07",
                    "width": 320
                },
                {
                    "height": 160,
                    "url": "https://i.scdn.co/image/ab6761610000f178c5ceb05f152103b2b70d3b07",
                    "width": 160
                }
            ],
            "name": "deadmau5",
            "popularity": 67,
            "type": "artist",
            "uri": "spotify:artist:2CIMQHirSU0MQqyYHq0eOx"
        },
        {
            "external_urls": {
                "spotify": "https://open.spotify.com/artist/57dN52uHvrHOxijzpIgu3E"
            },
            "followers": {
                "href": null,
                "total": 591579
            },
            "genres": [
                "indietronica"
            ],
            "href": "https://api.spotify.com/v1/artists/57dN52uHvrHOxijzpIgu3E",
            "id": "57dN52uHvrHOxijzpIgu3E",
            "images": [
                {
                    "height": 693,
                    "url": "https://i.scdn.co/image/2f0c6c465a83cd196e651e3d4e7625ba799a6f60",
                    "width": 1000
                },
                {
                    "height": 444,
                    "url": "https://i.scdn.co/image/4e3e13c8b993bde9898e49509fb9ae121636e05f",
                    "width": 640
                },
                {
                    "height": 139,
                    "url": "https://i.scdn.co/image/dc68dd24b45b74ecce9d4ed486423673d683ced3",
                    "width": 200
                },
                {
                    "height": 44,
                    "url": "https://i.scdn.co/image/4e55ca05d4f336a2fa0e3062a7ec9778a201e8bc",
                    "width": 63
                }
            ],
            "name": "Ratatat",
            "popularity": 66,
            "type": "artist",
            "uri": "spotify:artist:57dN52uHvrHOxijzpIgu3E"
        },
        {
            "external_urls": {
                "spotify": "https://open.spotify.com/artist/1vCWHaC5f2uS3yhpwWbIA6"
            },
            "followers": {
                "href": null,
                "total": 22942695
            },
            "genres": [
                "edm",
                "pop",
                "pop dance"
            ],
            "href": "https://api.spotify.com/v1/artists/1vCWHaC5f2uS3yhpwWbIA6",
            "id": "1vCWHaC5f2uS3yhpwWbIA6",
            "images": [
                {
                    "height": 640,
                    "url": "https://i.scdn.co/image/ab6761610000e5ebae07171f989fb39736674113",
                    "width": 640
                },
                {
                    "height": 320,
                    "url": "https://i.scdn.co/image/ab67616100005174ae07171f989fb39736674113",
                    "width": 320
                },
                {
                    "height": 160,
                    "url": "https://i.scdn.co/image/ab6761610000f178ae07171f989fb39736674113",
                    "width": 160
                }
            ],
            "name": "Avicii",
            "popularity": 81,
            "type": "artist",
            "uri": "spotify:artist:1vCWHaC5f2uS3yhpwWbIA6"
        },
        {
            "external_urls": {
                "spotify": "https://open.spotify.com/artist/0DCw6lHkzh9t7f8Hb4Z0Sx"
            },
            "followers": {
                "href": null,
                "total": 916865
            },
            "genres": [
                "alternative metal",
                "death metal",
                "melodic death metal",
                "metal",
                "nu metal",
                "power metal",
                "speed metal",
                "swedish death metal",
                "swedish melodeath",
                "swedish metal",
                "symphonic metal"
            ],
            "href": "https://api.spotify.com/v1/artists/0DCw6lHkzh9t7f8Hb4Z0Sx",
            "id": "0DCw6lHkzh9t7f8Hb4Z0Sx",
            "images": [
                {
                    "height": 640,
                    "url": "https://i.scdn.co/image/ab6761610000e5ebb56d14cd84327f2eb5c481b3",
                    "width": 640
                },
                {
                    "height": 320,
                    "url": "https://i.scdn.co/image/ab67616100005174b56d14cd84327f2eb5c481b3",
                    "width": 320
                },
                {
                    "height": 160,
                    "url": "https://i.scdn.co/image/ab6761610000f178b56d14cd84327f2eb5c481b3",
                    "width": 160
                }
            ],
            "name": "Arch Enemy",
            "popularity": 57,
            "type": "artist",
            "uri": "spotify:artist:0DCw6lHkzh9t7f8Hb4Z0Sx"
        },
        {
            "external_urls": {
                "spotify": "https://open.spotify.com/artist/7zDtfSB0AOZWhpuAHZIOw5"
            },
            "followers": {
                "href": null,
                "total": 201817
            },
            "genres": [
                "death metal",
                "doom metal",
                "epic doom",
                "metal",
                "opera metal",
                "speed metal",
                "stoner metal",
                "swedish doom metal",
                "swedish metal"
            ],
            "href": "https://api.spotify.com/v1/artists/7zDtfSB0AOZWhpuAHZIOw5",
            "id": "7zDtfSB0AOZWhpuAHZIOw5",
            "images": [
                {
                    "height": 640,
                    "url": "https://i.scdn.co/image/ab6761610000e5ebd2d79fca1c03254a3fb52d74",
                    "width": 640
                },
                {
                    "height": 320,
                    "url": "https://i.scdn.co/image/ab67616100005174d2d79fca1c03254a3fb52d74",
                    "width": 320
                },
                {
                    "height": 160,
                    "url": "https://i.scdn.co/image/ab6761610000f178d2d79fca1c03254a3fb52d74",
                    "width": 160
                }
            ],
            "name": "Candlemass",
            "popularity": 43,
            "type": "artist",
            "uri": "spotify:artist:7zDtfSB0AOZWhpuAHZIOw5"
        },
        {
            "external_urls": {
                "spotify": "https://open.spotify.com/artist/6CY7WNJfd5uZclcS3WeEjx"
            },
            "followers": {
                "href": null,
                "total": 140406
            },
            "genres": [
                "japanese vgm"
            ],
            "href": "https://api.spotify.com/v1/artists/6CY7WNJfd5uZclcS3WeEjx",
            "id": "6CY7WNJfd5uZclcS3WeEjx",
            "images": [
                {
                    "height": 640,
                    "url": "https://i.scdn.co/image/ab67616d0000b273ae37e6f73804085bf53b23c7",
                    "width": 640
                },
                {
                    "height": 300,
                    "url": "https://i.scdn.co/image/ab67616d00001e02ae37e6f73804085bf53b23c7",
                    "width": 300
                },
                {
                    "height": 64,
                    "url": "https://i.scdn.co/image/ab67616d00004851ae37e6f73804085bf53b23c7",
                    "width": 64
                }
            ],
            "name": "Yu-Peng Chen",
            "popularity": 64,
            "type": "artist",
            "uri": "spotify:artist:6CY7WNJfd5uZclcS3WeEjx"
        },
        {
            "external_urls": {
                "spotify": "https://open.spotify.com/artist/2CIMQHirSU0MQqyYHq0eOx"
            },
            "followers": {
                "href": null,
                "total": 2809519
            },
            "genres": [
                "canadian electronic",
                "complextro",
                "edm",
                "electro house",
                "pop dance",
                "progressive house"
            ],
            "href": "https://api.spotify.com/v1/artists/2CIMQHirSU0MQqyYHq0eOx",
            "id": "2CIMQHirSU0MQqyYHq0eOx",
            "images": [
                {
                    "height": 640,
                    "url": "https://i.scdn.co/image/ab6761610000e5ebc5ceb05f152103b2b70d3b07",
                    "width": 640
                },
                {
                    "height": 320,
                    "url": "https://i.scdn.co/image/ab67616100005174c5ceb05f152103b2b70d3b07",
                    "width": 320
                },
                {
                    "height": 160,
                    "url": "https://i.scdn.co/image/ab6761610000f178c5ceb05f152103b2b70d3b07",
                    "width": 160
                }
            ],
            "name": "deadmau5",
            "popularity": 67,
            "type": "artist",
            "uri": "spotify:artist:2CIMQHirSU0MQqyYHq0eOx"
        },
        {
            "external_urls": {
                "spotify": "https://open.spotify.com/artist/57dN52uHvrHOxijzpIgu3E"
            },
            "followers": {
                "href": null,
                "total": 591579
            },
            "genres": [
                "indietronica"
            ],
            "href": "https://api.spotify.com/v1/artists/57dN52uHvrHOxijzpIgu3E",
            "id": "57dN52uHvrHOxijzpIgu3E",
            "images": [
                {
                    "height": 693,
                    "url": "https://i.scdn.co/image/2f0c6c465a83cd196e651e3d4e7625ba799a6f60",
                    "width": 1000
                },
                {
                    "height": 444,
                    "url": "https://i.scdn.co/image/4e3e13c8b993bde9898e49509fb9ae121636e05f",
                    "width": 640
                },
                {
                    "height": 139,
                    "url": "https://i.scdn.co/image/dc68dd24b45b74ecce9d4ed486423673d683ced3",
                    "width": 200
                },
                {
                    "height": 44,
                    "url": "https://i.scdn.co/image/4e55ca05d4f336a2fa0e3062a7ec9778a201e8bc",
                    "width": 63
                }
            ],
            "name": "Ratatat",
            "popularity": 66,
            "type": "artist",
            "uri": "spotify:artist:57dN52uHvrHOxijzpIgu3E"
        },
        {
            "external_urls": {
                "spotify": "https://open.spotify.com/artist/1vCWHaC5f2uS3yhpwWbIA6"
            },
            "followers": {
                "href": null,
                "total": 22942695
            },
            "genres": [
                "edm",
                "pop",
                "pop dance"
            ],
            "href": "https://api.spotify.com/v1/artists/1vCWHaC5f2uS3yhpwWbIA6",
            "id": "1vCWHaC5f2uS3yhpwWbIA6",
            "images": [
                {
                    "height": 640,
                    "url": "https://i.scdn.co/image/ab6761610000e5ebae07171f989fb39736674113",
                    "width": 640
                },
                {
                    "height": 320,
                    "url": "https://i.scdn.co/image/ab67616100005174ae07171f989fb39736674113",
                    "width": 320
                },
                {
                    "height": 160,
                    "url": "https://i.scdn.co/image/ab6761610000f178ae07171f989fb39736674113",
                    "width": 160
                }
            ],
            "name": "Avicii",
            "popularity": 81,
            "type": "artist",
            "uri": "spotify:artist:1vCWHaC5f2uS3yhpwWbIA6"
        },
        {
            "external_urls": {
                "spotify": "https://open.spotify.com/artist/2CIMQHirSU0MQqyYHq0eOx"
            },
            "followers": {
                "href": null,
                "total": 2809519
            },
            "genres": [
                "canadian electronic",
                "complextro",
                "edm",
                "electro house",
                "pop dance",
                "progressive house"
            ],
            "href": "https://api.spotify.com/v1/artists/2CIMQHirSU0MQqyYHq0eOx",
            "id": "2CIMQHirSU0MQqyYHq0eOx",
            "images": [
                {
                    "height": 640,
                    "url": "https://i.scdn.co/image/ab6761610000e5ebc5ceb05f152103b2b70d3b07",
                    "width": 640
                },
                {
                    "height": 320,
                    "url": "https://i.scdn.co/image/ab67616100005174c5ceb05f152103b2b70d3b07",
                    "width": 320
                },
                {
                    "height": 160,
                    "url": "https://i.scdn.co/image/ab6761610000f178c5ceb05f152103b2b70d3b07",
                    "width": 160
                }
            ],
            "name": "deadmau5",
            "popularity": 67,
            "type": "artist",
            "uri": "spotify:artist:2CIMQHirSU0MQqyYHq0eOx"
        },
        {
            "external_urls": {
                "spotify": "https://open.spotify.com/artist/57dN52uHvrHOxijzpIgu3E"
            },
            "followers": {
                "href": null,
                "total": 591579
            },
            "genres": [
                "indietronica"
            ],
            "href": "https://api.spotify.com/v1/artists/57dN52uHvrHOxijzpIgu3E",
            "id": "57dN52uHvrHOxijzpIgu3E",
            "images": [
                {
                    "height": 693,
                    "url": "https://i.scdn.co/image/2f0c6c465a83cd196e651e3d4e7625ba799a6f60",
                    "width": 1000
                },
                {
                    "height": 444,
                    "url": "https://i.scdn.co/image/4e3e13c8b993bde9898e49509fb9ae121636e05f",
                    "width": 640
                },
                {
                    "height": 139,
                    "url": "https://i.scdn.co/image/dc68dd24b45b74ecce9d4ed486423673d683ced3",
                    "width": 200
                },
                {
                    "height": 44,
                    "url": "https://i.scdn.co/image/4e55ca05d4f336a2fa0e3062a7ec9778a201e8bc",
                    "width": 63
                }
            ],
            "name": "Ratatat",
            "popularity": 66,
            "type": "artist",
            "uri": "spotify:artist:57dN52uHvrHOxijzpIgu3E"
        },
        {
            "external_urls": {
                "spotify": "https://open.spotify.com/artist/1vCWHaC5f2uS3yhpwWbIA6"
            },
            "followers": {
                "href": null,
                "total": 22942695
            },
            "genres": [
                "edm",
                "pop",
                "pop dance"
            ],
            "href": "https://api.spotify.com/v1/artists/1vCWHaC5f2uS3yhpwWbIA6",
            "id": "1vCWHaC5f2uS3yhpwWbIA6",
            "images": [
                {
                    "height": 640,
                    "url": "https://i.scdn.co/image/ab6761610000e5ebae07171f989fb39736674113",
                    "width": 640
                },
                {
                    "height": 320,
                    "url": "https://i.scdn.co/image/ab67616100005174ae07171f989fb39736674113",
                    "width": 320
                },
                {
                    "height": 160,
                    "url": "https://i.scdn.co/image/ab6761610000f178ae07171f989fb39736674113",
                    "width": 160
                }
            ],
            "name": "Avicii",
            "popularity": 81,
            "type": "artist",
            "uri": "spotify:artist:1vCWHaC5f2uS3yhpwWbIA6"
        },
        {
            "external_urls": {
                "spotify": "https://open.spotify.com/artist/0DCw6lHkzh9t7f8Hb4Z0Sx"
            },
            "followers": {
                "href": null,
                "total": 916865
            },
            "genres": [
                "alternative metal",
                "death metal",
                "melodic death metal",
                "metal",
                "nu metal",
                "power metal",
                "speed metal",
                "swedish death metal",
                "swedish melodeath",
                "swedish metal",
                "symphonic metal"
            ],
            "href": "https://api.spotify.com/v1/artists/0DCw6lHkzh9t7f8Hb4Z0Sx",
            "id": "0DCw6lHkzh9t7f8Hb4Z0Sx",
            "images": [
                {
                    "height": 640,
                    "url": "https://i.scdn.co/image/ab6761610000e5ebb56d14cd84327f2eb5c481b3",
                    "width": 640
                },
                {
                    "height": 320,
                    "url": "https://i.scdn.co/image/ab67616100005174b56d14cd84327f2eb5c481b3",
                    "width": 320
                },
                {
                    "height": 160,
                    "url": "https://i.scdn.co/image/ab6761610000f178b56d14cd84327f2eb5c481b3",
                    "width": 160
                }
            ],
            "name": "Arch Enemy",
            "popularity": 57,
            "type": "artist",
            "uri": "spotify:artist:0DCw6lHkzh9t7f8Hb4Z0Sx"
        },
        {
            "external_urls": {
                "spotify": "https://open.spotify.com/artist/7zDtfSB0AOZWhpuAHZIOw5"
            },
            "followers": {
                "href": null,
                "total": 201817
            },
            "genres": [
                "death metal",
                "doom metal",
                "epic doom",
                "metal",
                "opera metal",
                "speed metal",
                "stoner metal",
                "swedish doom metal",
                "swedish metal"
            ],
            "href": "https://api.spotify.com/v1/artists/7zDtfSB0AOZWhpuAHZIOw5",
            "id": "7zDtfSB0AOZWhpuAHZIOw5",
            "images": [
                {
                    "height": 640,
                    "url": "https://i.scdn.co/image/ab6761610000e5ebd2d79fca1c03254a3fb52d74",
                    "width": 640
                },
                {
                    "height": 320,
                    "url": "https://i.scdn.co/image/ab67616100005174d2d79fca1c03254a3fb52d74",
                    "width": 320
                },
                {
                    "height": 160,
                    "url": "https://i.scdn.co/image/ab6761610000f178d2d79fca1c03254a3fb52d74",
                    "width": 160
                }
            ],
            "name": "Candlemass",
            "popularity": 43,
            "type": "artist",
            "uri": "spotify:artist:7zDtfSB0AOZWhpuAHZIOw5"
        },
        {
            "external_urls": {
                "spotify": "https://open.spotify.com/artist/6CY7WNJfd5uZclcS3WeEjx"
            },
            "followers": {
                "href": null,
                "total": 140406
            },
            "genres": [
                "japanese vgm"
            ],
            "href": "https://api.spotify.com/v1/artists/6CY7WNJfd5uZclcS3WeEjx",
            "id": "6CY7WNJfd5uZclcS3WeEjx",
            "images": [
                {
                    "height": 640,
                    "url": "https://i.scdn.co/image/ab67616d0000b273ae37e6f73804085bf53b23c7",
                    "width": 640
                },
                {
                    "height": 300,
                    "url": "https://i.scdn.co/image/ab67616d00001e02ae37e6f73804085bf53b23c7",
                    "width": 300
                },
                {
                    "height": 64,
                    "url": "https://i.scdn.co/image/ab67616d00004851ae37e6f73804085bf53b23c7",
                    "width": 64
                }
            ],
            "name": "Yu-Peng Chen",
            "popularity": 64,
            "type": "artist",
            "uri": "spotify:artist:6CY7WNJfd5uZclcS3WeEjx"
        },
        {
            "external_urls": {
                "spotify": "https://open.spotify.com/artist/2CIMQHirSU0MQqyYHq0eOx"
            },
            "followers": {
                "href": null,
                "total": 2809519
            },
            "genres": [
                "canadian electronic",
                "complextro",
                "edm",
                "electro house",
                "pop dance",
                "progressive house"
            ],
            "href": "https://api.spotify.com/v1/artists/2CIMQHirSU0MQqyYHq0eOx",
            "id": "2CIMQHirSU0MQqyYHq0eOx",
            "images": [
                {
                    "height": 640,
                    "url": "https://i.scdn.co/image/ab6761610000e5ebc5ceb05f152103b2b70d3b07",
                    "width": 640
                },
                {
                    "height": 320,
                    "url": "https://i.scdn.co/image/ab67616100005174c5ceb05f152103b2b70d3b07",
                    "width": 320
                },
                {
                    "height": 160,
                    "url": "https://i.scdn.co/image/ab6761610000f178c5ceb05f152103b2b70d3b07",
                    "width": 160
                }
            ],
            "name": "deadmau5",
            "popularity": 67,
            "type": "artist",
            "uri": "spotify:artist:2CIMQHirSU0MQqyYHq0eOx"
        },
        {
            "external_urls": {
                "spotify": "https://open.spotify.com/artist/57dN52uHvrHOxijzpIgu3E"
            },
            "followers": {
                "href": null,
                "total": 591579
            },
            "genres": [
                "indietronica"
            ],
            "href": "https://api.spotify.com/v1/artists/57dN52uHvrHOxijzpIgu3E",
            "id": "57dN52uHvrHOxijzpIgu3E",
            "images": [
                {
                    "height": 693,
                    "url": "https://i.scdn.co/image/2f0c6c465a83cd196e651e3d4e7625ba799a6f60",
                    "width": 1000
                },
                {
                    "height": 444,
                    "url": "https://i.scdn.co/image/4e3e13c8b993bde9898e49509fb9ae121636e05f",
                    "width": 640
                },
                {
                    "height": 139,
                    "url": "https://i.scdn.co/image/dc68dd24b45b74ecce9d4ed486423673d683ced3",
                    "width": 200
                },
                {
                    "height": 44,
                    "url": "https://i.scdn.co/image/4e55ca05d4f336a2fa0e3062a7ec9778a201e8bc",
                    "width": 63
                }
            ],
            "name": "Ratatat",
            "popularity": 66,
            "type": "artist",
            "uri": "spotify:artist:57dN52uHvrHOxijzpIgu3E"
        },
        {
            "external_urls": {
                "spotify": "https://open.spotify.com/artist/1vCWHaC5f2uS3yhpwWbIA6"
            },
            "followers": {
                "href": null,
                "total": 22942695
            },
            "genres": [
                "edm",
                "pop",
                "pop dance"
            ],
            "href": "https://api.spotify.com/v1/artists/1vCWHaC5f2uS3yhpwWbIA6",
            "id": "1vCWHaC5f2uS3yhpwWbIA6",
            "images": [
                {
                    "height": 640,
                    "url": "https://i.scdn.co/image/ab6761610000e5ebae07171f989fb39736674113",
                    "width": 640
                },
                {
                    "height": 320,
                    "url": "https://i.scdn.co/image/ab67616100005174ae07171f989fb39736674113",
                    "width": 320
                },
                {
                    "height": 160,
                    "url": "https://i.scdn.co/image/ab6761610000f178ae07171f989fb39736674113",
                    "width": 160
                }
            ],
            "name": "Avicii",
            "popularity": 81,
            "type": "artist",
            "uri": "spotify:artist:1vCWHaC5f2uS3yhpwWbIA6"
        },
        {
            "external_urls": {
                "spotify": "https://open.spotify.com/artist/2CIMQHirSU0MQqyYHq0eOx"
            },
            "followers": {
                "href": null,
                "total": 2809519
            },
            "genres": [
                "canadian electronic",
                "complextro",
                "edm",
                "electro house",
                "pop dance",
                "progressive house"
            ],
            "href": "https://api.spotify.com/v1/artists/2CIMQHirSU0MQqyYHq0eOx",
            "id": "2CIMQHirSU0MQqyYHq0eOx",
            "images": [
                {
                    "height": 640,
                    "url": "https://i.scdn.co/image/ab6761610000e5ebc5ceb05f152103b2b70d3b07",
                    "width": 640
                },
                {
                    "height": 320,
                    "url": "https://i.scdn.co/image/ab67616100005174c5ceb05f152103b2b70d3b07",
                    "width": 320
                },
                {
                    "height": 160,
                    "url": "https://i.scdn.co/image/ab6761610000f178c5ceb05f152103b2b70d3b07",
                    "width": 160
                }
            ],
            "name": "deadmau5",
            "popularity": 67,
            "type": "artist",
            "uri": "spotify:artist:2CIMQHirSU0MQqyYHq0eOx"
        },
        {
            "external_urls": {
                "spotify": "https://open.spotify.com/artist/57dN52uHvrHOxijzpIgu3E"
            },
            "followers": {
                "href": null,
                "total": 591579
            },
            "genres": [
                "indietronica"
            ],
            "href": "https://api.spotify.com/v1/artists/57dN52uHvrHOxijzpIgu3E",
            "id": "57dN52uHvrHOxijzpIgu3E",
            "images": [
                {
                    "height": 693,
                    "url": "https://i.scdn.co/image/2f0c6c465a83cd196e651e3d4e7625ba799a6f60",
                    "width": 1000
                },
                {
                    "height": 444,
                    "url": "https://i.scdn.co/image/4e3e13c8b993bde9898e49509fb9ae121636e05f",
                    "width": 640
                },
                {
                    "height": 139,
                    "url": "https://i.scdn.co/image/dc68dd24b45b74ecce9d4ed486423673d683ced3",
                    "width": 200
                },
                {
                    "height": 44,
                    "url": "https://i.scdn.co/image/4e55ca05d4f336a2fa0e3062a7ec9778a201e8bc",
                    "width": 63
                }
            ],
            "name": "Ratatat",
            "popularity": 66,
            "type": "artist",
            "uri": "spotify:artist:57dN52uHvrHOxijzpIgu3E"
        },
        {
            "external_urls": {
                "spotify": "https://open.spotify.com/artist/1vCWHaC5f2uS3yhpwWbIA6"
            },
            "followers": {
                "href": null,
                "total": 22942695
            },
            "genres": [
                "edm",
                "pop",
                "pop dance"
            ],
            "href": "https://api.spotify.com/v1/artists/1vCWHaC5f2uS3yhpwWbIA6",
            "id": "1vCWHaC5f2uS3yhpwWbIA6",
            "images": [
                {
                    "height": 640,
                    "url": "https://i.scdn.co/image/ab6761610000e5ebae07171f989fb39736674113",
                    "width": 640
                },
                {
                    "height": 320,
                    "url": "https://i.scdn.co/image/ab67616100005174ae07171f989fb39736674113",
                    "width": 320
                },
                {
                    "height": 160,
                    "url": "https://i.scdn.co/image/ab6761610000f178ae07171f989fb39736674113",
                    "width": 160
                }
            ],
            "name": "Avicii",
            "popularity": 81,
            "type": "artist",
            "uri": "spotify:artist:1vCWHaC5f2uS3yhpwWbIA6"
        },
        {
            "external_urls": {
                "spotify": "https://open.spotify.com/artist/0DCw6lHkzh9t7f8Hb4Z0Sx"
            },
            "followers": {
                "href": null,
                "total": 916865
            },
            "genres": [
                "alternative metal",
                "death metal",
                "melodic death metal",
                "metal",
                "nu metal",
                "power metal",
                "speed metal",
                "swedish death metal",
                "swedish melodeath",
                "swedish metal",
                "symphonic metal"
            ],
            "href": "https://api.spotify.com/v1/artists/0DCw6lHkzh9t7f8Hb4Z0Sx",
            "id": "0DCw6lHkzh9t7f8Hb4Z0Sx",
            "images": [
                {
                    "height": 640,
                    "url": "https://i.scdn.co/image/ab6761610000e5ebb56d14cd84327f2eb5c481b3",
                    "width": 640
                },
                {
                    "height": 320,
                    "url": "https://i.scdn.co/image/ab67616100005174b56d14cd84327f2eb5c481b3",
                    "width": 320
                },
                {
                    "height": 160,
                    "url": "https://i.scdn.co/image/ab6761610000f178b56d14cd84327f2eb5c481b3",
                    "width": 160
                }
            ],
            "name": "Arch Enemy",
            "popularity": 57,
            "type": "artist",
            "uri": "spotify:artist:0DCw6lHkzh9t7f8Hb4Z0Sx"
        },
        {
            "external_urls": {
                "spotify": "https://open.spotify.com/artist/0DCw6lHkzh9t7f8Hb4Z0Sx"
            },
            "followers": {
                "href": null,
                "total": 916865
            },
            "genres": [
                "alternative metal",
                "death metal",
                "melodic death metal",
                "metal",
                "nu metal",
                "power metal",
                "speed metal",
                "swedish death metal",
                "swedish melodeath",
                "swedish metal",
                "symphonic metal"
            ],
            "href": "https://api.spotify.com/v1/artists/0DCw6lHkzh9t7f8Hb4Z0Sx",
            "id": "0DCw6lHkzh9t7f8Hb4Z0Sx",
            "images": [
                {
                    "height": 640,
                    "url": "https://i.scdn.co/image/ab6761610000e5ebb56d14cd84327f2eb5c481b3",
                    "width": 640
                },
                {
                    "height": 320,
                    "url": "https://i.scdn.co/image/ab67616100005174b56d14cd84327f2eb5c481b3",
                    "width": 320
                },
                {
                    "height": 160,
                    "url": "https://i.scdn.co/image/ab6761610000f178b56d14cd84327f2eb5c481b3",
                    "width": 160
                }
            ],
            "name": "Arch Enemy",
            "popularity": 57,
            "type": "artist",
            "uri": "spotify:artist:0DCw6lHkzh9t7f8Hb4Z0Sx"
        }
    ]
}
The total number asserted: 916865
Asserted Genres: [death metal, doom metal, epic doom, metal, opera metal, speed metal, stoner metal, swedish doom metal, swedish metal]
Data of fifty values: 
HTTP/1.1 200 OK


]]></system-out>
  </testcase>
  <testcase name="GetSeveralArtistsWithValidDataFortyNineTest" classname="api.tests.artist.positivetests.PositiveGetArtistsTests" time="0.351">
    <system-out><![CDATA[BQCrnw8_ksoHq7W-6UE7VlVArvha2kAzuvJXb5EOpllfVkVFkpUpppluWsgZOHvJBIUlQkqa3ARbQ6r-3UJbXSdN9m2AN01Qv2CJi51Zecavars6vDE
The total number asserted: 916865
Asserted Genres: [alternative metal, death metal, melodic death metal, metal, nu metal, power metal, speed metal, swedish death metal, swedish melodeath, swedish metal, symphonic metal]
Data of forty nine values: 
HTTP/1.1 200 OK


]]></system-out>
  </testcase>
  <testcase name="getOneArtistTest" classname="api.tests.artist.positivetests.PositiveGetArtistsTests" time="0.304">
    <system-out><![CDATA[BQCu3GrYoLCh19CiaGbFs1BDdVhZzPJzCgObAjf6P3JqQzR5J8J_mkHo4RvIF5QvgjT1vLI7_1aSUf9l8irvRtf007F38w8YVA_fCNHSeXSplRd10N4
HTTP/1.1 200 OK
]]></system-out>
  </testcase>
</testsuite>