<?xml version="1.0" encoding="UTF-8"?>
<testsuite xmlns:xsi="http://www.w3.org/2001/XMLSchema-instance" xsi:noNamespaceSchemaLocation="https://maven.apache.org/surefire/maven-surefire-plugin/xsd/surefire-test-report-3.0.xsd" version="3.0" name="TestSuite" time="8.962" tests="10" errors="0" skipped="0" failures="0">
  <properties>
    <property name="sun.desktop" value="windows"/>
    <property name="awt.toolkit" value="sun.awt.windows.WToolkit"/>
    <property name="java.specification.version" value="11"/>
    <property name="sun.cpu.isalist" value="amd64"/>
    <property name="sun.jnu.encoding" value="Cp1252"/>
    <property name="java.class.path" value="C:\Users\igalk\IdeaProjects\spotifyapiautomation\target\test-classes;C:\Users\igalk\IdeaProjects\spotifyapiautomation\target\classes;C:\Users\igalk\.m2\repository\org\projectlombok\lombok\1.18.28\lombok-1.18.28.jar;C:\Users\igalk\.m2\repository\io\rest-assured\rest-assured\5.3.0\rest-assured-5.3.0.jar;C:\Users\igalk\.m2\repository\org\apache\groovy\groovy\4.0.6\groovy-4.0.6.jar;C:\Users\igalk\.m2\repository\org\apache\groovy\groovy-xml\4.0.6\groovy-xml-4.0.6.jar;C:\Users\igalk\.m2\repository\org\apache\httpcomponents\httpclient\4.5.13\httpclient-4.5.13.jar;C:\Users\igalk\.m2\repository\org\apache\httpcomponents\httpcore\4.4.13\httpcore-4.4.13.jar;C:\Users\igalk\.m2\repository\commons-logging\commons-logging\1.2\commons-logging-1.2.jar;C:\Users\igalk\.m2\repository\org\apache\httpcomponents\httpmime\4.5.13\httpmime-4.5.13.jar;C:\Users\igalk\.m2\repository\org\hamcrest\hamcrest\2.1\hamcrest-2.1.jar;C:\Users\igalk\.m2\repository\org\ccil\cowan\tagsoup\tagsoup\1.2.1\tagsoup-1.2.1.jar;C:\Users\igalk\.m2\repository\io\rest-assured\xml-path\5.3.0\xml-path-5.3.0.jar;C:\Users\igalk\.m2\repository\io\rest-assured\json-path\5.3.0\json-path-5.3.0.jar;C:\Users\igalk\.m2\repository\org\apache\groovy\groovy-json\4.0.6\groovy-json-4.0.6.jar;C:\Users\igalk\.m2\repository\io\rest-assured\rest-assured-common\5.3.0\rest-assured-common-5.3.0.jar;C:\Users\igalk\.m2\repository\org\json\json\20220320\json-20220320.jar;C:\Users\igalk\.m2\repository\org\testng\testng\7.8.0\testng-7.8.0.jar;C:\Users\igalk\.m2\repository\org\slf4j\slf4j-api\1.7.36\slf4j-api-1.7.36.jar;C:\Users\igalk\.m2\repository\com\beust\jcommander\1.82\jcommander-1.82.jar;C:\Users\igalk\.m2\repository\org\webjars\jquery\3.6.1\jquery-3.6.1.jar;C:\Users\igalk\.m2\repository\com\github\scribejava\scribejava-apis\8.3.1\scribejava-apis-8.3.1.jar;C:\Users\igalk\.m2\repository\com\github\scribejava\scribejava-core\8.3.1\scribejava-core-8.3.1.jar;C:\Users\igalk\.m2\repository\com\github\scribejava\scribejava-java8\8.3.1\scribejava-java8-8.3.1.jar;C:\Users\igalk\.m2\repository\com\fasterxml\jackson\core\jackson-databind\2.12.3\jackson-databind-2.12.3.jar;C:\Users\igalk\.m2\repository\com\fasterxml\jackson\core\jackson-annotations\2.12.3\jackson-annotations-2.12.3.jar;C:\Users\igalk\.m2\repository\com\fasterxml\jackson\core\jackson-core\2.12.3\jackson-core-2.12.3.jar;C:\Users\igalk\.m2\repository\io\rest-assured\json-schema-validator\5.3.0\json-schema-validator-5.3.0.jar;C:\Users\igalk\.m2\repository\com\github\java-json-tools\json-schema-validator\2.2.14\json-schema-validator-2.2.14.jar;C:\Users\igalk\.m2\repository\com\google\guava\guava\28.2-android\guava-28.2-android.jar;C:\Users\igalk\.m2\repository\com\google\guava\failureaccess\1.0.1\failureaccess-1.0.1.jar;C:\Users\igalk\.m2\repository\com\google\guava\listenablefuture\9999.0-empty-to-avoid-conflict-with-guava\listenablefuture-9999.0-empty-to-avoid-conflict-with-guava.jar;C:\Users\igalk\.m2\repository\org\checkerframework\checker-compat-qual\2.5.5\checker-compat-qual-2.5.5.jar;C:\Users\igalk\.m2\repository\com\google\errorprone\error_prone_annotations\2.3.4\error_prone_annotations-2.3.4.jar;C:\Users\igalk\.m2\repository\com\google\j2objc\j2objc-annotations\1.3\j2objc-annotations-1.3.jar;C:\Users\igalk\.m2\repository\com\github\java-json-tools\jackson-coreutils-equivalence\1.0\jackson-coreutils-equivalence-1.0.jar;C:\Users\igalk\.m2\repository\com\github\java-json-tools\jackson-coreutils\2.0\jackson-coreutils-2.0.jar;C:\Users\igalk\.m2\repository\com\github\java-json-tools\msg-simple\1.2\msg-simple-1.2.jar;C:\Users\igalk\.m2\repository\com\github\java-json-tools\btf\1.3\btf-1.3.jar;C:\Users\igalk\.m2\repository\com\github\java-json-tools\json-schema-core\1.2.14\json-schema-core-1.2.14.jar;C:\Users\igalk\.m2\repository\com\github\java-json-tools\uri-template\0.10\uri-template-0.10.jar;C:\Users\igalk\.m2\repository\org\mozilla\rhino\1.7.7.2\rhino-1.7.7.2.jar;C:\Users\igalk\.m2\repository\com\sun\mail\mailapi\1.6.2\mailapi-1.6.2.jar;C:\Users\igalk\.m2\repository\joda-time\joda-time\2.10.5\joda-time-2.10.5.jar;C:\Users\igalk\.m2\repository\com\googlecode\libphonenumber\libphonenumber\8.11.1\libphonenumber-8.11.1.jar;C:\Users\igalk\.m2\repository\com\google\code\findbugs\jsr305\3.0.2\jsr305-3.0.2.jar;C:\Users\igalk\.m2\repository\net\sf\jopt-simple\jopt-simple\5.0.4\jopt-simple-5.0.4.jar;C:\Users\igalk\.m2\repository\com\github\javafaker\javafaker\1.0.2\javafaker-1.0.2.jar;C:\Users\igalk\.m2\repository\org\apache\commons\commons-lang3\3.5\commons-lang3-3.5.jar;C:\Users\igalk\.m2\repository\org\yaml\snakeyaml\1.23\snakeyaml-1.23-android.jar;C:\Users\igalk\.m2\repository\com\github\mifmif\generex\1.0.2\generex-1.0.2.jar;C:\Users\igalk\.m2\repository\dk\brics\automaton\automaton\1.11-8\automaton-1.11-8.jar;C:\Users\igalk\.m2\repository\com\aventstack\extentreports\5.0.9\extentreports-5.0.9.jar;C:\Users\igalk\.m2\repository\io\reactivex\rxjava3\rxjava\3.0.4\rxjava-3.0.4.jar;C:\Users\igalk\.m2\repository\org\reactivestreams\reactive-streams\1.0.3\reactive-streams-1.0.3.jar;C:\Users\igalk\.m2\repository\org\freemarker\freemarker\2.3.30\freemarker-2.3.30.jar;C:\Users\igalk\.m2\repository\com\google\code\gson\gson\2.8.6\gson-2.8.6.jar;C:\Users\igalk\.m2\repository\org\apache\poi\poi\5.2.2\poi-5.2.2.jar;C:\Users\igalk\.m2\repository\commons-codec\commons-codec\1.15\commons-codec-1.15.jar;C:\Users\igalk\.m2\repository\org\apache\commons\commons-collections4\4.4\commons-collections4-4.4.jar;C:\Users\igalk\.m2\repository\org\apache\commons\commons-math3\3.6.1\commons-math3-3.6.1.jar;C:\Users\igalk\.m2\repository\commons-io\commons-io\2.11.0\commons-io-2.11.0.jar;C:\Users\igalk\.m2\repository\com\zaxxer\SparseBitSet\1.2\SparseBitSet-1.2.jar;C:\Users\igalk\.m2\repository\org\apache\logging\log4j\log4j-api\2.17.2\log4j-api-2.17.2.jar;C:\Users\igalk\.m2\repository\org\apache\poi\poi-ooxml\5.2.2\poi-ooxml-5.2.2.jar;C:\Users\igalk\.m2\repository\org\apache\poi\poi-ooxml-lite\5.2.2\poi-ooxml-lite-5.2.2.jar;C:\Users\igalk\.m2\repository\org\apache\xmlbeans\xmlbeans\5.0.3\xmlbeans-5.0.3.jar;C:\Users\igalk\.m2\repository\org\apache\commons\commons-compress\1.21\commons-compress-1.21.jar;C:\Users\igalk\.m2\repository\com\github\virtuald\curvesapi\1.07\curvesapi-1.07.jar;"/>
    <property name="java.vm.vendor" value="Oracle Corporation"/>
    <property name="sun.arch.data.model" value="64"/>
    <property name="user.variant" value=""/>
    <property name="java.vendor.url" value="https://openjdk.java.net/"/>
    <property name="user.timezone" value="Asia/Jerusalem"/>
    <property name="java.vm.specification.version" value="11"/>
    <property name="os.name" value="Windows 10"/>
    <property name="sun.java.launcher" value="SUN_STANDARD"/>
    <property name="user.country" value="US"/>
    <property name="sun.boot.library.path" value="C:\Program Files\Java\jdk-11\bin"/>
    <property name="sun.java.command" value="C:\Users\igalk\AppData\Local\Temp\surefire2364470394437688448\surefirebooter-20230621111408650_20.jar C:\Users\igalk\AppData\Local\Temp\surefire2364470394437688448 2023-06-21T11-14-00_909-jvmRun1 surefire-20230621111408650_18tmp surefire_1-20230621111408650_19tmp"/>
    <property name="jdk.debug" value="release"/>
    <property name="surefire.test.class.path" value="C:\Users\igalk\IdeaProjects\spotifyapiautomation\target\test-classes;C:\Users\igalk\IdeaProjects\spotifyapiautomation\target\classes;C:\Users\igalk\.m2\repository\org\projectlombok\lombok\1.18.28\lombok-1.18.28.jar;C:\Users\igalk\.m2\repository\io\rest-assured\rest-assured\5.3.0\rest-assured-5.3.0.jar;C:\Users\igalk\.m2\repository\org\apache\groovy\groovy\4.0.6\groovy-4.0.6.jar;C:\Users\igalk\.m2\repository\org\apache\groovy\groovy-xml\4.0.6\groovy-xml-4.0.6.jar;C:\Users\igalk\.m2\repository\org\apache\httpcomponents\httpclient\4.5.13\httpclient-4.5.13.jar;C:\Users\igalk\.m2\repository\org\apache\httpcomponents\httpcore\4.4.13\httpcore-4.4.13.jar;C:\Users\igalk\.m2\repository\commons-logging\commons-logging\1.2\commons-logging-1.2.jar;C:\Users\igalk\.m2\repository\org\apache\httpcomponents\httpmime\4.5.13\httpmime-4.5.13.jar;C:\Users\igalk\.m2\repository\org\hamcrest\hamcrest\2.1\hamcrest-2.1.jar;C:\Users\igalk\.m2\repository\org\ccil\cowan\tagsoup\tagsoup\1.2.1\tagsoup-1.2.1.jar;C:\Users\igalk\.m2\repository\io\rest-assured\xml-path\5.3.0\xml-path-5.3.0.jar;C:\Users\igalk\.m2\repository\io\rest-assured\json-path\5.3.0\json-path-5.3.0.jar;C:\Users\igalk\.m2\repository\org\apache\groovy\groovy-json\4.0.6\groovy-json-4.0.6.jar;C:\Users\igalk\.m2\repository\io\rest-assured\rest-assured-common\5.3.0\rest-assured-common-5.3.0.jar;C:\Users\igalk\.m2\repository\org\json\json\20220320\json-20220320.jar;C:\Users\igalk\.m2\repository\org\testng\testng\7.8.0\testng-7.8.0.jar;C:\Users\igalk\.m2\repository\org\slf4j\slf4j-api\1.7.36\slf4j-api-1.7.36.jar;C:\Users\igalk\.m2\repository\com\beust\jcommander\1.82\jcommander-1.82.jar;C:\Users\igalk\.m2\repository\org\webjars\jquery\3.6.1\jquery-3.6.1.jar;C:\Users\igalk\.m2\repository\com\github\scribejava\scribejava-apis\8.3.1\scribejava-apis-8.3.1.jar;C:\Users\igalk\.m2\repository\com\github\scribejava\scribejava-core\8.3.1\scribejava-core-8.3.1.jar;C:\Users\igalk\.m2\repository\com\github\scribejava\scribejava-java8\8.3.1\scribejava-java8-8.3.1.jar;C:\Users\igalk\.m2\repository\com\fasterxml\jackson\core\jackson-databind\2.12.3\jackson-databind-2.12.3.jar;C:\Users\igalk\.m2\repository\com\fasterxml\jackson\core\jackson-annotations\2.12.3\jackson-annotations-2.12.3.jar;C:\Users\igalk\.m2\repository\com\fasterxml\jackson\core\jackson-core\2.12.3\jackson-core-2.12.3.jar;C:\Users\igalk\.m2\repository\io\rest-assured\json-schema-validator\5.3.0\json-schema-validator-5.3.0.jar;C:\Users\igalk\.m2\repository\com\github\java-json-tools\json-schema-validator\2.2.14\json-schema-validator-2.2.14.jar;C:\Users\igalk\.m2\repository\com\google\guava\guava\28.2-android\guava-28.2-android.jar;C:\Users\igalk\.m2\repository\com\google\guava\failureaccess\1.0.1\failureaccess-1.0.1.jar;C:\Users\igalk\.m2\repository\com\google\guava\listenablefuture\9999.0-empty-to-avoid-conflict-with-guava\listenablefuture-9999.0-empty-to-avoid-conflict-with-guava.jar;C:\Users\igalk\.m2\repository\org\checkerframework\checker-compat-qual\2.5.5\checker-compat-qual-2.5.5.jar;C:\Users\igalk\.m2\repository\com\google\errorprone\error_prone_annotations\2.3.4\error_prone_annotations-2.3.4.jar;C:\Users\igalk\.m2\repository\com\google\j2objc\j2objc-annotations\1.3\j2objc-annotations-1.3.jar;C:\Users\igalk\.m2\repository\com\github\java-json-tools\jackson-coreutils-equivalence\1.0\jackson-coreutils-equivalence-1.0.jar;C:\Users\igalk\.m2\repository\com\github\java-json-tools\jackson-coreutils\2.0\jackson-coreutils-2.0.jar;C:\Users\igalk\.m2\repository\com\github\java-json-tools\msg-simple\1.2\msg-simple-1.2.jar;C:\Users\igalk\.m2\repository\com\github\java-json-tools\btf\1.3\btf-1.3.jar;C:\Users\igalk\.m2\repository\com\github\java-json-tools\json-schema-core\1.2.14\json-schema-core-1.2.14.jar;C:\Users\igalk\.m2\repository\com\github\java-json-tools\uri-template\0.10\uri-template-0.10.jar;C:\Users\igalk\.m2\repository\org\mozilla\rhino\1.7.7.2\rhino-1.7.7.2.jar;C:\Users\igalk\.m2\repository\com\sun\mail\mailapi\1.6.2\mailapi-1.6.2.jar;C:\Users\igalk\.m2\repository\joda-time\joda-time\2.10.5\joda-time-2.10.5.jar;C:\Users\igalk\.m2\repository\com\googlecode\libphonenumber\libphonenumber\8.11.1\libphonenumber-8.11.1.jar;C:\Users\igalk\.m2\repository\com\google\code\findbugs\jsr305\3.0.2\jsr305-3.0.2.jar;C:\Users\igalk\.m2\repository\net\sf\jopt-simple\jopt-simple\5.0.4\jopt-simple-5.0.4.jar;C:\Users\igalk\.m2\repository\com\github\javafaker\javafaker\1.0.2\javafaker-1.0.2.jar;C:\Users\igalk\.m2\repository\org\apache\commons\commons-lang3\3.5\commons-lang3-3.5.jar;C:\Users\igalk\.m2\repository\org\yaml\snakeyaml\1.23\snakeyaml-1.23-android.jar;C:\Users\igalk\.m2\repository\com\github\mifmif\generex\1.0.2\generex-1.0.2.jar;C:\Users\igalk\.m2\repository\dk\brics\automaton\automaton\1.11-8\automaton-1.11-8.jar;C:\Users\igalk\.m2\repository\com\aventstack\extentreports\5.0.9\extentreports-5.0.9.jar;C:\Users\igalk\.m2\repository\io\reactivex\rxjava3\rxjava\3.0.4\rxjava-3.0.4.jar;C:\Users\igalk\.m2\repository\org\reactivestreams\reactive-streams\1.0.3\reactive-streams-1.0.3.jar;C:\Users\igalk\.m2\repository\org\freemarker\freemarker\2.3.30\freemarker-2.3.30.jar;C:\Users\igalk\.m2\repository\com\google\code\gson\gson\2.8.6\gson-2.8.6.jar;C:\Users\igalk\.m2\repository\org\apache\poi\poi\5.2.2\poi-5.2.2.jar;C:\Users\igalk\.m2\repository\commons-codec\commons-codec\1.15\commons-codec-1.15.jar;C:\Users\igalk\.m2\repository\org\apache\commons\commons-collections4\4.4\commons-collections4-4.4.jar;C:\Users\igalk\.m2\repository\org\apache\commons\commons-math3\3.6.1\commons-math3-3.6.1.jar;C:\Users\igalk\.m2\repository\commons-io\commons-io\2.11.0\commons-io-2.11.0.jar;C:\Users\igalk\.m2\repository\com\zaxxer\SparseBitSet\1.2\SparseBitSet-1.2.jar;C:\Users\igalk\.m2\repository\org\apache\logging\log4j\log4j-api\2.17.2\log4j-api-2.17.2.jar;C:\Users\igalk\.m2\repository\org\apache\poi\poi-ooxml\5.2.2\poi-ooxml-5.2.2.jar;C:\Users\igalk\.m2\repository\org\apache\poi\poi-ooxml-lite\5.2.2\poi-ooxml-lite-5.2.2.jar;C:\Users\igalk\.m2\repository\org\apache\xmlbeans\xmlbeans\5.0.3\xmlbeans-5.0.3.jar;C:\Users\igalk\.m2\repository\org\apache\commons\commons-compress\1.21\commons-compress-1.21.jar;C:\Users\igalk\.m2\repository\com\github\virtuald\curvesapi\1.07\curvesapi-1.07.jar;"/>
    <property name="sun.cpu.endian" value="little"/>
    <property name="user.home" value="C:\Users\igalk"/>
    <property name="user.language" value="en"/>
    <property name="java.specification.vendor" value="Oracle Corporation"/>
    <property name="java.version.date" value="2023-01-17"/>
    <property name="java.home" value="C:\Program Files\Java\jdk-11"/>
    <property name="file.separator" value="\"/>
    <property name="basedir" value="C:\Users\igalk\IdeaProjects\spotifyapiautomation"/>
    <property name="java.vm.compressedOopsMode" value="Zero based"/>
    <property name="line.separator" value="&#10;"/>
    <property name="java.specification.name" value="Java Platform API Specification"/>
    <property name="java.vm.specification.vendor" value="Oracle Corporation"/>
    <property name="java.awt.graphicsenv" value="sun.awt.Win32GraphicsEnvironment"/>
    <property name="surefire.real.class.path" value="C:\Users\igalk\AppData\Local\Temp\surefire2364470394437688448\surefirebooter-20230621111408650_20.jar"/>
    <property name="user.script" value=""/>
    <property name="sun.management.compiler" value="HotSpot 64-Bit Tiered Compilers"/>
    <property name="java.runtime.version" value="11.0.18+9-LTS-195"/>
    <property name="user.name" value="igalk"/>
    <property name="path.separator" value=";"/>
    <property name="os.version" value="10.0"/>
    <property name="java.runtime.name" value="Java(TM) SE Runtime Environment"/>
    <property name="file.encoding" value="Cp1252"/>
    <property name="java.vm.name" value="Java HotSpot(TM) 64-Bit Server VM"/>
    <property name="java.vendor.version" value="18.9"/>
    <property name="localRepository" value="C:\Users\igalk\.m2\repository"/>
    <property name="java.vendor.url.bug" value="https://bugreport.java.com/bugreport/"/>
    <property name="java.io.tmpdir" value="C:\Users\igalk\AppData\Local\Temp\"/>
    <property name="idea.version" value="2023.1.2"/>
    <property name="java.version" value="11.0.18"/>
    <property name="user.dir" value="C:\Users\igalk\IdeaProjects\spotifyapiautomation"/>
    <property name="os.arch" value="amd64"/>
    <property name="java.vm.specification.name" value="Java Virtual Machine Specification"/>
    <property name="java.awt.printerjob" value="sun.awt.windows.WPrinterJob"/>
    <property name="sun.os.patch.level" value=""/>
    <property name="java.library.path" value="C:\Program Files\Java\jdk-11\bin;C:\Windows\Sun\Java\bin;C:\Windows\system32;C:\Windows;C:\Program Files\Java\jdk-11\bin;C:\Program Files\Java\jdk-16.0.2\bin;C:\Program Files (x86)\Common Files\Oracle\Java\javapath;C:\Program Files\Python310\Scripts\;C:\Program Files\Python310\;C:\Users\igalk\PycharmProjects\PyTesting!\venv\Scripts\python.exe;C:\Program Files (x86)\Razer Chroma SDK\bin;C:\Program Files\Razer Chroma SDK\bin;C:\Program Files (x86)\Razer\ChromaBroadcast\bin;C:\Program Files\Razer\ChromaBroadcast\bin;C:\Users\igalk\AppData\Local\Packages\PythonSoftwareFoundation.Python.3.10_qbz5n2kfra8p0\LocalCache\local-packages\Python310\Scripts;C:\Windows\system32\config\systemprofile\AppData\Local\Microsoft\WindowsApps;C:\Program Files\MySQL\MySQL Shell 8.0\bin\;C:\Users\igalk\AppData\Local\Microsoft\WindowsApps;C:\Users\igalk\AppData\Local\GitHubDesktop\bin;C:\Program Files\Azure Data Studio\bin;C:\Users\igalk\AppData\Roaming\npm;C:\Users\igalk\OneDrive\Desktop\QA files\NoSQL\mongosh-1.1.9-win32-x64\bin\mongosh.exe;C:\Program Files\JetBrains1\PyCharm 2022.1.1\bin;C:\Program Files\dotnet\;C:\Program Files\Git\cmd;C:\Program Files (x86)\Windows Kits\10\Windows Performance Toolkit\;C:\Program Files\nodejs\;C:\Program Files (x86)\Microsoft SQL Server\150\DTS\Binn\;C:\Program Files\NVIDIA Corporation\NVIDIA NvDLISR;C:\Program Files\Microsoft VS Code\bin;C:\Program Files\Calibre2\;C:\Program Files\Microsoft SQL Server\Client SDK\ODBC\170\Tools\Binn\;C:\Program Files\Microsoft SQL Server\150\DTS\Binn\;C:\Apache Maven\apache-maven-3.9.2\bin;C:\Users\igalk\PycharmProjects\PyTesting!\venv;C:\Users\igalk\PycharmProjects\PyTesting!\venv\Scripts\python.exe;C:\windows\system32;C:\Program Files\MySQL\MySQL Shell 8.0\bin\;C:\Users\igalk\AppData\Local\Microsoft\WindowsApps;C:\Users\igalk\AppData\Local\GitHubDesktop\bin;C:\Program Files\Azure Data Studio\bin;C:\Users\igalk\OneDrive\Desktop\QA files\NoSQL\mongosh-1.1.9-win32-x64\bin\mongosh.exe;C:\PyCharm 2022.1.1\bin;;C:\Users\igalk\AppData\Local\Programs\mongosh\;C:\Users\igalk\AppData\Roaming\npm;."/>
    <property name="java.vendor" value="Oracle Corporation"/>
    <property name="java.vm.info" value="mixed mode"/>
    <property name="java.vm.version" value="11.0.18+9-LTS-195"/>
    <property name="sun.io.unicode.encoding" value="UnicodeLittle"/>
    <property name="java.class.version" value="55.0"/>
  </properties>
  <testcase name="getAlbumTracksTest" classname="api.tests.album.postivetests.PositiveGetAlbumTests" time="1.445">
    <system-out><![CDATA[BQCwTQ_m8wzTMLmTCG4VIQFzonm8apP2sA68GY3dJ0am0khlSVRJRSOvW8qp0gAxBlr3-UIyGwoj7iLRS-V_tzg-lajRFrYx8a9e2yZeP11c5Ajbr68
HTTP/1.1 200 OK
{
    "href": "https://api.spotify.com/v1/albums/1HimPrGurKic1hNOSidwF2/tracks?offset=0&limit=20&market=SZ",
    "items": [
        {
            "artists": [
                {
                    "external_urls": {
                        "spotify": "https://open.spotify.com/artist/0DCw6lHkzh9t7f8Hb4Z0Sx"
                    },
                    "href": "https://api.spotify.com/v1/artists/0DCw6lHkzh9t7f8Hb4Z0Sx",
                    "id": "0DCw6lHkzh9t7f8Hb4Z0Sx",
                    "name": "Arch Enemy",
                    "type": "artist",
                    "uri": "spotify:artist:0DCw6lHkzh9t7f8Hb4Z0Sx"
                }
            ],
            "disc_number": 1,
            "duration_ms": 78413,
            "explicit": false,
            "external_urls": {
                "spotify": "https://open.spotify.com/track/06Fzhn4M28HZx48H9IXA4j"
            },
            "href": "https://api.spotify.com/v1/tracks/06Fzhn4M28HZx48H9IXA4j",
            "id": "06Fzhn4M28HZx48H9IXA4j",
            "is_local": false,
            "is_playable": true,
            "name": "Set Flame to the Night",
            "preview_url": "https://p.scdn.co/mp3-preview/4055ac73a1faf5cbb03f55f5a712af3656f20557?cid=21df2fd397254479b1ff5d2429c5ba95",
            "track_number": 1,
            "type": "track",
            "uri": "spotify:track:06Fzhn4M28HZx48H9IXA4j"
        },
        {
            "artists": [
                {
                    "external_urls": {
                        "spotify": "https://open.spotify.com/artist/0DCw6lHkzh9t7f8Hb4Z0Sx"
                    },
                    "href": "https://api.spotify.com/v1/artists/0DCw6lHkzh9t7f8Hb4Z0Sx",
                    "id": "0DCw6lHkzh9t7f8Hb4Z0Sx",
                    "name": "Arch Enemy",
                    "type": "artist",
                    "uri": "spotify:artist:0DCw6lHkzh9t7f8Hb4Z0Sx"
                }
            ],
            "disc_number": 1,
            "duration_ms": 195066,
            "explicit": false,
            "external_urls": {
                "spotify": "https://open.spotify.com/track/6tzxM7GwiC5Yci3s08n5B4"
            },
            "href": "https://api.spotify.com/v1/tracks/6tzxM7GwiC5Yci3s08n5B4",
            "id": "6tzxM7GwiC5Yci3s08n5B4",
            "is_local": false,
            "is_playable": true,
            "name": "The Race",
            "preview_url": "https://p.scdn.co/mp3-preview/c5e5825dc93010b288ff54ed948a65379e5b4693?cid=21df2fd397254479b1ff5d2429c5ba95",
            "track_number": 2,
            "type": "track",
            "uri": "spotify:track:6tzxM7GwiC5Yci3s08n5B4"
        },
        {
            "artists": [
                {
                    "external_urls": {
                        "spotify": "https://open.spotify.com/artist/0DCw6lHkzh9t7f8Hb4Z0Sx"
                    },
                    "href": "https://api.spotify.com/v1/artists/0DCw6lHkzh9t7f8Hb4Z0Sx",
                    "id": "0DCw6lHkzh9t7f8Hb4Z0Sx",
                    "name": "Arch Enemy",
                    "type": "artist",
                    "uri": "spotify:artist:0DCw6lHkzh9t7f8Hb4Z0Sx"
                }
            ],
            "disc_number": 1,
            "duration_ms": 235426,
            "explicit": false,
            "external_urls": {
                "spotify": "https://open.spotify.com/track/12pova27n3uHRQxrPnih9f"
            },
            "href": "https://api.spotify.com/v1/tracks/12pova27n3uHRQxrPnih9f",
            "id": "12pova27n3uHRQxrPnih9f",
            "is_local": false,
            "is_playable": true,
            "name": "Blood in the Water",
            "preview_url": "https://p.scdn.co/mp3-preview/42fccf28cc431d65a6edac04bf4b1ee9d5bf9ffb?cid=21df2fd397254479b1ff5d2429c5ba95",
            "track_number": 3,
            "type": "track",
            "uri": "spotify:track:12pova27n3uHRQxrPnih9f"
        },
        {
            "artists": [
                {
                    "external_urls": {
                        "spotify": "https://open.spotify.com/artist/0DCw6lHkzh9t7f8Hb4Z0Sx"
                    },
                    "href": "https://api.spotify.com/v1/artists/0DCw6lHkzh9t7f8Hb4Z0Sx",
                    "id": "0DCw6lHkzh9t7f8Hb4Z0Sx",
                    "name": "Arch Enemy",
                    "type": "artist",
                    "uri": "spotify:artist:0DCw6lHkzh9t7f8Hb4Z0Sx"
                }
            ],
            "disc_number": 1,
            "duration_ms": 293466,
            "explicit": false,
            "external_urls": {
                "spotify": "https://open.spotify.com/track/6tGyLydK5lNXz8Aw44wRj8"
            },
            "href": "https://api.spotify.com/v1/tracks/6tGyLydK5lNXz8Aw44wRj8",
            "id": "6tGyLydK5lNXz8Aw44wRj8",
            "is_local": false,
            "is_playable": true,
            "name": "The World Is Yours",
            "preview_url": "https://p.scdn.co/mp3-preview/24d35e9ee9f6956f2cf59d286b9fae6006e2efec?cid=21df2fd397254479b1ff5d2429c5ba95",
            "track_number": 4,
            "type": "track",
            "uri": "spotify:track:6tGyLydK5lNXz8Aw44wRj8"
        },
        {
            "artists": [
                {
                    "external_urls": {
                        "spotify": "https://open.spotify.com/artist/0DCw6lHkzh9t7f8Hb4Z0Sx"
                    },
                    "href": "https://api.spotify.com/v1/artists/0DCw6lHkzh9t7f8Hb4Z0Sx",
                    "id": "0DCw6lHkzh9t7f8Hb4Z0Sx",
                    "name": "Arch Enemy",
                    "type": "artist",
                    "uri": "spotify:artist:0DCw6lHkzh9t7f8Hb4Z0Sx"
                }
            ],
            "disc_number": 1,
            "duration_ms": 299441,
            "explicit": false,
            "external_urls": {
                "spotify": "https://open.spotify.com/track/7KoWRwwVUgZV5D0zmrr25s"
            },
            "href": "https://api.spotify.com/v1/tracks/7KoWRwwVUgZV5D0zmrr25s",
            "id": "7KoWRwwVUgZV5D0zmrr25s",
            "is_local": false,
            "is_playable": true,
            "name": "The Eagle Flies Alone - edit",
            "preview_url": "https://p.scdn.co/mp3-preview/903584c46c49b24bb83fd6bc058fe3bb9d9453e9?cid=21df2fd397254479b1ff5d2429c5ba95",
            "track_number": 5,
            "type": "track",
            "uri": "spotify:track:7KoWRwwVUgZV5D0zmrr25s"
        },
        {
            "artists": [
                {
                    "external_urls": {
                        "spotify": "https://open.spotify.com/artist/0DCw6lHkzh9t7f8Hb4Z0Sx"
                    },
                    "href": "https://api.spotify.com/v1/artists/0DCw6lHkzh9t7f8Hb4Z0Sx",
                    "id": "0DCw6lHkzh9t7f8Hb4Z0Sx",
                    "name": "Arch Enemy",
                    "type": "artist",
                    "uri": "spotify:artist:0DCw6lHkzh9t7f8Hb4Z0Sx"
                }
            ],
            "disc_number": 1,
            "duration_ms": 287733,
            "explicit": false,
            "external_urls": {
                "spotify": "https://open.spotify.com/track/02gIPDHCTuKgKEl2VlgPzt"
            },
            "href": "https://api.spotify.com/v1/tracks/02gIPDHCTuKgKEl2VlgPzt",
            "id": "02gIPDHCTuKgKEl2VlgPzt",
            "is_local": false,
            "is_playable": true,
            "name": "Reason to Believe",
            "preview_url": "https://p.scdn.co/mp3-preview/825e29a12a908f4009fa395f2ae1e2734f80d85b?cid=21df2fd397254479b1ff5d2429c5ba95",
            "track_number": 6,
            "type": "track",
            "uri": "spotify:track:02gIPDHCTuKgKEl2VlgPzt"
        },
        {
            "artists": [
                {
                    "external_urls": {
                        "spotify": "https://open.spotify.com/artist/0DCw6lHkzh9t7f8Hb4Z0Sx"
                    },
                    "href": "https://api.spotify.com/v1/artists/0DCw6lHkzh9t7f8Hb4Z0Sx",
                    "id": "0DCw6lHkzh9t7f8Hb4Z0Sx",
                    "name": "Arch Enemy",
                    "type": "artist",
                    "uri": "spotify:artist:0DCw6lHkzh9t7f8Hb4Z0Sx"
                }
            ],
            "disc_number": 1,
            "duration_ms": 230413,
            "explicit": false,
            "external_urls": {
                "spotify": "https://open.spotify.com/track/25lp8iSlGkhHISSX0EgpAE"
            },
            "href": "https://api.spotify.com/v1/tracks/25lp8iSlGkhHISSX0EgpAE",
            "id": "25lp8iSlGkhHISSX0EgpAE",
            "is_local": false,
            "is_playable": true,
            "name": "Murder Scene",
            "preview_url": "https://p.scdn.co/mp3-preview/5204b647244b953a17ee9f185438ba1c00b132d9?cid=21df2fd397254479b1ff5d2429c5ba95",
            "track_number": 7,
            "type": "track",
            "uri": "spotify:track:25lp8iSlGkhHISSX0EgpAE"
        },
        {
            "artists": [
                {
                    "external_urls": {
                        "spotify": "https://open.spotify.com/artist/0DCw6lHkzh9t7f8Hb4Z0Sx"
                    },
                    "href": "https://api.spotify.com/v1/artists/0DCw6lHkzh9t7f8Hb4Z0Sx",
                    "id": "0DCw6lHkzh9t7f8Hb4Z0Sx",
                    "name": "Arch Enemy",
                    "type": "artist",
                    "uri": "spotify:artist:0DCw6lHkzh9t7f8Hb4Z0Sx"
                }
            ],
            "disc_number": 1,
            "duration_ms": 288320,
            "explicit": false,
            "external_urls": {
                "spotify": "https://open.spotify.com/track/7uqohNjCnZ8sZd5S2vh5vx"
            },
            "href": "https://api.spotify.com/v1/tracks/7uqohNjCnZ8sZd5S2vh5vx",
            "id": "7uqohNjCnZ8sZd5S2vh5vx",
            "is_local": false,
            "is_playable": true,
            "name": "First Day in Hell",
            "preview_url": "https://p.scdn.co/mp3-preview/5182ef2a5fafb5888ff5841d84f3e5a206223cb0?cid=21df2fd397254479b1ff5d2429c5ba95",
            "track_number": 8,
            "type": "track",
            "uri": "spotify:track:7uqohNjCnZ8sZd5S2vh5vx"
        },
        {
            "artists": [
                {
                    "external_urls": {
                        "spotify": "https://open.spotify.com/artist/0DCw6lHkzh9t7f8Hb4Z0Sx"
                    },
                    "href": "https://api.spotify.com/v1/artists/0DCw6lHkzh9t7f8Hb4Z0Sx",
                    "id": "0DCw6lHkzh9t7f8Hb4Z0Sx",
                    "name": "Arch Enemy",
                    "type": "artist",
                    "uri": "spotify:artist:0DCw6lHkzh9t7f8Hb4Z0Sx"
                }
            ],
            "disc_number": 1,
            "duration_ms": 69493,
            "explicit": false,
            "external_urls": {
                "spotify": "https://open.spotify.com/track/6gXNdxtSOcErDuXagBUdkz"
            },
            "href": "https://api.spotify.com/v1/tracks/6gXNdxtSOcErDuXagBUdkz",
            "id": "6gXNdxtSOcErDuXagBUdkz",
            "is_local": false,
            "is_playable": true,
            "name": "Saturnine",
            "preview_url": "https://p.scdn.co/mp3-preview/28a4c80e367cec1f5fc5b9c39fab515179060dea?cid=21df2fd397254479b1ff5d2429c5ba95",
            "track_number": 9,
            "type": "track",
            "uri": "spotify:track:6gXNdxtSOcErDuXagBUdkz"
        },
        {
            "artists": [
                {
                    "external_urls": {
                        "spotify": "https://open.spotify.com/artist/0DCw6lHkzh9t7f8Hb4Z0Sx"
                    },
                    "href": "https://api.spotify.com/v1/artists/0DCw6lHkzh9t7f8Hb4Z0Sx",
                    "id": "0DCw6lHkzh9t7f8Hb4Z0Sx",
                    "name": "Arch Enemy",
                    "type": "artist",
                    "uri": "spotify:artist:0DCw6lHkzh9t7f8Hb4Z0Sx"
                }
            ],
            "disc_number": 1,
            "duration_ms": 400333,
            "explicit": false,
            "external_urls": {
                "spotify": "https://open.spotify.com/track/0uLoPEtITzR7kNgf9jQJ7c"
            },
            "href": "https://api.spotify.com/v1/tracks/0uLoPEtITzR7kNgf9jQJ7c",
            "id": "0uLoPEtITzR7kNgf9jQJ7c",
            "is_local": false,
            "is_playable": true,
            "name": "Dreams of Retribution",
            "preview_url": "https://p.scdn.co/mp3-preview/935f8d675f2b1d1a2e00f321a89445f9017a7e0b?cid=21df2fd397254479b1ff5d2429c5ba95",
            "track_number": 10,
            "type": "track",
            "uri": "spotify:track:0uLoPEtITzR7kNgf9jQJ7c"
        },
        {
            "artists": [
                {
                    "external_urls": {
                        "spotify": "https://open.spotify.com/artist/0DCw6lHkzh9t7f8Hb4Z0Sx"
                    },
                    "href": "https://api.spotify.com/v1/artists/0DCw6lHkzh9t7f8Hb4Z0Sx",
                    "id": "0DCw6lHkzh9t7f8Hb4Z0Sx",
                    "name": "Arch Enemy",
                    "type": "artist",
                    "uri": "spotify:artist:0DCw6lHkzh9t7f8Hb4Z0Sx"
                }
            ],
            "disc_number": 1,
            "duration_ms": 245506,
            "explicit": false,
            "external_urls": {
                "spotify": "https://open.spotify.com/track/4pXXtUdLs9DSMZJXO2EXXh"
            },
            "href": "https://api.spotify.com/v1/tracks/4pXXtUdLs9DSMZJXO2EXXh",
            "id": "4pXXtUdLs9DSMZJXO2EXXh",
            "is_local": false,
            "is_playable": true,
            "name": "My Shadow and I",
            "preview_url": "https://p.scdn.co/mp3-preview/2edb45268f9ff6089d1016c5c2faa89af14aa765?cid=21df2fd397254479b1ff5d2429c5ba95",
            "track_number": 11,
            "type": "track",
            "uri": "spotify:track:4pXXtUdLs9DSMZJXO2EXXh"
        },
        {
            "artists": [
                {
                    "external_urls": {
                        "spotify": "https://open.spotify.com/artist/0DCw6lHkzh9t7f8Hb4Z0Sx"
                    },
                    "href": "https://api.spotify.com/v1/artists/0DCw6lHkzh9t7f8Hb4Z0Sx",
                    "id": "0DCw6lHkzh9t7f8Hb4Z0Sx",
                    "name": "Arch Enemy",
                    "type": "artist",
                    "uri": "spotify:artist:0DCw6lHkzh9t7f8Hb4Z0Sx"
                }
            ],
            "disc_number": 1,
            "duration_ms": 395426,
            "explicit": false,
            "external_urls": {
                "spotify": "https://open.spotify.com/track/6Yb6ofPLgbb5QhhuWQXtnk"
            },
            "href": "https://api.spotify.com/v1/tracks/6Yb6ofPLgbb5QhhuWQXtnk",
            "id": "6Yb6ofPLgbb5QhhuWQXtnk",
            "is_local": false,
            "is_playable": true,
            "name": "A Fight I Must Win",
            "preview_url": "https://p.scdn.co/mp3-preview/73be32cb2b4ff7cd36982cb062ba17d39d5828a7?cid=21df2fd397254479b1ff5d2429c5ba95",
            "track_number": 12,
            "type": "track",
            "uri": "spotify:track:6Yb6ofPLgbb5QhhuWQXtnk"
        },
        {
            "artists": [
                {
                    "external_urls": {
                        "spotify": "https://open.spotify.com/artist/0DCw6lHkzh9t7f8Hb4Z0Sx"
                    },
                    "href": "https://api.spotify.com/v1/artists/0DCw6lHkzh9t7f8Hb4Z0Sx",
                    "id": "0DCw6lHkzh9t7f8Hb4Z0Sx",
                    "name": "Arch Enemy",
                    "type": "artist",
                    "uri": "spotify:artist:0DCw6lHkzh9t7f8Hb4Z0Sx"
                }
            ],
            "disc_number": 1,
            "duration_ms": 168453,
            "explicit": true,
            "external_urls": {
                "spotify": "https://open.spotify.com/track/4ZXzqIVIzkMnCymMNbrCh8"
            },
            "href": "https://api.spotify.com/v1/tracks/4ZXzqIVIzkMnCymMNbrCh8",
            "id": "4ZXzqIVIzkMnCymMNbrCh8",
            "is_local": false,
            "is_playable": true,
            "name": "City Baby Attacked by Rats - cover version",
            "preview_url": "https://p.scdn.co/mp3-preview/39d324e1f86878052233e5cb81a0c64a494d0f41?cid=21df2fd397254479b1ff5d2429c5ba95",
            "track_number": 13,
            "type": "track",
            "uri": "spotify:track:4ZXzqIVIzkMnCymMNbrCh8"
        }
    ],
    "limit": 20,
    "next": null,
    "offset": 0,
    "previous": null,
    "total": 13
}
]]></system-out>
    <system-err><![CDATA[SLF4J: Failed to load class "org.slf4j.impl.StaticLoggerBinder".
SLF4J: Defaulting to no-operation (NOP) logger implementation
SLF4J: See http://www.slf4j.org/codes.html#StaticLoggerBinder for further details.
]]></system-err>
  </testcase>
  <testcase name="getAlbumWithMarketTest" classname="api.tests.album.postivetests.PositiveGetAlbumTests" time="0.355">
    <system-out><![CDATA[BQBYWaVk5HPlmgnAbrN2y3HsCTH0djxjllYcwaSs_mrhMKGtygghqRpRAzksLUGExT5TcPy2x3OGKzhOPY-B-DF0FZn_1dbr1jEvU5BB4cpFFSmadwY
HTTP/1.1 200 OK
content-type: application/json; charset=utf-8
cache-control: public, max-age=7200
x-robots-tag: noindex, nofollow
access-control-allow-origin: *
access-control-allow-headers: Accept, App-Platform, Authorization, Content-Type, Origin, Retry-After, Spotify-App-Version, X-Cloud-Trace-Context, client-token, content-access-token
access-control-allow-methods: GET, POST, OPTIONS, PUT, DELETE, PATCH
access-control-allow-credentials: true
access-control-max-age: 604800
content-encoding: gzip
strict-transport-security: max-age=31536000
x-content-type-options: nosniff
date: Wed, 21 Jun 2023 08:14:12 GMT
server: envoy
Via: HTTP/2 edgeproxy, 1.1 google
Alt-Svc: h3=":443"; ma=2592000,h3-29=":443"; ma=2592000
Transfer-Encoding: chunked

{
    "album_type": "album",
    "artists": [
        {
            "external_urls": {
                "spotify": "https://open.spotify.com/artist/0DCw6lHkzh9t7f8Hb4Z0Sx"
            },
            "href": "https://api.spotify.com/v1/artists/0DCw6lHkzh9t7f8Hb4Z0Sx",
            "id": "0DCw6lHkzh9t7f8Hb4Z0Sx",
            "name": "Arch Enemy",
            "type": "artist",
            "uri": "spotify:artist:0DCw6lHkzh9t7f8Hb4Z0Sx"
        }
    ],
    "copyrights": [
        {
            "text": "(P) 2017 Savage Messiah Music. Licensed exclusively in the Territory to Century Media Records Ltd.",
            "type": "P"
        }
    ],
    "external_ids": {
        "upc": "886446557434"
    },
    "external_urls": {
        "spotify": "https://open.spotify.com/album/1HimPrGurKic1hNOSidwF2"
    },
    "genres": [
        
    ],
    "href": "https://api.spotify.com/v1/albums/1HimPrGurKic1hNOSidwF2",
    "id": "1HimPrGurKic1hNOSidwF2",
    "images": [
        {
            "height": 640,
            "url": "https://i.scdn.co/image/ab67616d0000b273f22accdfcf008be55b063aae",
            "width": 640
        },
        {
            "height": 300,
            "url": "https://i.scdn.co/image/ab67616d00001e02f22accdfcf008be55b063aae",
            "width": 300
        },
        {
            "height": 64,
            "url": "https://i.scdn.co/image/ab67616d00004851f22accdfcf008be55b063aae",
            "width": 64
        }
    ],
    "is_playable": true,
    "label": "Century Media",
    "name": "Will To Power",
    "popularity": 55,
    "release_date": "2017-09-08",
    "release_date_precision": "day",
    "total_tracks": 13,
    "tracks": {
        "href": "https://api.spotify.com/v1/albums/1HimPrGurKic1hNOSidwF2/tracks?offset=0&limit=50&market=MH",
        "items": [
            {
                "artists": [
                    {
                        "external_urls": {
                            "spotify": "https://open.spotify.com/artist/0DCw6lHkzh9t7f8Hb4Z0Sx"
                        },
                        "href": "https://api.spotify.com/v1/artists/0DCw6lHkzh9t7f8Hb4Z0Sx",
                        "id": "0DCw6lHkzh9t7f8Hb4Z0Sx",
                        "name": "Arch Enemy",
                        "type": "artist",
                        "uri": "spotify:artist:0DCw6lHkzh9t7f8Hb4Z0Sx"
                    }
                ],
                "disc_number": 1,
                "duration_ms": 78413,
                "explicit": false,
                "external_urls": {
                    "spotify": "https://open.spotify.com/track/06Fzhn4M28HZx48H9IXA4j"
                },
                "href": "https://api.spotify.com/v1/tracks/06Fzhn4M28HZx48H9IXA4j",
                "id": "06Fzhn4M28HZx48H9IXA4j",
                "is_local": false,
                "is_playable": true,
                "name": "Set Flame to the Night",
                "preview_url": "https://p.scdn.co/mp3-preview/4055ac73a1faf5cbb03f55f5a712af3656f20557?cid=21df2fd397254479b1ff5d2429c5ba95",
                "track_number": 1,
                "type": "track",
                "uri": "spotify:track:06Fzhn4M28HZx48H9IXA4j"
            },
            {
                "artists": [
                    {
                        "external_urls": {
                            "spotify": "https://open.spotify.com/artist/0DCw6lHkzh9t7f8Hb4Z0Sx"
                        },
                        "href": "https://api.spotify.com/v1/artists/0DCw6lHkzh9t7f8Hb4Z0Sx",
                        "id": "0DCw6lHkzh9t7f8Hb4Z0Sx",
                        "name": "Arch Enemy",
                        "type": "artist",
                        "uri": "spotify:artist:0DCw6lHkzh9t7f8Hb4Z0Sx"
                    }
                ],
                "disc_number": 1,
                "duration_ms": 195066,
                "explicit": false,
                "external_urls": {
                    "spotify": "https://open.spotify.com/track/6tzxM7GwiC5Yci3s08n5B4"
                },
                "href": "https://api.spotify.com/v1/tracks/6tzxM7GwiC5Yci3s08n5B4",
                "id": "6tzxM7GwiC5Yci3s08n5B4",
                "is_local": false,
                "is_playable": true,
                "name": "The Race",
                "preview_url": "https://p.scdn.co/mp3-preview/c5e5825dc93010b288ff54ed948a65379e5b4693?cid=21df2fd397254479b1ff5d2429c5ba95",
                "track_number": 2,
                "type": "track",
                "uri": "spotify:track:6tzxM7GwiC5Yci3s08n5B4"
            },
            {
                "artists": [
                    {
                        "external_urls": {
                            "spotify": "https://open.spotify.com/artist/0DCw6lHkzh9t7f8Hb4Z0Sx"
                        },
                        "href": "https://api.spotify.com/v1/artists/0DCw6lHkzh9t7f8Hb4Z0Sx",
                        "id": "0DCw6lHkzh9t7f8Hb4Z0Sx",
                        "name": "Arch Enemy",
                        "type": "artist",
                        "uri": "spotify:artist:0DCw6lHkzh9t7f8Hb4Z0Sx"
                    }
                ],
                "disc_number": 1,
                "duration_ms": 235426,
                "explicit": false,
                "external_urls": {
                    "spotify": "https://open.spotify.com/track/12pova27n3uHRQxrPnih9f"
                },
                "href": "https://api.spotify.com/v1/tracks/12pova27n3uHRQxrPnih9f",
                "id": "12pova27n3uHRQxrPnih9f",
                "is_local": false,
                "is_playable": true,
                "name": "Blood in the Water",
                "preview_url": "https://p.scdn.co/mp3-preview/42fccf28cc431d65a6edac04bf4b1ee9d5bf9ffb?cid=21df2fd397254479b1ff5d2429c5ba95",
                "track_number": 3,
                "type": "track",
                "uri": "spotify:track:12pova27n3uHRQxrPnih9f"
            },
            {
                "artists": [
                    {
                        "external_urls": {
                            "spotify": "https://open.spotify.com/artist/0DCw6lHkzh9t7f8Hb4Z0Sx"
                        },
                        "href": "https://api.spotify.com/v1/artists/0DCw6lHkzh9t7f8Hb4Z0Sx",
                        "id": "0DCw6lHkzh9t7f8Hb4Z0Sx",
                        "name": "Arch Enemy",
                        "type": "artist",
                        "uri": "spotify:artist:0DCw6lHkzh9t7f8Hb4Z0Sx"
                    }
                ],
                "disc_number": 1,
                "duration_ms": 293466,
                "explicit": false,
                "external_urls": {
                    "spotify": "https://open.spotify.com/track/6tGyLydK5lNXz8Aw44wRj8"
                },
                "href": "https://api.spotify.com/v1/tracks/6tGyLydK5lNXz8Aw44wRj8",
                "id": "6tGyLydK5lNXz8Aw44wRj8",
                "is_local": false,
                "is_playable": true,
                "name": "The World Is Yours",
                "preview_url": "https://p.scdn.co/mp3-preview/24d35e9ee9f6956f2cf59d286b9fae6006e2efec?cid=21df2fd397254479b1ff5d2429c5ba95",
                "track_number": 4,
                "type": "track",
                "uri": "spotify:track:6tGyLydK5lNXz8Aw44wRj8"
            },
            {
                "artists": [
                    {
                        "external_urls": {
                            "spotify": "https://open.spotify.com/artist/0DCw6lHkzh9t7f8Hb4Z0Sx"
                        },
                        "href": "https://api.spotify.com/v1/artists/0DCw6lHkzh9t7f8Hb4Z0Sx",
                        "id": "0DCw6lHkzh9t7f8Hb4Z0Sx",
                        "name": "Arch Enemy",
                        "type": "artist",
                        "uri": "spotify:artist:0DCw6lHkzh9t7f8Hb4Z0Sx"
                    }
                ],
                "disc_number": 1,
                "duration_ms": 299441,
                "explicit": false,
                "external_urls": {
                    "spotify": "https://open.spotify.com/track/7KoWRwwVUgZV5D0zmrr25s"
                },
                "href": "https://api.spotify.com/v1/tracks/7KoWRwwVUgZV5D0zmrr25s",
                "id": "7KoWRwwVUgZV5D0zmrr25s",
                "is_local": false,
                "is_playable": true,
                "name": "The Eagle Flies Alone - edit",
                "preview_url": "https://p.scdn.co/mp3-preview/903584c46c49b24bb83fd6bc058fe3bb9d9453e9?cid=21df2fd397254479b1ff5d2429c5ba95",
                "track_number": 5,
                "type": "track",
                "uri": "spotify:track:7KoWRwwVUgZV5D0zmrr25s"
            },
            {
                "artists": [
                    {
                        "external_urls": {
                            "spotify": "https://open.spotify.com/artist/0DCw6lHkzh9t7f8Hb4Z0Sx"
                        },
                        "href": "https://api.spotify.com/v1/artists/0DCw6lHkzh9t7f8Hb4Z0Sx",
                        "id": "0DCw6lHkzh9t7f8Hb4Z0Sx",
                        "name": "Arch Enemy",
                        "type": "artist",
                        "uri": "spotify:artist:0DCw6lHkzh9t7f8Hb4Z0Sx"
                    }
                ],
                "disc_number": 1,
                "duration_ms": 287733,
                "explicit": false,
                "external_urls": {
                    "spotify": "https://open.spotify.com/track/02gIPDHCTuKgKEl2VlgPzt"
                },
                "href": "https://api.spotify.com/v1/tracks/02gIPDHCTuKgKEl2VlgPzt",
                "id": "02gIPDHCTuKgKEl2VlgPzt",
                "is_local": false,
                "is_playable": true,
                "name": "Reason to Believe",
                "preview_url": "https://p.scdn.co/mp3-preview/825e29a12a908f4009fa395f2ae1e2734f80d85b?cid=21df2fd397254479b1ff5d2429c5ba95",
                "track_number": 6,
                "type": "track",
                "uri": "spotify:track:02gIPDHCTuKgKEl2VlgPzt"
            },
            {
                "artists": [
                    {
                        "external_urls": {
                            "spotify": "https://open.spotify.com/artist/0DCw6lHkzh9t7f8Hb4Z0Sx"
                        },
                        "href": "https://api.spotify.com/v1/artists/0DCw6lHkzh9t7f8Hb4Z0Sx",
                        "id": "0DCw6lHkzh9t7f8Hb4Z0Sx",
                        "name": "Arch Enemy",
                        "type": "artist",
                        "uri": "spotify:artist:0DCw6lHkzh9t7f8Hb4Z0Sx"
                    }
                ],
                "disc_number": 1,
                "duration_ms": 230413,
                "explicit": false,
                "external_urls": {
                    "spotify": "https://open.spotify.com/track/25lp8iSlGkhHISSX0EgpAE"
                },
                "href": "https://api.spotify.com/v1/tracks/25lp8iSlGkhHISSX0EgpAE",
                "id": "25lp8iSlGkhHISSX0EgpAE",
                "is_local": false,
                "is_playable": true,
                "name": "Murder Scene",
                "preview_url": "https://p.scdn.co/mp3-preview/5204b647244b953a17ee9f185438ba1c00b132d9?cid=21df2fd397254479b1ff5d2429c5ba95",
                "track_number": 7,
                "type": "track",
                "uri": "spotify:track:25lp8iSlGkhHISSX0EgpAE"
            },
            {
                "artists": [
                    {
                        "external_urls": {
                            "spotify": "https://open.spotify.com/artist/0DCw6lHkzh9t7f8Hb4Z0Sx"
                        },
                        "href": "https://api.spotify.com/v1/artists/0DCw6lHkzh9t7f8Hb4Z0Sx",
                        "id": "0DCw6lHkzh9t7f8Hb4Z0Sx",
                        "name": "Arch Enemy",
                        "type": "artist",
                        "uri": "spotify:artist:0DCw6lHkzh9t7f8Hb4Z0Sx"
                    }
                ],
                "disc_number": 1,
                "duration_ms": 288320,
                "explicit": false,
                "external_urls": {
                    "spotify": "https://open.spotify.com/track/7uqohNjCnZ8sZd5S2vh5vx"
                },
                "href": "https://api.spotify.com/v1/tracks/7uqohNjCnZ8sZd5S2vh5vx",
                "id": "7uqohNjCnZ8sZd5S2vh5vx",
                "is_local": false,
                "is_playable": true,
                "name": "First Day in Hell",
                "preview_url": "https://p.scdn.co/mp3-preview/5182ef2a5fafb5888ff5841d84f3e5a206223cb0?cid=21df2fd397254479b1ff5d2429c5ba95",
                "track_number": 8,
                "type": "track",
                "uri": "spotify:track:7uqohNjCnZ8sZd5S2vh5vx"
            },
            {
                "artists": [
                    {
                        "external_urls": {
                            "spotify": "https://open.spotify.com/artist/0DCw6lHkzh9t7f8Hb4Z0Sx"
                        },
                        "href": "https://api.spotify.com/v1/artists/0DCw6lHkzh9t7f8Hb4Z0Sx",
                        "id": "0DCw6lHkzh9t7f8Hb4Z0Sx",
                        "name": "Arch Enemy",
                        "type": "artist",
                        "uri": "spotify:artist:0DCw6lHkzh9t7f8Hb4Z0Sx"
                    }
                ],
                "disc_number": 1,
                "duration_ms": 69493,
                "explicit": false,
                "external_urls": {
                    "spotify": "https://open.spotify.com/track/6gXNdxtSOcErDuXagBUdkz"
                },
                "href": "https://api.spotify.com/v1/tracks/6gXNdxtSOcErDuXagBUdkz",
                "id": "6gXNdxtSOcErDuXagBUdkz",
                "is_local": false,
                "is_playable": true,
                "name": "Saturnine",
                "preview_url": "https://p.scdn.co/mp3-preview/28a4c80e367cec1f5fc5b9c39fab515179060dea?cid=21df2fd397254479b1ff5d2429c5ba95",
                "track_number": 9,
                "type": "track",
                "uri": "spotify:track:6gXNdxtSOcErDuXagBUdkz"
            },
            {
                "artists": [
                    {
                        "external_urls": {
                            "spotify": "https://open.spotify.com/artist/0DCw6lHkzh9t7f8Hb4Z0Sx"
                        },
                        "href": "https://api.spotify.com/v1/artists/0DCw6lHkzh9t7f8Hb4Z0Sx",
                        "id": "0DCw6lHkzh9t7f8Hb4Z0Sx",
                        "name": "Arch Enemy",
                        "type": "artist",
                        "uri": "spotify:artist:0DCw6lHkzh9t7f8Hb4Z0Sx"
                    }
                ],
                "disc_number": 1,
                "duration_ms": 400333,
                "explicit": false,
                "external_urls": {
                    "spotify": "https://open.spotify.com/track/0uLoPEtITzR7kNgf9jQJ7c"
                },
                "href": "https://api.spotify.com/v1/tracks/0uLoPEtITzR7kNgf9jQJ7c",
                "id": "0uLoPEtITzR7kNgf9jQJ7c",
                "is_local": false,
                "is_playable": true,
                "name": "Dreams of Retribution",
                "preview_url": "https://p.scdn.co/mp3-preview/935f8d675f2b1d1a2e00f321a89445f9017a7e0b?cid=21df2fd397254479b1ff5d2429c5ba95",
                "track_number": 10,
                "type": "track",
                "uri": "spotify:track:0uLoPEtITzR7kNgf9jQJ7c"
            },
            {
                "artists": [
                    {
                        "external_urls": {
                            "spotify": "https://open.spotify.com/artist/0DCw6lHkzh9t7f8Hb4Z0Sx"
                        },
                        "href": "https://api.spotify.com/v1/artists/0DCw6lHkzh9t7f8Hb4Z0Sx",
                        "id": "0DCw6lHkzh9t7f8Hb4Z0Sx",
                        "name": "Arch Enemy",
                        "type": "artist",
                        "uri": "spotify:artist:0DCw6lHkzh9t7f8Hb4Z0Sx"
                    }
                ],
                "disc_number": 1,
                "duration_ms": 245506,
                "explicit": false,
                "external_urls": {
                    "spotify": "https://open.spotify.com/track/4pXXtUdLs9DSMZJXO2EXXh"
                },
                "href": "https://api.spotify.com/v1/tracks/4pXXtUdLs9DSMZJXO2EXXh",
                "id": "4pXXtUdLs9DSMZJXO2EXXh",
                "is_local": false,
                "is_playable": true,
                "name": "My Shadow and I",
                "preview_url": "https://p.scdn.co/mp3-preview/2edb45268f9ff6089d1016c5c2faa89af14aa765?cid=21df2fd397254479b1ff5d2429c5ba95",
                "track_number": 11,
                "type": "track",
                "uri": "spotify:track:4pXXtUdLs9DSMZJXO2EXXh"
            },
            {
                "artists": [
                    {
                        "external_urls": {
                            "spotify": "https://open.spotify.com/artist/0DCw6lHkzh9t7f8Hb4Z0Sx"
                        },
                        "href": "https://api.spotify.com/v1/artists/0DCw6lHkzh9t7f8Hb4Z0Sx",
                        "id": "0DCw6lHkzh9t7f8Hb4Z0Sx",
                        "name": "Arch Enemy",
                        "type": "artist",
                        "uri": "spotify:artist:0DCw6lHkzh9t7f8Hb4Z0Sx"
                    }
                ],
                "disc_number": 1,
                "duration_ms": 395426,
                "explicit": false,
                "external_urls": {
                    "spotify": "https://open.spotify.com/track/6Yb6ofPLgbb5QhhuWQXtnk"
                },
                "href": "https://api.spotify.com/v1/tracks/6Yb6ofPLgbb5QhhuWQXtnk",
                "id": "6Yb6ofPLgbb5QhhuWQXtnk",
                "is_local": false,
                "is_playable": true,
                "name": "A Fight I Must Win",
                "preview_url": "https://p.scdn.co/mp3-preview/73be32cb2b4ff7cd36982cb062ba17d39d5828a7?cid=21df2fd397254479b1ff5d2429c5ba95",
                "track_number": 12,
                "type": "track",
                "uri": "spotify:track:6Yb6ofPLgbb5QhhuWQXtnk"
            },
            {
                "artists": [
                    {
                        "external_urls": {
                            "spotify": "https://open.spotify.com/artist/0DCw6lHkzh9t7f8Hb4Z0Sx"
                        },
                        "href": "https://api.spotify.com/v1/artists/0DCw6lHkzh9t7f8Hb4Z0Sx",
                        "id": "0DCw6lHkzh9t7f8Hb4Z0Sx",
                        "name": "Arch Enemy",
                        "type": "artist",
                        "uri": "spotify:artist:0DCw6lHkzh9t7f8Hb4Z0Sx"
                    }
                ],
                "disc_number": 1,
                "duration_ms": 168453,
                "explicit": true,
                "external_urls": {
                    "spotify": "https://open.spotify.com/track/4ZXzqIVIzkMnCymMNbrCh8"
                },
                "href": "https://api.spotify.com/v1/tracks/4ZXzqIVIzkMnCymMNbrCh8",
                "id": "4ZXzqIVIzkMnCymMNbrCh8",
                "is_local": false,
                "is_playable": true,
                "name": "City Baby Attacked by Rats - cover version",
                "preview_url": "https://p.scdn.co/mp3-preview/39d324e1f86878052233e5cb81a0c64a494d0f41?cid=21df2fd397254479b1ff5d2429c5ba95",
                "track_number": 13,
                "type": "track",
                "uri": "spotify:track:4ZXzqIVIzkMnCymMNbrCh8"
            }
        ],
        "limit": 50,
        "next": null,
        "offset": 0,
        "previous": null,
        "total": 13
    },
    "type": "album",
    "uri": "spotify:album:1HimPrGurKic1hNOSidwF2"
}
]]></system-out>
  </testcase>
  <testcase name="getAnAlbumTest" classname="api.tests.album.postivetests.PositiveGetAlbumTests" time="1.37">
    <system-out><![CDATA[BQA32IXqPOqYYPy8ks6k2WgFUq2hkAtIUpr9OSOsRZiz_TNIm8pm67cisMM_YSIBJH01p_cz8jrlxGjKVomvZ3JSRtNbkgKMrt0LJzMacP77vJODkTo
]]></system-out>
  </testcase>
  <testcase name="getLatestReleasesTest" classname="api.tests.album.postivetests.PositiveGetAlbumTests" time="0.898">
    <system-out><![CDATA[BQCWLQNDD-tQ5aPQYXMfnggDVxoHQgvl12zxzKpdCF_gxBGbqUcaRULinuiM-lxrzuAC6_B-7CzzbbtLrEHQS0sQSv-o8Uuqx94j7WmePXkFqByozwI
{
    "albums": {
        "href": "https://api.spotify.com/v1/browse/new-releases?country=HR&offset=0&limit=20",
        "items": [
            {
                "album_type": "album",
                "artists": [
                    {
                        "external_urls": {
                            "spotify": "https://open.spotify.com/artist/2auC28zjQyVTsiZKNgPRGs"
                        },
                        "href": "https://api.spotify.com/v1/artists/2auC28zjQyVTsiZKNgPRGs",
                        "id": "2auC28zjQyVTsiZKNgPRGs",
                        "name": "RM",
                        "type": "artist",
                        "uri": "spotify:artist:2auC28zjQyVTsiZKNgPRGs"
                    }
                ],
                "external_urls": {
                    "spotify": "https://open.spotify.com/album/08HCdXZVN72S2vpIT9DKhU"
                },
                "href": "https://api.spotify.com/v1/albums/08HCdXZVN72S2vpIT9DKhU",
                "id": "08HCdXZVN72S2vpIT9DKhU",
                "images": [
                    {
                        "height": 640,
                        "url": "https://i.scdn.co/image/ab67616d0000b27336661930d6c586e412d7d4b2",
                        "width": 640
                    },
                    {
                        "height": 300,
                        "url": "https://i.scdn.co/image/ab67616d00001e0236661930d6c586e412d7d4b2",
                        "width": 300
                    },
                    {
                        "height": 64,
                        "url": "https://i.scdn.co/image/ab67616d0000485136661930d6c586e412d7d4b2",
                        "width": 64
                    }
                ],
                "is_playable": true,
                "name": "Indigo",
                "release_date": "2022-12-02",
                "release_date_precision": "day",
                "total_tracks": 10,
                "type": "album",
                "uri": "spotify:album:08HCdXZVN72S2vpIT9DKhU"
            },
            {
                "album_type": "album",
                "artists": [
                    {
                        "external_urls": {
                            "spotify": "https://open.spotify.com/artist/6KImCVD70vtIoJWnq6nGn3"
                        },
                        "href": "https://api.spotify.com/v1/artists/6KImCVD70vtIoJWnq6nGn3",
                        "id": "6KImCVD70vtIoJWnq6nGn3",
                        "name": "Harry Styles",
                        "type": "artist",
                        "uri": "spotify:artist:6KImCVD70vtIoJWnq6nGn3"
                    }
                ],
                "external_urls": {
                    "spotify": "https://open.spotify.com/album/5r36AJ6VOJtp00oxSkBZ5h"
                },
                "href": "https://api.spotify.com/v1/albums/5r36AJ6VOJtp00oxSkBZ5h",
                "id": "5r36AJ6VOJtp00oxSkBZ5h",
                "images": [
                    {
                        "height": 640,
                        "url": "https://i.scdn.co/image/ab67616d0000b2732e8ed79e177ff6011076f5f0",
                        "width": 640
                    },
                    {
                        "height": 300,
                        "url": "https://i.scdn.co/image/ab67616d00001e022e8ed79e177ff6011076f5f0",
                        "width": 300
                    },
                    {
                        "height": 64,
                        "url": "https://i.scdn.co/image/ab67616d000048512e8ed79e177ff6011076f5f0",
                        "width": 64
                    }
                ],
                "is_playable": true,
                "name": "Harry's House",
                "release_date": "2022-05-20",
                "release_date_precision": "day",
                "total_tracks": 13,
                "type": "album",
                "uri": "spotify:album:5r36AJ6VOJtp00oxSkBZ5h"
            },
            {
                "album_type": "single",
                "artists": [
                    {
                        "external_urls": {
                            "spotify": "https://open.spotify.com/artist/6WFDpw4u23uSpon4BHvFRn"
                        },
                        "href": "https://api.spotify.com/v1/artists/6WFDpw4u23uSpon4BHvFRn",
                        "id": "6WFDpw4u23uSpon4BHvFRn",
                        "name": "Cat Burns",
                        "type": "artist",
                        "uri": "spotify:artist:6WFDpw4u23uSpon4BHvFRn"
                    }
                ],
                "external_urls": {
                    "spotify": "https://open.spotify.com/album/3IdEptw0LPQv9qNLbxkdAU"
                },
                "href": "https://api.spotify.com/v1/albums/3IdEptw0LPQv9qNLbxkdAU",
                "id": "3IdEptw0LPQv9qNLbxkdAU",
                "images": [
                    {
                        "height": 640,
                        "url": "https://i.scdn.co/image/ab67616d0000b27378d63606c261f7d212d4ee9a",
                        "width": 640
                    },
                    {
                        "height": 300,
                        "url": "https://i.scdn.co/image/ab67616d00001e0278d63606c261f7d212d4ee9a",
                        "width": 300
                    },
                    {
                        "height": 64,
                        "url": "https://i.scdn.co/image/ab67616d0000485178d63606c261f7d212d4ee9a",
                        "width": 64
                    }
                ],
                "is_playable": true,
                "name": "emotionally unavailable",
                "release_date": "2022-05-20",
                "release_date_precision": "day",
                "total_tracks": 6,
                "type": "album",
                "uri": "spotify:album:3IdEptw0LPQv9qNLbxkdAU"
            },
            {
                "album_type": "album",
                "artists": [
                    {
                        "external_urls": {
                            "spotify": "https://open.spotify.com/artist/69GGBxA162lTqCwzJG5jLp"
                        },
                        "href": "https://api.spotify.com/v1/artists/69GGBxA162lTqCwzJG5jLp",
                        "id": "69GGBxA162lTqCwzJG5jLp",
                        "name": "The Chainsmokers",
                        "type": "artist",
                        "uri": "spotify:artist:69GGBxA162lTqCwzJG5jLp"
                    }
                ],
                "external_urls": {
                    "spotify": "https://open.spotify.com/album/1CxCEPIZbaE28qUDW4wN0t"
                },
                "href": "https://api.spotify.com/v1/albums/1CxCEPIZbaE28qUDW4wN0t",
                "id": "1CxCEPIZbaE28qUDW4wN0t",
                "images": [
                    {
                        "height": 640,
                        "url": "https://i.scdn.co/image/ab67616d0000b2734ed727dc12385924bdef0e9f",
                        "width": 640
                    },
                    {
                        "height": 300,
                        "url": "https://i.scdn.co/image/ab67616d00001e024ed727dc12385924bdef0e9f",
                        "width": 300
                    },
                    {
                        "height": 64,
                        "url": "https://i.scdn.co/image/ab67616d000048514ed727dc12385924bdef0e9f",
                        "width": 64
                    }
                ],
                "is_playable": true,
                "name": "So Far So Good",
                "release_date": "2022-05-13",
                "release_date_precision": "day",
                "total_tracks": 13,
                "type": "album",
                "uri": "spotify:album:1CxCEPIZbaE28qUDW4wN0t"
            },
            {
                "album_type": "album",
                "artists": [
                    {
                        "external_urls": {
                            "spotify": "https://open.spotify.com/artist/1moxjboGR7GNWYIMWsRjgG"
                        },
                        "href": "https://api.spotify.com/v1/artists/1moxjboGR7GNWYIMWsRjgG",
                        "id": "1moxjboGR7GNWYIMWsRjgG",
                        "name": "Florence + The Machine",
                        "type": "artist",
                        "uri": "spotify:artist:1moxjboGR7GNWYIMWsRjgG"
                    }
                ],
                "external_urls": {
                    "spotify": "https://open.spotify.com/album/4ohh1zQ4yybSK9FS7LLyDE"
                },
                "href": "https://api.spotify.com/v1/albums/4ohh1zQ4yybSK9FS7LLyDE",
                "id": "4ohh1zQ4yybSK9FS7LLyDE",
                "images": [
                    {
                        "height": 640,
                        "url": "https://i.scdn.co/image/ab67616d0000b2735fd9e21618182df7d70b2186",
                        "width": 640
                    },
                    {
                        "height": 300,
                        "url": "https://i.scdn.co/image/ab67616d00001e025fd9e21618182df7d70b2186",
                        "width": 300
                    },
                    {
                        "height": 64,
                        "url": "https://i.scdn.co/image/ab67616d000048515fd9e21618182df7d70b2186",
                        "width": 64
                    }
                ],
                "is_playable": true,
                "name": "Dance Fever",
                "release_date": "2022-05-13",
                "release_date_precision": "day",
                "total_tracks": 14,
                "type": "album",
                "uri": "spotify:album:4ohh1zQ4yybSK9FS7LLyDE"
            },
            {
                "album_type": "album",
                "artists": [
                    {
                        "external_urls": {
                            "spotify": "https://open.spotify.com/artist/4obzFoKoKRHIphyHzJ35G3"
                        },
                        "href": "https://api.spotify.com/v1/artists/4obzFoKoKRHIphyHzJ35G3",
                        "id": "4obzFoKoKRHIphyHzJ35G3",
                        "name": "Becky G",
                        "type": "artist",
                        "uri": "spotify:artist:4obzFoKoKRHIphyHzJ35G3"
                    }
                ],
                "external_urls": {
                    "spotify": "https://open.spotify.com/album/7eC4wtMG1I2Jtk4FDWbkKC"
                },
                "href": "https://api.spotify.com/v1/albums/7eC4wtMG1I2Jtk4FDWbkKC",
                "id": "7eC4wtMG1I2Jtk4FDWbkKC",
                "images": [
                    {
                        "height": 640,
                        "url": "https://i.scdn.co/image/ab67616d0000b273518859dcb13382116f450073",
                        "width": 640
                    },
                    {
                        "height": 300,
                        "url": "https://i.scdn.co/image/ab67616d00001e02518859dcb13382116f450073",
                        "width": 300
                    },
                    {
                        "height": 64,
                        "url": "https://i.scdn.co/image/ab67616d00004851518859dcb13382116f450073",
                        "width": 64
                    }
                ],
                "is_playable": true,
                "name": "ESQUEMAS",
                "release_date": "2022-05-13",
                "release_date_precision": "day",
                "total_tracks": 14,
                "type": "album",
                "uri": "spotify:album:7eC4wtMG1I2Jtk4FDWbkKC"
            },
            {
                "album_type": "album",
                "artists": [
                    {
                        "external_urls": {
                            "spotify": "https://open.spotify.com/artist/2YZyLoL8N0Wb9xBt1NhZWg"
                        },
                        "href": "https://api.spotify.com/v1/artists/2YZyLoL8N0Wb9xBt1NhZWg",
                        "id": "2YZyLoL8N0Wb9xBt1NhZWg",
                        "name": "Kendrick Lamar",
                        "type": "artist",
                        "uri": "spotify:artist:2YZyLoL8N0Wb9xBt1NhZWg"
                    }
                ],
                "external_urls": {
                    "spotify": "https://open.spotify.com/album/1atjqOZTCdrjxjMyCPZc2g"
                },
                "href": "https://api.spotify.com/v1/albums/1atjqOZTCdrjxjMyCPZc2g",
                "id": "1atjqOZTCdrjxjMyCPZc2g",
                "images": [
                    {
                        "height": 640,
                        "url": "https://i.scdn.co/image/ab67616d0000b273f30764d5fa1e439ad6a7742f",
                        "width": 640
                    },
                    {
                        "height": 300,
                        "url": "https://i.scdn.co/image/ab67616d00001e02f30764d5fa1e439ad6a7742f",
                        "width": 300
                    },
                    {
                        "height": 64,
                        "url": "https://i.scdn.co/image/ab67616d00004851f30764d5fa1e439ad6a7742f",
                        "width": 64
                    }
                ],
                "is_playable": true,
                "name": "Mr. Morale & The Big Steppers",
                "release_date": "2022-05-13",
                "release_date_precision": "day",
                "total_tracks": 18,
                "type": "album",
                "uri": "spotify:album:1atjqOZTCdrjxjMyCPZc2g"
            },
            {
                "album_type": "album",
                "artists": [
                    {
                        "external_urls": {
                            "spotify": "https://open.spotify.com/artist/1Cd373x8qzC7SNUg5IToqp"
                        },
                        "href": "https://api.spotify.com/v1/artists/1Cd373x8qzC7SNUg5IToqp",
                        "id": "1Cd373x8qzC7SNUg5IToqp",
                        "name": "BoyWithUke",
                        "type": "artist",
                        "uri": "spotify:artist:1Cd373x8qzC7SNUg5IToqp"
                    }
                ],
                "external_urls": {
                    "spotify": "https://open.spotify.com/album/1I79ZTFJ5FVLwMYRWvhk73"
                },
                "href": "https://api.spotify.com/v1/albums/1I79ZTFJ5FVLwMYRWvhk73",
                "id": "1I79ZTFJ5FVLwMYRWvhk73",
                "images": [
                    {
                        "height": 640,
                        "url": "https://i.scdn.co/image/ab67616d0000b273ee07023115f822012390d2a0",
                        "width": 640
                    },
                    {
                        "height": 300,
                        "url": "https://i.scdn.co/image/ab67616d00001e02ee07023115f822012390d2a0",
                        "width": 300
                    },
                    {
                        "height": 64,
                        "url": "https://i.scdn.co/image/ab67616d00004851ee07023115f822012390d2a0",
                        "width": 64
                    }
                ],
                "is_playable": true,
                "name": "Serotonin Dreams",
                "release_date": "2022-05-06",
                "release_date_precision": "day",
                "total_tracks": 11,
                "type": "album",
                "uri": "spotify:album:1I79ZTFJ5FVLwMYRWvhk73"
            },
            {
                "album_type": "album",
                "artists": [
                    {
                        "external_urls": {
                            "spotify": "https://open.spotify.com/artist/4q3ewBCX7sLwd24euuV69X"
                        },
                        "href": "https://api.spotify.com/v1/artists/4q3ewBCX7sLwd24euuV69X",
                        "id": "4q3ewBCX7sLwd24euuV69X",
                        "name": "Bad Bunny",
                        "type": "artist",
                        "uri": "spotify:artist:4q3ewBCX7sLwd24euuV69X"
                    }
                ],
                "external_urls": {
                    "spotify": "https://open.spotify.com/album/3RQQmkQEvNCY4prGKE6oc5"
                },
                "href": "https://api.spotify.com/v1/albums/3RQQmkQEvNCY4prGKE6oc5",
                "id": "3RQQmkQEvNCY4prGKE6oc5",
                "images": [
                    {
                        "height": 640,
                        "url": "https://i.scdn.co/image/ab67616d0000b27349d694203245f241a1bcaa72",
                        "width": 640
                    },
                    {
                        "height": 300,
                        "url": "https://i.scdn.co/image/ab67616d00001e0249d694203245f241a1bcaa72",
                        "width": 300
                    },
                    {
                        "height": 64,
                        "url": "https://i.scdn.co/image/ab67616d0000485149d694203245f241a1bcaa72",
                        "width": 64
                    }
                ],
                "is_playable": true,
                "name": "Un Verano Sin Ti",
                "release_date": "2022-05-06",
                "release_date_precision": "day",
                "total_tracks": 23,
                "type": "album",
                "uri": "spotify:album:3RQQmkQEvNCY4prGKE6oc5"
            },
            {
                "album_type": "album",
                "artists": [
                    {
                        "external_urls": {
                            "spotify": "https://open.spotify.com/artist/2LIk90788K0zvyj2JJVwkJ"
                        },
                        "href": "https://api.spotify.com/v1/artists/2LIk90788K0zvyj2JJVwkJ",
                        "id": "2LIk90788K0zvyj2JJVwkJ",
                        "name": "Jack Harlow",
                        "type": "artist",
                        "uri": "spotify:artist:2LIk90788K0zvyj2JJVwkJ"
                    }
                ],
                "external_urls": {
                    "spotify": "https://open.spotify.com/album/2eE8BVirX9VF8Di9hD90iw"
                },
                "href": "https://api.spotify.com/v1/albums/2eE8BVirX9VF8Di9hD90iw",
                "id": "2eE8BVirX9VF8Di9hD90iw",
                "images": [
                    {
                        "height": 640,
                        "url": "https://i.scdn.co/image/ab67616d0000b2738e55edb69ca44a25b52b17bb",
                        "width": 640
                    },
                    {
                        "height": 300,
                        "url": "https://i.scdn.co/image/ab67616d00001e028e55edb69ca44a25b52b17bb",
                        "width": 300
                    },
                    {
                        "height": 64,
                        "url": "https://i.scdn.co/image/ab67616d000048518e55edb69ca44a25b52b17bb",
                        "width": 64
                    }
                ],
                "is_playable": true,
                "name": "Come Home The Kids Miss You",
                "release_date": "2022-05-06",
                "release_date_precision": "day",
                "total_tracks": 15,
                "type": "album",
                "uri": "spotify:album:2eE8BVirX9VF8Di9hD90iw"
            },
            {
                "album_type": "album",
                "artists": [
                    {
                        "external_urls": {
                            "spotify": "https://open.spotify.com/artist/1h6Cn3P4NGzXbaXidqURXs"
                        },
                        "href": "https://api.spotify.com/v1/artists/1h6Cn3P4NGzXbaXidqURXs",
                        "id": "1h6Cn3P4NGzXbaXidqURXs",
                        "name": "Swedish House Mafia",
                        "type": "artist",
                        "uri": "spotify:artist:1h6Cn3P4NGzXbaXidqURXs"
                    }
                ],
                "external_urls": {
                    "spotify": "https://open.spotify.com/album/2Dbe9L757CSQbhnbW5PVSH"
                },
                "href": "https://api.spotify.com/v1/albums/2Dbe9L757CSQbhnbW5PVSH",
                "id": "2Dbe9L757CSQbhnbW5PVSH",
                "images": [
                    {
                        "height": 640,
                        "url": "https://i.scdn.co/image/ab67616d0000b273bd6f8ac82dc5fe1028c14f7d",
                        "width": 640
                    },
                    {
                        "height": 300,
                        "url": "https://i.scdn.co/image/ab67616d00001e02bd6f8ac82dc5fe1028c14f7d",
                        "width": 300
                    },
                    {
                        "height": 64,
                        "url": "https://i.scdn.co/image/ab67616d00004851bd6f8ac82dc5fe1028c14f7d",
                        "width": 64
                    }
                ],
                "is_playable": true,
                "name": "Paradise Again",
                "release_date": "2022-04-15",
                "release_date_precision": "day",
                "total_tracks": 17,
                "type": "album",
                "uri": "spotify:album:2Dbe9L757CSQbhnbW5PVSH"
            },
            {
                "album_type": "album",
                "artists": [
                    {
                        "external_urls": {
                            "spotify": "https://open.spotify.com/artist/5IH6FPUwQTxPSXurCrcIov"
                        },
                        "href": "https://api.spotify.com/v1/artists/5IH6FPUwQTxPSXurCrcIov",
                        "id": "5IH6FPUwQTxPSXurCrcIov",
                        "name": "Alec Benjamin",
                        "type": "artist",
                        "uri": "spotify:artist:5IH6FPUwQTxPSXurCrcIov"
                    }
                ],
                "external_urls": {
                    "spotify": "https://open.spotify.com/album/5Wvcnn5547f6xz8F9Kz6rO"
                },
                "href": "https://api.spotify.com/v1/albums/5Wvcnn5547f6xz8F9Kz6rO",
                "id": "5Wvcnn5547f6xz8F9Kz6rO",
                "images": [
                    {
                        "height": 640,
                        "url": "https://i.scdn.co/image/ab67616d0000b2730c8a0405b0035e48ab780eec",
                        "width": 640
                    },
                    {
                        "height": 300,
                        "url": "https://i.scdn.co/image/ab67616d00001e020c8a0405b0035e48ab780eec",
                        "width": 300
                    },
                    {
                        "height": 64,
                        "url": "https://i.scdn.co/image/ab67616d000048510c8a0405b0035e48ab780eec",
                        "width": 64
                    }
                ],
                "is_playable": true,
                "name": "(Un)Commentary",
                "release_date": "2022-04-15",
                "release_date_precision": "day",
                "total_tracks": 13,
                "type": "album",
                "uri": "spotify:album:5Wvcnn5547f6xz8F9Kz6rO"
            },
            {
                "album_type": "album",
                "artists": [
                    {
                        "external_urls": {
                            "spotify": "https://open.spotify.com/artist/2TwOrUcYnAlIiKmVQkkoSZ"
                        },
                        "href": "https://api.spotify.com/v1/artists/2TwOrUcYnAlIiKmVQkkoSZ",
                        "id": "2TwOrUcYnAlIiKmVQkkoSZ",
                        "name": "Wet Leg",
                        "type": "artist",
                        "uri": "spotify:artist:2TwOrUcYnAlIiKmVQkkoSZ"
                    }
                ],
                "external_urls": {
                    "spotify": "https://open.spotify.com/album/0r9awI5WRCZpwk0aVQ4bKO"
                },
                "href": "https://api.spotify.com/v1/albums/0r9awI5WRCZpwk0aVQ4bKO",
                "id": "0r9awI5WRCZpwk0aVQ4bKO",
                "images": [
                    {
                        "height": 640,
                        "url": "https://i.scdn.co/image/ab67616d0000b273ea1126a33b0fb88e79915262",
                        "width": 640
                    },
                    {
                        "height": 300,
                        "url": "https://i.scdn.co/image/ab67616d00001e02ea1126a33b0fb88e79915262",
                        "width": 300
                    },
                    {
                        "height": 64,
                        "url": "https://i.scdn.co/image/ab67616d00004851ea1126a33b0fb88e79915262",
                        "width": 64
                    }
                ],
                "is_playable": true,
                "name": "Wet Leg",
                "release_date": "2022-04-08",
                "release_date_precision": "day",
                "total_tracks": 12,
                "type": "album",
                "uri": "spotify:album:0r9awI5WRCZpwk0aVQ4bKO"
            },
            {
                "album_type": "album",
                "artists": [
                    {
                        "external_urls": {
                            "spotify": "https://open.spotify.com/artist/1dy5WNgIKQU6ezkpZs4y8z"
                        },
                        "href": "https://api.spotify.com/v1/artists/1dy5WNgIKQU6ezkpZs4y8z",
                        "id": "1dy5WNgIKQU6ezkpZs4y8z",
                        "name": "ROLE MODEL",
                        "type": "artist",
                        "uri": "spotify:artist:1dy5WNgIKQU6ezkpZs4y8z"
                    }
                ],
                "external_urls": {
                    "spotify": "https://open.spotify.com/album/1PhcZ4Ov6ZxuaUZF8r9rbk"
                },
                "href": "https://api.spotify.com/v1/albums/1PhcZ4Ov6ZxuaUZF8r9rbk",
                "id": "1PhcZ4Ov6ZxuaUZF8r9rbk",
                "images": [
                    {
                        "height": 640,
                        "url": "https://i.scdn.co/image/ab67616d0000b273cddfd12bb155ad1091d6eea4",
                        "width": 640
                    },
                    {
                        "height": 300,
                        "url": "https://i.scdn.co/image/ab67616d00001e02cddfd12bb155ad1091d6eea4",
                        "width": 300
                    },
                    {
                        "height": 64,
                        "url": "https://i.scdn.co/image/ab67616d00004851cddfd12bb155ad1091d6eea4",
                        "width": 64
                    }
                ],
                "is_playable": true,
                "name": "Rx",
                "release_date": "2022-04-08",
                "release_date_precision": "day",
                "total_tracks": 11,
                "type": "album",
                "uri": "spotify:album:1PhcZ4Ov6ZxuaUZF8r9rbk"
            },
            {
                "album_type": "album",
                "artists": [
                    {
                        "external_urls": {
                            "spotify": "https://open.spotify.com/artist/4nDoRrQiYLoBzwC5BhVJzF"
                        },
                        "href": "https://api.spotify.com/v1/artists/4nDoRrQiYLoBzwC5BhVJzF",
                        "id": "4nDoRrQiYLoBzwC5BhVJzF",
                        "name": "Camila Cabello",
                        "type": "artist",
                        "uri": "spotify:artist:4nDoRrQiYLoBzwC5BhVJzF"
                    }
                ],
                "external_urls": {
                    "spotify": "https://open.spotify.com/album/5Nn3fX7CuJo7tbibtqASmf"
                },
                "href": "https://api.spotify.com/v1/albums/5Nn3fX7CuJo7tbibtqASmf",
                "id": "5Nn3fX7CuJo7tbibtqASmf",
                "images": [
                    {
                        "height": 640,
                        "url": "https://i.scdn.co/image/ab67616d0000b27317f56db9be0ac58807c82899",
                        "width": 640
                    },
                    {
                        "height": 300,
                        "url": "https://i.scdn.co/image/ab67616d00001e0217f56db9be0ac58807c82899",
                        "width": 300
                    },
                    {
                        "height": 64,
                        "url": "https://i.scdn.co/image/ab67616d0000485117f56db9be0ac58807c82899",
                        "width": 64
                    }
                ],
                "is_playable": true,
                "name": "Familia",
                "release_date": "2022-04-08",
                "release_date_precision": "day",
                "total_tracks": 12,
                "type": "album",
                "uri": "spotify:album:5Nn3fX7CuJo7tbibtqASmf"
            },
            {
                "album_type": "album",
                "artists": [
                    {
                        "external_urls": {
                            "spotify": "https://open.spotify.com/artist/2kGBy2WHvF0VdZyqiVCkDT"
                        },
                        "href": "https://api.spotify.com/v1/artists/2kGBy2WHvF0VdZyqiVCkDT",
                        "id": "2kGBy2WHvF0VdZyqiVCkDT",
                        "name": "Father John Misty",
                        "type": "artist",
                        "uri": "spotify:artist:2kGBy2WHvF0VdZyqiVCkDT"
                    }
                ],
                "external_urls": {
                    "spotify": "https://open.spotify.com/album/3AJUxT71xZZaxmCdhunwjE"
                },
                "href": "https://api.spotify.com/v1/albums/3AJUxT71xZZaxmCdhunwjE",
                "id": "3AJUxT71xZZaxmCdhunwjE",
                "images": [
                    {
                        "height": 640,
                        "url": "https://i.scdn.co/image/ab67616d0000b2732cd55f59f4a18a10c1962edc",
                        "width": 640
                    },
                    {
                        "height": 300,
                        "url": "https://i.scdn.co/image/ab67616d00001e022cd55f59f4a18a10c1962edc",
                        "width": 300
                    },
                    {
                        "height": 64,
                        "url": "https://i.scdn.co/image/ab67616d000048512cd55f59f4a18a10c1962edc",
                        "width": 64
                    }
                ],
                "is_playable": true,
                "name": "Chloë and the Next 20th Century",
                "release_date": "2022-04-08",
                "release_date_precision": "day",
                "total_tracks": 11,
                "type": "album",
                "uri": "spotify:album:3AJUxT71xZZaxmCdhunwjE"
            },
            {
                "album_type": "album",
                "artists": [
                    {
                        "external_urls": {
                            "spotify": "https://open.spotify.com/artist/0cmWgDlu9CwTgxPhf403hb"
                        },
                        "href": "https://api.spotify.com/v1/artists/0cmWgDlu9CwTgxPhf403hb",
                        "id": "0cmWgDlu9CwTgxPhf403hb",
                        "name": "Bonobo",
                        "type": "artist",
                        "uri": "spotify:artist:0cmWgDlu9CwTgxPhf403hb"
                    }
                ],
                "external_urls": {
                    "spotify": "https://open.spotify.com/album/4KjbNbnTnJ97kZgQkOHr6v"
                },
                "href": "https://api.spotify.com/v1/albums/4KjbNbnTnJ97kZgQkOHr6v",
                "id": "4KjbNbnTnJ97kZgQkOHr6v",
                "images": [
                    {
                        "height": 640,
                        "url": "https://i.scdn.co/image/ab67616d0000b273226e702d1878d4a44b273980",
                        "width": 640
                    },
                    {
                        "height": 300,
                        "url": "https://i.scdn.co/image/ab67616d00001e02226e702d1878d4a44b273980",
                        "width": 300
                    },
                    {
                        "height": 64,
                        "url": "https://i.scdn.co/image/ab67616d00004851226e702d1878d4a44b273980",
                        "width": 64
                    }
                ],
                "is_playable": true,
                "name": "Fragments",
                "release_date": "2022-01-14",
                "release_date_precision": "day",
                "total_tracks": 12,
                "type": "album",
                "uri": "spotify:album:4KjbNbnTnJ97kZgQkOHr6v"
            },
            {
                "album_type": "album",
                "artists": [
                    {
                        "external_urls": {
                            "spotify": "https://open.spotify.com/artist/4VMYDCV2IEDYJArk749S6m"
                        },
                        "href": "https://api.spotify.com/v1/artists/4VMYDCV2IEDYJArk749S6m",
                        "id": "4VMYDCV2IEDYJArk749S6m",
                        "name": "Daddy Yankee",
                        "type": "artist",
                        "uri": "spotify:artist:4VMYDCV2IEDYJArk749S6m"
                    }
                ],
                "external_urls": {
                    "spotify": "https://open.spotify.com/album/3rlJCPz7s7bTifG57wjFpt"
                },
                "href": "https://api.spotify.com/v1/albums/3rlJCPz7s7bTifG57wjFpt",
                "id": "3rlJCPz7s7bTifG57wjFpt",
                "images": [
                    {
                        "height": 640,
                        "url": "https://i.scdn.co/image/ab67616d0000b27342b84b2b0aa47bc162b29522",
                        "width": 640
                    },
                    {
                        "height": 300,
                        "url": "https://i.scdn.co/image/ab67616d00001e0242b84b2b0aa47bc162b29522",
                        "width": 300
                    },
                    {
                        "height": 64,
                        "url": "https://i.scdn.co/image/ab67616d0000485142b84b2b0aa47bc162b29522",
                        "width": 64
                    }
                ],
                "is_playable": true,
                "name": "LEGENDADDY",
                "release_date": "2022-03-25",
                "release_date_precision": "day",
                "total_tracks": 19,
                "type": "album",
                "uri": "spotify:album:3rlJCPz7s7bTifG57wjFpt"
            },
            {
                "album_type": "album",
                "artists": [
                    {
                        "external_urls": {
                            "spotify": "https://open.spotify.com/artist/3MdXrJWsbVzdn6fe5JYkSQ"
                        },
                        "href": "https://api.spotify.com/v1/artists/3MdXrJWsbVzdn6fe5JYkSQ",
                        "id": "3MdXrJWsbVzdn6fe5JYkSQ",
                        "name": "Latto",
                        "type": "artist",
                        "uri": "spotify:artist:3MdXrJWsbVzdn6fe5JYkSQ"
                    }
                ],
                "external_urls": {
                    "spotify": "https://open.spotify.com/album/4vjE6Rgl5z6K2PhrAtIA7O"
                },
                "href": "https://api.spotify.com/v1/albums/4vjE6Rgl5z6K2PhrAtIA7O",
                "id": "4vjE6Rgl5z6K2PhrAtIA7O",
                "images": [
                    {
                        "height": 640,
                        "url": "https://i.scdn.co/image/ab67616d0000b273326f80324c992d1eb403bf1c",
                        "width": 640
                    },
                    {
                        "height": 300,
                        "url": "https://i.scdn.co/image/ab67616d00001e02326f80324c992d1eb403bf1c",
                        "width": 300
                    },
                    {
                        "height": 64,
                        "url": "https://i.scdn.co/image/ab67616d00004851326f80324c992d1eb403bf1c",
                        "width": 64
                    }
                ],
                "is_playable": true,
                "name": "777",
                "release_date": "2022-03-25",
                "release_date_precision": "day",
                "total_tracks": 13,
                "type": "album",
                "uri": "spotify:album:4vjE6Rgl5z6K2PhrAtIA7O"
            },
            {
                "album_type": "album",
                "artists": [
                    {
                        "external_urls": {
                            "spotify": "https://open.spotify.com/artist/6TIYQ3jFPwQSRmorSezPxX"
                        },
                        "href": "https://api.spotify.com/v1/artists/6TIYQ3jFPwQSRmorSezPxX",
                        "id": "6TIYQ3jFPwQSRmorSezPxX",
                        "name": "Machine Gun Kelly",
                        "type": "artist",
                        "uri": "spotify:artist:6TIYQ3jFPwQSRmorSezPxX"
                    }
                ],
                "external_urls": {
                    "spotify": "https://open.spotify.com/album/3sKZHtQoq3tPtkXbT8PJAc"
                },
                "href": "https://api.spotify.com/v1/albums/3sKZHtQoq3tPtkXbT8PJAc",
                "id": "3sKZHtQoq3tPtkXbT8PJAc",
                "images": [
                    {
                        "height": 640,
                        "url": "https://i.scdn.co/image/ab67616d0000b273b4683d9ac3c5f14a71523c84",
                        "width": 640
                    },
                    {
                        "height": 300,
                        "url": "https://i.scdn.co/image/ab67616d00001e02b4683d9ac3c5f14a71523c84",
                        "width": 300
                    },
                    {
                        "height": 64,
                        "url": "https://i.scdn.co/image/ab67616d00004851b4683d9ac3c5f14a71523c84",
                        "width": 64
                    }
                ],
                "is_playable": true,
                "name": "mainstream sellout",
                "release_date": "2022-03-25",
                "release_date_precision": "day",
                "total_tracks": 16,
                "type": "album",
                "uri": "spotify:album:3sKZHtQoq3tPtkXbT8PJAc"
            }
        ],
        "limit": 20,
        "next": "https://api.spotify.com/v1/browse/new-releases?country=HR&offset=20&limit=20",
        "offset": 0,
        "previous": null,
        "total": 45
    }
}
]]></system-out>
  </testcase>
  <testcase name="getMultipleAlbumsTest" classname="api.tests.album.postivetests.PositiveGetAlbumTests" time="0.28">
    <system-out><![CDATA[BQA7AcNIDkx-LZk7mTmM2fRxJI1Ewi1bxO8-d7DTzBrN7WaHyg0e0-ZajkBwqqGoEMZC3ogDPHWXTGmiRjBTPWi2Ecsi3n-lVot_ZW0mM6MV9-wBnR0
{
    "albums": [
        {
            "album_type": "album",
            "artists": [
                {
                    "external_urls": {
                        "spotify": "https://open.spotify.com/artist/0DCw6lHkzh9t7f8Hb4Z0Sx"
                    },
                    "href": "https://api.spotify.com/v1/artists/0DCw6lHkzh9t7f8Hb4Z0Sx",
                    "id": "0DCw6lHkzh9t7f8Hb4Z0Sx",
                    "name": "Arch Enemy",
                    "type": "artist",
                    "uri": "spotify:artist:0DCw6lHkzh9t7f8Hb4Z0Sx"
                }
            ],
            "copyrights": [
                {
                    "text": "(P) 2017 Savage Messiah Music. Licensed exclusively in the Territory to Century Media Records Ltd.",
                    "type": "P"
                }
            ],
            "external_ids": {
                "upc": "886446557434"
            },
            "external_urls": {
                "spotify": "https://open.spotify.com/album/1HimPrGurKic1hNOSidwF2"
            },
            "genres": [
                
            ],
            "href": "https://api.spotify.com/v1/albums/1HimPrGurKic1hNOSidwF2",
            "id": "1HimPrGurKic1hNOSidwF2",
            "images": [
                {
                    "height": 640,
                    "url": "https://i.scdn.co/image/ab67616d0000b273f22accdfcf008be55b063aae",
                    "width": 640
                },
                {
                    "height": 300,
                    "url": "https://i.scdn.co/image/ab67616d00001e02f22accdfcf008be55b063aae",
                    "width": 300
                },
                {
                    "height": 64,
                    "url": "https://i.scdn.co/image/ab67616d00004851f22accdfcf008be55b063aae",
                    "width": 64
                }
            ],
            "is_playable": true,
            "label": "Century Media",
            "name": "Will To Power",
            "popularity": 55,
            "release_date": "2017-09-08",
            "release_date_precision": "day",
            "total_tracks": 13,
            "tracks": {
                "href": "https://api.spotify.com/v1/albums/1HimPrGurKic1hNOSidwF2/tracks?offset=0&limit=50&market=IL",
                "items": [
                    {
                        "artists": [
                            {
                                "external_urls": {
                                    "spotify": "https://open.spotify.com/artist/0DCw6lHkzh9t7f8Hb4Z0Sx"
                                },
                                "href": "https://api.spotify.com/v1/artists/0DCw6lHkzh9t7f8Hb4Z0Sx",
                                "id": "0DCw6lHkzh9t7f8Hb4Z0Sx",
                                "name": "Arch Enemy",
                                "type": "artist",
                                "uri": "spotify:artist:0DCw6lHkzh9t7f8Hb4Z0Sx"
                            }
                        ],
                        "disc_number": 1,
                        "duration_ms": 78413,
                        "explicit": false,
                        "external_urls": {
                            "spotify": "https://open.spotify.com/track/06Fzhn4M28HZx48H9IXA4j"
                        },
                        "href": "https://api.spotify.com/v1/tracks/06Fzhn4M28HZx48H9IXA4j",
                        "id": "06Fzhn4M28HZx48H9IXA4j",
                        "is_local": false,
                        "is_playable": true,
                        "name": "Set Flame to the Night",
                        "preview_url": "https://p.scdn.co/mp3-preview/4055ac73a1faf5cbb03f55f5a712af3656f20557?cid=21df2fd397254479b1ff5d2429c5ba95",
                        "track_number": 1,
                        "type": "track",
                        "uri": "spotify:track:06Fzhn4M28HZx48H9IXA4j"
                    },
                    {
                        "artists": [
                            {
                                "external_urls": {
                                    "spotify": "https://open.spotify.com/artist/0DCw6lHkzh9t7f8Hb4Z0Sx"
                                },
                                "href": "https://api.spotify.com/v1/artists/0DCw6lHkzh9t7f8Hb4Z0Sx",
                                "id": "0DCw6lHkzh9t7f8Hb4Z0Sx",
                                "name": "Arch Enemy",
                                "type": "artist",
                                "uri": "spotify:artist:0DCw6lHkzh9t7f8Hb4Z0Sx"
                            }
                        ],
                        "disc_number": 1,
                        "duration_ms": 195066,
                        "explicit": false,
                        "external_urls": {
                            "spotify": "https://open.spotify.com/track/6tzxM7GwiC5Yci3s08n5B4"
                        },
                        "href": "https://api.spotify.com/v1/tracks/6tzxM7GwiC5Yci3s08n5B4",
                        "id": "6tzxM7GwiC5Yci3s08n5B4",
                        "is_local": false,
                        "is_playable": true,
                        "name": "The Race",
                        "preview_url": "https://p.scdn.co/mp3-preview/c5e5825dc93010b288ff54ed948a65379e5b4693?cid=21df2fd397254479b1ff5d2429c5ba95",
                        "track_number": 2,
                        "type": "track",
                        "uri": "spotify:track:6tzxM7GwiC5Yci3s08n5B4"
                    },
                    {
                        "artists": [
                            {
                                "external_urls": {
                                    "spotify": "https://open.spotify.com/artist/0DCw6lHkzh9t7f8Hb4Z0Sx"
                                },
                                "href": "https://api.spotify.com/v1/artists/0DCw6lHkzh9t7f8Hb4Z0Sx",
                                "id": "0DCw6lHkzh9t7f8Hb4Z0Sx",
                                "name": "Arch Enemy",
                                "type": "artist",
                                "uri": "spotify:artist:0DCw6lHkzh9t7f8Hb4Z0Sx"
                            }
                        ],
                        "disc_number": 1,
                        "duration_ms": 235426,
                        "explicit": false,
                        "external_urls": {
                            "spotify": "https://open.spotify.com/track/12pova27n3uHRQxrPnih9f"
                        },
                        "href": "https://api.spotify.com/v1/tracks/12pova27n3uHRQxrPnih9f",
                        "id": "12pova27n3uHRQxrPnih9f",
                        "is_local": false,
                        "is_playable": true,
                        "name": "Blood in the Water",
                        "preview_url": "https://p.scdn.co/mp3-preview/42fccf28cc431d65a6edac04bf4b1ee9d5bf9ffb?cid=21df2fd397254479b1ff5d2429c5ba95",
                        "track_number": 3,
                        "type": "track",
                        "uri": "spotify:track:12pova27n3uHRQxrPnih9f"
                    },
                    {
                        "artists": [
                            {
                                "external_urls": {
                                    "spotify": "https://open.spotify.com/artist/0DCw6lHkzh9t7f8Hb4Z0Sx"
                                },
                                "href": "https://api.spotify.com/v1/artists/0DCw6lHkzh9t7f8Hb4Z0Sx",
                                "id": "0DCw6lHkzh9t7f8Hb4Z0Sx",
                                "name": "Arch Enemy",
                                "type": "artist",
                                "uri": "spotify:artist:0DCw6lHkzh9t7f8Hb4Z0Sx"
                            }
                        ],
                        "disc_number": 1,
                        "duration_ms": 293466,
                        "explicit": false,
                        "external_urls": {
                            "spotify": "https://open.spotify.com/track/6tGyLydK5lNXz8Aw44wRj8"
                        },
                        "href": "https://api.spotify.com/v1/tracks/6tGyLydK5lNXz8Aw44wRj8",
                        "id": "6tGyLydK5lNXz8Aw44wRj8",
                        "is_local": false,
                        "is_playable": true,
                        "name": "The World Is Yours",
                        "preview_url": "https://p.scdn.co/mp3-preview/24d35e9ee9f6956f2cf59d286b9fae6006e2efec?cid=21df2fd397254479b1ff5d2429c5ba95",
                        "track_number": 4,
                        "type": "track",
                        "uri": "spotify:track:6tGyLydK5lNXz8Aw44wRj8"
                    },
                    {
                        "artists": [
                            {
                                "external_urls": {
                                    "spotify": "https://open.spotify.com/artist/0DCw6lHkzh9t7f8Hb4Z0Sx"
                                },
                                "href": "https://api.spotify.com/v1/artists/0DCw6lHkzh9t7f8Hb4Z0Sx",
                                "id": "0DCw6lHkzh9t7f8Hb4Z0Sx",
                                "name": "Arch Enemy",
                                "type": "artist",
                                "uri": "spotify:artist:0DCw6lHkzh9t7f8Hb4Z0Sx"
                            }
                        ],
                        "disc_number": 1,
                        "duration_ms": 299441,
                        "explicit": false,
                        "external_urls": {
                            "spotify": "https://open.spotify.com/track/7KoWRwwVUgZV5D0zmrr25s"
                        },
                        "href": "https://api.spotify.com/v1/tracks/7KoWRwwVUgZV5D0zmrr25s",
                        "id": "7KoWRwwVUgZV5D0zmrr25s",
                        "is_local": false,
                        "is_playable": true,
                        "name": "The Eagle Flies Alone - edit",
                        "preview_url": "https://p.scdn.co/mp3-preview/903584c46c49b24bb83fd6bc058fe3bb9d9453e9?cid=21df2fd397254479b1ff5d2429c5ba95",
                        "track_number": 5,
                        "type": "track",
                        "uri": "spotify:track:7KoWRwwVUgZV5D0zmrr25s"
                    },
                    {
                        "artists": [
                            {
                                "external_urls": {
                                    "spotify": "https://open.spotify.com/artist/0DCw6lHkzh9t7f8Hb4Z0Sx"
                                },
                                "href": "https://api.spotify.com/v1/artists/0DCw6lHkzh9t7f8Hb4Z0Sx",
                                "id": "0DCw6lHkzh9t7f8Hb4Z0Sx",
                                "name": "Arch Enemy",
                                "type": "artist",
                                "uri": "spotify:artist:0DCw6lHkzh9t7f8Hb4Z0Sx"
                            }
                        ],
                        "disc_number": 1,
                        "duration_ms": 287733,
                        "explicit": false,
                        "external_urls": {
                            "spotify": "https://open.spotify.com/track/02gIPDHCTuKgKEl2VlgPzt"
                        },
                        "href": "https://api.spotify.com/v1/tracks/02gIPDHCTuKgKEl2VlgPzt",
                        "id": "02gIPDHCTuKgKEl2VlgPzt",
                        "is_local": false,
                        "is_playable": true,
                        "name": "Reason to Believe",
                        "preview_url": "https://p.scdn.co/mp3-preview/825e29a12a908f4009fa395f2ae1e2734f80d85b?cid=21df2fd397254479b1ff5d2429c5ba95",
                        "track_number": 6,
                        "type": "track",
                        "uri": "spotify:track:02gIPDHCTuKgKEl2VlgPzt"
                    },
                    {
                        "artists": [
                            {
                                "external_urls": {
                                    "spotify": "https://open.spotify.com/artist/0DCw6lHkzh9t7f8Hb4Z0Sx"
                                },
                                "href": "https://api.spotify.com/v1/artists/0DCw6lHkzh9t7f8Hb4Z0Sx",
                                "id": "0DCw6lHkzh9t7f8Hb4Z0Sx",
                                "name": "Arch Enemy",
                                "type": "artist",
                                "uri": "spotify:artist:0DCw6lHkzh9t7f8Hb4Z0Sx"
                            }
                        ],
                        "disc_number": 1,
                        "duration_ms": 230413,
                        "explicit": false,
                        "external_urls": {
                            "spotify": "https://open.spotify.com/track/25lp8iSlGkhHISSX0EgpAE"
                        },
                        "href": "https://api.spotify.com/v1/tracks/25lp8iSlGkhHISSX0EgpAE",
                        "id": "25lp8iSlGkhHISSX0EgpAE",
                        "is_local": false,
                        "is_playable": true,
                        "name": "Murder Scene",
                        "preview_url": "https://p.scdn.co/mp3-preview/5204b647244b953a17ee9f185438ba1c00b132d9?cid=21df2fd397254479b1ff5d2429c5ba95",
                        "track_number": 7,
                        "type": "track",
                        "uri": "spotify:track:25lp8iSlGkhHISSX0EgpAE"
                    },
                    {
                        "artists": [
                            {
                                "external_urls": {
                                    "spotify": "https://open.spotify.com/artist/0DCw6lHkzh9t7f8Hb4Z0Sx"
                                },
                                "href": "https://api.spotify.com/v1/artists/0DCw6lHkzh9t7f8Hb4Z0Sx",
                                "id": "0DCw6lHkzh9t7f8Hb4Z0Sx",
                                "name": "Arch Enemy",
                                "type": "artist",
                                "uri": "spotify:artist:0DCw6lHkzh9t7f8Hb4Z0Sx"
                            }
                        ],
                        "disc_number": 1,
                        "duration_ms": 288320,
                        "explicit": false,
                        "external_urls": {
                            "spotify": "https://open.spotify.com/track/7uqohNjCnZ8sZd5S2vh5vx"
                        },
                        "href": "https://api.spotify.com/v1/tracks/7uqohNjCnZ8sZd5S2vh5vx",
                        "id": "7uqohNjCnZ8sZd5S2vh5vx",
                        "is_local": false,
                        "is_playable": true,
                        "name": "First Day in Hell",
                        "preview_url": "https://p.scdn.co/mp3-preview/5182ef2a5fafb5888ff5841d84f3e5a206223cb0?cid=21df2fd397254479b1ff5d2429c5ba95",
                        "track_number": 8,
                        "type": "track",
                        "uri": "spotify:track:7uqohNjCnZ8sZd5S2vh5vx"
                    },
                    {
                        "artists": [
                            {
                                "external_urls": {
                                    "spotify": "https://open.spotify.com/artist/0DCw6lHkzh9t7f8Hb4Z0Sx"
                                },
                                "href": "https://api.spotify.com/v1/artists/0DCw6lHkzh9t7f8Hb4Z0Sx",
                                "id": "0DCw6lHkzh9t7f8Hb4Z0Sx",
                                "name": "Arch Enemy",
                                "type": "artist",
                                "uri": "spotify:artist:0DCw6lHkzh9t7f8Hb4Z0Sx"
                            }
                        ],
                        "disc_number": 1,
                        "duration_ms": 69493,
                        "explicit": false,
                        "external_urls": {
                            "spotify": "https://open.spotify.com/track/6gXNdxtSOcErDuXagBUdkz"
                        },
                        "href": "https://api.spotify.com/v1/tracks/6gXNdxtSOcErDuXagBUdkz",
                        "id": "6gXNdxtSOcErDuXagBUdkz",
                        "is_local": false,
                        "is_playable": true,
                        "name": "Saturnine",
                        "preview_url": "https://p.scdn.co/mp3-preview/28a4c80e367cec1f5fc5b9c39fab515179060dea?cid=21df2fd397254479b1ff5d2429c5ba95",
                        "track_number": 9,
                        "type": "track",
                        "uri": "spotify:track:6gXNdxtSOcErDuXagBUdkz"
                    },
                    {
                        "artists": [
                            {
                                "external_urls": {
                                    "spotify": "https://open.spotify.com/artist/0DCw6lHkzh9t7f8Hb4Z0Sx"
                                },
                                "href": "https://api.spotify.com/v1/artists/0DCw6lHkzh9t7f8Hb4Z0Sx",
                                "id": "0DCw6lHkzh9t7f8Hb4Z0Sx",
                                "name": "Arch Enemy",
                                "type": "artist",
                                "uri": "spotify:artist:0DCw6lHkzh9t7f8Hb4Z0Sx"
                            }
                        ],
                        "disc_number": 1,
                        "duration_ms": 400333,
                        "explicit": false,
                        "external_urls": {
                            "spotify": "https://open.spotify.com/track/0uLoPEtITzR7kNgf9jQJ7c"
                        },
                        "href": "https://api.spotify.com/v1/tracks/0uLoPEtITzR7kNgf9jQJ7c",
                        "id": "0uLoPEtITzR7kNgf9jQJ7c",
                        "is_local": false,
                        "is_playable": true,
                        "name": "Dreams of Retribution",
                        "preview_url": "https://p.scdn.co/mp3-preview/935f8d675f2b1d1a2e00f321a89445f9017a7e0b?cid=21df2fd397254479b1ff5d2429c5ba95",
                        "track_number": 10,
                        "type": "track",
                        "uri": "spotify:track:0uLoPEtITzR7kNgf9jQJ7c"
                    },
                    {
                        "artists": [
                            {
                                "external_urls": {
                                    "spotify": "https://open.spotify.com/artist/0DCw6lHkzh9t7f8Hb4Z0Sx"
                                },
                                "href": "https://api.spotify.com/v1/artists/0DCw6lHkzh9t7f8Hb4Z0Sx",
                                "id": "0DCw6lHkzh9t7f8Hb4Z0Sx",
                                "name": "Arch Enemy",
                                "type": "artist",
                                "uri": "spotify:artist:0DCw6lHkzh9t7f8Hb4Z0Sx"
                            }
                        ],
                        "disc_number": 1,
                        "duration_ms": 245506,
                        "explicit": false,
                        "external_urls": {
                            "spotify": "https://open.spotify.com/track/4pXXtUdLs9DSMZJXO2EXXh"
                        },
                        "href": "https://api.spotify.com/v1/tracks/4pXXtUdLs9DSMZJXO2EXXh",
                        "id": "4pXXtUdLs9DSMZJXO2EXXh",
                        "is_local": false,
                        "is_playable": true,
                        "name": "My Shadow and I",
                        "preview_url": "https://p.scdn.co/mp3-preview/2edb45268f9ff6089d1016c5c2faa89af14aa765?cid=21df2fd397254479b1ff5d2429c5ba95",
                        "track_number": 11,
                        "type": "track",
                        "uri": "spotify:track:4pXXtUdLs9DSMZJXO2EXXh"
                    },
                    {
                        "artists": [
                            {
                                "external_urls": {
                                    "spotify": "https://open.spotify.com/artist/0DCw6lHkzh9t7f8Hb4Z0Sx"
                                },
                                "href": "https://api.spotify.com/v1/artists/0DCw6lHkzh9t7f8Hb4Z0Sx",
                                "id": "0DCw6lHkzh9t7f8Hb4Z0Sx",
                                "name": "Arch Enemy",
                                "type": "artist",
                                "uri": "spotify:artist:0DCw6lHkzh9t7f8Hb4Z0Sx"
                            }
                        ],
                        "disc_number": 1,
                        "duration_ms": 395426,
                        "explicit": false,
                        "external_urls": {
                            "spotify": "https://open.spotify.com/track/6Yb6ofPLgbb5QhhuWQXtnk"
                        },
                        "href": "https://api.spotify.com/v1/tracks/6Yb6ofPLgbb5QhhuWQXtnk",
                        "id": "6Yb6ofPLgbb5QhhuWQXtnk",
                        "is_local": false,
                        "is_playable": true,
                        "name": "A Fight I Must Win",
                        "preview_url": "https://p.scdn.co/mp3-preview/73be32cb2b4ff7cd36982cb062ba17d39d5828a7?cid=21df2fd397254479b1ff5d2429c5ba95",
                        "track_number": 12,
                        "type": "track",
                        "uri": "spotify:track:6Yb6ofPLgbb5QhhuWQXtnk"
                    },
                    {
                        "artists": [
                            {
                                "external_urls": {
                                    "spotify": "https://open.spotify.com/artist/0DCw6lHkzh9t7f8Hb4Z0Sx"
                                },
                                "href": "https://api.spotify.com/v1/artists/0DCw6lHkzh9t7f8Hb4Z0Sx",
                                "id": "0DCw6lHkzh9t7f8Hb4Z0Sx",
                                "name": "Arch Enemy",
                                "type": "artist",
                                "uri": "spotify:artist:0DCw6lHkzh9t7f8Hb4Z0Sx"
                            }
                        ],
                        "disc_number": 1,
                        "duration_ms": 168453,
                        "explicit": true,
                        "external_urls": {
                            "spotify": "https://open.spotify.com/track/4ZXzqIVIzkMnCymMNbrCh8"
                        },
                        "href": "https://api.spotify.com/v1/tracks/4ZXzqIVIzkMnCymMNbrCh8",
                        "id": "4ZXzqIVIzkMnCymMNbrCh8",
                        "is_local": false,
                        "is_playable": true,
                        "name": "City Baby Attacked by Rats - cover version",
                        "preview_url": "https://p.scdn.co/mp3-preview/39d324e1f86878052233e5cb81a0c64a494d0f41?cid=21df2fd397254479b1ff5d2429c5ba95",
                        "track_number": 13,
                        "type": "track",
                        "uri": "spotify:track:4ZXzqIVIzkMnCymMNbrCh8"
                    }
                ],
                "limit": 50,
                "next": null,
                "offset": 0,
                "previous": null,
                "total": 13
            },
            "type": "album",
            "uri": "spotify:album:1HimPrGurKic1hNOSidwF2"
        },
        {
            "album_type": "album",
            "artists": [
                {
                    "external_urls": {
                        "spotify": "https://open.spotify.com/artist/0DCw6lHkzh9t7f8Hb4Z0Sx"
                    },
                    "href": "https://api.spotify.com/v1/artists/0DCw6lHkzh9t7f8Hb4Z0Sx",
                    "id": "0DCw6lHkzh9t7f8Hb4Z0Sx",
                    "name": "Arch Enemy",
                    "type": "artist",
                    "uri": "spotify:artist:0DCw6lHkzh9t7f8Hb4Z0Sx"
                }
            ],
            "copyrights": [
                {
                    "text": "(P) 2014 Savage Messiah Music. Licensed exclusively in the Territory to Century Media Records Ltd.",
                    "type": "P"
                }
            ],
            "external_ids": {
                "upc": "886444570091"
            },
            "external_urls": {
                "spotify": "https://open.spotify.com/album/3qzrNVuUyOJxfzMYRCh5qN"
            },
            "genres": [
                
            ],
            "href": "https://api.spotify.com/v1/albums/3qzrNVuUyOJxfzMYRCh5qN",
            "id": "3qzrNVuUyOJxfzMYRCh5qN",
            "images": [
                {
                    "height": 640,
                    "url": "https://i.scdn.co/image/ab67616d0000b273ffe6955b65d9425f0cce4472",
                    "width": 640
                },
                {
                    "height": 300,
                    "url": "https://i.scdn.co/image/ab67616d00001e02ffe6955b65d9425f0cce4472",
                    "width": 300
                },
                {
                    "height": 64,
                    "url": "https://i.scdn.co/image/ab67616d00004851ffe6955b65d9425f0cce4472",
                    "width": 64
                }
            ],
            "is_playable": true,
            "label": "Century Media",
            "name": "War Eternal",
            "popularity": 59,
            "release_date": "2014-06-10",
            "release_date_precision": "day",
            "total_tracks": 14,
            "tracks": {
                "href": "https://api.spotify.com/v1/albums/3qzrNVuUyOJxfzMYRCh5qN/tracks?offset=0&limit=50&market=IL",
                "items": [
                    {
                        "artists": [
                            {
                                "external_urls": {
                                    "spotify": "https://open.spotify.com/artist/0DCw6lHkzh9t7f8Hb4Z0Sx"
                                },
                                "href": "https://api.spotify.com/v1/artists/0DCw6lHkzh9t7f8Hb4Z0Sx",
                                "id": "0DCw6lHkzh9t7f8Hb4Z0Sx",
                                "name": "Arch Enemy",
                                "type": "artist",
                                "uri": "spotify:artist:0DCw6lHkzh9t7f8Hb4Z0Sx"
                            }
                        ],
                        "disc_number": 1,
                        "duration_ms": 72386,
                        "explicit": false,
                        "external_urls": {
                            "spotify": "https://open.spotify.com/track/5kzeQvA9T91h2H5Y8OU6Qk"
                        },
                        "href": "https://api.spotify.com/v1/tracks/5kzeQvA9T91h2H5Y8OU6Qk",
                        "id": "5kzeQvA9T91h2H5Y8OU6Qk",
                        "is_local": false,
                        "is_playable": true,
                        "name": "Tempore Nihil Sanat (Prelude In F Minor)",
                        "preview_url": "https://p.scdn.co/mp3-preview/593f1477fd5fb4f6a90358c8cbea7a2719367157?cid=21df2fd397254479b1ff5d2429c5ba95",
                        "track_number": 1,
                        "type": "track",
                        "uri": "spotify:track:5kzeQvA9T91h2H5Y8OU6Qk"
                    },
                    {
                        "artists": [
                            {
                                "external_urls": {
                                    "spotify": "https://open.spotify.com/artist/0DCw6lHkzh9t7f8Hb4Z0Sx"
                                },
                                "href": "https://api.spotify.com/v1/artists/0DCw6lHkzh9t7f8Hb4Z0Sx",
                                "id": "0DCw6lHkzh9t7f8Hb4Z0Sx",
                                "name": "Arch Enemy",
                                "type": "artist",
                                "uri": "spotify:artist:0DCw6lHkzh9t7f8Hb4Z0Sx"
                            }
                        ],
                        "disc_number": 1,
                        "duration_ms": 223760,
                        "explicit": false,
                        "external_urls": {
                            "spotify": "https://open.spotify.com/track/7gdqAiz2VMq0cybotZzls6"
                        },
                        "href": "https://api.spotify.com/v1/tracks/7gdqAiz2VMq0cybotZzls6",
                        "id": "7gdqAiz2VMq0cybotZzls6",
                        "is_local": false,
                        "is_playable": true,
                        "name": "Never Forgive, Never Forget",
                        "preview_url": "https://p.scdn.co/mp3-preview/38042030465e5127c71d5b81b14a8ab7c9252599?cid=21df2fd397254479b1ff5d2429c5ba95",
                        "track_number": 2,
                        "type": "track",
                        "uri": "spotify:track:7gdqAiz2VMq0cybotZzls6"
                    },
                    {
                        "artists": [
                            {
                                "external_urls": {
                                    "spotify": "https://open.spotify.com/artist/0DCw6lHkzh9t7f8Hb4Z0Sx"
                                },
                                "href": "https://api.spotify.com/v1/artists/0DCw6lHkzh9t7f8Hb4Z0Sx",
                                "id": "0DCw6lHkzh9t7f8Hb4Z0Sx",
                                "name": "Arch Enemy",
                                "type": "artist",
                                "uri": "spotify:artist:0DCw6lHkzh9t7f8Hb4Z0Sx"
                            }
                        ],
                        "disc_number": 1,
                        "duration_ms": 256053,
                        "explicit": true,
                        "external_urls": {
                            "spotify": "https://open.spotify.com/track/0WZZENH0kt3O2cBE8q5IRq"
                        },
                        "href": "https://api.spotify.com/v1/tracks/0WZZENH0kt3O2cBE8q5IRq",
                        "id": "0WZZENH0kt3O2cBE8q5IRq",
                        "is_local": false,
                        "is_playable": true,
                        "name": "War Eternal",
                        "preview_url": "https://p.scdn.co/mp3-preview/ad90eab9c1e5fa627b07277224a327eec56ba811?cid=21df2fd397254479b1ff5d2429c5ba95",
                        "track_number": 3,
                        "type": "track",
                        "uri": "spotify:track:0WZZENH0kt3O2cBE8q5IRq"
                    },
                    {
                        "artists": [
                            {
                                "external_urls": {
                                    "spotify": "https://open.spotify.com/artist/0DCw6lHkzh9t7f8Hb4Z0Sx"
                                },
                                "href": "https://api.spotify.com/v1/artists/0DCw6lHkzh9t7f8Hb4Z0Sx",
                                "id": "0DCw6lHkzh9t7f8Hb4Z0Sx",
                                "name": "Arch Enemy",
                                "type": "artist",
                                "uri": "spotify:artist:0DCw6lHkzh9t7f8Hb4Z0Sx"
                            }
                        ],
                        "disc_number": 1,
                        "duration_ms": 241160,
                        "explicit": false,
                        "external_urls": {
                            "spotify": "https://open.spotify.com/track/3BkqtdD3Vc90C3JFtTTVqI"
                        },
                        "href": "https://api.spotify.com/v1/tracks/3BkqtdD3Vc90C3JFtTTVqI",
                        "id": "3BkqtdD3Vc90C3JFtTTVqI",
                        "is_local": false,
                        "is_playable": true,
                        "name": "As the Pages Burn",
                        "preview_url": "https://p.scdn.co/mp3-preview/a43f89dae18c066341b2fcef6f6ff6ed125331f2?cid=21df2fd397254479b1ff5d2429c5ba95",
                        "track_number": 4,
                        "type": "track",
                        "uri": "spotify:track:3BkqtdD3Vc90C3JFtTTVqI"
                    },
                    {
                        "artists": [
                            {
                                "external_urls": {
                                    "spotify": "https://open.spotify.com/artist/0DCw6lHkzh9t7f8Hb4Z0Sx"
                                },
                                "href": "https://api.spotify.com/v1/artists/0DCw6lHkzh9t7f8Hb4Z0Sx",
                                "id": "0DCw6lHkzh9t7f8Hb4Z0Sx",
                                "name": "Arch Enemy",
                                "type": "artist",
                                "uri": "spotify:artist:0DCw6lHkzh9t7f8Hb4Z0Sx"
                            }
                        ],
                        "disc_number": 1,
                        "duration_ms": 245666,
                        "explicit": false,
                        "external_urls": {
                            "spotify": "https://open.spotify.com/track/6U4PnLCxvpipBXCffkdHNo"
                        },
                        "href": "https://api.spotify.com/v1/tracks/6U4PnLCxvpipBXCffkdHNo",
                        "id": "6U4PnLCxvpipBXCffkdHNo",
                        "is_local": false,
                        "is_playable": true,
                        "name": "No More Regrets",
                        "preview_url": "https://p.scdn.co/mp3-preview/e2637faf247b5bf560c11c68a7422e61d256d794?cid=21df2fd397254479b1ff5d2429c5ba95",
                        "track_number": 5,
                        "type": "track",
                        "uri": "spotify:track:6U4PnLCxvpipBXCffkdHNo"
                    },
                    {
                        "artists": [
                            {
                                "external_urls": {
                                    "spotify": "https://open.spotify.com/artist/0DCw6lHkzh9t7f8Hb4Z0Sx"
                                },
                                "href": "https://api.spotify.com/v1/artists/0DCw6lHkzh9t7f8Hb4Z0Sx",
                                "id": "0DCw6lHkzh9t7f8Hb4Z0Sx",
                                "name": "Arch Enemy",
                                "type": "artist",
                                "uri": "spotify:artist:0DCw6lHkzh9t7f8Hb4Z0Sx"
                            }
                        ],
                        "disc_number": 1,
                        "duration_ms": 277320,
                        "explicit": false,
                        "external_urls": {
                            "spotify": "https://open.spotify.com/track/45eGeRq5VjhY6RTN1TOefI"
                        },
                        "href": "https://api.spotify.com/v1/tracks/45eGeRq5VjhY6RTN1TOefI",
                        "id": "45eGeRq5VjhY6RTN1TOefI",
                        "is_local": false,
                        "is_playable": true,
                        "name": "You Will Know My Name",
                        "preview_url": "https://p.scdn.co/mp3-preview/e7a94eb9a106c4d080f167009d06c4778338e99f?cid=21df2fd397254479b1ff5d2429c5ba95",
                        "track_number": 6,
                        "type": "track",
                        "uri": "spotify:track:45eGeRq5VjhY6RTN1TOefI"
                    },
                    {
                        "artists": [
                            {
                                "external_urls": {
                                    "spotify": "https://open.spotify.com/artist/0DCw6lHkzh9t7f8Hb4Z0Sx"
                                },
                                "href": "https://api.spotify.com/v1/artists/0DCw6lHkzh9t7f8Hb4Z0Sx",
                                "id": "0DCw6lHkzh9t7f8Hb4Z0Sx",
                                "name": "Arch Enemy",
                                "type": "artist",
                                "uri": "spotify:artist:0DCw6lHkzh9t7f8Hb4Z0Sx"
                            }
                        ],
                        "disc_number": 1,
                        "duration_ms": 70160,
                        "explicit": false,
                        "external_urls": {
                            "spotify": "https://open.spotify.com/track/6abJvTjGs9kt7tB45CuPxO"
                        },
                        "href": "https://api.spotify.com/v1/tracks/6abJvTjGs9kt7tB45CuPxO",
                        "id": "6abJvTjGs9kt7tB45CuPxO",
                        "is_local": false,
                        "is_playable": true,
                        "name": "Graveyard of Dreams",
                        "preview_url": "https://p.scdn.co/mp3-preview/21dae8b67561a7c23ca622e09899c1d93bb9e150?cid=21df2fd397254479b1ff5d2429c5ba95",
                        "track_number": 7,
                        "type": "track",
                        "uri": "spotify:track:6abJvTjGs9kt7tB45CuPxO"
                    },
                    {
                        "artists": [
                            {
                                "external_urls": {
                                    "spotify": "https://open.spotify.com/artist/0DCw6lHkzh9t7f8Hb4Z0Sx"
                                },
                                "href": "https://api.spotify.com/v1/artists/0DCw6lHkzh9t7f8Hb4Z0Sx",
                                "id": "0DCw6lHkzh9t7f8Hb4Z0Sx",
                                "name": "Arch Enemy",
                                "type": "artist",
                                "uri": "spotify:artist:0DCw6lHkzh9t7f8Hb4Z0Sx"
                            }
                        ],
                        "disc_number": 1,
                        "duration_ms": 178933,
                        "explicit": false,
                        "external_urls": {
                            "spotify": "https://open.spotify.com/track/47j6K08MLO1PiYsxv7VCVM"
                        },
                        "href": "https://api.spotify.com/v1/tracks/47j6K08MLO1PiYsxv7VCVM",
                        "id": "47j6K08MLO1PiYsxv7VCVM",
                        "is_local": false,
                        "is_playable": true,
                        "name": "Stolen Life",
                        "preview_url": "https://p.scdn.co/mp3-preview/fa3bafd4b8ba5a71d091733bd1f4265cd9afea1c?cid=21df2fd397254479b1ff5d2429c5ba95",
                        "track_number": 8,
                        "type": "track",
                        "uri": "spotify:track:47j6K08MLO1PiYsxv7VCVM"
                    },
                    {
                        "artists": [
                            {
                                "external_urls": {
                                    "spotify": "https://open.spotify.com/artist/0DCw6lHkzh9t7f8Hb4Z0Sx"
                                },
                                "href": "https://api.spotify.com/v1/artists/0DCw6lHkzh9t7f8Hb4Z0Sx",
                                "id": "0DCw6lHkzh9t7f8Hb4Z0Sx",
                                "name": "Arch Enemy",
                                "type": "artist",
                                "uri": "spotify:artist:0DCw6lHkzh9t7f8Hb4Z0Sx"
                            }
                        ],
                        "disc_number": 1,
                        "duration_ms": 323533,
                        "explicit": false,
                        "external_urls": {
                            "spotify": "https://open.spotify.com/track/5aMAkoRfoGSa245NPn15iw"
                        },
                        "href": "https://api.spotify.com/v1/tracks/5aMAkoRfoGSa245NPn15iw",
                        "id": "5aMAkoRfoGSa245NPn15iw",
                        "is_local": false,
                        "is_playable": true,
                        "name": "Time Is Black",
                        "preview_url": "https://p.scdn.co/mp3-preview/7966b06ce36dfe6c85611d7fd4d402cb745b1d99?cid=21df2fd397254479b1ff5d2429c5ba95",
                        "track_number": 9,
                        "type": "track",
                        "uri": "spotify:track:5aMAkoRfoGSa245NPn15iw"
                    },
                    {
                        "artists": [
                            {
                                "external_urls": {
                                    "spotify": "https://open.spotify.com/artist/0DCw6lHkzh9t7f8Hb4Z0Sx"
                                },
                                "href": "https://api.spotify.com/v1/artists/0DCw6lHkzh9t7f8Hb4Z0Sx",
                                "id": "0DCw6lHkzh9t7f8Hb4Z0Sx",
                                "name": "Arch Enemy",
                                "type": "artist",
                                "uri": "spotify:artist:0DCw6lHkzh9t7f8Hb4Z0Sx"
                            }
                        ],
                        "disc_number": 1,
                        "duration_ms": 244946,
                        "explicit": false,
                        "external_urls": {
                            "spotify": "https://open.spotify.com/track/6q6nmIUY2LWKVJQxTnGsNK"
                        },
                        "href": "https://api.spotify.com/v1/tracks/6q6nmIUY2LWKVJQxTnGsNK",
                        "id": "6q6nmIUY2LWKVJQxTnGsNK",
                        "is_local": false,
                        "is_playable": true,
                        "name": "On and On",
                        "preview_url": "https://p.scdn.co/mp3-preview/b5ca0591122ce0359b757c7a6057eb124b41313f?cid=21df2fd397254479b1ff5d2429c5ba95",
                        "track_number": 10,
                        "type": "track",
                        "uri": "spotify:track:6q6nmIUY2LWKVJQxTnGsNK"
                    },
                    {
                        "artists": [
                            {
                                "external_urls": {
                                    "spotify": "https://open.spotify.com/artist/0DCw6lHkzh9t7f8Hb4Z0Sx"
                                },
                                "href": "https://api.spotify.com/v1/artists/0DCw6lHkzh9t7f8Hb4Z0Sx",
                                "id": "0DCw6lHkzh9t7f8Hb4Z0Sx",
                                "name": "Arch Enemy",
                                "type": "artist",
                                "uri": "spotify:artist:0DCw6lHkzh9t7f8Hb4Z0Sx"
                            }
                        ],
                        "disc_number": 1,
                        "duration_ms": 278666,
                        "explicit": false,
                        "external_urls": {
                            "spotify": "https://open.spotify.com/track/5N9O4qRT4FJudc5m632T45"
                        },
                        "href": "https://api.spotify.com/v1/tracks/5N9O4qRT4FJudc5m632T45",
                        "id": "5N9O4qRT4FJudc5m632T45",
                        "is_local": false,
                        "is_playable": true,
                        "name": "Avalanche",
                        "preview_url": "https://p.scdn.co/mp3-preview/3a09797cba5a6e20b0ba59d34007e708666fe441?cid=21df2fd397254479b1ff5d2429c5ba95",
                        "track_number": 11,
                        "type": "track",
                        "uri": "spotify:track:5N9O4qRT4FJudc5m632T45"
                    },
                    {
                        "artists": [
                            {
                                "external_urls": {
                                    "spotify": "https://open.spotify.com/artist/0DCw6lHkzh9t7f8Hb4Z0Sx"
                                },
                                "href": "https://api.spotify.com/v1/artists/0DCw6lHkzh9t7f8Hb4Z0Sx",
                                "id": "0DCw6lHkzh9t7f8Hb4Z0Sx",
                                "name": "Arch Enemy",
                                "type": "artist",
                                "uri": "spotify:artist:0DCw6lHkzh9t7f8Hb4Z0Sx"
                            }
                        ],
                        "disc_number": 1,
                        "duration_ms": 227920,
                        "explicit": false,
                        "external_urls": {
                            "spotify": "https://open.spotify.com/track/5T8HW2uDnrBDTVh9IGz7Gx"
                        },
                        "href": "https://api.spotify.com/v1/tracks/5T8HW2uDnrBDTVh9IGz7Gx",
                        "id": "5T8HW2uDnrBDTVh9IGz7Gx",
                        "is_local": false,
                        "is_playable": true,
                        "name": "Down to Nothing",
                        "preview_url": "https://p.scdn.co/mp3-preview/50da89d9f7f26f97519bfff14542a1f432cbee4b?cid=21df2fd397254479b1ff5d2429c5ba95",
                        "track_number": 12,
                        "type": "track",
                        "uri": "spotify:track:5T8HW2uDnrBDTVh9IGz7Gx"
                    },
                    {
                        "artists": [
                            {
                                "external_urls": {
                                    "spotify": "https://open.spotify.com/artist/0DCw6lHkzh9t7f8Hb4Z0Sx"
                                },
                                "href": "https://api.spotify.com/v1/artists/0DCw6lHkzh9t7f8Hb4Z0Sx",
                                "id": "0DCw6lHkzh9t7f8Hb4Z0Sx",
                                "name": "Arch Enemy",
                                "type": "artist",
                                "uri": "spotify:artist:0DCw6lHkzh9t7f8Hb4Z0Sx"
                            }
                        ],
                        "disc_number": 1,
                        "duration_ms": 209320,
                        "explicit": false,
                        "external_urls": {
                            "spotify": "https://open.spotify.com/track/6m5yQOnBfYfcm4wIfPDkH0"
                        },
                        "href": "https://api.spotify.com/v1/tracks/6m5yQOnBfYfcm4wIfPDkH0",
                        "id": "6m5yQOnBfYfcm4wIfPDkH0",
                        "is_local": false,
                        "is_playable": true,
                        "name": "Not Long for This World",
                        "preview_url": "https://p.scdn.co/mp3-preview/ac10af7bece10cb189df7a2137984163e60e7684?cid=21df2fd397254479b1ff5d2429c5ba95",
                        "track_number": 13,
                        "type": "track",
                        "uri": "spotify:track:6m5yQOnBfYfcm4wIfPDkH0"
                    },
                    {
                        "artists": [
                            {
                                "external_urls": {
                                    "spotify": "https://open.spotify.com/artist/0DCw6lHkzh9t7f8Hb4Z0Sx"
                                },
                                "href": "https://api.spotify.com/v1/artists/0DCw6lHkzh9t7f8Hb4Z0Sx",
                                "id": "0DCw6lHkzh9t7f8Hb4Z0Sx",
                                "name": "Arch Enemy",
                                "type": "artist",
                                "uri": "spotify:artist:0DCw6lHkzh9t7f8Hb4Z0Sx"
                            }
                        ],
                        "disc_number": 1,
                        "duration_ms": 183186,
                        "explicit": false,
                        "external_urls": {
                            "spotify": "https://open.spotify.com/track/4KV8M1q7Rbzlyuv5IlVDt2"
                        },
                        "href": "https://api.spotify.com/v1/tracks/4KV8M1q7Rbzlyuv5IlVDt2",
                        "id": "4KV8M1q7Rbzlyuv5IlVDt2",
                        "is_local": false,
                        "is_playable": true,
                        "name": "Shadow On the Wall - cover version",
                        "preview_url": "https://p.scdn.co/mp3-preview/331b3e4b45229f47c6a1f5740e41c68d825bdb5d?cid=21df2fd397254479b1ff5d2429c5ba95",
                        "track_number": 14,
                        "type": "track",
                        "uri": "spotify:track:4KV8M1q7Rbzlyuv5IlVDt2"
                    }
                ],
                "limit": 50,
                "next": null,
                "offset": 0,
                "previous": null,
                "total": 14
            },
            "type": "album",
            "uri": "spotify:album:3qzrNVuUyOJxfzMYRCh5qN"
        },
        {
            "album_type": "album",
            "artists": [
                {
                    "external_urls": {
                        "spotify": "https://open.spotify.com/artist/0DCw6lHkzh9t7f8Hb4Z0Sx"
                    },
                    "href": "https://api.spotify.com/v1/artists/0DCw6lHkzh9t7f8Hb4Z0Sx",
                    "id": "0DCw6lHkzh9t7f8Hb4Z0Sx",
                    "name": "Arch Enemy",
                    "type": "artist",
                    "uri": "spotify:artist:0DCw6lHkzh9t7f8Hb4Z0Sx"
                }
            ],
            "copyrights": [
                {
                    "text": "(P) 2022 Savage Messiah Music. Licensed exclusively in the Territory to Century Media Records Ltd.",
                    "type": "P"
                }
            ],
            "external_ids": {
                "upc": "886449558186"
            },
            "external_urls": {
                "spotify": "https://open.spotify.com/album/0UWT0SwOzXkR9IVbz0GNuo"
            },
            "genres": [
                
            ],
            "href": "https://api.spotify.com/v1/albums/0UWT0SwOzXkR9IVbz0GNuo",
            "id": "0UWT0SwOzXkR9IVbz0GNuo",
            "images": [
                {
                    "height": 640,
                    "url": "https://i.scdn.co/image/ab67616d0000b273d102f713b6404110023d15e6",
                    "width": 640
                },
                {
                    "height": 300,
                    "url": "https://i.scdn.co/image/ab67616d00001e02d102f713b6404110023d15e6",
                    "width": 300
                },
                {
                    "height": 64,
                    "url": "https://i.scdn.co/image/ab67616d00004851d102f713b6404110023d15e6",
                    "width": 64
                }
            ],
            "is_playable": true,
            "label": "Century Media",
            "name": "Deceivers",
            "popularity": 60,
            "release_date": "2022-08-12",
            "release_date_precision": "day",
            "total_tracks": 11,
            "tracks": {
                "href": "https://api.spotify.com/v1/albums/0UWT0SwOzXkR9IVbz0GNuo/tracks?offset=0&limit=50&market=IL",
                "items": [
                    {
                        "artists": [
                            {
                                "external_urls": {
                                    "spotify": "https://open.spotify.com/artist/0DCw6lHkzh9t7f8Hb4Z0Sx"
                                },
                                "href": "https://api.spotify.com/v1/artists/0DCw6lHkzh9t7f8Hb4Z0Sx",
                                "id": "0DCw6lHkzh9t7f8Hb4Z0Sx",
                                "name": "Arch Enemy",
                                "type": "artist",
                                "uri": "spotify:artist:0DCw6lHkzh9t7f8Hb4Z0Sx"
                            }
                        ],
                        "disc_number": 1,
                        "duration_ms": 338960,
                        "explicit": false,
                        "external_urls": {
                            "spotify": "https://open.spotify.com/track/4jPU94aF0U2PMNN0aBnhgX"
                        },
                        "href": "https://api.spotify.com/v1/tracks/4jPU94aF0U2PMNN0aBnhgX",
                        "id": "4jPU94aF0U2PMNN0aBnhgX",
                        "is_local": false,
                        "is_playable": true,
                        "name": "Handshake with Hell",
                        "preview_url": "https://p.scdn.co/mp3-preview/05782a6a24e92050b26bd87679078ce769ce0cf9?cid=21df2fd397254479b1ff5d2429c5ba95",
                        "track_number": 1,
                        "type": "track",
                        "uri": "spotify:track:4jPU94aF0U2PMNN0aBnhgX"
                    },
                    {
                        "artists": [
                            {
                                "external_urls": {
                                    "spotify": "https://open.spotify.com/artist/0DCw6lHkzh9t7f8Hb4Z0Sx"
                                },
                                "href": "https://api.spotify.com/v1/artists/0DCw6lHkzh9t7f8Hb4Z0Sx",
                                "id": "0DCw6lHkzh9t7f8Hb4Z0Sx",
                                "name": "Arch Enemy",
                                "type": "artist",
                                "uri": "spotify:artist:0DCw6lHkzh9t7f8Hb4Z0Sx"
                            }
                        ],
                        "disc_number": 1,
                        "duration_ms": 231773,
                        "explicit": false,
                        "external_urls": {
                            "spotify": "https://open.spotify.com/track/54nsNmxvp1ZxWcbKTcJynp"
                        },
                        "href": "https://api.spotify.com/v1/tracks/54nsNmxvp1ZxWcbKTcJynp",
                        "id": "54nsNmxvp1ZxWcbKTcJynp",
                        "is_local": false,
                        "is_playable": true,
                        "name": "Deceiver, Deceiver",
                        "preview_url": "https://p.scdn.co/mp3-preview/03e22d3ee1902473a25bc7a2c533f203e5515c61?cid=21df2fd397254479b1ff5d2429c5ba95",
                        "track_number": 2,
                        "type": "track",
                        "uri": "spotify:track:54nsNmxvp1ZxWcbKTcJynp"
                    },
                    {
                        "artists": [
                            {
                                "external_urls": {
                                    "spotify": "https://open.spotify.com/artist/0DCw6lHkzh9t7f8Hb4Z0Sx"
                                },
                                "href": "https://api.spotify.com/v1/artists/0DCw6lHkzh9t7f8Hb4Z0Sx",
                                "id": "0DCw6lHkzh9t7f8Hb4Z0Sx",
                                "name": "Arch Enemy",
                                "type": "artist",
                                "uri": "spotify:artist:0DCw6lHkzh9t7f8Hb4Z0Sx"
                            }
                        ],
                        "disc_number": 1,
                        "duration_ms": 249213,
                        "explicit": false,
                        "external_urls": {
                            "spotify": "https://open.spotify.com/track/3Ho41g5j1K5tiFmuU6DcZl"
                        },
                        "href": "https://api.spotify.com/v1/tracks/3Ho41g5j1K5tiFmuU6DcZl",
                        "id": "3Ho41g5j1K5tiFmuU6DcZl",
                        "is_local": false,
                        "is_playable": true,
                        "name": "In the Eye of the Storm",
                        "preview_url": "https://p.scdn.co/mp3-preview/27bc30ea20aace82623d25c29c963b1b994b3bdb?cid=21df2fd397254479b1ff5d2429c5ba95",
                        "track_number": 3,
                        "type": "track",
                        "uri": "spotify:track:3Ho41g5j1K5tiFmuU6DcZl"
                    },
                    {
                        "artists": [
                            {
                                "external_urls": {
                                    "spotify": "https://open.spotify.com/artist/0DCw6lHkzh9t7f8Hb4Z0Sx"
                                },
                                "href": "https://api.spotify.com/v1/artists/0DCw6lHkzh9t7f8Hb4Z0Sx",
                                "id": "0DCw6lHkzh9t7f8Hb4Z0Sx",
                                "name": "Arch Enemy",
                                "type": "artist",
                                "uri": "spotify:artist:0DCw6lHkzh9t7f8Hb4Z0Sx"
                            }
                        ],
                        "disc_number": 1,
                        "duration_ms": 298000,
                        "explicit": false,
                        "external_urls": {
                            "spotify": "https://open.spotify.com/track/7wwFeAgaC2pGqJaTuCVFAw"
                        },
                        "href": "https://api.spotify.com/v1/tracks/7wwFeAgaC2pGqJaTuCVFAw",
                        "id": "7wwFeAgaC2pGqJaTuCVFAw",
                        "is_local": false,
                        "is_playable": true,
                        "name": "The Watcher",
                        "preview_url": "https://p.scdn.co/mp3-preview/00c6b432f9c221b9137d2308ff7eaefa71294123?cid=21df2fd397254479b1ff5d2429c5ba95",
                        "track_number": 4,
                        "type": "track",
                        "uri": "spotify:track:7wwFeAgaC2pGqJaTuCVFAw"
                    },
                    {
                        "artists": [
                            {
                                "external_urls": {
                                    "spotify": "https://open.spotify.com/artist/0DCw6lHkzh9t7f8Hb4Z0Sx"
                                },
                                "href": "https://api.spotify.com/v1/artists/0DCw6lHkzh9t7f8Hb4Z0Sx",
                                "id": "0DCw6lHkzh9t7f8Hb4Z0Sx",
                                "name": "Arch Enemy",
                                "type": "artist",
                                "uri": "spotify:artist:0DCw6lHkzh9t7f8Hb4Z0Sx"
                            }
                        ],
                        "disc_number": 1,
                        "duration_ms": 231186,
                        "explicit": false,
                        "external_urls": {
                            "spotify": "https://open.spotify.com/track/0mO1FN8MXytVZfZYpC5i56"
                        },
                        "href": "https://api.spotify.com/v1/tracks/0mO1FN8MXytVZfZYpC5i56",
                        "id": "0mO1FN8MXytVZfZYpC5i56",
                        "is_local": false,
                        "is_playable": true,
                        "name": "Poisoned Arrow",
                        "preview_url": "https://p.scdn.co/mp3-preview/5e7372a9f5b713ee02c65f09967ab67970207d33?cid=21df2fd397254479b1ff5d2429c5ba95",
                        "track_number": 5,
                        "type": "track",
                        "uri": "spotify:track:0mO1FN8MXytVZfZYpC5i56"
                    },
                    {
                        "artists": [
                            {
                                "external_urls": {
                                    "spotify": "https://open.spotify.com/artist/0DCw6lHkzh9t7f8Hb4Z0Sx"
                                },
                                "href": "https://api.spotify.com/v1/artists/0DCw6lHkzh9t7f8Hb4Z0Sx",
                                "id": "0DCw6lHkzh9t7f8Hb4Z0Sx",
                                "name": "Arch Enemy",
                                "type": "artist",
                                "uri": "spotify:artist:0DCw6lHkzh9t7f8Hb4Z0Sx"
                            }
                        ],
                        "disc_number": 1,
                        "duration_ms": 243080,
                        "explicit": false,
                        "external_urls": {
                            "spotify": "https://open.spotify.com/track/5nPCIvymgNTiXN7hMMTbdX"
                        },
                        "href": "https://api.spotify.com/v1/tracks/5nPCIvymgNTiXN7hMMTbdX",
                        "id": "5nPCIvymgNTiXN7hMMTbdX",
                        "is_local": false,
                        "is_playable": true,
                        "name": "Sunset over the Empire",
                        "preview_url": "https://p.scdn.co/mp3-preview/0f6f87056de16baf7c08fcf92ca398c2bb913083?cid=21df2fd397254479b1ff5d2429c5ba95",
                        "track_number": 6,
                        "type": "track",
                        "uri": "spotify:track:5nPCIvymgNTiXN7hMMTbdX"
                    },
                    {
                        "artists": [
                            {
                                "external_urls": {
                                    "spotify": "https://open.spotify.com/artist/0DCw6lHkzh9t7f8Hb4Z0Sx"
                                },
                                "href": "https://api.spotify.com/v1/artists/0DCw6lHkzh9t7f8Hb4Z0Sx",
                                "id": "0DCw6lHkzh9t7f8Hb4Z0Sx",
                                "name": "Arch Enemy",
                                "type": "artist",
                                "uri": "spotify:artist:0DCw6lHkzh9t7f8Hb4Z0Sx"
                            }
                        ],
                        "disc_number": 1,
                        "duration_ms": 220426,
                        "explicit": false,
                        "external_urls": {
                            "spotify": "https://open.spotify.com/track/4mdop8Jx5BwspAQzvjF8pu"
                        },
                        "href": "https://api.spotify.com/v1/tracks/4mdop8Jx5BwspAQzvjF8pu",
                        "id": "4mdop8Jx5BwspAQzvjF8pu",
                        "is_local": false,
                        "is_playable": true,
                        "name": "House of Mirrors",
                        "preview_url": "https://p.scdn.co/mp3-preview/cac1a4447b48d244d7138f9057a94382b02adae5?cid=21df2fd397254479b1ff5d2429c5ba95",
                        "track_number": 7,
                        "type": "track",
                        "uri": "spotify:track:4mdop8Jx5BwspAQzvjF8pu"
                    },
                    {
                        "artists": [
                            {
                                "external_urls": {
                                    "spotify": "https://open.spotify.com/artist/0DCw6lHkzh9t7f8Hb4Z0Sx"
                                },
                                "href": "https://api.spotify.com/v1/artists/0DCw6lHkzh9t7f8Hb4Z0Sx",
                                "id": "0DCw6lHkzh9t7f8Hb4Z0Sx",
                                "name": "Arch Enemy",
                                "type": "artist",
                                "uri": "spotify:artist:0DCw6lHkzh9t7f8Hb4Z0Sx"
                            }
                        ],
                        "disc_number": 1,
                        "duration_ms": 286306,
                        "explicit": false,
                        "external_urls": {
                            "spotify": "https://open.spotify.com/track/1AjomJSkQXEJCEpgxBRCKB"
                        },
                        "href": "https://api.spotify.com/v1/tracks/1AjomJSkQXEJCEpgxBRCKB",
                        "id": "1AjomJSkQXEJCEpgxBRCKB",
                        "is_local": false,
                        "is_playable": true,
                        "name": "Spreading Black Wings",
                        "preview_url": "https://p.scdn.co/mp3-preview/e4e59acf0f4713d331ae34f83190bafe354d3009?cid=21df2fd397254479b1ff5d2429c5ba95",
                        "track_number": 8,
                        "type": "track",
                        "uri": "spotify:track:1AjomJSkQXEJCEpgxBRCKB"
                    },
                    {
                        "artists": [
                            {
                                "external_urls": {
                                    "spotify": "https://open.spotify.com/artist/0DCw6lHkzh9t7f8Hb4Z0Sx"
                                },
                                "href": "https://api.spotify.com/v1/artists/0DCw6lHkzh9t7f8Hb4Z0Sx",
                                "id": "0DCw6lHkzh9t7f8Hb4Z0Sx",
                                "name": "Arch Enemy",
                                "type": "artist",
                                "uri": "spotify:artist:0DCw6lHkzh9t7f8Hb4Z0Sx"
                            }
                        ],
                        "disc_number": 1,
                        "duration_ms": 96853,
                        "explicit": false,
                        "external_urls": {
                            "spotify": "https://open.spotify.com/track/3GEenHvrJMz0JplK0g6yqM"
                        },
                        "href": "https://api.spotify.com/v1/tracks/3GEenHvrJMz0JplK0g6yqM",
                        "id": "3GEenHvrJMz0JplK0g6yqM",
                        "is_local": false,
                        "is_playable": true,
                        "name": "Mourning Star",
                        "preview_url": "https://p.scdn.co/mp3-preview/e85c305711c9e6283ce2f7e97221f82da7d4c5b4?cid=21df2fd397254479b1ff5d2429c5ba95",
                        "track_number": 9,
                        "type": "track",
                        "uri": "spotify:track:3GEenHvrJMz0JplK0g6yqM"
                    },
                    {
                        "artists": [
                            {
                                "external_urls": {
                                    "spotify": "https://open.spotify.com/artist/0DCw6lHkzh9t7f8Hb4Z0Sx"
                                },
                                "href": "https://api.spotify.com/v1/artists/0DCw6lHkzh9t7f8Hb4Z0Sx",
                                "id": "0DCw6lHkzh9t7f8Hb4Z0Sx",
                                "name": "Arch Enemy",
                                "type": "artist",
                                "uri": "spotify:artist:0DCw6lHkzh9t7f8Hb4Z0Sx"
                            }
                        ],
                        "disc_number": 1,
                        "duration_ms": 229493,
                        "explicit": false,
                        "external_urls": {
                            "spotify": "https://open.spotify.com/track/6SKe0n1Oe9P2o6GXp5nyFl"
                        },
                        "href": "https://api.spotify.com/v1/tracks/6SKe0n1Oe9P2o6GXp5nyFl",
                        "id": "6SKe0n1Oe9P2o6GXp5nyFl",
                        "is_local": false,
                        "is_playable": true,
                        "name": "One Last Time",
                        "preview_url": "https://p.scdn.co/mp3-preview/e7aec94bd1b63afe4fda18d88278b8e2e9102bfc?cid=21df2fd397254479b1ff5d2429c5ba95",
                        "track_number": 10,
                        "type": "track",
                        "uri": "spotify:track:6SKe0n1Oe9P2o6GXp5nyFl"
                    },
                    {
                        "artists": [
                            {
                                "external_urls": {
                                    "spotify": "https://open.spotify.com/artist/0DCw6lHkzh9t7f8Hb4Z0Sx"
                                },
                                "href": "https://api.spotify.com/v1/artists/0DCw6lHkzh9t7f8Hb4Z0Sx",
                                "id": "0DCw6lHkzh9t7f8Hb4Z0Sx",
                                "name": "Arch Enemy",
                                "type": "artist",
                                "uri": "spotify:artist:0DCw6lHkzh9t7f8Hb4Z0Sx"
                            }
                        ],
                        "disc_number": 1,
                        "duration_ms": 284613,
                        "explicit": false,
                        "external_urls": {
                            "spotify": "https://open.spotify.com/track/3XW4lv9a1APFISmf1cP1bT"
                        },
                        "href": "https://api.spotify.com/v1/tracks/3XW4lv9a1APFISmf1cP1bT",
                        "id": "3XW4lv9a1APFISmf1cP1bT",
                        "is_local": false,
                        "is_playable": true,
                        "name": "Exiled from Earth",
                        "preview_url": "https://p.scdn.co/mp3-preview/37f58d40a6bb0b99add7aec5bd7a859be5afae4e?cid=21df2fd397254479b1ff5d2429c5ba95",
                        "track_number": 11,
                        "type": "track",
                        "uri": "spotify:track:3XW4lv9a1APFISmf1cP1bT"
                    }
                ],
                "limit": 50,
                "next": null,
                "offset": 0,
                "previous": null,
                "total": 11
            },
            "type": "album",
            "uri": "spotify:album:0UWT0SwOzXkR9IVbz0GNuo"
        }
    ]
}
HTTP/1.1 200 OK
content-type: application/json; charset=utf-8
cache-control: public, max-age=7200
x-robots-tag: noindex, nofollow
access-control-allow-origin: *
access-control-allow-headers: Accept, App-Platform, Authorization, Content-Type, Origin, Retry-After, Spotify-App-Version, X-Cloud-Trace-Context, client-token, content-access-token
access-control-allow-methods: GET, POST, OPTIONS, PUT, DELETE, PATCH
access-control-allow-credentials: true
access-control-max-age: 604800
content-encoding: gzip
strict-transport-security: max-age=31536000
x-content-type-options: nosniff
date: Wed, 21 Jun 2023 08:14:14 GMT
server: envoy
Via: HTTP/2 edgeproxy, 1.1 google
Alt-Svc: h3=":443"; ma=2592000,h3-29=":443"; ma=2592000
Transfer-Encoding: chunked
]]></system-out>
  </testcase>
  <testcase name="getNewReleasesWithLimitAndSkipTest" classname="api.tests.album.postivetests.PositiveGetAlbumTests" time="0.312">
    <system-out><![CDATA[BQCQZcnXj84d59gJoQaDZ_OLhWRxcB2jRYeiV22nFO4dDk6z3gwaC90d8YgshI4gzwRXcbswSjcBb0GAa0xsAkNV4QtEBcnj9Jtw1pQh-qe-VLZdI30
{
    "albums": {
        "href": "https://api.spotify.com/v1/browse/new-releases?country=SB&offset=0&limit=1",
        "items": [
            {
                "album_type": "album",
                "artists": [
                    {
                        "external_urls": {
                            "spotify": "https://open.spotify.com/artist/6KImCVD70vtIoJWnq6nGn3"
                        },
                        "href": "https://api.spotify.com/v1/artists/6KImCVD70vtIoJWnq6nGn3",
                        "id": "6KImCVD70vtIoJWnq6nGn3",
                        "name": "Harry Styles",
                        "type": "artist",
                        "uri": "spotify:artist:6KImCVD70vtIoJWnq6nGn3"
                    }
                ],
                "external_urls": {
                    "spotify": "https://open.spotify.com/album/5r36AJ6VOJtp00oxSkBZ5h"
                },
                "href": "https://api.spotify.com/v1/albums/5r36AJ6VOJtp00oxSkBZ5h",
                "id": "5r36AJ6VOJtp00oxSkBZ5h",
                "images": [
                    {
                        "height": 640,
                        "url": "https://i.scdn.co/image/ab67616d0000b2732e8ed79e177ff6011076f5f0",
                        "width": 640
                    },
                    {
                        "height": 300,
                        "url": "https://i.scdn.co/image/ab67616d00001e022e8ed79e177ff6011076f5f0",
                        "width": 300
                    },
                    {
                        "height": 64,
                        "url": "https://i.scdn.co/image/ab67616d000048512e8ed79e177ff6011076f5f0",
                        "width": 64
                    }
                ],
                "is_playable": true,
                "name": "Harry's House",
                "release_date": "2022-05-20",
                "release_date_precision": "day",
                "total_tracks": 13,
                "type": "album",
                "uri": "spotify:album:5r36AJ6VOJtp00oxSkBZ5h"
            }
        ],
        "limit": 1,
        "next": "https://api.spotify.com/v1/browse/new-releases?country=SB&offset=1&limit=1",
        "offset": 0,
        "previous": null,
        "total": 58
    }
}
HTTP/1.1 200 OK
]]></system-out>
  </testcase>
  <testcase name="getNewReleasesWithLimitAndSkipWithRandomLimitTest" classname="api.tests.album.postivetests.PositiveGetAlbumTests" time="0.536">
    <system-out><![CDATA[BQCSXHM9PsoT2qKYxUr9r_ZZuEjOPotzxqIUVqI2jyjm6cWdVrcx5oUNYPBWw75Hak9eDze7Gvmjj-0NxnmkAN-Ls5mV0mV0BcKZM5my3kRfWL-zUas
{
    "albums": {
        "href": "https://api.spotify.com/v1/browse/new-releases?country=GH&offset=0&limit=44",
        "items": [
            {
                "album_type": "single",
                "artists": [
                    {
                        "external_urls": {
                            "spotify": "https://open.spotify.com/artist/3zaDigUwjHvjOkSn0NDf9x"
                        },
                        "href": "https://api.spotify.com/v1/artists/3zaDigUwjHvjOkSn0NDf9x",
                        "id": "3zaDigUwjHvjOkSn0NDf9x",
                        "name": "Bnxn",
                        "type": "artist",
                        "uri": "spotify:artist:3zaDigUwjHvjOkSn0NDf9x"
                    },
                    {
                        "external_urls": {
                            "spotify": "https://open.spotify.com/artist/1fYVmAFB7sC7eDoF3mJXla"
                        },
                        "href": "https://api.spotify.com/v1/artists/1fYVmAFB7sC7eDoF3mJXla",
                        "id": "1fYVmAFB7sC7eDoF3mJXla",
                        "name": "Wande Coal",
                        "type": "artist",
                        "uri": "spotify:artist:1fYVmAFB7sC7eDoF3mJXla"
                    }
                ],
                "external_urls": {
                    "spotify": "https://open.spotify.com/album/6Jm4FSKWl5NL5m5gF9954m"
                },
                "href": "https://api.spotify.com/v1/albums/6Jm4FSKWl5NL5m5gF9954m",
                "id": "6Jm4FSKWl5NL5m5gF9954m",
                "images": [
                    {
                        "height": 640,
                        "url": "https://i.scdn.co/image/ab67616d0000b2739b19227afdca8645817830aa",
                        "width": 640
                    },
                    {
                        "height": 300,
                        "url": "https://i.scdn.co/image/ab67616d00001e029b19227afdca8645817830aa",
                        "width": 300
                    },
                    {
                        "height": 64,
                        "url": "https://i.scdn.co/image/ab67616d000048519b19227afdca8645817830aa",
                        "width": 64
                    }
                ],
                "is_playable": true,
                "name": "Kenkele",
                "release_date": "2022-07-20",
                "release_date_precision": "day",
                "total_tracks": 1,
                "type": "album",
                "uri": "spotify:album:6Jm4FSKWl5NL5m5gF9954m"
            },
            {
                "album_type": "album",
                "artists": [
                    {
                        "external_urls": {
                            "spotify": "https://open.spotify.com/artist/4tIKaxUmpXzshok2yCnwdf"
                        },
                        "href": "https://api.spotify.com/v1/artists/4tIKaxUmpXzshok2yCnwdf",
                        "id": "4tIKaxUmpXzshok2yCnwdf",
                        "name": "King Promise",
                        "type": "artist",
                        "uri": "spotify:artist:4tIKaxUmpXzshok2yCnwdf"
                    }
                ],
                "external_urls": {
                    "spotify": "https://open.spotify.com/album/32Ls6JAwVZTbiRIyZ2H0lt"
                },
                "href": "https://api.spotify.com/v1/albums/32Ls6JAwVZTbiRIyZ2H0lt",
                "id": "32Ls6JAwVZTbiRIyZ2H0lt",
                "images": [
                    {
                        "height": 640,
                        "url": "https://i.scdn.co/image/ab67616d0000b27314c2e3532e2a70b94edf58d4",
                        "width": 640
                    },
                    {
                        "height": 300,
                        "url": "https://i.scdn.co/image/ab67616d00001e0214c2e3532e2a70b94edf58d4",
                        "width": 300
                    },
                    {
                        "height": 64,
                        "url": "https://i.scdn.co/image/ab67616d0000485114c2e3532e2a70b94edf58d4",
                        "width": 64
                    }
                ],
                "is_playable": true,
                "name": "5 Star",
                "release_date": "2022-07-22",
                "release_date_precision": "day",
                "total_tracks": 15,
                "type": "album",
                "uri": "spotify:album:32Ls6JAwVZTbiRIyZ2H0lt"
            },
            {
                "album_type": "single",
                "artists": [
                    {
                        "external_urls": {
                            "spotify": "https://open.spotify.com/artist/1zO1FWFxxNUCqUuGATxZQZ"
                        },
                        "href": "https://api.spotify.com/v1/artists/1zO1FWFxxNUCqUuGATxZQZ",
                        "id": "1zO1FWFxxNUCqUuGATxZQZ",
                        "name": "Gyakie",
                        "type": "artist",
                        "uri": "spotify:artist:1zO1FWFxxNUCqUuGATxZQZ"
                    }
                ],
                "external_urls": {
                    "spotify": "https://open.spotify.com/album/2AtDDefSJveMubpGuqch1r"
                },
                "href": "https://api.spotify.com/v1/albums/2AtDDefSJveMubpGuqch1r",
                "id": "2AtDDefSJveMubpGuqch1r",
                "images": [
                    {
                        "height": 640,
                        "url": "https://i.scdn.co/image/ab67616d0000b27333ebe40e5d2ab7cc17fc9268",
                        "width": 640
                    },
                    {
                        "height": 300,
                        "url": "https://i.scdn.co/image/ab67616d00001e0233ebe40e5d2ab7cc17fc9268",
                        "width": 300
                    },
                    {
                        "height": 64,
                        "url": "https://i.scdn.co/image/ab67616d0000485133ebe40e5d2ab7cc17fc9268",
                        "width": 64
                    }
                ],
                "is_playable": true,
                "name": "MY DIARY - EP",
                "release_date": "2022-07-22",
                "release_date_precision": "day",
                "total_tracks": 6,
                "type": "album",
                "uri": "spotify:album:2AtDDefSJveMubpGuqch1r"
            },
            {
                "album_type": "single",
                "artists": [
                    {
                        "external_urls": {
                            "spotify": "https://open.spotify.com/artist/0obuUG86gXYcMtRMNKaYKL"
                        },
                        "href": "https://api.spotify.com/v1/artists/0obuUG86gXYcMtRMNKaYKL",
                        "id": "0obuUG86gXYcMtRMNKaYKL",
                        "name": "M.I. Abaga",
                        "type": "artist",
                        "uri": "spotify:artist:0obuUG86gXYcMtRMNKaYKL"
                    }
                ],
                "external_urls": {
                    "spotify": "https://open.spotify.com/album/2LKh0iw3OeLCIEkd0HsHeL"
                },
                "href": "https://api.spotify.com/v1/albums/2LKh0iw3OeLCIEkd0HsHeL",
                "id": "2LKh0iw3OeLCIEkd0HsHeL",
                "images": [
                    {
                        "height": 640,
                        "url": "https://i.scdn.co/image/ab67616d0000b2733af2013e965de9c89194ef74",
                        "width": 640
                    },
                    {
                        "height": 300,
                        "url": "https://i.scdn.co/image/ab67616d00001e023af2013e965de9c89194ef74",
                        "width": 300
                    },
                    {
                        "height": 64,
                        "url": "https://i.scdn.co/image/ab67616d000048513af2013e965de9c89194ef74",
                        "width": 64
                    }
                ],
                "is_playable": true,
                "name": "The Guy",
                "release_date": "2022-07-22",
                "release_date_precision": "day",
                "total_tracks": 1,
                "type": "album",
                "uri": "spotify:album:2LKh0iw3OeLCIEkd0HsHeL"
            },
            {
                "album_type": "album",
                "artists": [
                    {
                        "external_urls": {
                            "spotify": "https://open.spotify.com/artist/6RaKdMfhnMdLFXvsWSZaa0"
                        },
                        "href": "https://api.spotify.com/v1/artists/6RaKdMfhnMdLFXvsWSZaa0",
                        "id": "6RaKdMfhnMdLFXvsWSZaa0",
                        "name": "Waje",
                        "type": "artist",
                        "uri": "spotify:artist:6RaKdMfhnMdLFXvsWSZaa0"
                    }
                ],
                "external_urls": {
                    "spotify": "https://open.spotify.com/album/6Nob3kE5M2ZpgsIoIjRJnH"
                },
                "href": "https://api.spotify.com/v1/albums/6Nob3kE5M2ZpgsIoIjRJnH",
                "id": "6Nob3kE5M2ZpgsIoIjRJnH",
                "images": [
                    {
                        "height": 640,
                        "url": "https://i.scdn.co/image/ab67616d0000b273bce1416786a5c87bcdb922cd",
                        "width": 640
                    },
                    {
                        "height": 300,
                        "url": "https://i.scdn.co/image/ab67616d00001e02bce1416786a5c87bcdb922cd",
                        "width": 300
                    },
                    {
                        "height": 64,
                        "url": "https://i.scdn.co/image/ab67616d00004851bce1416786a5c87bcdb922cd",
                        "width": 64
                    }
                ],
                "is_playable": true,
                "name": "Waje 2.0",
                "release_date": "2022-07-22",
                "release_date_precision": "day",
                "total_tracks": 11,
                "type": "album",
                "uri": "spotify:album:6Nob3kE5M2ZpgsIoIjRJnH"
            },
            {
                "album_type": "single",
                "artists": [
                    {
                        "external_urls": {
                            "spotify": "https://open.spotify.com/artist/5ITI6SEoUZMIXXkzCfr4oE"
                        },
                        "href": "https://api.spotify.com/v1/artists/5ITI6SEoUZMIXXkzCfr4oE",
                        "id": "5ITI6SEoUZMIXXkzCfr4oE",
                        "name": "Aluna",
                        "type": "artist",
                        "uri": "spotify:artist:5ITI6SEoUZMIXXkzCfr4oE"
                    },
                    {
                        "external_urls": {
                            "spotify": "https://open.spotify.com/artist/76qtJqxLY1aXEPHxAJui7y"
                        },
                        "href": "https://api.spotify.com/v1/artists/76qtJqxLY1aXEPHxAJui7y",
                        "id": "76qtJqxLY1aXEPHxAJui7y",
                        "name": "Prettyboy D-O",
                        "type": "artist",
                        "uri": "spotify:artist:76qtJqxLY1aXEPHxAJui7y"
                    },
                    {
                        "external_urls": {
                            "spotify": "https://open.spotify.com/artist/1XQiB7Gp309l4aHhzgGIlY"
                        },
                        "href": "https://api.spotify.com/v1/artists/1XQiB7Gp309l4aHhzgGIlY",
                        "id": "1XQiB7Gp309l4aHhzgGIlY",
                        "name": "Kooldrink",
                        "type": "artist",
                        "uri": "spotify:artist:1XQiB7Gp309l4aHhzgGIlY"
                    }
                ],
                "external_urls": {
                    "spotify": "https://open.spotify.com/album/51jhbDkDKqDTPWNddEZ9aR"
                },
                "href": "https://api.spotify.com/v1/albums/51jhbDkDKqDTPWNddEZ9aR",
                "id": "51jhbDkDKqDTPWNddEZ9aR",
                "images": [
                    {
                        "height": 640,
                        "url": "https://i.scdn.co/image/ab67616d0000b273207276cc93057b54953557fa",
                        "width": 640
                    },
                    {
                        "height": 300,
                        "url": "https://i.scdn.co/image/ab67616d00001e02207276cc93057b54953557fa",
                        "width": 300
                    },
                    {
                        "height": 64,
                        "url": "https://i.scdn.co/image/ab67616d00004851207276cc93057b54953557fa",
                        "width": 64
                    }
                ],
                "is_playable": true,
                "name": "Nowhere to Hide",
                "release_date": "2022-07-22",
                "release_date_precision": "day",
                "total_tracks": 1,
                "type": "album",
                "uri": "spotify:album:51jhbDkDKqDTPWNddEZ9aR"
            },
            {
                "album_type": "single",
                "artists": [
                    {
                        "external_urls": {
                            "spotify": "https://open.spotify.com/artist/181bsRPaVXVlUKXrxwZfHK"
                        },
                        "href": "https://api.spotify.com/v1/artists/181bsRPaVXVlUKXrxwZfHK",
                        "id": "181bsRPaVXVlUKXrxwZfHK",
                        "name": "Megan Thee Stallion",
                        "type": "artist",
                        "uri": "spotify:artist:181bsRPaVXVlUKXrxwZfHK"
                    }
                ],
                "external_urls": {
                    "spotify": "https://open.spotify.com/album/2Wm9AhTq7byuyEIx5QXVWJ"
                },
                "href": "https://api.spotify.com/v1/albums/2Wm9AhTq7byuyEIx5QXVWJ",
                "id": "2Wm9AhTq7byuyEIx5QXVWJ",
                "images": [
                    {
                        "height": 640,
                        "url": "https://i.scdn.co/image/ab67616d0000b273fc5e1c268c1c72bf9da61625",
                        "width": 640
                    },
                    {
                        "height": 300,
                        "url": "https://i.scdn.co/image/ab67616d00001e02fc5e1c268c1c72bf9da61625",
                        "width": 300
                    },
                    {
                        "height": 64,
                        "url": "https://i.scdn.co/image/ab67616d00004851fc5e1c268c1c72bf9da61625",
                        "width": 64
                    }
                ],
                "is_playable": true,
                "name": "Pressurelicious (feat. Future)",
                "release_date": "2022-07-21",
                "release_date_precision": "day",
                "total_tracks": 1,
                "type": "album",
                "uri": "spotify:album:2Wm9AhTq7byuyEIx5QXVWJ"
            },
            {
                "album_type": "single",
                "artists": [
                    {
                        "external_urls": {
                            "spotify": "https://open.spotify.com/artist/6qqNVTkY8uBg9cP3Jd7DAH"
                        },
                        "href": "https://api.spotify.com/v1/artists/6qqNVTkY8uBg9cP3Jd7DAH",
                        "id": "6qqNVTkY8uBg9cP3Jd7DAH",
                        "name": "Billie Eilish",
                        "type": "artist",
                        "uri": "spotify:artist:6qqNVTkY8uBg9cP3Jd7DAH"
                    }
                ],
                "external_urls": {
                    "spotify": "https://open.spotify.com/album/1YPWxMpQEC8kcOuefgXbhj"
                },
                "href": "https://api.spotify.com/v1/albums/1YPWxMpQEC8kcOuefgXbhj",
                "id": "1YPWxMpQEC8kcOuefgXbhj",
                "images": [
                    {
                        "height": 640,
                        "url": "https://i.scdn.co/image/ab67616d0000b2737a4781629469bb83356cd318",
                        "width": 640
                    },
                    {
                        "height": 300,
                        "url": "https://i.scdn.co/image/ab67616d00001e027a4781629469bb83356cd318",
                        "width": 300
                    },
                    {
                        "height": 64,
                        "url": "https://i.scdn.co/image/ab67616d000048517a4781629469bb83356cd318",
                        "width": 64
                    }
                ],
                "is_playable": true,
                "name": "Guitar Songs",
                "release_date": "2022-07-21",
                "release_date_precision": "day",
                "total_tracks": 2,
                "type": "album",
                "uri": "spotify:album:1YPWxMpQEC8kcOuefgXbhj"
            },
            {
                "album_type": "single",
                "artists": [
                    {
                        "external_urls": {
                            "spotify": "https://open.spotify.com/artist/52iM1kP5BpnLypZ0VtrpyY"
                        },
                        "href": "https://api.spotify.com/v1/artists/52iM1kP5BpnLypZ0VtrpyY",
                        "id": "52iM1kP5BpnLypZ0VtrpyY",
                        "name": "Kwesi Arthur",
                        "type": "artist",
                        "uri": "spotify:artist:52iM1kP5BpnLypZ0VtrpyY"
                    },
                    {
                        "external_urls": {
                            "spotify": "https://open.spotify.com/artist/7zB3I7PBh39rcwg2haB5Ac"
                        },
                        "href": "https://api.spotify.com/v1/artists/7zB3I7PBh39rcwg2haB5Ac",
                        "id": "7zB3I7PBh39rcwg2haB5Ac",
                        "name": "Kofi Mole",
                        "type": "artist",
                        "uri": "spotify:artist:7zB3I7PBh39rcwg2haB5Ac"
                    }
                ],
                "external_urls": {
                    "spotify": "https://open.spotify.com/album/3fYXcBH4CCJttLnvuqvM4N"
                },
                "href": "https://api.spotify.com/v1/albums/3fYXcBH4CCJttLnvuqvM4N",
                "id": "3fYXcBH4CCJttLnvuqvM4N",
                "images": [
                    {
                        "height": 640,
                        "url": "https://i.scdn.co/image/ab67616d0000b273ebfabfa5636f9d960f787ddb",
                        "width": 640
                    },
                    {
                        "height": 300,
                        "url": "https://i.scdn.co/image/ab67616d00001e02ebfabfa5636f9d960f787ddb",
                        "width": 300
                    },
                    {
                        "height": 64,
                        "url": "https://i.scdn.co/image/ab67616d00004851ebfabfa5636f9d960f787ddb",
                        "width": 64
                    }
                ],
                "is_playable": true,
                "name": "Nirvana",
                "release_date": "2022-07-21",
                "release_date_precision": "day",
                "total_tracks": 1,
                "type": "album",
                "uri": "spotify:album:3fYXcBH4CCJttLnvuqvM4N"
            },
            {
                "album_type": "album",
                "artists": [
                    {
                        "external_urls": {
                            "spotify": "https://open.spotify.com/artist/5yOvAmpIR7hVxiS6Ls5DPO"
                        },
                        "href": "https://api.spotify.com/v1/artists/5yOvAmpIR7hVxiS6Ls5DPO",
                        "id": "5yOvAmpIR7hVxiS6Ls5DPO",
                        "name": "Omah Lay",
                        "type": "artist",
                        "uri": "spotify:artist:5yOvAmpIR7hVxiS6Ls5DPO"
                    }
                ],
                "external_urls": {
                    "spotify": "https://open.spotify.com/album/47FGKv6DgcDj9YwvoQuTMN"
                },
                "href": "https://api.spotify.com/v1/albums/47FGKv6DgcDj9YwvoQuTMN",
                "id": "47FGKv6DgcDj9YwvoQuTMN",
                "images": [
                    {
                        "height": 640,
                        "url": "https://i.scdn.co/image/ab67616d0000b273de14fe659e3f9327af026e42",
                        "width": 640
                    },
                    {
                        "height": 300,
                        "url": "https://i.scdn.co/image/ab67616d00001e02de14fe659e3f9327af026e42",
                        "width": 300
                    },
                    {
                        "height": 64,
                        "url": "https://i.scdn.co/image/ab67616d00004851de14fe659e3f9327af026e42",
                        "width": 64
                    }
                ],
                "is_playable": true,
                "name": "Boy Alone",
                "release_date": "2022-07-15",
                "release_date_precision": "day",
                "total_tracks": 14,
                "type": "album",
                "uri": "spotify:album:47FGKv6DgcDj9YwvoQuTMN"
            },
            {
                "album_type": "single",
                "artists": [
                    {
                        "external_urls": {
                            "spotify": "https://open.spotify.com/artist/2IK173RXLiCSQ8fhDlAb3s"
                        },
                        "href": "https://api.spotify.com/v1/artists/2IK173RXLiCSQ8fhDlAb3s",
                        "id": "2IK173RXLiCSQ8fhDlAb3s",
                        "name": "Adekunle Gold",
                        "type": "artist",
                        "uri": "spotify:artist:2IK173RXLiCSQ8fhDlAb3s"
                    }
                ],
                "external_urls": {
                    "spotify": "https://open.spotify.com/album/7sL2HnpqLO8uAdV6YlHLl4"
                },
                "href": "https://api.spotify.com/v1/albums/7sL2HnpqLO8uAdV6YlHLl4",
                "id": "7sL2HnpqLO8uAdV6YlHLl4",
                "images": [
                    {
                        "height": 640,
                        "url": "https://i.scdn.co/image/ab67616d0000b273594b222058cfbd7ccbab2000",
                        "width": 640
                    },
                    {
                        "height": 300,
                        "url": "https://i.scdn.co/image/ab67616d00001e02594b222058cfbd7ccbab2000",
                        "width": 300
                    },
                    {
                        "height": 64,
                        "url": "https://i.scdn.co/image/ab67616d00004851594b222058cfbd7ccbab2000",
                        "width": 64
                    }
                ],
                "is_playable": true,
                "name": "5 Star",
                "release_date": "2022-07-15",
                "release_date_precision": "day",
                "total_tracks": 1,
                "type": "album",
                "uri": "spotify:album:7sL2HnpqLO8uAdV6YlHLl4"
            },
            {
                "album_type": "single",
                "artists": [
                    {
                        "external_urls": {
                            "spotify": "https://open.spotify.com/artist/3ZUn6LYxdmmPYQqBhFWI3h"
                        },
                        "href": "https://api.spotify.com/v1/artists/3ZUn6LYxdmmPYQqBhFWI3h",
                        "id": "3ZUn6LYxdmmPYQqBhFWI3h",
                        "name": "Iyanya",
                        "type": "artist",
                        "uri": "spotify:artist:3ZUn6LYxdmmPYQqBhFWI3h"
                    },
                    {
                        "external_urls": {
                            "spotify": "https://open.spotify.com/artist/0Y3agQaa6g2r0YmHPOO9rh"
                        },
                        "href": "https://api.spotify.com/v1/artists/0Y3agQaa6g2r0YmHPOO9rh",
                        "id": "0Y3agQaa6g2r0YmHPOO9rh",
                        "name": "Davido",
                        "type": "artist",
                        "uri": "spotify:artist:0Y3agQaa6g2r0YmHPOO9rh"
                    }
                ],
                "external_urls": {
                    "spotify": "https://open.spotify.com/album/45UWuUIciHbsLfZeJhbuIB"
                },
                "href": "https://api.spotify.com/v1/albums/45UWuUIciHbsLfZeJhbuIB",
                "id": "45UWuUIciHbsLfZeJhbuIB",
                "images": [
                    {
                        "height": 640,
                        "url": "https://i.scdn.co/image/ab67616d0000b273b2d8bb353addf5e367eac071",
                        "width": 640
                    },
                    {
                        "height": 300,
                        "url": "https://i.scdn.co/image/ab67616d00001e02b2d8bb353addf5e367eac071",
                        "width": 300
                    },
                    {
                        "height": 64,
                        "url": "https://i.scdn.co/image/ab67616d00004851b2d8bb353addf5e367eac071",
                        "width": 64
                    }
                ],
                "is_playable": true,
                "name": "Like (feat. Kizz Daniel)",
                "release_date": "2022-07-14",
                "release_date_precision": "day",
                "total_tracks": 1,
                "type": "album",
                "uri": "spotify:album:45UWuUIciHbsLfZeJhbuIB"
            },
            {
                "album_type": "single",
                "artists": [
                    {
                        "external_urls": {
                            "spotify": "https://open.spotify.com/artist/1HMhQzj2QXxR40zGDdaK6y"
                        },
                        "href": "https://api.spotify.com/v1/artists/1HMhQzj2QXxR40zGDdaK6y",
                        "id": "1HMhQzj2QXxR40zGDdaK6y",
                        "name": "Kojey Radical",
                        "type": "artist",
                        "uri": "spotify:artist:1HMhQzj2QXxR40zGDdaK6y"
                    },
                    {
                        "external_urls": {
                            "spotify": "https://open.spotify.com/artist/1CTdJErNqnCWNwtxJmleua"
                        },
                        "href": "https://api.spotify.com/v1/artists/1CTdJErNqnCWNwtxJmleua",
                        "id": "1CTdJErNqnCWNwtxJmleua",
                        "name": "Cashh",
                        "type": "artist",
                        "uri": "spotify:artist:1CTdJErNqnCWNwtxJmleua"
                    },
                    {
                        "external_urls": {
                            "spotify": "https://open.spotify.com/artist/4tIKaxUmpXzshok2yCnwdf"
                        },
                        "href": "https://api.spotify.com/v1/artists/4tIKaxUmpXzshok2yCnwdf",
                        "id": "4tIKaxUmpXzshok2yCnwdf",
                        "name": "King Promise",
                        "type": "artist",
                        "uri": "spotify:artist:4tIKaxUmpXzshok2yCnwdf"
                    }
                ],
                "external_urls": {
                    "spotify": "https://open.spotify.com/album/5c2opaEOTa8gn5Ufinm3H1"
                },
                "href": "https://api.spotify.com/v1/albums/5c2opaEOTa8gn5Ufinm3H1",
                "id": "5c2opaEOTa8gn5Ufinm3H1",
                "images": [
                    {
                        "height": 640,
                        "url": "https://i.scdn.co/image/ab67616d0000b273030853d00cc2ef4ceb85d277",
                        "width": 640
                    },
                    {
                        "height": 300,
                        "url": "https://i.scdn.co/image/ab67616d00001e02030853d00cc2ef4ceb85d277",
                        "width": 300
                    },
                    {
                        "height": 64,
                        "url": "https://i.scdn.co/image/ab67616d00004851030853d00cc2ef4ceb85d277",
                        "width": 64
                    }
                ],
                "is_playable": true,
                "name": "Born (Remix) [feat. Cashh & King Promise]",
                "release_date": "2022-07-14",
                "release_date_precision": "day",
                "total_tracks": 1,
                "type": "album",
                "uri": "spotify:album:5c2opaEOTa8gn5Ufinm3H1"
            },
            {
                "album_type": "single",
                "artists": [
                    {
                        "external_urls": {
                            "spotify": "https://open.spotify.com/artist/3Uv5hfyuC7TkLsQ6p4ikSb"
                        },
                        "href": "https://api.spotify.com/v1/artists/3Uv5hfyuC7TkLsQ6p4ikSb",
                        "id": "3Uv5hfyuC7TkLsQ6p4ikSb",
                        "name": "Crayon",
                        "type": "artist",
                        "uri": "spotify:artist:3Uv5hfyuC7TkLsQ6p4ikSb"
                    }
                ],
                "external_urls": {
                    "spotify": "https://open.spotify.com/album/5A1qWiQBSEkCpGvQE2YfOH"
                },
                "href": "https://api.spotify.com/v1/albums/5A1qWiQBSEkCpGvQE2YfOH",
                "id": "5A1qWiQBSEkCpGvQE2YfOH",
                "images": [
                    {
                        "height": 640,
                        "url": "https://i.scdn.co/image/ab67616d0000b273405f595dc18061baa9574f09",
                        "width": 640
                    },
                    {
                        "height": 300,
                        "url": "https://i.scdn.co/image/ab67616d00001e02405f595dc18061baa9574f09",
                        "width": 300
                    },
                    {
                        "height": 64,
                        "url": "https://i.scdn.co/image/ab67616d00004851405f595dc18061baa9574f09",
                        "width": 64
                    }
                ],
                "is_playable": true,
                "name": "Ijo (Laba Laba)",
                "release_date": "2022-07-06",
                "release_date_precision": "day",
                "total_tracks": 1,
                "type": "album",
                "uri": "spotify:album:5A1qWiQBSEkCpGvQE2YfOH"
            },
            {
                "album_type": "single",
                "artists": [
                    {
                        "external_urls": {
                            "spotify": "https://open.spotify.com/artist/5p1CMGIDFgalZneW5P1EwX"
                        },
                        "href": "https://api.spotify.com/v1/artists/5p1CMGIDFgalZneW5P1EwX",
                        "id": "5p1CMGIDFgalZneW5P1EwX",
                        "name": "Babyboy AV",
                        "type": "artist",
                        "uri": "spotify:artist:5p1CMGIDFgalZneW5P1EwX"
                    }
                ],
                "external_urls": {
                    "spotify": "https://open.spotify.com/album/019TDVSSWLHZtDiqJlSiLV"
                },
                "href": "https://api.spotify.com/v1/albums/019TDVSSWLHZtDiqJlSiLV",
                "id": "019TDVSSWLHZtDiqJlSiLV",
                "images": [
                    {
                        "height": 640,
                        "url": "https://i.scdn.co/image/ab67616d0000b2735755259b50fdf499988a2398",
                        "width": 640
                    },
                    {
                        "height": 300,
                        "url": "https://i.scdn.co/image/ab67616d00001e025755259b50fdf499988a2398",
                        "width": 300
                    },
                    {
                        "height": 64,
                        "url": "https://i.scdn.co/image/ab67616d000048515755259b50fdf499988a2398",
                        "width": 64
                    }
                ],
                "is_playable": true,
                "name": "No Dey Form",
                "release_date": "2022-07-08",
                "release_date_precision": "day",
                "total_tracks": 1,
                "type": "album",
                "uri": "spotify:album:019TDVSSWLHZtDiqJlSiLV"
            },
            {
                "album_type": "single",
                "artists": [
                    {
                        "external_urls": {
                            "spotify": "https://open.spotify.com/artist/151OS9nfrfYQ8UlnakRMek"
                        },
                        "href": "https://api.spotify.com/v1/artists/151OS9nfrfYQ8UlnakRMek",
                        "id": "151OS9nfrfYQ8UlnakRMek",
                        "name": "Baaba J",
                        "type": "artist",
                        "uri": "spotify:artist:151OS9nfrfYQ8UlnakRMek"
                    }
                ],
                "external_urls": {
                    "spotify": "https://open.spotify.com/album/2cx1ovrveOy0Av1WTMfek1"
                },
                "href": "https://api.spotify.com/v1/albums/2cx1ovrveOy0Av1WTMfek1",
                "id": "2cx1ovrveOy0Av1WTMfek1",
                "images": [
                    {
                        "height": 640,
                        "url": "https://i.scdn.co/image/ab67616d0000b2737d40da36626f1fc9ca82934e",
                        "width": 640
                    },
                    {
                        "height": 300,
                        "url": "https://i.scdn.co/image/ab67616d00001e027d40da36626f1fc9ca82934e",
                        "width": 300
                    },
                    {
                        "height": 64,
                        "url": "https://i.scdn.co/image/ab67616d000048517d40da36626f1fc9ca82934e",
                        "width": 64
                    }
                ],
                "is_playable": true,
                "name": "OUTSIDE",
                "release_date": "2022-07-07",
                "release_date_precision": "day",
                "total_tracks": 1,
                "type": "album",
                "uri": "spotify:album:2cx1ovrveOy0Av1WTMfek1"
            },
            {
                "album_type": "single",
                "artists": [
                    {
                        "external_urls": {
                            "spotify": "https://open.spotify.com/artist/3ukrG1BmfEiuo0KDj8YTTS"
                        },
                        "href": "https://api.spotify.com/v1/artists/3ukrG1BmfEiuo0KDj8YTTS",
                        "id": "3ukrG1BmfEiuo0KDj8YTTS",
                        "name": "Teni",
                        "type": "artist",
                        "uri": "spotify:artist:3ukrG1BmfEiuo0KDj8YTTS"
                    }
                ],
                "external_urls": {
                    "spotify": "https://open.spotify.com/album/4oHJ6JejDytkQ5b9GUSohI"
                },
                "href": "https://api.spotify.com/v1/albums/4oHJ6JejDytkQ5b9GUSohI",
                "id": "4oHJ6JejDytkQ5b9GUSohI",
                "images": [
                    {
                        "height": 640,
                        "url": "https://i.scdn.co/image/ab67616d0000b273c728e63cd66ade7e88386b5e",
                        "width": 640
                    },
                    {
                        "height": 300,
                        "url": "https://i.scdn.co/image/ab67616d00001e02c728e63cd66ade7e88386b5e",
                        "width": 300
                    },
                    {
                        "height": 64,
                        "url": "https://i.scdn.co/image/ab67616d00004851c728e63cd66ade7e88386b5e",
                        "width": 64
                    }
                ],
                "is_playable": true,
                "name": "LITTLE & LEGENDARY",
                "release_date": "2022-06-24",
                "release_date_precision": "day",
                "total_tracks": 2,
                "type": "album",
                "uri": "spotify:album:4oHJ6JejDytkQ5b9GUSohI"
            },
            {
                "album_type": "single",
                "artists": [
                    {
                        "external_urls": {
                            "spotify": "https://open.spotify.com/artist/4r63FhuTkUYltbVAg5TQnk"
                        },
                        "href": "https://api.spotify.com/v1/artists/4r63FhuTkUYltbVAg5TQnk",
                        "id": "4r63FhuTkUYltbVAg5TQnk",
                        "name": "DaBaby",
                        "type": "artist",
                        "uri": "spotify:artist:4r63FhuTkUYltbVAg5TQnk"
                    },
                    {
                        "external_urls": {
                            "spotify": "https://open.spotify.com/artist/0Y3agQaa6g2r0YmHPOO9rh"
                        },
                        "href": "https://api.spotify.com/v1/artists/0Y3agQaa6g2r0YmHPOO9rh",
                        "id": "0Y3agQaa6g2r0YmHPOO9rh",
                        "name": "Davido",
                        "type": "artist",
                        "uri": "spotify:artist:0Y3agQaa6g2r0YmHPOO9rh"
                    }
                ],
                "external_urls": {
                    "spotify": "https://open.spotify.com/album/5CgztNME0IW2ebmYmjWqUN"
                },
                "href": "https://api.spotify.com/v1/albums/5CgztNME0IW2ebmYmjWqUN",
                "id": "5CgztNME0IW2ebmYmjWqUN",
                "images": [
                    {
                        "height": 640,
                        "url": "https://i.scdn.co/image/ab67616d0000b2730585e9351ec43b5676f005c4",
                        "width": 640
                    },
                    {
                        "height": 300,
                        "url": "https://i.scdn.co/image/ab67616d00001e020585e9351ec43b5676f005c4",
                        "width": 300
                    },
                    {
                        "height": 64,
                        "url": "https://i.scdn.co/image/ab67616d000048510585e9351ec43b5676f005c4",
                        "width": 64
                    }
                ],
                "is_playable": true,
                "name": "SHOWING OFF HER BODY (with Davido)",
                "release_date": "2022-06-24",
                "release_date_precision": "day",
                "total_tracks": 1,
                "type": "album",
                "uri": "spotify:album:5CgztNME0IW2ebmYmjWqUN"
            },
            {
                "album_type": "single",
                "artists": [
                    {
                        "external_urls": {
                            "spotify": "https://open.spotify.com/artist/3hvJvURxBzOmRYDDEEIr7T"
                        },
                        "href": "https://api.spotify.com/v1/artists/3hvJvURxBzOmRYDDEEIr7T",
                        "id": "3hvJvURxBzOmRYDDEEIr7T",
                        "name": "Omar Sterling",
                        "type": "artist",
                        "uri": "spotify:artist:3hvJvURxBzOmRYDDEEIr7T"
                    }
                ],
                "external_urls": {
                    "spotify": "https://open.spotify.com/album/604se8iMB1MPJW9VGpSYkk"
                },
                "href": "https://api.spotify.com/v1/albums/604se8iMB1MPJW9VGpSYkk",
                "id": "604se8iMB1MPJW9VGpSYkk",
                "images": [
                    {
                        "height": 640,
                        "url": "https://i.scdn.co/image/ab67616d0000b27338ed8a2bc80b822aee6414bb",
                        "width": 640
                    },
                    {
                        "height": 300,
                        "url": "https://i.scdn.co/image/ab67616d00001e0238ed8a2bc80b822aee6414bb",
                        "width": 300
                    },
                    {
                        "height": 64,
                        "url": "https://i.scdn.co/image/ab67616d0000485138ed8a2bc80b822aee6414bb",
                        "width": 64
                    }
                ],
                "is_playable": true,
                "name": "Paedae Drop a Flow",
                "release_date": "2022-06-24",
                "release_date_precision": "day",
                "total_tracks": 3,
                "type": "album",
                "uri": "spotify:album:604se8iMB1MPJW9VGpSYkk"
            },
            {
                "album_type": "album",
                "artists": [
                    {
                        "external_urls": {
                            "spotify": "https://open.spotify.com/artist/0mMqD2uqwvCjFvlzo6ayGi"
                        },
                        "href": "https://api.spotify.com/v1/artists/0mMqD2uqwvCjFvlzo6ayGi",
                        "id": "0mMqD2uqwvCjFvlzo6ayGi",
                        "name": "DJ Maphorisa",
                        "type": "artist",
                        "uri": "spotify:artist:0mMqD2uqwvCjFvlzo6ayGi"
                    },
                    {
                        "external_urls": {
                            "spotify": "https://open.spotify.com/artist/1bNjWBFWsAAzZSR59lRdpR"
                        },
                        "href": "https://api.spotify.com/v1/artists/1bNjWBFWsAAzZSR59lRdpR",
                        "id": "1bNjWBFWsAAzZSR59lRdpR",
                        "name": "Kabza De Small",
                        "type": "artist",
                        "uri": "spotify:artist:1bNjWBFWsAAzZSR59lRdpR"
                    }
                ],
                "external_urls": {
                    "spotify": "https://open.spotify.com/album/6N067E0wNZsTlyvgnTpJ9l"
                },
                "href": "https://api.spotify.com/v1/albums/6N067E0wNZsTlyvgnTpJ9l",
                "id": "6N067E0wNZsTlyvgnTpJ9l",
                "images": [
                    {
                        "height": 640,
                        "url": "https://i.scdn.co/image/ab67616d0000b27394ca8cc368db9aa80d58acee",
                        "width": 640
                    },
                    {
                        "height": 300,
                        "url": "https://i.scdn.co/image/ab67616d00001e0294ca8cc368db9aa80d58acee",
                        "width": 300
                    },
                    {
                        "height": 64,
                        "url": "https://i.scdn.co/image/ab67616d0000485194ca8cc368db9aa80d58acee",
                        "width": 64
                    }
                ],
                "is_playable": true,
                "name": "Scorpion Kings Live Sun Arena",
                "release_date": "2022-06-23",
                "release_date_precision": "day",
                "total_tracks": 6,
                "type": "album",
                "uri": "spotify:album:6N067E0wNZsTlyvgnTpJ9l"
            },
            {
                "album_type": "album",
                "artists": [
                    {
                        "external_urls": {
                            "spotify": "https://open.spotify.com/artist/5KaayuYfGzUkFP7PfrwVu9"
                        },
                        "href": "https://api.spotify.com/v1/artists/5KaayuYfGzUkFP7PfrwVu9",
                        "id": "5KaayuYfGzUkFP7PfrwVu9",
                        "name": "MzVee",
                        "type": "artist",
                        "uri": "spotify:artist:5KaayuYfGzUkFP7PfrwVu9"
                    }
                ],
                "external_urls": {
                    "spotify": "https://open.spotify.com/album/0CVD3PZ6dTqFkRcGZp8MD5"
                },
                "href": "https://api.spotify.com/v1/albums/0CVD3PZ6dTqFkRcGZp8MD5",
                "id": "0CVD3PZ6dTqFkRcGZp8MD5",
                "images": [
                    {
                        "height": 640,
                        "url": "https://i.scdn.co/image/ab67616d0000b273be3f290d37d8b32fa3df595d",
                        "width": 640
                    },
                    {
                        "height": 300,
                        "url": "https://i.scdn.co/image/ab67616d00001e02be3f290d37d8b32fa3df595d",
                        "width": 300
                    },
                    {
                        "height": 64,
                        "url": "https://i.scdn.co/image/ab67616d00004851be3f290d37d8b32fa3df595d",
                        "width": 64
                    }
                ],
                "is_playable": true,
                "name": "10 Thirty",
                "release_date": "1900-01-01",
                "release_date_precision": "day",
                "total_tracks": 10,
                "type": "album",
                "uri": "spotify:album:0CVD3PZ6dTqFkRcGZp8MD5"
            },
            {
                "album_type": "album",
                "artists": [
                    {
                        "external_urls": {
                            "spotify": "https://open.spotify.com/artist/4fxd5Ee7UefO4CUXgwJ7IP"
                        },
                        "href": "https://api.spotify.com/v1/artists/4fxd5Ee7UefO4CUXgwJ7IP",
                        "id": "4fxd5Ee7UefO4CUXgwJ7IP",
                        "name": "Giveon",
                        "type": "artist",
                        "uri": "spotify:artist:4fxd5Ee7UefO4CUXgwJ7IP"
                    }
                ],
                "external_urls": {
                    "spotify": "https://open.spotify.com/album/64LkgCfNbLqjclQYCTid8L"
                },
                "href": "https://api.spotify.com/v1/albums/64LkgCfNbLqjclQYCTid8L",
                "id": "64LkgCfNbLqjclQYCTid8L",
                "images": [
                    {
                        "height": 640,
                        "url": "https://i.scdn.co/image/ab67616d0000b2732739e569d6b6d0e0abc8cd9b",
                        "width": 640
                    },
                    {
                        "height": 300,
                        "url": "https://i.scdn.co/image/ab67616d00001e022739e569d6b6d0e0abc8cd9b",
                        "width": 300
                    },
                    {
                        "height": 64,
                        "url": "https://i.scdn.co/image/ab67616d000048512739e569d6b6d0e0abc8cd9b",
                        "width": 64
                    }
                ],
                "is_playable": true,
                "name": "Give Or Take",
                "release_date": "2022-06-24",
                "release_date_precision": "day",
                "total_tracks": 15,
                "type": "album",
                "uri": "spotify:album:64LkgCfNbLqjclQYCTid8L"
            },
            {
                "album_type": "album",
                "artists": [
                    {
                        "external_urls": {
                            "spotify": "https://open.spotify.com/artist/7bXgB6jMjp9ATFy66eO08Z"
                        },
                        "href": "https://api.spotify.com/v1/artists/7bXgB6jMjp9ATFy66eO08Z",
                        "id": "7bXgB6jMjp9ATFy66eO08Z",
                        "name": "Chris Brown",
                        "type": "artist",
                        "uri": "spotify:artist:7bXgB6jMjp9ATFy66eO08Z"
                    }
                ],
                "external_urls": {
                    "spotify": "https://open.spotify.com/album/31U6s6obQrBLTqyvqfqzlM"
                },
                "href": "https://api.spotify.com/v1/albums/31U6s6obQrBLTqyvqfqzlM",
                "id": "31U6s6obQrBLTqyvqfqzlM",
                "images": [
                    {
                        "height": 640,
                        "url": "https://i.scdn.co/image/ab67616d0000b273f2b4d5c90a16ef940efde2c2",
                        "width": 640
                    },
                    {
                        "height": 300,
                        "url": "https://i.scdn.co/image/ab67616d00001e02f2b4d5c90a16ef940efde2c2",
                        "width": 300
                    },
                    {
                        "height": 64,
                        "url": "https://i.scdn.co/image/ab67616d00004851f2b4d5c90a16ef940efde2c2",
                        "width": 64
                    }
                ],
                "is_playable": true,
                "name": "Breezy",
                "release_date": "2022-06-24",
                "release_date_precision": "day",
                "total_tracks": 24,
                "type": "album",
                "uri": "spotify:album:31U6s6obQrBLTqyvqfqzlM"
            },
            {
                "album_type": "single",
                "artists": [
                    {
                        "external_urls": {
                            "spotify": "https://open.spotify.com/artist/048LktY5zMnakWq7PTtFrz"
                        },
                        "href": "https://api.spotify.com/v1/artists/048LktY5zMnakWq7PTtFrz",
                        "id": "048LktY5zMnakWq7PTtFrz",
                        "name": "CKay",
                        "type": "artist",
                        "uri": "spotify:artist:048LktY5zMnakWq7PTtFrz"
                    },
                    {
                        "external_urls": {
                            "spotify": "https://open.spotify.com/artist/2GJMSZ7M3D0KyyKRhYgWju"
                        },
                        "href": "https://api.spotify.com/v1/artists/2GJMSZ7M3D0KyyKRhYgWju",
                        "id": "2GJMSZ7M3D0KyyKRhYgWju",
                        "name": "Focalistic",
                        "type": "artist",
                        "uri": "spotify:artist:2GJMSZ7M3D0KyyKRhYgWju"
                    },
                    {
                        "external_urls": {
                            "spotify": "https://open.spotify.com/artist/0Y3agQaa6g2r0YmHPOO9rh"
                        },
                        "href": "https://api.spotify.com/v1/artists/0Y3agQaa6g2r0YmHPOO9rh",
                        "id": "0Y3agQaa6g2r0YmHPOO9rh",
                        "name": "Davido",
                        "type": "artist",
                        "uri": "spotify:artist:0Y3agQaa6g2r0YmHPOO9rh"
                    }
                ],
                "external_urls": {
                    "spotify": "https://open.spotify.com/album/5hxrayrgITzYPpQ6uEg3kL"
                },
                "href": "https://api.spotify.com/v1/albums/5hxrayrgITzYPpQ6uEg3kL",
                "id": "5hxrayrgITzYPpQ6uEg3kL",
                "images": [
                    {
                        "height": 640,
                        "url": "https://i.scdn.co/image/ab67616d0000b2730ec3bbb7b866ba698e9bf95f",
                        "width": 640
                    },
                    {
                        "height": 300,
                        "url": "https://i.scdn.co/image/ab67616d00001e020ec3bbb7b866ba698e9bf95f",
                        "width": 300
                    },
                    {
                        "height": 64,
                        "url": "https://i.scdn.co/image/ab67616d000048510ec3bbb7b866ba698e9bf95f",
                        "width": 64
                    }
                ],
                "is_playable": true,
                "name": "WATAWI (feat. Davido, Focalistic & Abidoza)",
                "release_date": "2022-06-17",
                "release_date_precision": "day",
                "total_tracks": 1,
                "type": "album",
                "uri": "spotify:album:5hxrayrgITzYPpQ6uEg3kL"
            },
            {
                "album_type": "single",
                "artists": [
                    {
                        "external_urls": {
                            "spotify": "https://open.spotify.com/artist/3a1tBryiczPAZpgoZN9Rzg"
                        },
                        "href": "https://api.spotify.com/v1/artists/3a1tBryiczPAZpgoZN9Rzg",
                        "id": "3a1tBryiczPAZpgoZN9Rzg",
                        "name": "Asake",
                        "type": "artist",
                        "uri": "spotify:artist:3a1tBryiczPAZpgoZN9Rzg"
                    }
                ],
                "external_urls": {
                    "spotify": "https://open.spotify.com/album/2gAZf4ZEJH7fs0szGoCui1"
                },
                "href": "https://api.spotify.com/v1/albums/2gAZf4ZEJH7fs0szGoCui1",
                "id": "2gAZf4ZEJH7fs0szGoCui1",
                "images": [
                    {
                        "height": 640,
                        "url": "https://i.scdn.co/image/ab67616d0000b27324a23b64f2ebf67e41ba3927",
                        "width": 640
                    },
                    {
                        "height": 300,
                        "url": "https://i.scdn.co/image/ab67616d00001e0224a23b64f2ebf67e41ba3927",
                        "width": 300
                    },
                    {
                        "height": 64,
                        "url": "https://i.scdn.co/image/ab67616d0000485124a23b64f2ebf67e41ba3927",
                        "width": 64
                    }
                ],
                "is_playable": true,
                "name": "Peace Be Unto You (PBUY)",
                "release_date": "2022-06-16",
                "release_date_precision": "day",
                "total_tracks": 1,
                "type": "album",
                "uri": "spotify:album:2gAZf4ZEJH7fs0szGoCui1"
            },
            {
                "album_type": "single",
                "artists": [
                    {
                        "external_urls": {
                            "spotify": "https://open.spotify.com/artist/3DNCUaKdMZcMVJIS7yTskd"
                        },
                        "href": "https://api.spotify.com/v1/artists/3DNCUaKdMZcMVJIS7yTskd",
                        "id": "3DNCUaKdMZcMVJIS7yTskd",
                        "name": "Mayorkun",
                        "type": "artist",
                        "uri": "spotify:artist:3DNCUaKdMZcMVJIS7yTskd"
                    }
                ],
                "external_urls": {
                    "spotify": "https://open.spotify.com/album/09GvRfHYMZQKWza03GYJxz"
                },
                "href": "https://api.spotify.com/v1/albums/09GvRfHYMZQKWza03GYJxz",
                "id": "09GvRfHYMZQKWza03GYJxz",
                "images": [
                    {
                        "height": 640,
                        "url": "https://i.scdn.co/image/ab67616d0000b273eecb3af2c6039e06c8b9af37",
                        "width": 640
                    },
                    {
                        "height": 300,
                        "url": "https://i.scdn.co/image/ab67616d00001e02eecb3af2c6039e06c8b9af37",
                        "width": 300
                    },
                    {
                        "height": 64,
                        "url": "https://i.scdn.co/image/ab67616d00004851eecb3af2c6039e06c8b9af37",
                        "width": 64
                    }
                ],
                "is_playable": true,
                "name": "Certified Loner (No Competition)",
                "release_date": "2022-06-17",
                "release_date_precision": "day",
                "total_tracks": 1,
                "type": "album",
                "uri": "spotify:album:09GvRfHYMZQKWza03GYJxz"
            },
            {
                "album_type": "album",
                "artists": [
                    {
                        "external_urls": {
                            "spotify": "https://open.spotify.com/artist/3TVXtAsR1Inumwj472S9r4"
                        },
                        "href": "https://api.spotify.com/v1/artists/3TVXtAsR1Inumwj472S9r4",
                        "id": "3TVXtAsR1Inumwj472S9r4",
                        "name": "Drake",
                        "type": "artist",
                        "uri": "spotify:artist:3TVXtAsR1Inumwj472S9r4"
                    }
                ],
                "external_urls": {
                    "spotify": "https://open.spotify.com/album/3cf4iSSKd8ffTncbtKljXw"
                },
                "href": "https://api.spotify.com/v1/albums/3cf4iSSKd8ffTncbtKljXw",
                "id": "3cf4iSSKd8ffTncbtKljXw",
                "images": [
                    {
                        "height": 640,
                        "url": "https://i.scdn.co/image/ab67616d0000b2738dc0d801766a5aa6a33cbe37",
                        "width": 640
                    },
                    {
                        "height": 300,
                        "url": "https://i.scdn.co/image/ab67616d00001e028dc0d801766a5aa6a33cbe37",
                        "width": 300
                    },
                    {
                        "height": 64,
                        "url": "https://i.scdn.co/image/ab67616d000048518dc0d801766a5aa6a33cbe37",
                        "width": 64
                    }
                ],
                "is_playable": true,
                "name": "Honestly, Nevermind",
                "release_date": "2022-06-17",
                "release_date_precision": "day",
                "total_tracks": 14,
                "type": "album",
                "uri": "spotify:album:3cf4iSSKd8ffTncbtKljXw"
            },
            {
                "album_type": "single",
                "artists": [
                    {
                        "external_urls": {
                            "spotify": "https://open.spotify.com/artist/7bXgB6jMjp9ATFy66eO08Z"
                        },
                        "href": "https://api.spotify.com/v1/artists/7bXgB6jMjp9ATFy66eO08Z",
                        "id": "7bXgB6jMjp9ATFy66eO08Z",
                        "name": "Chris Brown",
                        "type": "artist",
                        "uri": "spotify:artist:7bXgB6jMjp9ATFy66eO08Z"
                    },
                    {
                        "external_urls": {
                            "spotify": "https://open.spotify.com/artist/3tVQdUvClmAT7URs9V3rsp"
                        },
                        "href": "https://api.spotify.com/v1/artists/3tVQdUvClmAT7URs9V3rsp",
                        "id": "3tVQdUvClmAT7URs9V3rsp",
                        "name": "Wizkid",
                        "type": "artist",
                        "uri": "spotify:artist:3tVQdUvClmAT7URs9V3rsp"
                    }
                ],
                "external_urls": {
                    "spotify": "https://open.spotify.com/album/6FKhBgElPu5RBHlarPE1aO"
                },
                "href": "https://api.spotify.com/v1/albums/6FKhBgElPu5RBHlarPE1aO",
                "id": "6FKhBgElPu5RBHlarPE1aO",
                "images": [
                    {
                        "height": 640,
                        "url": "https://i.scdn.co/image/ab67616d0000b273f65d818be0655b734b77188e",
                        "width": 640
                    },
                    {
                        "height": 300,
                        "url": "https://i.scdn.co/image/ab67616d00001e02f65d818be0655b734b77188e",
                        "width": 300
                    },
                    {
                        "height": 64,
                        "url": "https://i.scdn.co/image/ab67616d00004851f65d818be0655b734b77188e",
                        "width": 64
                    }
                ],
                "is_playable": true,
                "name": "Call Me Every Day (feat. Wizkid)",
                "release_date": "2022-06-17",
                "release_date_precision": "day",
                "total_tracks": 1,
                "type": "album",
                "uri": "spotify:album:6FKhBgElPu5RBHlarPE1aO"
            },
            {
                "album_type": "single",
                "artists": [
                    {
                        "external_urls": {
                            "spotify": "https://open.spotify.com/artist/3ZpEKRjHaHANcpk10u6Ntq"
                        },
                        "href": "https://api.spotify.com/v1/artists/3ZpEKRjHaHANcpk10u6Ntq",
                        "id": "3ZpEKRjHaHANcpk10u6Ntq",
                        "name": "Ayra Starr",
                        "type": "artist",
                        "uri": "spotify:artist:3ZpEKRjHaHANcpk10u6Ntq"
                    }
                ],
                "external_urls": {
                    "spotify": "https://open.spotify.com/album/2fr1fy0P8A1Cjt1NjaPN3E"
                },
                "href": "https://api.spotify.com/v1/albums/2fr1fy0P8A1Cjt1NjaPN3E",
                "id": "2fr1fy0P8A1Cjt1NjaPN3E",
                "images": [
                    {
                        "height": 640,
                        "url": "https://i.scdn.co/image/ab67616d0000b273c91c508e0d592efd87679a54",
                        "width": 640
                    },
                    {
                        "height": 300,
                        "url": "https://i.scdn.co/image/ab67616d00001e02c91c508e0d592efd87679a54",
                        "width": 300
                    },
                    {
                        "height": 64,
                        "url": "https://i.scdn.co/image/ab67616d00004851c91c508e0d592efd87679a54",
                        "width": 64
                    }
                ],
                "is_playable": true,
                "name": "ASE - A COLORS SHOW",
                "release_date": "2022-06-06",
                "release_date_precision": "day",
                "total_tracks": 1,
                "type": "album",
                "uri": "spotify:album:2fr1fy0P8A1Cjt1NjaPN3E"
            },
            {
                "album_type": "album",
                "artists": [
                    {
                        "external_urls": {
                            "spotify": "https://open.spotify.com/artist/246dkjvS1zLTtiykXe5h60"
                        },
                        "href": "https://api.spotify.com/v1/artists/246dkjvS1zLTtiykXe5h60",
                        "id": "246dkjvS1zLTtiykXe5h60",
                        "name": "Post Malone",
                        "type": "artist",
                        "uri": "spotify:artist:246dkjvS1zLTtiykXe5h60"
                    }
                ],
                "external_urls": {
                    "spotify": "https://open.spotify.com/album/02SRvzvwKNQJpqjdehWAif"
                },
                "href": "https://api.spotify.com/v1/albums/02SRvzvwKNQJpqjdehWAif",
                "id": "02SRvzvwKNQJpqjdehWAif",
                "images": [
                    {
                        "height": 640,
                        "url": "https://i.scdn.co/image/ab67616d0000b2735cce9818bbdc469276b0d8a7",
                        "width": 640
                    },
                    {
                        "height": 300,
                        "url": "https://i.scdn.co/image/ab67616d00001e025cce9818bbdc469276b0d8a7",
                        "width": 300
                    },
                    {
                        "height": 64,
                        "url": "https://i.scdn.co/image/ab67616d000048515cce9818bbdc469276b0d8a7",
                        "width": 64
                    }
                ],
                "is_playable": true,
                "name": "Twelve Carat Toothache",
                "release_date": "2022-06-03",
                "release_date_precision": "day",
                "total_tracks": 14,
                "type": "album",
                "uri": "spotify:album:02SRvzvwKNQJpqjdehWAif"
            },
            {
                "album_type": "album",
                "artists": [
                    {
                        "external_urls": {
                            "spotify": "https://open.spotify.com/artist/4Ns55iOSe1Im2WU2e1Eym0"
                        },
                        "href": "https://api.spotify.com/v1/artists/4Ns55iOSe1Im2WU2e1Eym0",
                        "id": "4Ns55iOSe1Im2WU2e1Eym0",
                        "name": "Simi",
                        "type": "artist",
                        "uri": "spotify:artist:4Ns55iOSe1Im2WU2e1Eym0"
                    }
                ],
                "external_urls": {
                    "spotify": "https://open.spotify.com/album/3ok45X5OZt6s9PkZljnT5r"
                },
                "href": "https://api.spotify.com/v1/albums/3ok45X5OZt6s9PkZljnT5r",
                "id": "3ok45X5OZt6s9PkZljnT5r",
                "images": [
                    {
                        "height": 640,
                        "url": "https://i.scdn.co/image/ab67616d0000b273ca8d7f6daa62e963b385168f",
                        "width": 640
                    },
                    {
                        "height": 300,
                        "url": "https://i.scdn.co/image/ab67616d00001e02ca8d7f6daa62e963b385168f",
                        "width": 300
                    },
                    {
                        "height": 64,
                        "url": "https://i.scdn.co/image/ab67616d00004851ca8d7f6daa62e963b385168f",
                        "width": 64
                    }
                ],
                "is_playable": true,
                "name": "TBH (To Be Honest)",
                "release_date": "2022-06-03",
                "release_date_precision": "day",
                "total_tracks": 11,
                "type": "album",
                "uri": "spotify:album:3ok45X5OZt6s9PkZljnT5r"
            },
            {
                "album_type": "album",
                "artists": [
                    {
                        "external_urls": {
                            "spotify": "https://open.spotify.com/artist/5DfaMudUwkoz6TAPYifqkJ"
                        },
                        "href": "https://api.spotify.com/v1/artists/5DfaMudUwkoz6TAPYifqkJ",
                        "id": "5DfaMudUwkoz6TAPYifqkJ",
                        "name": "Naira Marley",
                        "type": "artist",
                        "uri": "spotify:artist:5DfaMudUwkoz6TAPYifqkJ"
                    }
                ],
                "external_urls": {
                    "spotify": "https://open.spotify.com/album/24dNVB3ThSVZWsTO5KhBc7"
                },
                "href": "https://api.spotify.com/v1/albums/24dNVB3ThSVZWsTO5KhBc7",
                "id": "24dNVB3ThSVZWsTO5KhBc7",
                "images": [
                    {
                        "height": 640,
                        "url": "https://i.scdn.co/image/ab67616d0000b273ac253b47f729c599ba6c22fe",
                        "width": 640
                    },
                    {
                        "height": 300,
                        "url": "https://i.scdn.co/image/ab67616d00001e02ac253b47f729c599ba6c22fe",
                        "width": 300
                    },
                    {
                        "height": 64,
                        "url": "https://i.scdn.co/image/ab67616d00004851ac253b47f729c599ba6c22fe",
                        "width": 64
                    }
                ],
                "is_playable": true,
                "name": "God's Timing’s the Best",
                "release_date": "2022-05-30",
                "release_date_precision": "day",
                "total_tracks": 14,
                "type": "album",
                "uri": "spotify:album:24dNVB3ThSVZWsTO5KhBc7"
            },
            {
                "album_type": "single",
                "artists": [
                    {
                        "external_urls": {
                            "spotify": "https://open.spotify.com/artist/6pOz4M7D8ENqfLSFvciEuV"
                        },
                        "href": "https://api.spotify.com/v1/artists/6pOz4M7D8ENqfLSFvciEuV",
                        "id": "6pOz4M7D8ENqfLSFvciEuV",
                        "name": "Nonso Amadi",
                        "type": "artist",
                        "uri": "spotify:artist:6pOz4M7D8ENqfLSFvciEuV"
                    },
                    {
                        "external_urls": {
                            "spotify": "https://open.spotify.com/artist/4HzKw8XcD0piJmDrrPRCYk"
                        },
                        "href": "https://api.spotify.com/v1/artists/4HzKw8XcD0piJmDrrPRCYk",
                        "id": "4HzKw8XcD0piJmDrrPRCYk",
                        "name": "Majid Jordan",
                        "type": "artist",
                        "uri": "spotify:artist:4HzKw8XcD0piJmDrrPRCYk"
                    }
                ],
                "external_urls": {
                    "spotify": "https://open.spotify.com/album/0XRJnjejsA9YXjYGdek23k"
                },
                "href": "https://api.spotify.com/v1/albums/0XRJnjejsA9YXjYGdek23k",
                "id": "0XRJnjejsA9YXjYGdek23k",
                "images": [
                    {
                        "height": 640,
                        "url": "https://i.scdn.co/image/ab67616d0000b2732b0378d36e80b534972c6a51",
                        "width": 640
                    },
                    {
                        "height": 300,
                        "url": "https://i.scdn.co/image/ab67616d00001e022b0378d36e80b534972c6a51",
                        "width": 300
                    },
                    {
                        "height": 64,
                        "url": "https://i.scdn.co/image/ab67616d000048512b0378d36e80b534972c6a51",
                        "width": 64
                    }
                ],
                "is_playable": true,
                "name": "Different (With Majid Jordan)",
                "release_date": "2022-05-26",
                "release_date_precision": "day",
                "total_tracks": 1,
                "type": "album",
                "uri": "spotify:album:0XRJnjejsA9YXjYGdek23k"
            },
            {
                "album_type": "single",
                "artists": [
                    {
                        "external_urls": {
                            "spotify": "https://open.spotify.com/artist/0pPz4oYqGp2Co2Sx7ORiYL"
                        },
                        "href": "https://api.spotify.com/v1/artists/0pPz4oYqGp2Co2Sx7ORiYL",
                        "id": "0pPz4oYqGp2Co2Sx7ORiYL",
                        "name": "Medikal",
                        "type": "artist",
                        "uri": "spotify:artist:0pPz4oYqGp2Co2Sx7ORiYL"
                    }
                ],
                "external_urls": {
                    "spotify": "https://open.spotify.com/album/4gOVL2qZdBpB6ee7nkPzrN"
                },
                "href": "https://api.spotify.com/v1/albums/4gOVL2qZdBpB6ee7nkPzrN",
                "id": "4gOVL2qZdBpB6ee7nkPzrN",
                "images": [
                    {
                        "height": 640,
                        "url": "https://i.scdn.co/image/ab67616d0000b27358f50658868d16e3583b6831",
                        "width": 640
                    },
                    {
                        "height": 300,
                        "url": "https://i.scdn.co/image/ab67616d00001e0258f50658868d16e3583b6831",
                        "width": 300
                    },
                    {
                        "height": 64,
                        "url": "https://i.scdn.co/image/ab67616d0000485158f50658868d16e3583b6831",
                        "width": 64
                    }
                ],
                "is_playable": true,
                "name": "Letter To My Ex",
                "release_date": "2022-05-27",
                "release_date_precision": "day",
                "total_tracks": 1,
                "type": "album",
                "uri": "spotify:album:4gOVL2qZdBpB6ee7nkPzrN"
            },
            {
                "album_type": "single",
                "artists": [
                    {
                        "external_urls": {
                            "spotify": "https://open.spotify.com/artist/4586oPyU8t6d4hGb1BPFTU"
                        },
                        "href": "https://api.spotify.com/v1/artists/4586oPyU8t6d4hGb1BPFTU",
                        "id": "4586oPyU8t6d4hGb1BPFTU",
                        "name": "Nissi",
                        "type": "artist",
                        "uri": "spotify:artist:4586oPyU8t6d4hGb1BPFTU"
                    }
                ],
                "external_urls": {
                    "spotify": "https://open.spotify.com/album/000nYm9Tv0i59bILRq22l4"
                },
                "href": "https://api.spotify.com/v1/albums/000nYm9Tv0i59bILRq22l4",
                "id": "000nYm9Tv0i59bILRq22l4",
                "images": [
                    {
                        "height": 640,
                        "url": "https://i.scdn.co/image/ab67616d0000b273d3fa8947d5a7303d56d308d4",
                        "width": 640
                    },
                    {
                        "height": 300,
                        "url": "https://i.scdn.co/image/ab67616d00001e02d3fa8947d5a7303d56d308d4",
                        "width": 300
                    },
                    {
                        "height": 64,
                        "url": "https://i.scdn.co/image/ab67616d00004851d3fa8947d5a7303d56d308d4",
                        "width": 64
                    }
                ],
                "is_playable": true,
                "name": "Gravity (feat. Major League Djz)",
                "release_date": "2022-05-27",
                "release_date_precision": "day",
                "total_tracks": 1,
                "type": "album",
                "uri": "spotify:album:000nYm9Tv0i59bILRq22l4"
            },
            {
                "album_type": "single",
                "artists": [
                    {
                        "external_urls": {
                            "spotify": "https://open.spotify.com/artist/7oVwzvvrXEC8LbXhaNjTi4"
                        },
                        "href": "https://api.spotify.com/v1/artists/7oVwzvvrXEC8LbXhaNjTi4",
                        "id": "7oVwzvvrXEC8LbXhaNjTi4",
                        "name": "Ajebo Hustlers",
                        "type": "artist",
                        "uri": "spotify:artist:7oVwzvvrXEC8LbXhaNjTi4"
                    },
                    {
                        "external_urls": {
                            "spotify": "https://open.spotify.com/artist/4wAqlYtTaaHELEgyCh9KjG"
                        },
                        "href": "https://api.spotify.com/v1/artists/4wAqlYtTaaHELEgyCh9KjG",
                        "id": "4wAqlYtTaaHELEgyCh9KjG",
                        "name": "Fave",
                        "type": "artist",
                        "uri": "spotify:artist:4wAqlYtTaaHELEgyCh9KjG"
                    }
                ],
                "external_urls": {
                    "spotify": "https://open.spotify.com/album/4hjN43fijAskri1B3EXFej"
                },
                "href": "https://api.spotify.com/v1/albums/4hjN43fijAskri1B3EXFej",
                "id": "4hjN43fijAskri1B3EXFej",
                "images": [
                    {
                        "height": 640,
                        "url": "https://i.scdn.co/image/ab67616d0000b273f94e6f75c783f6ab924413b8",
                        "width": 640
                    },
                    {
                        "height": 300,
                        "url": "https://i.scdn.co/image/ab67616d00001e02f94e6f75c783f6ab924413b8",
                        "width": 300
                    },
                    {
                        "height": 64,
                        "url": "https://i.scdn.co/image/ab67616d00004851f94e6f75c783f6ab924413b8",
                        "width": 64
                    }
                ],
                "is_playable": true,
                "name": "In Love",
                "release_date": "2022-05-27",
                "release_date_precision": "day",
                "total_tracks": 1,
                "type": "album",
                "uri": "spotify:album:4hjN43fijAskri1B3EXFej"
            },
            {
                "album_type": "single",
                "artists": [
                    {
                        "external_urls": {
                            "spotify": "https://open.spotify.com/artist/2mM6BxFQCd6BHzW4W7VhQP"
                        },
                        "href": "https://api.spotify.com/v1/artists/2mM6BxFQCd6BHzW4W7VhQP",
                        "id": "2mM6BxFQCd6BHzW4W7VhQP",
                        "name": "Khaid",
                        "type": "artist",
                        "uri": "spotify:artist:2mM6BxFQCd6BHzW4W7VhQP"
                    }
                ],
                "external_urls": {
                    "spotify": "https://open.spotify.com/album/0sf58BI1BGDkYj6wkAZ9qm"
                },
                "href": "https://api.spotify.com/v1/albums/0sf58BI1BGDkYj6wkAZ9qm",
                "id": "0sf58BI1BGDkYj6wkAZ9qm",
                "images": [
                    {
                        "height": 640,
                        "url": "https://i.scdn.co/image/ab67616d0000b27336625337a81ee8fc93ab498f",
                        "width": 640
                    },
                    {
                        "height": 300,
                        "url": "https://i.scdn.co/image/ab67616d00001e0236625337a81ee8fc93ab498f",
                        "width": 300
                    },
                    {
                        "height": 64,
                        "url": "https://i.scdn.co/image/ab67616d0000485136625337a81ee8fc93ab498f",
                        "width": 64
                    }
                ],
                "is_playable": true,
                "name": "DIVERSITY",
                "release_date": "2022-05-27",
                "release_date_precision": "day",
                "total_tracks": 6,
                "type": "album",
                "uri": "spotify:album:0sf58BI1BGDkYj6wkAZ9qm"
            },
            {
                "album_type": "single",
                "artists": [
                    {
                        "external_urls": {
                            "spotify": "https://open.spotify.com/artist/4AN8jBgYwV1ieMsX1Ntxwc"
                        },
                        "href": "https://api.spotify.com/v1/artists/4AN8jBgYwV1ieMsX1Ntxwc",
                        "id": "4AN8jBgYwV1ieMsX1Ntxwc",
                        "name": "Bisa Kdei",
                        "type": "artist",
                        "uri": "spotify:artist:4AN8jBgYwV1ieMsX1Ntxwc"
                    }
                ],
                "external_urls": {
                    "spotify": "https://open.spotify.com/album/101J6HI8NcRiCkZA16brqS"
                },
                "href": "https://api.spotify.com/v1/albums/101J6HI8NcRiCkZA16brqS",
                "id": "101J6HI8NcRiCkZA16brqS",
                "images": [
                    {
                        "height": 640,
                        "url": "https://i.scdn.co/image/ab67616d0000b27384e477676022c1b522336789",
                        "width": 640
                    },
                    {
                        "height": 300,
                        "url": "https://i.scdn.co/image/ab67616d00001e0284e477676022c1b522336789",
                        "width": 300
                    },
                    {
                        "height": 64,
                        "url": "https://i.scdn.co/image/ab67616d0000485184e477676022c1b522336789",
                        "width": 64
                    }
                ],
                "is_playable": true,
                "name": "Kakyere Me",
                "release_date": "2022-05-27",
                "release_date_precision": "day",
                "total_tracks": 1,
                "type": "album",
                "uri": "spotify:album:101J6HI8NcRiCkZA16brqS"
            },
            {
                "album_type": "single",
                "artists": [
                    {
                        "external_urls": {
                            "spotify": "https://open.spotify.com/artist/5jW1p6bav4DYihIHewKBCq"
                        },
                        "href": "https://api.spotify.com/v1/artists/5jW1p6bav4DYihIHewKBCq",
                        "id": "5jW1p6bav4DYihIHewKBCq",
                        "name": "Yung L",
                        "type": "artist",
                        "uri": "spotify:artist:5jW1p6bav4DYihIHewKBCq"
                    }
                ],
                "external_urls": {
                    "spotify": "https://open.spotify.com/album/7lJKzfLJXFB0PrQAGFSSea"
                },
                "href": "https://api.spotify.com/v1/albums/7lJKzfLJXFB0PrQAGFSSea",
                "id": "7lJKzfLJXFB0PrQAGFSSea",
                "images": [
                    {
                        "height": 640,
                        "url": "https://i.scdn.co/image/ab67616d0000b273e0154d915e0b26f9f4b60e02",
                        "width": 640
                    },
                    {
                        "height": 300,
                        "url": "https://i.scdn.co/image/ab67616d00001e02e0154d915e0b26f9f4b60e02",
                        "width": 300
                    },
                    {
                        "height": 64,
                        "url": "https://i.scdn.co/image/ab67616d00004851e0154d915e0b26f9f4b60e02",
                        "width": 64
                    }
                ],
                "is_playable": true,
                "name": "CLRS",
                "release_date": "2022-05-27",
                "release_date_precision": "day",
                "total_tracks": 5,
                "type": "album",
                "uri": "spotify:album:7lJKzfLJXFB0PrQAGFSSea"
            },
            {
                "album_type": "single",
                "artists": [
                    {
                        "external_urls": {
                            "spotify": "https://open.spotify.com/artist/4Ns55iOSe1Im2WU2e1Eym0"
                        },
                        "href": "https://api.spotify.com/v1/artists/4Ns55iOSe1Im2WU2e1Eym0",
                        "id": "4Ns55iOSe1Im2WU2e1Eym0",
                        "name": "Simi",
                        "type": "artist",
                        "uri": "spotify:artist:4Ns55iOSe1Im2WU2e1Eym0"
                    }
                ],
                "external_urls": {
                    "spotify": "https://open.spotify.com/album/1GOlHRebm95q6OxmRwYdKG"
                },
                "href": "https://api.spotify.com/v1/albums/1GOlHRebm95q6OxmRwYdKG",
                "id": "1GOlHRebm95q6OxmRwYdKG",
                "images": [
                    {
                        "height": 640,
                        "url": "https://i.scdn.co/image/ab67616d0000b27322b8b89bd43aae7729273184",
                        "width": 640
                    },
                    {
                        "height": 300,
                        "url": "https://i.scdn.co/image/ab67616d00001e0222b8b89bd43aae7729273184",
                        "width": 300
                    },
                    {
                        "height": 64,
                        "url": "https://i.scdn.co/image/ab67616d0000485122b8b89bd43aae7729273184",
                        "width": 64
                    }
                ],
                "is_playable": true,
                "name": "Naked Wire",
                "release_date": "2022-05-20",
                "release_date_precision": "day",
                "total_tracks": 1,
                "type": "album",
                "uri": "spotify:album:1GOlHRebm95q6OxmRwYdKG"
            },
            {
                "album_type": "single",
                "artists": [
                    {
                        "external_urls": {
                            "spotify": "https://open.spotify.com/artist/5yOvAmpIR7hVxiS6Ls5DPO"
                        },
                        "href": "https://api.spotify.com/v1/artists/5yOvAmpIR7hVxiS6Ls5DPO",
                        "id": "5yOvAmpIR7hVxiS6Ls5DPO",
                        "name": "Omah Lay",
                        "type": "artist",
                        "uri": "spotify:artist:5yOvAmpIR7hVxiS6Ls5DPO"
                    }
                ],
                "external_urls": {
                    "spotify": "https://open.spotify.com/album/0ZpRrn5pcVaxmmlPnC8X5J"
                },
                "href": "https://api.spotify.com/v1/albums/0ZpRrn5pcVaxmmlPnC8X5J",
                "id": "0ZpRrn5pcVaxmmlPnC8X5J",
                "images": [
                    {
                        "height": 640,
                        "url": "https://i.scdn.co/image/ab67616d0000b273656e854be4d4da9679e7603b",
                        "width": 640
                    },
                    {
                        "height": 300,
                        "url": "https://i.scdn.co/image/ab67616d00001e02656e854be4d4da9679e7603b",
                        "width": 300
                    },
                    {
                        "height": 64,
                        "url": "https://i.scdn.co/image/ab67616d00004851656e854be4d4da9679e7603b",
                        "width": 64
                    }
                ],
                "is_playable": true,
                "name": "Woman",
                "release_date": "2022-05-20",
                "release_date_precision": "day",
                "total_tracks": 1,
                "type": "album",
                "uri": "spotify:album:0ZpRrn5pcVaxmmlPnC8X5J"
            },
            {
                "album_type": "single",
                "artists": [
                    {
                        "external_urls": {
                            "spotify": "https://open.spotify.com/artist/408vMm7y1227ASq7GmWygZ"
                        },
                        "href": "https://api.spotify.com/v1/artists/408vMm7y1227ASq7GmWygZ",
                        "id": "408vMm7y1227ASq7GmWygZ",
                        "name": "Sarz",
                        "type": "artist",
                        "uri": "spotify:artist:408vMm7y1227ASq7GmWygZ"
                    },
                    {
                        "external_urls": {
                            "spotify": "https://open.spotify.com/artist/3ONGmday8YN8AkbsRk01iL"
                        },
                        "href": "https://api.spotify.com/v1/artists/3ONGmday8YN8AkbsRk01iL",
                        "id": "3ONGmday8YN8AkbsRk01iL",
                        "name": "Lojay",
                        "type": "artist",
                        "uri": "spotify:artist:3ONGmday8YN8AkbsRk01iL"
                    },
                    {
                        "external_urls": {
                            "spotify": "https://open.spotify.com/artist/7bXgB6jMjp9ATFy66eO08Z"
                        },
                        "href": "https://api.spotify.com/v1/artists/7bXgB6jMjp9ATFy66eO08Z",
                        "id": "7bXgB6jMjp9ATFy66eO08Z",
                        "name": "Chris Brown",
                        "type": "artist",
                        "uri": "spotify:artist:7bXgB6jMjp9ATFy66eO08Z"
                    }
                ],
                "external_urls": {
                    "spotify": "https://open.spotify.com/album/6eGxth6Bbmudt9k7ybo5Ll"
                },
                "href": "https://api.spotify.com/v1/albums/6eGxth6Bbmudt9k7ybo5Ll",
                "id": "6eGxth6Bbmudt9k7ybo5Ll",
                "images": [
                    {
                        "height": 640,
                        "url": "https://i.scdn.co/image/ab67616d0000b273011260898cd83f1795df8fdb",
                        "width": 640
                    },
                    {
                        "height": 300,
                        "url": "https://i.scdn.co/image/ab67616d00001e02011260898cd83f1795df8fdb",
                        "width": 300
                    },
                    {
                        "height": 64,
                        "url": "https://i.scdn.co/image/ab67616d00004851011260898cd83f1795df8fdb",
                        "width": 64
                    }
                ],
                "is_playable": true,
                "name": "Monalisa",
                "release_date": "2022-05-19",
                "release_date_precision": "day",
                "total_tracks": 1,
                "type": "album",
                "uri": "spotify:album:6eGxth6Bbmudt9k7ybo5Ll"
            },
            {
                "album_type": "album",
                "artists": [
                    {
                        "external_urls": {
                            "spotify": "https://open.spotify.com/artist/4iXOuQsJ5qOOC7HgOIXLFU"
                        },
                        "href": "https://api.spotify.com/v1/artists/4iXOuQsJ5qOOC7HgOIXLFU",
                        "id": "4iXOuQsJ5qOOC7HgOIXLFU",
                        "name": "BURUKLYN BOYZ",
                        "type": "artist",
                        "uri": "spotify:artist:4iXOuQsJ5qOOC7HgOIXLFU"
                    }
                ],
                "external_urls": {
                    "spotify": "https://open.spotify.com/album/47vN97kxrAYQUMNEjgBX0G"
                },
                "href": "https://api.spotify.com/v1/albums/47vN97kxrAYQUMNEjgBX0G",
                "id": "47vN97kxrAYQUMNEjgBX0G",
                "images": [
                    {
                        "height": 640,
                        "url": "https://i.scdn.co/image/ab67616d0000b2731a5b5cc47a7082045cc2ed1d",
                        "width": 640
                    },
                    {
                        "height": 300,
                        "url": "https://i.scdn.co/image/ab67616d00001e021a5b5cc47a7082045cc2ed1d",
                        "width": 300
                    },
                    {
                        "height": 64,
                        "url": "https://i.scdn.co/image/ab67616d000048511a5b5cc47a7082045cc2ed1d",
                        "width": 64
                    }
                ],
                "is_playable": true,
                "name": "EAST MPAKA LONDON",
                "release_date": "2022-05-20",
                "release_date_precision": "day",
                "total_tracks": 16,
                "type": "album",
                "uri": "spotify:album:47vN97kxrAYQUMNEjgBX0G"
            },
            {
                "album_type": "album",
                "artists": [
                    {
                        "external_urls": {
                            "spotify": "https://open.spotify.com/artist/4gP93834jVbocef9R42gQz"
                        },
                        "href": "https://api.spotify.com/v1/artists/4gP93834jVbocef9R42gQz",
                        "id": "4gP93834jVbocef9R42gQz",
                        "name": "Kwaku DMC",
                        "type": "artist",
                        "uri": "spotify:artist:4gP93834jVbocef9R42gQz"
                    }
                ],
                "external_urls": {
                    "spotify": "https://open.spotify.com/album/5s7pSKaTNmf40gOn7tGodS"
                },
                "href": "https://api.spotify.com/v1/albums/5s7pSKaTNmf40gOn7tGodS",
                "id": "5s7pSKaTNmf40gOn7tGodS",
                "images": [
                    {
                        "height": 640,
                        "url": "https://i.scdn.co/image/ab67616d0000b27307302c13352108d8bd547666",
                        "width": 640
                    },
                    {
                        "height": 300,
                        "url": "https://i.scdn.co/image/ab67616d00001e0207302c13352108d8bd547666",
                        "width": 300
                    },
                    {
                        "height": 64,
                        "url": "https://i.scdn.co/image/ab67616d0000485107302c13352108d8bd547666",
                        "width": 64
                    }
                ],
                "is_playable": true,
                "name": "ROAD TO THE JUNGLE",
                "release_date": "2022-05-18",
                "release_date_precision": "day",
                "total_tracks": 13,
                "type": "album",
                "uri": "spotify:album:5s7pSKaTNmf40gOn7tGodS"
            }
        ],
        "limit": 44,
        "next": "https://api.spotify.com/v1/browse/new-releases?country=GH&offset=44&limit=44",
        "offset": 0,
        "previous": null,
        "total": 100
    }
}
HTTP/1.1 200 OK
Albums Limit: 44
]]></system-out>
  </testcase>
  <testcase name="GetSeveralArtistsWithValidDataFiftyTest" classname="api.tests.artist.positivetests.PositiveGetArtistsTests" time="1.367">
    <system-out><![CDATA[BQDPK6KDrQ7zOCwsox9blPlXR46qUKKtIRdyx9siOzdsclVP1grJIi8rRJ2oGgRME3BFcMwm0MDGf8pbslli7KJlQigGYJo58f-VaADODcOwWqivw8I
{
    "artists": [
        {
            "external_urls": {
                "spotify": "https://open.spotify.com/artist/0DCw6lHkzh9t7f8Hb4Z0Sx"
            },
            "followers": {
                "href": null,
                "total": 916865
            },
            "genres": [
                "alternative metal",
                "death metal",
                "melodic death metal",
                "metal",
                "nu metal",
                "power metal",
                "speed metal",
                "swedish death metal",
                "swedish melodeath",
                "swedish metal",
                "symphonic metal"
            ],
            "href": "https://api.spotify.com/v1/artists/0DCw6lHkzh9t7f8Hb4Z0Sx",
            "id": "0DCw6lHkzh9t7f8Hb4Z0Sx",
            "images": [
                {
                    "height": 640,
                    "url": "https://i.scdn.co/image/ab6761610000e5ebb56d14cd84327f2eb5c481b3",
                    "width": 640
                },
                {
                    "height": 320,
                    "url": "https://i.scdn.co/image/ab67616100005174b56d14cd84327f2eb5c481b3",
                    "width": 320
                },
                {
                    "height": 160,
                    "url": "https://i.scdn.co/image/ab6761610000f178b56d14cd84327f2eb5c481b3",
                    "width": 160
                }
            ],
            "name": "Arch Enemy",
            "popularity": 57,
            "type": "artist",
            "uri": "spotify:artist:0DCw6lHkzh9t7f8Hb4Z0Sx"
        },
        {
            "external_urls": {
                "spotify": "https://open.spotify.com/artist/7zDtfSB0AOZWhpuAHZIOw5"
            },
            "followers": {
                "href": null,
                "total": 201817
            },
            "genres": [
                "death metal",
                "doom metal",
                "epic doom",
                "metal",
                "opera metal",
                "speed metal",
                "stoner metal",
                "swedish doom metal",
                "swedish metal"
            ],
            "href": "https://api.spotify.com/v1/artists/7zDtfSB0AOZWhpuAHZIOw5",
            "id": "7zDtfSB0AOZWhpuAHZIOw5",
            "images": [
                {
                    "height": 640,
                    "url": "https://i.scdn.co/image/ab6761610000e5ebd2d79fca1c03254a3fb52d74",
                    "width": 640
                },
                {
                    "height": 320,
                    "url": "https://i.scdn.co/image/ab67616100005174d2d79fca1c03254a3fb52d74",
                    "width": 320
                },
                {
                    "height": 160,
                    "url": "https://i.scdn.co/image/ab6761610000f178d2d79fca1c03254a3fb52d74",
                    "width": 160
                }
            ],
            "name": "Candlemass",
            "popularity": 43,
            "type": "artist",
            "uri": "spotify:artist:7zDtfSB0AOZWhpuAHZIOw5"
        },
        {
            "external_urls": {
                "spotify": "https://open.spotify.com/artist/6CY7WNJfd5uZclcS3WeEjx"
            },
            "followers": {
                "href": null,
                "total": 140406
            },
            "genres": [
                "japanese vgm"
            ],
            "href": "https://api.spotify.com/v1/artists/6CY7WNJfd5uZclcS3WeEjx",
            "id": "6CY7WNJfd5uZclcS3WeEjx",
            "images": [
                {
                    "height": 640,
                    "url": "https://i.scdn.co/image/ab67616d0000b273ae37e6f73804085bf53b23c7",
                    "width": 640
                },
                {
                    "height": 300,
                    "url": "https://i.scdn.co/image/ab67616d00001e02ae37e6f73804085bf53b23c7",
                    "width": 300
                },
                {
                    "height": 64,
                    "url": "https://i.scdn.co/image/ab67616d00004851ae37e6f73804085bf53b23c7",
                    "width": 64
                }
            ],
            "name": "Yu-Peng Chen",
            "popularity": 64,
            "type": "artist",
            "uri": "spotify:artist:6CY7WNJfd5uZclcS3WeEjx"
        },
        {
            "external_urls": {
                "spotify": "https://open.spotify.com/artist/2CIMQHirSU0MQqyYHq0eOx"
            },
            "followers": {
                "href": null,
                "total": 2809519
            },
            "genres": [
                "canadian electronic",
                "complextro",
                "edm",
                "electro house",
                "pop dance",
                "progressive house"
            ],
            "href": "https://api.spotify.com/v1/artists/2CIMQHirSU0MQqyYHq0eOx",
            "id": "2CIMQHirSU0MQqyYHq0eOx",
            "images": [
                {
                    "height": 640,
                    "url": "https://i.scdn.co/image/ab6761610000e5ebc5ceb05f152103b2b70d3b07",
                    "width": 640
                },
                {
                    "height": 320,
                    "url": "https://i.scdn.co/image/ab67616100005174c5ceb05f152103b2b70d3b07",
                    "width": 320
                },
                {
                    "height": 160,
                    "url": "https://i.scdn.co/image/ab6761610000f178c5ceb05f152103b2b70d3b07",
                    "width": 160
                }
            ],
            "name": "deadmau5",
            "popularity": 67,
            "type": "artist",
            "uri": "spotify:artist:2CIMQHirSU0MQqyYHq0eOx"
        },
        {
            "external_urls": {
                "spotify": "https://open.spotify.com/artist/57dN52uHvrHOxijzpIgu3E"
            },
            "followers": {
                "href": null,
                "total": 591579
            },
            "genres": [
                "indietronica"
            ],
            "href": "https://api.spotify.com/v1/artists/57dN52uHvrHOxijzpIgu3E",
            "id": "57dN52uHvrHOxijzpIgu3E",
            "images": [
                {
                    "height": 693,
                    "url": "https://i.scdn.co/image/2f0c6c465a83cd196e651e3d4e7625ba799a6f60",
                    "width": 1000
                },
                {
                    "height": 444,
                    "url": "https://i.scdn.co/image/4e3e13c8b993bde9898e49509fb9ae121636e05f",
                    "width": 640
                },
                {
                    "height": 139,
                    "url": "https://i.scdn.co/image/dc68dd24b45b74ecce9d4ed486423673d683ced3",
                    "width": 200
                },
                {
                    "height": 44,
                    "url": "https://i.scdn.co/image/4e55ca05d4f336a2fa0e3062a7ec9778a201e8bc",
                    "width": 63
                }
            ],
            "name": "Ratatat",
            "popularity": 66,
            "type": "artist",
            "uri": "spotify:artist:57dN52uHvrHOxijzpIgu3E"
        },
        {
            "external_urls": {
                "spotify": "https://open.spotify.com/artist/1vCWHaC5f2uS3yhpwWbIA6"
            },
            "followers": {
                "href": null,
                "total": 22942695
            },
            "genres": [
                "edm",
                "pop",
                "pop dance"
            ],
            "href": "https://api.spotify.com/v1/artists/1vCWHaC5f2uS3yhpwWbIA6",
            "id": "1vCWHaC5f2uS3yhpwWbIA6",
            "images": [
                {
                    "height": 640,
                    "url": "https://i.scdn.co/image/ab6761610000e5ebae07171f989fb39736674113",
                    "width": 640
                },
                {
                    "height": 320,
                    "url": "https://i.scdn.co/image/ab67616100005174ae07171f989fb39736674113",
                    "width": 320
                },
                {
                    "height": 160,
                    "url": "https://i.scdn.co/image/ab6761610000f178ae07171f989fb39736674113",
                    "width": 160
                }
            ],
            "name": "Avicii",
            "popularity": 81,
            "type": "artist",
            "uri": "spotify:artist:1vCWHaC5f2uS3yhpwWbIA6"
        },
        {
            "external_urls": {
                "spotify": "https://open.spotify.com/artist/2CIMQHirSU0MQqyYHq0eOx"
            },
            "followers": {
                "href": null,
                "total": 2809519
            },
            "genres": [
                "canadian electronic",
                "complextro",
                "edm",
                "electro house",
                "pop dance",
                "progressive house"
            ],
            "href": "https://api.spotify.com/v1/artists/2CIMQHirSU0MQqyYHq0eOx",
            "id": "2CIMQHirSU0MQqyYHq0eOx",
            "images": [
                {
                    "height": 640,
                    "url": "https://i.scdn.co/image/ab6761610000e5ebc5ceb05f152103b2b70d3b07",
                    "width": 640
                },
                {
                    "height": 320,
                    "url": "https://i.scdn.co/image/ab67616100005174c5ceb05f152103b2b70d3b07",
                    "width": 320
                },
                {
                    "height": 160,
                    "url": "https://i.scdn.co/image/ab6761610000f178c5ceb05f152103b2b70d3b07",
                    "width": 160
                }
            ],
            "name": "deadmau5",
            "popularity": 67,
            "type": "artist",
            "uri": "spotify:artist:2CIMQHirSU0MQqyYHq0eOx"
        },
        {
            "external_urls": {
                "spotify": "https://open.spotify.com/artist/57dN52uHvrHOxijzpIgu3E"
            },
            "followers": {
                "href": null,
                "total": 591579
            },
            "genres": [
                "indietronica"
            ],
            "href": "https://api.spotify.com/v1/artists/57dN52uHvrHOxijzpIgu3E",
            "id": "57dN52uHvrHOxijzpIgu3E",
            "images": [
                {
                    "height": 693,
                    "url": "https://i.scdn.co/image/2f0c6c465a83cd196e651e3d4e7625ba799a6f60",
                    "width": 1000
                },
                {
                    "height": 444,
                    "url": "https://i.scdn.co/image/4e3e13c8b993bde9898e49509fb9ae121636e05f",
                    "width": 640
                },
                {
                    "height": 139,
                    "url": "https://i.scdn.co/image/dc68dd24b45b74ecce9d4ed486423673d683ced3",
                    "width": 200
                },
                {
                    "height": 44,
                    "url": "https://i.scdn.co/image/4e55ca05d4f336a2fa0e3062a7ec9778a201e8bc",
                    "width": 63
                }
            ],
            "name": "Ratatat",
            "popularity": 66,
            "type": "artist",
            "uri": "spotify:artist:57dN52uHvrHOxijzpIgu3E"
        },
        {
            "external_urls": {
                "spotify": "https://open.spotify.com/artist/1vCWHaC5f2uS3yhpwWbIA6"
            },
            "followers": {
                "href": null,
                "total": 22942695
            },
            "genres": [
                "edm",
                "pop",
                "pop dance"
            ],
            "href": "https://api.spotify.com/v1/artists/1vCWHaC5f2uS3yhpwWbIA6",
            "id": "1vCWHaC5f2uS3yhpwWbIA6",
            "images": [
                {
                    "height": 640,
                    "url": "https://i.scdn.co/image/ab6761610000e5ebae07171f989fb39736674113",
                    "width": 640
                },
                {
                    "height": 320,
                    "url": "https://i.scdn.co/image/ab67616100005174ae07171f989fb39736674113",
                    "width": 320
                },
                {
                    "height": 160,
                    "url": "https://i.scdn.co/image/ab6761610000f178ae07171f989fb39736674113",
                    "width": 160
                }
            ],
            "name": "Avicii",
            "popularity": 81,
            "type": "artist",
            "uri": "spotify:artist:1vCWHaC5f2uS3yhpwWbIA6"
        },
        {
            "external_urls": {
                "spotify": "https://open.spotify.com/artist/0DCw6lHkzh9t7f8Hb4Z0Sx"
            },
            "followers": {
                "href": null,
                "total": 916865
            },
            "genres": [
                "alternative metal",
                "death metal",
                "melodic death metal",
                "metal",
                "nu metal",
                "power metal",
                "speed metal",
                "swedish death metal",
                "swedish melodeath",
                "swedish metal",
                "symphonic metal"
            ],
            "href": "https://api.spotify.com/v1/artists/0DCw6lHkzh9t7f8Hb4Z0Sx",
            "id": "0DCw6lHkzh9t7f8Hb4Z0Sx",
            "images": [
                {
                    "height": 640,
                    "url": "https://i.scdn.co/image/ab6761610000e5ebb56d14cd84327f2eb5c481b3",
                    "width": 640
                },
                {
                    "height": 320,
                    "url": "https://i.scdn.co/image/ab67616100005174b56d14cd84327f2eb5c481b3",
                    "width": 320
                },
                {
                    "height": 160,
                    "url": "https://i.scdn.co/image/ab6761610000f178b56d14cd84327f2eb5c481b3",
                    "width": 160
                }
            ],
            "name": "Arch Enemy",
            "popularity": 57,
            "type": "artist",
            "uri": "spotify:artist:0DCw6lHkzh9t7f8Hb4Z0Sx"
        },
        {
            "external_urls": {
                "spotify": "https://open.spotify.com/artist/7zDtfSB0AOZWhpuAHZIOw5"
            },
            "followers": {
                "href": null,
                "total": 201817
            },
            "genres": [
                "death metal",
                "doom metal",
                "epic doom",
                "metal",
                "opera metal",
                "speed metal",
                "stoner metal",
                "swedish doom metal",
                "swedish metal"
            ],
            "href": "https://api.spotify.com/v1/artists/7zDtfSB0AOZWhpuAHZIOw5",
            "id": "7zDtfSB0AOZWhpuAHZIOw5",
            "images": [
                {
                    "height": 640,
                    "url": "https://i.scdn.co/image/ab6761610000e5ebd2d79fca1c03254a3fb52d74",
                    "width": 640
                },
                {
                    "height": 320,
                    "url": "https://i.scdn.co/image/ab67616100005174d2d79fca1c03254a3fb52d74",
                    "width": 320
                },
                {
                    "height": 160,
                    "url": "https://i.scdn.co/image/ab6761610000f178d2d79fca1c03254a3fb52d74",
                    "width": 160
                }
            ],
            "name": "Candlemass",
            "popularity": 43,
            "type": "artist",
            "uri": "spotify:artist:7zDtfSB0AOZWhpuAHZIOw5"
        },
        {
            "external_urls": {
                "spotify": "https://open.spotify.com/artist/6CY7WNJfd5uZclcS3WeEjx"
            },
            "followers": {
                "href": null,
                "total": 140406
            },
            "genres": [
                "japanese vgm"
            ],
            "href": "https://api.spotify.com/v1/artists/6CY7WNJfd5uZclcS3WeEjx",
            "id": "6CY7WNJfd5uZclcS3WeEjx",
            "images": [
                {
                    "height": 640,
                    "url": "https://i.scdn.co/image/ab67616d0000b273ae37e6f73804085bf53b23c7",
                    "width": 640
                },
                {
                    "height": 300,
                    "url": "https://i.scdn.co/image/ab67616d00001e02ae37e6f73804085bf53b23c7",
                    "width": 300
                },
                {
                    "height": 64,
                    "url": "https://i.scdn.co/image/ab67616d00004851ae37e6f73804085bf53b23c7",
                    "width": 64
                }
            ],
            "name": "Yu-Peng Chen",
            "popularity": 64,
            "type": "artist",
            "uri": "spotify:artist:6CY7WNJfd5uZclcS3WeEjx"
        },
        {
            "external_urls": {
                "spotify": "https://open.spotify.com/artist/2CIMQHirSU0MQqyYHq0eOx"
            },
            "followers": {
                "href": null,
                "total": 2809519
            },
            "genres": [
                "canadian electronic",
                "complextro",
                "edm",
                "electro house",
                "pop dance",
                "progressive house"
            ],
            "href": "https://api.spotify.com/v1/artists/2CIMQHirSU0MQqyYHq0eOx",
            "id": "2CIMQHirSU0MQqyYHq0eOx",
            "images": [
                {
                    "height": 640,
                    "url": "https://i.scdn.co/image/ab6761610000e5ebc5ceb05f152103b2b70d3b07",
                    "width": 640
                },
                {
                    "height": 320,
                    "url": "https://i.scdn.co/image/ab67616100005174c5ceb05f152103b2b70d3b07",
                    "width": 320
                },
                {
                    "height": 160,
                    "url": "https://i.scdn.co/image/ab6761610000f178c5ceb05f152103b2b70d3b07",
                    "width": 160
                }
            ],
            "name": "deadmau5",
            "popularity": 67,
            "type": "artist",
            "uri": "spotify:artist:2CIMQHirSU0MQqyYHq0eOx"
        },
        {
            "external_urls": {
                "spotify": "https://open.spotify.com/artist/57dN52uHvrHOxijzpIgu3E"
            },
            "followers": {
                "href": null,
                "total": 591579
            },
            "genres": [
                "indietronica"
            ],
            "href": "https://api.spotify.com/v1/artists/57dN52uHvrHOxijzpIgu3E",
            "id": "57dN52uHvrHOxijzpIgu3E",
            "images": [
                {
                    "height": 693,
                    "url": "https://i.scdn.co/image/2f0c6c465a83cd196e651e3d4e7625ba799a6f60",
                    "width": 1000
                },
                {
                    "height": 444,
                    "url": "https://i.scdn.co/image/4e3e13c8b993bde9898e49509fb9ae121636e05f",
                    "width": 640
                },
                {
                    "height": 139,
                    "url": "https://i.scdn.co/image/dc68dd24b45b74ecce9d4ed486423673d683ced3",
                    "width": 200
                },
                {
                    "height": 44,
                    "url": "https://i.scdn.co/image/4e55ca05d4f336a2fa0e3062a7ec9778a201e8bc",
                    "width": 63
                }
            ],
            "name": "Ratatat",
            "popularity": 66,
            "type": "artist",
            "uri": "spotify:artist:57dN52uHvrHOxijzpIgu3E"
        },
        {
            "external_urls": {
                "spotify": "https://open.spotify.com/artist/1vCWHaC5f2uS3yhpwWbIA6"
            },
            "followers": {
                "href": null,
                "total": 22942695
            },
            "genres": [
                "edm",
                "pop",
                "pop dance"
            ],
            "href": "https://api.spotify.com/v1/artists/1vCWHaC5f2uS3yhpwWbIA6",
            "id": "1vCWHaC5f2uS3yhpwWbIA6",
            "images": [
                {
                    "height": 640,
                    "url": "https://i.scdn.co/image/ab6761610000e5ebae07171f989fb39736674113",
                    "width": 640
                },
                {
                    "height": 320,
                    "url": "https://i.scdn.co/image/ab67616100005174ae07171f989fb39736674113",
                    "width": 320
                },
                {
                    "height": 160,
                    "url": "https://i.scdn.co/image/ab6761610000f178ae07171f989fb39736674113",
                    "width": 160
                }
            ],
            "name": "Avicii",
            "popularity": 81,
            "type": "artist",
            "uri": "spotify:artist:1vCWHaC5f2uS3yhpwWbIA6"
        },
        {
            "external_urls": {
                "spotify": "https://open.spotify.com/artist/2CIMQHirSU0MQqyYHq0eOx"
            },
            "followers": {
                "href": null,
                "total": 2809519
            },
            "genres": [
                "canadian electronic",
                "complextro",
                "edm",
                "electro house",
                "pop dance",
                "progressive house"
            ],
            "href": "https://api.spotify.com/v1/artists/2CIMQHirSU0MQqyYHq0eOx",
            "id": "2CIMQHirSU0MQqyYHq0eOx",
            "images": [
                {
                    "height": 640,
                    "url": "https://i.scdn.co/image/ab6761610000e5ebc5ceb05f152103b2b70d3b07",
                    "width": 640
                },
                {
                    "height": 320,
                    "url": "https://i.scdn.co/image/ab67616100005174c5ceb05f152103b2b70d3b07",
                    "width": 320
                },
                {
                    "height": 160,
                    "url": "https://i.scdn.co/image/ab6761610000f178c5ceb05f152103b2b70d3b07",
                    "width": 160
                }
            ],
            "name": "deadmau5",
            "popularity": 67,
            "type": "artist",
            "uri": "spotify:artist:2CIMQHirSU0MQqyYHq0eOx"
        },
        {
            "external_urls": {
                "spotify": "https://open.spotify.com/artist/57dN52uHvrHOxijzpIgu3E"
            },
            "followers": {
                "href": null,
                "total": 591579
            },
            "genres": [
                "indietronica"
            ],
            "href": "https://api.spotify.com/v1/artists/57dN52uHvrHOxijzpIgu3E",
            "id": "57dN52uHvrHOxijzpIgu3E",
            "images": [
                {
                    "height": 693,
                    "url": "https://i.scdn.co/image/2f0c6c465a83cd196e651e3d4e7625ba799a6f60",
                    "width": 1000
                },
                {
                    "height": 444,
                    "url": "https://i.scdn.co/image/4e3e13c8b993bde9898e49509fb9ae121636e05f",
                    "width": 640
                },
                {
                    "height": 139,
                    "url": "https://i.scdn.co/image/dc68dd24b45b74ecce9d4ed486423673d683ced3",
                    "width": 200
                },
                {
                    "height": 44,
                    "url": "https://i.scdn.co/image/4e55ca05d4f336a2fa0e3062a7ec9778a201e8bc",
                    "width": 63
                }
            ],
            "name": "Ratatat",
            "popularity": 66,
            "type": "artist",
            "uri": "spotify:artist:57dN52uHvrHOxijzpIgu3E"
        },
        {
            "external_urls": {
                "spotify": "https://open.spotify.com/artist/1vCWHaC5f2uS3yhpwWbIA6"
            },
            "followers": {
                "href": null,
                "total": 22942695
            },
            "genres": [
                "edm",
                "pop",
                "pop dance"
            ],
            "href": "https://api.spotify.com/v1/artists/1vCWHaC5f2uS3yhpwWbIA6",
            "id": "1vCWHaC5f2uS3yhpwWbIA6",
            "images": [
                {
                    "height": 640,
                    "url": "https://i.scdn.co/image/ab6761610000e5ebae07171f989fb39736674113",
                    "width": 640
                },
                {
                    "height": 320,
                    "url": "https://i.scdn.co/image/ab67616100005174ae07171f989fb39736674113",
                    "width": 320
                },
                {
                    "height": 160,
                    "url": "https://i.scdn.co/image/ab6761610000f178ae07171f989fb39736674113",
                    "width": 160
                }
            ],
            "name": "Avicii",
            "popularity": 81,
            "type": "artist",
            "uri": "spotify:artist:1vCWHaC5f2uS3yhpwWbIA6"
        },
        {
            "external_urls": {
                "spotify": "https://open.spotify.com/artist/0DCw6lHkzh9t7f8Hb4Z0Sx"
            },
            "followers": {
                "href": null,
                "total": 916865
            },
            "genres": [
                "alternative metal",
                "death metal",
                "melodic death metal",
                "metal",
                "nu metal",
                "power metal",
                "speed metal",
                "swedish death metal",
                "swedish melodeath",
                "swedish metal",
                "symphonic metal"
            ],
            "href": "https://api.spotify.com/v1/artists/0DCw6lHkzh9t7f8Hb4Z0Sx",
            "id": "0DCw6lHkzh9t7f8Hb4Z0Sx",
            "images": [
                {
                    "height": 640,
                    "url": "https://i.scdn.co/image/ab6761610000e5ebb56d14cd84327f2eb5c481b3",
                    "width": 640
                },
                {
                    "height": 320,
                    "url": "https://i.scdn.co/image/ab67616100005174b56d14cd84327f2eb5c481b3",
                    "width": 320
                },
                {
                    "height": 160,
                    "url": "https://i.scdn.co/image/ab6761610000f178b56d14cd84327f2eb5c481b3",
                    "width": 160
                }
            ],
            "name": "Arch Enemy",
            "popularity": 57,
            "type": "artist",
            "uri": "spotify:artist:0DCw6lHkzh9t7f8Hb4Z0Sx"
        },
        {
            "external_urls": {
                "spotify": "https://open.spotify.com/artist/7zDtfSB0AOZWhpuAHZIOw5"
            },
            "followers": {
                "href": null,
                "total": 201817
            },
            "genres": [
                "death metal",
                "doom metal",
                "epic doom",
                "metal",
                "opera metal",
                "speed metal",
                "stoner metal",
                "swedish doom metal",
                "swedish metal"
            ],
            "href": "https://api.spotify.com/v1/artists/7zDtfSB0AOZWhpuAHZIOw5",
            "id": "7zDtfSB0AOZWhpuAHZIOw5",
            "images": [
                {
                    "height": 640,
                    "url": "https://i.scdn.co/image/ab6761610000e5ebd2d79fca1c03254a3fb52d74",
                    "width": 640
                },
                {
                    "height": 320,
                    "url": "https://i.scdn.co/image/ab67616100005174d2d79fca1c03254a3fb52d74",
                    "width": 320
                },
                {
                    "height": 160,
                    "url": "https://i.scdn.co/image/ab6761610000f178d2d79fca1c03254a3fb52d74",
                    "width": 160
                }
            ],
            "name": "Candlemass",
            "popularity": 43,
            "type": "artist",
            "uri": "spotify:artist:7zDtfSB0AOZWhpuAHZIOw5"
        },
        {
            "external_urls": {
                "spotify": "https://open.spotify.com/artist/6CY7WNJfd5uZclcS3WeEjx"
            },
            "followers": {
                "href": null,
                "total": 140406
            },
            "genres": [
                "japanese vgm"
            ],
            "href": "https://api.spotify.com/v1/artists/6CY7WNJfd5uZclcS3WeEjx",
            "id": "6CY7WNJfd5uZclcS3WeEjx",
            "images": [
                {
                    "height": 640,
                    "url": "https://i.scdn.co/image/ab67616d0000b273ae37e6f73804085bf53b23c7",
                    "width": 640
                },
                {
                    "height": 300,
                    "url": "https://i.scdn.co/image/ab67616d00001e02ae37e6f73804085bf53b23c7",
                    "width": 300
                },
                {
                    "height": 64,
                    "url": "https://i.scdn.co/image/ab67616d00004851ae37e6f73804085bf53b23c7",
                    "width": 64
                }
            ],
            "name": "Yu-Peng Chen",
            "popularity": 64,
            "type": "artist",
            "uri": "spotify:artist:6CY7WNJfd5uZclcS3WeEjx"
        },
        {
            "external_urls": {
                "spotify": "https://open.spotify.com/artist/2CIMQHirSU0MQqyYHq0eOx"
            },
            "followers": {
                "href": null,
                "total": 2809519
            },
            "genres": [
                "canadian electronic",
                "complextro",
                "edm",
                "electro house",
                "pop dance",
                "progressive house"
            ],
            "href": "https://api.spotify.com/v1/artists/2CIMQHirSU0MQqyYHq0eOx",
            "id": "2CIMQHirSU0MQqyYHq0eOx",
            "images": [
                {
                    "height": 640,
                    "url": "https://i.scdn.co/image/ab6761610000e5ebc5ceb05f152103b2b70d3b07",
                    "width": 640
                },
                {
                    "height": 320,
                    "url": "https://i.scdn.co/image/ab67616100005174c5ceb05f152103b2b70d3b07",
                    "width": 320
                },
                {
                    "height": 160,
                    "url": "https://i.scdn.co/image/ab6761610000f178c5ceb05f152103b2b70d3b07",
                    "width": 160
                }
            ],
            "name": "deadmau5",
            "popularity": 67,
            "type": "artist",
            "uri": "spotify:artist:2CIMQHirSU0MQqyYHq0eOx"
        },
        {
            "external_urls": {
                "spotify": "https://open.spotify.com/artist/57dN52uHvrHOxijzpIgu3E"
            },
            "followers": {
                "href": null,
                "total": 591579
            },
            "genres": [
                "indietronica"
            ],
            "href": "https://api.spotify.com/v1/artists/57dN52uHvrHOxijzpIgu3E",
            "id": "57dN52uHvrHOxijzpIgu3E",
            "images": [
                {
                    "height": 693,
                    "url": "https://i.scdn.co/image/2f0c6c465a83cd196e651e3d4e7625ba799a6f60",
                    "width": 1000
                },
                {
                    "height": 444,
                    "url": "https://i.scdn.co/image/4e3e13c8b993bde9898e49509fb9ae121636e05f",
                    "width": 640
                },
                {
                    "height": 139,
                    "url": "https://i.scdn.co/image/dc68dd24b45b74ecce9d4ed486423673d683ced3",
                    "width": 200
                },
                {
                    "height": 44,
                    "url": "https://i.scdn.co/image/4e55ca05d4f336a2fa0e3062a7ec9778a201e8bc",
                    "width": 63
                }
            ],
            "name": "Ratatat",
            "popularity": 66,
            "type": "artist",
            "uri": "spotify:artist:57dN52uHvrHOxijzpIgu3E"
        },
        {
            "external_urls": {
                "spotify": "https://open.spotify.com/artist/1vCWHaC5f2uS3yhpwWbIA6"
            },
            "followers": {
                "href": null,
                "total": 22942695
            },
            "genres": [
                "edm",
                "pop",
                "pop dance"
            ],
            "href": "https://api.spotify.com/v1/artists/1vCWHaC5f2uS3yhpwWbIA6",
            "id": "1vCWHaC5f2uS3yhpwWbIA6",
            "images": [
                {
                    "height": 640,
                    "url": "https://i.scdn.co/image/ab6761610000e5ebae07171f989fb39736674113",
                    "width": 640
                },
                {
                    "height": 320,
                    "url": "https://i.scdn.co/image/ab67616100005174ae07171f989fb39736674113",
                    "width": 320
                },
                {
                    "height": 160,
                    "url": "https://i.scdn.co/image/ab6761610000f178ae07171f989fb39736674113",
                    "width": 160
                }
            ],
            "name": "Avicii",
            "popularity": 81,
            "type": "artist",
            "uri": "spotify:artist:1vCWHaC5f2uS3yhpwWbIA6"
        },
        {
            "external_urls": {
                "spotify": "https://open.spotify.com/artist/2CIMQHirSU0MQqyYHq0eOx"
            },
            "followers": {
                "href": null,
                "total": 2809519
            },
            "genres": [
                "canadian electronic",
                "complextro",
                "edm",
                "electro house",
                "pop dance",
                "progressive house"
            ],
            "href": "https://api.spotify.com/v1/artists/2CIMQHirSU0MQqyYHq0eOx",
            "id": "2CIMQHirSU0MQqyYHq0eOx",
            "images": [
                {
                    "height": 640,
                    "url": "https://i.scdn.co/image/ab6761610000e5ebc5ceb05f152103b2b70d3b07",
                    "width": 640
                },
                {
                    "height": 320,
                    "url": "https://i.scdn.co/image/ab67616100005174c5ceb05f152103b2b70d3b07",
                    "width": 320
                },
                {
                    "height": 160,
                    "url": "https://i.scdn.co/image/ab6761610000f178c5ceb05f152103b2b70d3b07",
                    "width": 160
                }
            ],
            "name": "deadmau5",
            "popularity": 67,
            "type": "artist",
            "uri": "spotify:artist:2CIMQHirSU0MQqyYHq0eOx"
        },
        {
            "external_urls": {
                "spotify": "https://open.spotify.com/artist/57dN52uHvrHOxijzpIgu3E"
            },
            "followers": {
                "href": null,
                "total": 591579
            },
            "genres": [
                "indietronica"
            ],
            "href": "https://api.spotify.com/v1/artists/57dN52uHvrHOxijzpIgu3E",
            "id": "57dN52uHvrHOxijzpIgu3E",
            "images": [
                {
                    "height": 693,
                    "url": "https://i.scdn.co/image/2f0c6c465a83cd196e651e3d4e7625ba799a6f60",
                    "width": 1000
                },
                {
                    "height": 444,
                    "url": "https://i.scdn.co/image/4e3e13c8b993bde9898e49509fb9ae121636e05f",
                    "width": 640
                },
                {
                    "height": 139,
                    "url": "https://i.scdn.co/image/dc68dd24b45b74ecce9d4ed486423673d683ced3",
                    "width": 200
                },
                {
                    "height": 44,
                    "url": "https://i.scdn.co/image/4e55ca05d4f336a2fa0e3062a7ec9778a201e8bc",
                    "width": 63
                }
            ],
            "name": "Ratatat",
            "popularity": 66,
            "type": "artist",
            "uri": "spotify:artist:57dN52uHvrHOxijzpIgu3E"
        },
        {
            "external_urls": {
                "spotify": "https://open.spotify.com/artist/1vCWHaC5f2uS3yhpwWbIA6"
            },
            "followers": {
                "href": null,
                "total": 22942695
            },
            "genres": [
                "edm",
                "pop",
                "pop dance"
            ],
            "href": "https://api.spotify.com/v1/artists/1vCWHaC5f2uS3yhpwWbIA6",
            "id": "1vCWHaC5f2uS3yhpwWbIA6",
            "images": [
                {
                    "height": 640,
                    "url": "https://i.scdn.co/image/ab6761610000e5ebae07171f989fb39736674113",
                    "width": 640
                },
                {
                    "height": 320,
                    "url": "https://i.scdn.co/image/ab67616100005174ae07171f989fb39736674113",
                    "width": 320
                },
                {
                    "height": 160,
                    "url": "https://i.scdn.co/image/ab6761610000f178ae07171f989fb39736674113",
                    "width": 160
                }
            ],
            "name": "Avicii",
            "popularity": 81,
            "type": "artist",
            "uri": "spotify:artist:1vCWHaC5f2uS3yhpwWbIA6"
        },
        {
            "external_urls": {
                "spotify": "https://open.spotify.com/artist/0DCw6lHkzh9t7f8Hb4Z0Sx"
            },
            "followers": {
                "href": null,
                "total": 916865
            },
            "genres": [
                "alternative metal",
                "death metal",
                "melodic death metal",
                "metal",
                "nu metal",
                "power metal",
                "speed metal",
                "swedish death metal",
                "swedish melodeath",
                "swedish metal",
                "symphonic metal"
            ],
            "href": "https://api.spotify.com/v1/artists/0DCw6lHkzh9t7f8Hb4Z0Sx",
            "id": "0DCw6lHkzh9t7f8Hb4Z0Sx",
            "images": [
                {
                    "height": 640,
                    "url": "https://i.scdn.co/image/ab6761610000e5ebb56d14cd84327f2eb5c481b3",
                    "width": 640
                },
                {
                    "height": 320,
                    "url": "https://i.scdn.co/image/ab67616100005174b56d14cd84327f2eb5c481b3",
                    "width": 320
                },
                {
                    "height": 160,
                    "url": "https://i.scdn.co/image/ab6761610000f178b56d14cd84327f2eb5c481b3",
                    "width": 160
                }
            ],
            "name": "Arch Enemy",
            "popularity": 57,
            "type": "artist",
            "uri": "spotify:artist:0DCw6lHkzh9t7f8Hb4Z0Sx"
        },
        {
            "external_urls": {
                "spotify": "https://open.spotify.com/artist/7zDtfSB0AOZWhpuAHZIOw5"
            },
            "followers": {
                "href": null,
                "total": 201817
            },
            "genres": [
                "death metal",
                "doom metal",
                "epic doom",
                "metal",
                "opera metal",
                "speed metal",
                "stoner metal",
                "swedish doom metal",
                "swedish metal"
            ],
            "href": "https://api.spotify.com/v1/artists/7zDtfSB0AOZWhpuAHZIOw5",
            "id": "7zDtfSB0AOZWhpuAHZIOw5",
            "images": [
                {
                    "height": 640,
                    "url": "https://i.scdn.co/image/ab6761610000e5ebd2d79fca1c03254a3fb52d74",
                    "width": 640
                },
                {
                    "height": 320,
                    "url": "https://i.scdn.co/image/ab67616100005174d2d79fca1c03254a3fb52d74",
                    "width": 320
                },
                {
                    "height": 160,
                    "url": "https://i.scdn.co/image/ab6761610000f178d2d79fca1c03254a3fb52d74",
                    "width": 160
                }
            ],
            "name": "Candlemass",
            "popularity": 43,
            "type": "artist",
            "uri": "spotify:artist:7zDtfSB0AOZWhpuAHZIOw5"
        },
        {
            "external_urls": {
                "spotify": "https://open.spotify.com/artist/6CY7WNJfd5uZclcS3WeEjx"
            },
            "followers": {
                "href": null,
                "total": 140406
            },
            "genres": [
                "japanese vgm"
            ],
            "href": "https://api.spotify.com/v1/artists/6CY7WNJfd5uZclcS3WeEjx",
            "id": "6CY7WNJfd5uZclcS3WeEjx",
            "images": [
                {
                    "height": 640,
                    "url": "https://i.scdn.co/image/ab67616d0000b273ae37e6f73804085bf53b23c7",
                    "width": 640
                },
                {
                    "height": 300,
                    "url": "https://i.scdn.co/image/ab67616d00001e02ae37e6f73804085bf53b23c7",
                    "width": 300
                },
                {
                    "height": 64,
                    "url": "https://i.scdn.co/image/ab67616d00004851ae37e6f73804085bf53b23c7",
                    "width": 64
                }
            ],
            "name": "Yu-Peng Chen",
            "popularity": 64,
            "type": "artist",
            "uri": "spotify:artist:6CY7WNJfd5uZclcS3WeEjx"
        },
        {
            "external_urls": {
                "spotify": "https://open.spotify.com/artist/2CIMQHirSU0MQqyYHq0eOx"
            },
            "followers": {
                "href": null,
                "total": 2809519
            },
            "genres": [
                "canadian electronic",
                "complextro",
                "edm",
                "electro house",
                "pop dance",
                "progressive house"
            ],
            "href": "https://api.spotify.com/v1/artists/2CIMQHirSU0MQqyYHq0eOx",
            "id": "2CIMQHirSU0MQqyYHq0eOx",
            "images": [
                {
                    "height": 640,
                    "url": "https://i.scdn.co/image/ab6761610000e5ebc5ceb05f152103b2b70d3b07",
                    "width": 640
                },
                {
                    "height": 320,
                    "url": "https://i.scdn.co/image/ab67616100005174c5ceb05f152103b2b70d3b07",
                    "width": 320
                },
                {
                    "height": 160,
                    "url": "https://i.scdn.co/image/ab6761610000f178c5ceb05f152103b2b70d3b07",
                    "width": 160
                }
            ],
            "name": "deadmau5",
            "popularity": 67,
            "type": "artist",
            "uri": "spotify:artist:2CIMQHirSU0MQqyYHq0eOx"
        },
        {
            "external_urls": {
                "spotify": "https://open.spotify.com/artist/57dN52uHvrHOxijzpIgu3E"
            },
            "followers": {
                "href": null,
                "total": 591579
            },
            "genres": [
                "indietronica"
            ],
            "href": "https://api.spotify.com/v1/artists/57dN52uHvrHOxijzpIgu3E",
            "id": "57dN52uHvrHOxijzpIgu3E",
            "images": [
                {
                    "height": 693,
                    "url": "https://i.scdn.co/image/2f0c6c465a83cd196e651e3d4e7625ba799a6f60",
                    "width": 1000
                },
                {
                    "height": 444,
                    "url": "https://i.scdn.co/image/4e3e13c8b993bde9898e49509fb9ae121636e05f",
                    "width": 640
                },
                {
                    "height": 139,
                    "url": "https://i.scdn.co/image/dc68dd24b45b74ecce9d4ed486423673d683ced3",
                    "width": 200
                },
                {
                    "height": 44,
                    "url": "https://i.scdn.co/image/4e55ca05d4f336a2fa0e3062a7ec9778a201e8bc",
                    "width": 63
                }
            ],
            "name": "Ratatat",
            "popularity": 66,
            "type": "artist",
            "uri": "spotify:artist:57dN52uHvrHOxijzpIgu3E"
        },
        {
            "external_urls": {
                "spotify": "https://open.spotify.com/artist/1vCWHaC5f2uS3yhpwWbIA6"
            },
            "followers": {
                "href": null,
                "total": 22942695
            },
            "genres": [
                "edm",
                "pop",
                "pop dance"
            ],
            "href": "https://api.spotify.com/v1/artists/1vCWHaC5f2uS3yhpwWbIA6",
            "id": "1vCWHaC5f2uS3yhpwWbIA6",
            "images": [
                {
                    "height": 640,
                    "url": "https://i.scdn.co/image/ab6761610000e5ebae07171f989fb39736674113",
                    "width": 640
                },
                {
                    "height": 320,
                    "url": "https://i.scdn.co/image/ab67616100005174ae07171f989fb39736674113",
                    "width": 320
                },
                {
                    "height": 160,
                    "url": "https://i.scdn.co/image/ab6761610000f178ae07171f989fb39736674113",
                    "width": 160
                }
            ],
            "name": "Avicii",
            "popularity": 81,
            "type": "artist",
            "uri": "spotify:artist:1vCWHaC5f2uS3yhpwWbIA6"
        },
        {
            "external_urls": {
                "spotify": "https://open.spotify.com/artist/2CIMQHirSU0MQqyYHq0eOx"
            },
            "followers": {
                "href": null,
                "total": 2809519
            },
            "genres": [
                "canadian electronic",
                "complextro",
                "edm",
                "electro house",
                "pop dance",
                "progressive house"
            ],
            "href": "https://api.spotify.com/v1/artists/2CIMQHirSU0MQqyYHq0eOx",
            "id": "2CIMQHirSU0MQqyYHq0eOx",
            "images": [
                {
                    "height": 640,
                    "url": "https://i.scdn.co/image/ab6761610000e5ebc5ceb05f152103b2b70d3b07",
                    "width": 640
                },
                {
                    "height": 320,
                    "url": "https://i.scdn.co/image/ab67616100005174c5ceb05f152103b2b70d3b07",
                    "width": 320
                },
                {
                    "height": 160,
                    "url": "https://i.scdn.co/image/ab6761610000f178c5ceb05f152103b2b70d3b07",
                    "width": 160
                }
            ],
            "name": "deadmau5",
            "popularity": 67,
            "type": "artist",
            "uri": "spotify:artist:2CIMQHirSU0MQqyYHq0eOx"
        },
        {
            "external_urls": {
                "spotify": "https://open.spotify.com/artist/57dN52uHvrHOxijzpIgu3E"
            },
            "followers": {
                "href": null,
                "total": 591579
            },
            "genres": [
                "indietronica"
            ],
            "href": "https://api.spotify.com/v1/artists/57dN52uHvrHOxijzpIgu3E",
            "id": "57dN52uHvrHOxijzpIgu3E",
            "images": [
                {
                    "height": 693,
                    "url": "https://i.scdn.co/image/2f0c6c465a83cd196e651e3d4e7625ba799a6f60",
                    "width": 1000
                },
                {
                    "height": 444,
                    "url": "https://i.scdn.co/image/4e3e13c8b993bde9898e49509fb9ae121636e05f",
                    "width": 640
                },
                {
                    "height": 139,
                    "url": "https://i.scdn.co/image/dc68dd24b45b74ecce9d4ed486423673d683ced3",
                    "width": 200
                },
                {
                    "height": 44,
                    "url": "https://i.scdn.co/image/4e55ca05d4f336a2fa0e3062a7ec9778a201e8bc",
                    "width": 63
                }
            ],
            "name": "Ratatat",
            "popularity": 66,
            "type": "artist",
            "uri": "spotify:artist:57dN52uHvrHOxijzpIgu3E"
        },
        {
            "external_urls": {
                "spotify": "https://open.spotify.com/artist/1vCWHaC5f2uS3yhpwWbIA6"
            },
            "followers": {
                "href": null,
                "total": 22942695
            },
            "genres": [
                "edm",
                "pop",
                "pop dance"
            ],
            "href": "https://api.spotify.com/v1/artists/1vCWHaC5f2uS3yhpwWbIA6",
            "id": "1vCWHaC5f2uS3yhpwWbIA6",
            "images": [
                {
                    "height": 640,
                    "url": "https://i.scdn.co/image/ab6761610000e5ebae07171f989fb39736674113",
                    "width": 640
                },
                {
                    "height": 320,
                    "url": "https://i.scdn.co/image/ab67616100005174ae07171f989fb39736674113",
                    "width": 320
                },
                {
                    "height": 160,
                    "url": "https://i.scdn.co/image/ab6761610000f178ae07171f989fb39736674113",
                    "width": 160
                }
            ],
            "name": "Avicii",
            "popularity": 81,
            "type": "artist",
            "uri": "spotify:artist:1vCWHaC5f2uS3yhpwWbIA6"
        },
        {
            "external_urls": {
                "spotify": "https://open.spotify.com/artist/0DCw6lHkzh9t7f8Hb4Z0Sx"
            },
            "followers": {
                "href": null,
                "total": 916865
            },
            "genres": [
                "alternative metal",
                "death metal",
                "melodic death metal",
                "metal",
                "nu metal",
                "power metal",
                "speed metal",
                "swedish death metal",
                "swedish melodeath",
                "swedish metal",
                "symphonic metal"
            ],
            "href": "https://api.spotify.com/v1/artists/0DCw6lHkzh9t7f8Hb4Z0Sx",
            "id": "0DCw6lHkzh9t7f8Hb4Z0Sx",
            "images": [
                {
                    "height": 640,
                    "url": "https://i.scdn.co/image/ab6761610000e5ebb56d14cd84327f2eb5c481b3",
                    "width": 640
                },
                {
                    "height": 320,
                    "url": "https://i.scdn.co/image/ab67616100005174b56d14cd84327f2eb5c481b3",
                    "width": 320
                },
                {
                    "height": 160,
                    "url": "https://i.scdn.co/image/ab6761610000f178b56d14cd84327f2eb5c481b3",
                    "width": 160
                }
            ],
            "name": "Arch Enemy",
            "popularity": 57,
            "type": "artist",
            "uri": "spotify:artist:0DCw6lHkzh9t7f8Hb4Z0Sx"
        },
        {
            "external_urls": {
                "spotify": "https://open.spotify.com/artist/7zDtfSB0AOZWhpuAHZIOw5"
            },
            "followers": {
                "href": null,
                "total": 201817
            },
            "genres": [
                "death metal",
                "doom metal",
                "epic doom",
                "metal",
                "opera metal",
                "speed metal",
                "stoner metal",
                "swedish doom metal",
                "swedish metal"
            ],
            "href": "https://api.spotify.com/v1/artists/7zDtfSB0AOZWhpuAHZIOw5",
            "id": "7zDtfSB0AOZWhpuAHZIOw5",
            "images": [
                {
                    "height": 640,
                    "url": "https://i.scdn.co/image/ab6761610000e5ebd2d79fca1c03254a3fb52d74",
                    "width": 640
                },
                {
                    "height": 320,
                    "url": "https://i.scdn.co/image/ab67616100005174d2d79fca1c03254a3fb52d74",
                    "width": 320
                },
                {
                    "height": 160,
                    "url": "https://i.scdn.co/image/ab6761610000f178d2d79fca1c03254a3fb52d74",
                    "width": 160
                }
            ],
            "name": "Candlemass",
            "popularity": 43,
            "type": "artist",
            "uri": "spotify:artist:7zDtfSB0AOZWhpuAHZIOw5"
        },
        {
            "external_urls": {
                "spotify": "https://open.spotify.com/artist/6CY7WNJfd5uZclcS3WeEjx"
            },
            "followers": {
                "href": null,
                "total": 140406
            },
            "genres": [
                "japanese vgm"
            ],
            "href": "https://api.spotify.com/v1/artists/6CY7WNJfd5uZclcS3WeEjx",
            "id": "6CY7WNJfd5uZclcS3WeEjx",
            "images": [
                {
                    "height": 640,
                    "url": "https://i.scdn.co/image/ab67616d0000b273ae37e6f73804085bf53b23c7",
                    "width": 640
                },
                {
                    "height": 300,
                    "url": "https://i.scdn.co/image/ab67616d00001e02ae37e6f73804085bf53b23c7",
                    "width": 300
                },
                {
                    "height": 64,
                    "url": "https://i.scdn.co/image/ab67616d00004851ae37e6f73804085bf53b23c7",
                    "width": 64
                }
            ],
            "name": "Yu-Peng Chen",
            "popularity": 64,
            "type": "artist",
            "uri": "spotify:artist:6CY7WNJfd5uZclcS3WeEjx"
        },
        {
            "external_urls": {
                "spotify": "https://open.spotify.com/artist/2CIMQHirSU0MQqyYHq0eOx"
            },
            "followers": {
                "href": null,
                "total": 2809519
            },
            "genres": [
                "canadian electronic",
                "complextro",
                "edm",
                "electro house",
                "pop dance",
                "progressive house"
            ],
            "href": "https://api.spotify.com/v1/artists/2CIMQHirSU0MQqyYHq0eOx",
            "id": "2CIMQHirSU0MQqyYHq0eOx",
            "images": [
                {
                    "height": 640,
                    "url": "https://i.scdn.co/image/ab6761610000e5ebc5ceb05f152103b2b70d3b07",
                    "width": 640
                },
                {
                    "height": 320,
                    "url": "https://i.scdn.co/image/ab67616100005174c5ceb05f152103b2b70d3b07",
                    "width": 320
                },
                {
                    "height": 160,
                    "url": "https://i.scdn.co/image/ab6761610000f178c5ceb05f152103b2b70d3b07",
                    "width": 160
                }
            ],
            "name": "deadmau5",
            "popularity": 67,
            "type": "artist",
            "uri": "spotify:artist:2CIMQHirSU0MQqyYHq0eOx"
        },
        {
            "external_urls": {
                "spotify": "https://open.spotify.com/artist/57dN52uHvrHOxijzpIgu3E"
            },
            "followers": {
                "href": null,
                "total": 591579
            },
            "genres": [
                "indietronica"
            ],
            "href": "https://api.spotify.com/v1/artists/57dN52uHvrHOxijzpIgu3E",
            "id": "57dN52uHvrHOxijzpIgu3E",
            "images": [
                {
                    "height": 693,
                    "url": "https://i.scdn.co/image/2f0c6c465a83cd196e651e3d4e7625ba799a6f60",
                    "width": 1000
                },
                {
                    "height": 444,
                    "url": "https://i.scdn.co/image/4e3e13c8b993bde9898e49509fb9ae121636e05f",
                    "width": 640
                },
                {
                    "height": 139,
                    "url": "https://i.scdn.co/image/dc68dd24b45b74ecce9d4ed486423673d683ced3",
                    "width": 200
                },
                {
                    "height": 44,
                    "url": "https://i.scdn.co/image/4e55ca05d4f336a2fa0e3062a7ec9778a201e8bc",
                    "width": 63
                }
            ],
            "name": "Ratatat",
            "popularity": 66,
            "type": "artist",
            "uri": "spotify:artist:57dN52uHvrHOxijzpIgu3E"
        },
        {
            "external_urls": {
                "spotify": "https://open.spotify.com/artist/1vCWHaC5f2uS3yhpwWbIA6"
            },
            "followers": {
                "href": null,
                "total": 22942695
            },
            "genres": [
                "edm",
                "pop",
                "pop dance"
            ],
            "href": "https://api.spotify.com/v1/artists/1vCWHaC5f2uS3yhpwWbIA6",
            "id": "1vCWHaC5f2uS3yhpwWbIA6",
            "images": [
                {
                    "height": 640,
                    "url": "https://i.scdn.co/image/ab6761610000e5ebae07171f989fb39736674113",
                    "width": 640
                },
                {
                    "height": 320,
                    "url": "https://i.scdn.co/image/ab67616100005174ae07171f989fb39736674113",
                    "width": 320
                },
                {
                    "height": 160,
                    "url": "https://i.scdn.co/image/ab6761610000f178ae07171f989fb39736674113",
                    "width": 160
                }
            ],
            "name": "Avicii",
            "popularity": 81,
            "type": "artist",
            "uri": "spotify:artist:1vCWHaC5f2uS3yhpwWbIA6"
        },
        {
            "external_urls": {
                "spotify": "https://open.spotify.com/artist/2CIMQHirSU0MQqyYHq0eOx"
            },
            "followers": {
                "href": null,
                "total": 2809519
            },
            "genres": [
                "canadian electronic",
                "complextro",
                "edm",
                "electro house",
                "pop dance",
                "progressive house"
            ],
            "href": "https://api.spotify.com/v1/artists/2CIMQHirSU0MQqyYHq0eOx",
            "id": "2CIMQHirSU0MQqyYHq0eOx",
            "images": [
                {
                    "height": 640,
                    "url": "https://i.scdn.co/image/ab6761610000e5ebc5ceb05f152103b2b70d3b07",
                    "width": 640
                },
                {
                    "height": 320,
                    "url": "https://i.scdn.co/image/ab67616100005174c5ceb05f152103b2b70d3b07",
                    "width": 320
                },
                {
                    "height": 160,
                    "url": "https://i.scdn.co/image/ab6761610000f178c5ceb05f152103b2b70d3b07",
                    "width": 160
                }
            ],
            "name": "deadmau5",
            "popularity": 67,
            "type": "artist",
            "uri": "spotify:artist:2CIMQHirSU0MQqyYHq0eOx"
        },
        {
            "external_urls": {
                "spotify": "https://open.spotify.com/artist/57dN52uHvrHOxijzpIgu3E"
            },
            "followers": {
                "href": null,
                "total": 591579
            },
            "genres": [
                "indietronica"
            ],
            "href": "https://api.spotify.com/v1/artists/57dN52uHvrHOxijzpIgu3E",
            "id": "57dN52uHvrHOxijzpIgu3E",
            "images": [
                {
                    "height": 693,
                    "url": "https://i.scdn.co/image/2f0c6c465a83cd196e651e3d4e7625ba799a6f60",
                    "width": 1000
                },
                {
                    "height": 444,
                    "url": "https://i.scdn.co/image/4e3e13c8b993bde9898e49509fb9ae121636e05f",
                    "width": 640
                },
                {
                    "height": 139,
                    "url": "https://i.scdn.co/image/dc68dd24b45b74ecce9d4ed486423673d683ced3",
                    "width": 200
                },
                {
                    "height": 44,
                    "url": "https://i.scdn.co/image/4e55ca05d4f336a2fa0e3062a7ec9778a201e8bc",
                    "width": 63
                }
            ],
            "name": "Ratatat",
            "popularity": 66,
            "type": "artist",
            "uri": "spotify:artist:57dN52uHvrHOxijzpIgu3E"
        },
        {
            "external_urls": {
                "spotify": "https://open.spotify.com/artist/1vCWHaC5f2uS3yhpwWbIA6"
            },
            "followers": {
                "href": null,
                "total": 22942695
            },
            "genres": [
                "edm",
                "pop",
                "pop dance"
            ],
            "href": "https://api.spotify.com/v1/artists/1vCWHaC5f2uS3yhpwWbIA6",
            "id": "1vCWHaC5f2uS3yhpwWbIA6",
            "images": [
                {
                    "height": 640,
                    "url": "https://i.scdn.co/image/ab6761610000e5ebae07171f989fb39736674113",
                    "width": 640
                },
                {
                    "height": 320,
                    "url": "https://i.scdn.co/image/ab67616100005174ae07171f989fb39736674113",
                    "width": 320
                },
                {
                    "height": 160,
                    "url": "https://i.scdn.co/image/ab6761610000f178ae07171f989fb39736674113",
                    "width": 160
                }
            ],
            "name": "Avicii",
            "popularity": 81,
            "type": "artist",
            "uri": "spotify:artist:1vCWHaC5f2uS3yhpwWbIA6"
        },
        {
            "external_urls": {
                "spotify": "https://open.spotify.com/artist/0DCw6lHkzh9t7f8Hb4Z0Sx"
            },
            "followers": {
                "href": null,
                "total": 916865
            },
            "genres": [
                "alternative metal",
                "death metal",
                "melodic death metal",
                "metal",
                "nu metal",
                "power metal",
                "speed metal",
                "swedish death metal",
                "swedish melodeath",
                "swedish metal",
                "symphonic metal"
            ],
            "href": "https://api.spotify.com/v1/artists/0DCw6lHkzh9t7f8Hb4Z0Sx",
            "id": "0DCw6lHkzh9t7f8Hb4Z0Sx",
            "images": [
                {
                    "height": 640,
                    "url": "https://i.scdn.co/image/ab6761610000e5ebb56d14cd84327f2eb5c481b3",
                    "width": 640
                },
                {
                    "height": 320,
                    "url": "https://i.scdn.co/image/ab67616100005174b56d14cd84327f2eb5c481b3",
                    "width": 320
                },
                {
                    "height": 160,
                    "url": "https://i.scdn.co/image/ab6761610000f178b56d14cd84327f2eb5c481b3",
                    "width": 160
                }
            ],
            "name": "Arch Enemy",
            "popularity": 57,
            "type": "artist",
            "uri": "spotify:artist:0DCw6lHkzh9t7f8Hb4Z0Sx"
        },
        {
            "external_urls": {
                "spotify": "https://open.spotify.com/artist/0DCw6lHkzh9t7f8Hb4Z0Sx"
            },
            "followers": {
                "href": null,
                "total": 916865
            },
            "genres": [
                "alternative metal",
                "death metal",
                "melodic death metal",
                "metal",
                "nu metal",
                "power metal",
                "speed metal",
                "swedish death metal",
                "swedish melodeath",
                "swedish metal",
                "symphonic metal"
            ],
            "href": "https://api.spotify.com/v1/artists/0DCw6lHkzh9t7f8Hb4Z0Sx",
            "id": "0DCw6lHkzh9t7f8Hb4Z0Sx",
            "images": [
                {
                    "height": 640,
                    "url": "https://i.scdn.co/image/ab6761610000e5ebb56d14cd84327f2eb5c481b3",
                    "width": 640
                },
                {
                    "height": 320,
                    "url": "https://i.scdn.co/image/ab67616100005174b56d14cd84327f2eb5c481b3",
                    "width": 320
                },
                {
                    "height": 160,
                    "url": "https://i.scdn.co/image/ab6761610000f178b56d14cd84327f2eb5c481b3",
                    "width": 160
                }
            ],
            "name": "Arch Enemy",
            "popularity": 57,
            "type": "artist",
            "uri": "spotify:artist:0DCw6lHkzh9t7f8Hb4Z0Sx"
        }
    ]
}
The total number asserted: 916865
Asserted Genres: [death metal, doom metal, epic doom, metal, opera metal, speed metal, stoner metal, swedish doom metal, swedish metal]
Data of fifty values: 
HTTP/1.1 200 OK


]]></system-out>
  </testcase>
  <testcase name="GetSeveralArtistsWithValidDataFortyNineTest" classname="api.tests.artist.positivetests.PositiveGetArtistsTests" time="0.308">
    <system-out><![CDATA[BQAqS7-3Q_AolWPmy4TkAnqkkoI0l8z5-o53dmPBUW8rfh7CTeUhmBDr_6WyllivZrtAtyHqes6ugKyxUEsW1a_c6HwG5uoyCeAMX_DxMDoxmt8As8I
The total number asserted: 916865
Asserted Genres: [alternative metal, death metal, melodic death metal, metal, nu metal, power metal, speed metal, swedish death metal, swedish melodeath, swedish metal, symphonic metal]
Data of forty nine values: 
HTTP/1.1 200 OK


]]></system-out>
  </testcase>
  <testcase name="getOneArtistTest" classname="api.tests.artist.positivetests.PositiveGetArtistsTests" time="1.232">
    <system-out><![CDATA[BQDpLXJCHNEoOEft5F9LF14Mz70Pe7jXOrL0SN3wImAsHO3XOYCB8jbiBJPBUu81otjK2sCpQFP0PAKJvP2G2WdEU89RKsqTbqvZu6Fgo25kfqpq71M
HTTP/1.1 200 OK
]]></system-out>
  </testcase>
</testsuite>