<?xml version="1.0" encoding="UTF-8"?>
<!-- Generated by org.testng.reporters.JUnitReportReporter -->
<testsuite hostname="DESKTOP-R1DN0GI" failures="0" tests="2" name="api.tests.artist.negativetests.NegativeGetArtistsTests" time="0.550" errors="0" timestamp="2023-06-21T09:01:08 IDT" skipped="0">
  <testcase classname="api.tests.artist.negativetests.NegativeGetArtistsTests" name="getSeveralArtistsWithOverValidIdsAmountTest" time="0.274"/>
  <testcase classname="api.tests.artist.negativetests.NegativeGetArtistsTests" name="getSeveralArtistsWithoutIdTest" time="0.276"/>
</testsuite> <!-- api.tests.artist.negativetests.NegativeGetArtistsTests -->
