<?xml version="1.0" encoding="UTF-8"?>
<!-- Generated by org.testng.reporters.JUnitReportReporter -->
<testsuite hostname="DESKTOP-R1DN0GI" failures="0" tests="7" name="api.tests.album.postivetests.PositiveGetAlbumTests" time="3.822" errors="0" timestamp="2023-06-21T09:01:14 IDT" skipped="0">
  <testcase classname="api.tests.album.postivetests.PositiveGetAlbumTests" name="getAnAlbumTest" time="0.334"/>
  <testcase classname="api.tests.album.postivetests.PositiveGetAlbumTests" name="getAlbumWithMarketTest" time="0.317"/>
  <testcase classname="api.tests.album.postivetests.PositiveGetAlbumTests" name="getNewReleasesWithLimitAndSkipWithRandomLimitTest" time="0.587"/>
  <testcase classname="api.tests.album.postivetests.PositiveGetAlbumTests" name="getNewReleasesWithLimitAndSkipTest" time="0.426"/>
  <testcase classname="api.tests.album.postivetests.PositiveGetAlbumTests" name="getAlbumTracksTest" time="1.453"/>
  <testcase classname="api.tests.album.postivetests.PositiveGetAlbumTests" name="getLatestReleasesTest" time="0.389"/>
  <testcase classname="api.tests.album.postivetests.PositiveGetAlbumTests" name="getMultipleAlbumsTest" time="0.316"/>
</testsuite> <!-- api.tests.album.postivetests.PositiveGetAlbumTests -->
