<?xml version="1.0" encoding="UTF-8"?>
<!-- Generated by org.testng.reporters.JUnitReportReporter -->
<testsuite hostname="DESKTOP-R1DN0GI" failures="0" tests="3" name="api.tests.artist.positivetests.PositiveGetArtistsTests" time="1.020" errors="0" timestamp="2023-06-21T09:01:14 IDT" skipped="0">
  <testcase classname="api.tests.artist.positivetests.PositiveGetArtistsTests" name="GetSeveralArtistsWithValidDataFortyNineTest" time="0.354"/>
  <testcase classname="api.tests.artist.positivetests.PositiveGetArtistsTests" name="getOneArtistTest" time="0.306"/>
  <testcase classname="api.tests.artist.positivetests.PositiveGetArtistsTests" name="GetSeveralArtistsWithValidDataFiftyTest" time="0.360"/>
</testsuite> <!-- api.tests.artist.positivetests.PositiveGetArtistsTests -->
