<?xml version="1.0" encoding="UTF-8"?>
<!-- Generated by org.testng.reporters.JUnitReportReporter -->
<testsuite hostname="DESKTOP-R1DN0GI" failures="0" tests="7" name="api.tests.album.postivetests.PositiveGetAlbumTests" time="5.208" errors="0" timestamp="2023-06-21T11:14:17 IDT" skipped="0">
  <testcase classname="api.tests.album.postivetests.PositiveGetAlbumTests" name="getAlbumTracksTest" time="1.443"/>
  <testcase classname="api.tests.album.postivetests.PositiveGetAlbumTests" name="getLatestReleasesTest" time="0.899"/>
  <testcase classname="api.tests.album.postivetests.PositiveGetAlbumTests" name="getNewReleasesWithLimitAndSkipTest" time="0.317"/>
  <testcase classname="api.tests.album.postivetests.PositiveGetAlbumTests" name="getAnAlbumTest" time="1.372"/>
  <testcase classname="api.tests.album.postivetests.PositiveGetAlbumTests" name="getMultipleAlbumsTest" time="0.282"/>
  <testcase classname="api.tests.album.postivetests.PositiveGetAlbumTests" name="getNewReleasesWithLimitAndSkipWithRandomLimitTest" time="0.537"/>
  <testcase classname="api.tests.album.postivetests.PositiveGetAlbumTests" name="getAlbumWithMarketTest" time="0.358"/>
</testsuite> <!-- api.tests.album.postivetests.PositiveGetAlbumTests -->
