<?xml version="1.0" encoding="UTF-8"?>
<!-- Generated by org.testng.reporters.JUnitReportReporter -->
<testsuite hostname="DESKTOP-R1DN0GI" failures="0" tests="1" name="api.tests.album.negativetests.NegativeGetAlbumTests" time="1.458" errors="0" timestamp="2023-06-21T09:01:08 IDT" skipped="0">
  <testcase classname="api.tests.album.negativetests.NegativeGetAlbumTests" name="AssertErrorCodeTest" time="1.458"/>
</testsuite> <!-- api.tests.album.negativetests.NegativeGetAlbumTests -->
